{
  "path": "./data/bb3_release/RV50",
  "results": [
    {
      "name": "ref5/test/1lcf_ref5",
      "true_positive_site_pair_count": 33788,
      "false_positive_site_pair_count": 262824,
      "true_site_pair_count": 53680,
      "precision": 0.1139131255647108,
      "recall": 0.6294336810730253
    },
    {
      "name": "ref5/test/1qpg_ref5",
      "true_positive_site_pair_count": 13984,
      "false_positive_site_pair_count": 81782,
      "true_site_pair_count": 21456,
      "precision": 0.1460225967462356,
      "recall": 0.6517524235645041
    },
    {
      "name": "ref5/test/2ack_ref5",
      "true_positive_site_pair_count": 119330,
      "false_positive_site_pair_count": 1420206,
      "true_site_pair_count": 187050,
      "precision": 0.07751036675985491,
      "recall": 0.6379577653033948
    },
    {
      "name": "ref5/test/1sesA_ref5",
      "true_positive_site_pair_count": 7516,
      "false_positive_site_pair_count": 367168,
      "true_site_pair_count": 26928,
      "precision": 0.02005957019782003,
      "recall": 0.2791146761734997
    },
    {
      "name": "ref5/test/1thm_ref5",
      "true_positive_site_pair_count": 121332,
      "false_positive_site_pair_count": 6381976,
      "true_site_pair_count": 230496,
      "precision": 0.018656966577624803,
      "recall": 0.5263952519783424
    },
    {
      "name": "ref5/test/1eft_ref5",
      "true_positive_site_pair_count": 1916,
      "false_positive_site_pair_count": 178026,
      "true_site_pair_count": 6552,
      "precision": 0.010647875426526326,
      "recall": 0.29242979242979245
    },
    {
      "name": "ref5/test/1gdoA_ref5",
      "true_positive_site_pair_count": 80458,
      "false_positive_site_pair_count": 3226838,
      "true_site_pair_count": 182406,
      "precision": 0.024327426393041324,
      "recall": 0.4410929465039527
    },
    {
      "name": "ref5/test/1pgtA_ref5",
      "true_positive_site_pair_count": 7610,
      "false_positive_site_pair_count": 168820,
      "true_site_pair_count": 31878,
      "precision": 0.04313325398174914,
      "recall": 0.23872263002697786
    },
    {
      "name": "ref5/test/1taq_ref5",
      "true_positive_site_pair_count": 50680,
      "false_positive_site_pair_count": 1447046,
      "true_site_pair_count": 142380,
      "precision": 0.03383796502163947,
      "recall": 0.3559488692232055
    },
    {
      "name": "ref5/test/kinase_ref5",
      "true_positive_site_pair_count": 20580,
      "false_positive_site_pair_count": 604402,
      "true_site_pair_count": 49878,
      "precision": 0.03292894835371259,
      "recall": 0.4126067604956093
    },
    {
      "name": "1tis_ref5",
      "true_positive_site_pair_count": 23748,
      "false_positive_site_pair_count": 113598,
      "true_site_pair_count": 38862,
      "precision": 0.17290638242103884,
      "recall": 0.6110853790335031
    },
    {
      "name": "ref5/test/2pia_ref5",
      "true_positive_site_pair_count": 17536,
      "false_positive_site_pair_count": 1175848,
      "true_site_pair_count": 57536,
      "precision": 0.014694348172926737,
      "recall": 0.3047830923248053
    },
    {
      "name": "ref5/test/1ppn_ref5",
      "true_positive_site_pair_count": 29516,
      "false_positive_site_pair_count": 307658,
      "true_site_pair_count": 52650,
      "precision": 0.08753937136315375,
      "recall": 0.5606077872744539
    },
    {
      "name": "ref5/test/1pysA_ref5",
      "true_positive_site_pair_count": 35332,
      "false_positive_site_pair_count": 989950,
      "true_site_pair_count": 56700,
      "precision": 0.03446076299008468,
      "recall": 0.6231393298059965
    },
    {
      "name": "ref5/test/1adj_ref5",
      "true_positive_site_pair_count": 62784,
      "false_positive_site_pair_count": 1774484,
      "true_site_pair_count": 166056,
      "precision": 0.03417247783121461,
      "recall": 0.37808931926578987
    },
    {
      "name": "ref5/test/1pamA_ref5",
      "true_positive_site_pair_count": 114258,
      "false_positive_site_pair_count": 7335378,
      "true_site_pair_count": 286740,
      "precision": 0.015337393665945557,
      "recall": 0.39847248378321826
    }
  ]
}