{
  "path": "./data/bb3_release/RV50",
  "results": [
    {
      "name": "ref5/test/1lcf_ref5",
      "true_positive_site_pair_count": 30036,
      "false_positive_site_pair_count": 163670,
      "true_site_pair_count": 53680,
      "precision": 0.15505972969345297,
      "recall": 0.559538002980626
    },
    {
      "name": "ref5/test/1qpg_ref5",
      "true_positive_site_pair_count": 12106,
      "false_positive_site_pair_count": 51510,
      "true_site_pair_count": 21456,
      "precision": 0.19029803822937627,
      "recall": 0.5642244593586876
    },
    {
      "name": "ref5/test/2ack_ref5",
      "true_positive_site_pair_count": 106182,
      "false_positive_site_pair_count": 883856,
      "true_site_pair_count": 187050,
      "precision": 0.1072504287714209,
      "recall": 0.5676663993584603
    },
    {
      "name": "ref5/test/1sesA_ref5",
      "true_positive_site_pair_count": 6552,
      "false_positive_site_pair_count": 221784,
      "true_site_pair_count": 26928,
      "precision": 0.028694555392053817,
      "recall": 0.24331550802139038
    },
    {
      "name": "ref5/test/1thm_ref5",
      "true_positive_site_pair_count": 107064,
      "false_positive_site_pair_count": 3943464,
      "true_site_pair_count": 230496,
      "precision": 0.026432109591638425,
      "recall": 0.464493960849646
    },
    {
      "name": "ref5/test/1eft_ref5",
      "true_positive_site_pair_count": 1612,
      "false_positive_site_pair_count": 114684,
      "true_site_pair_count": 6552,
      "precision": 0.013861181811928183,
      "recall": 0.24603174603174602
    },
    {
      "name": "ref5/test/1gdoA_ref5",
      "true_positive_site_pair_count": 80500,
      "false_positive_site_pair_count": 1998156,
      "true_site_pair_count": 182406,
      "precision": 0.038726946642445886,
      "recall": 0.44132320208765063
    },
    {
      "name": "ref5/test/1pgtA_ref5",
      "true_positive_site_pair_count": 5152,
      "false_positive_site_pair_count": 110134,
      "true_site_pair_count": 31878,
      "precision": 0.04468886074631785,
      "recall": 0.16161616161616163
    },
    {
      "name": "ref5/test/1taq_ref5",
      "true_positive_site_pair_count": 40300,
      "false_positive_site_pair_count": 906256,
      "true_site_pair_count": 142380,
      "precision": 0.0425753996593968,
      "recall": 0.2830453715409468
    },
    {
      "name": "ref5/test/kinase_ref5",
      "true_positive_site_pair_count": 17050,
      "false_positive_site_pair_count": 369370,
      "true_site_pair_count": 49878,
      "precision": 0.04412297500129393,
      "recall": 0.3418340751433498
    },
    {
      "name": "1tis_ref5",
      "true_positive_site_pair_count": 19538,
      "false_positive_site_pair_count": 71420,
      "true_site_pair_count": 38862,
      "precision": 0.21480243628927637,
      "recall": 0.5027533323040503
    },
    {
      "name": "ref5/test/2pia_ref5",
      "true_positive_site_pair_count": 17180,
      "false_positive_site_pair_count": 729146,
      "true_site_pair_count": 57536,
      "precision": 0.023019431186907597,
      "recall": 0.2985956618464961
    },
    {
      "name": "ref5/test/1ppn_ref5",
      "true_positive_site_pair_count": 26344,
      "false_positive_site_pair_count": 190774,
      "true_site_pair_count": 52650,
      "precision": 0.12133494228944629,
      "recall": 0.500360873694207
    },
    {
      "name": "ref5/test/1pysA_ref5",
      "true_positive_site_pair_count": 30342,
      "false_positive_site_pair_count": 612414,
      "true_site_pair_count": 56700,
      "precision": 0.04720609375875138,
      "recall": 0.5351322751322751
    },
    {
      "name": "ref5/test/1adj_ref5",
      "true_positive_site_pair_count": 51740,
      "false_positive_site_pair_count": 1100282,
      "true_site_pair_count": 166056,
      "precision": 0.044912336743569134,
      "recall": 0.31158163511104686
    },
    {
      "name": "ref5/test/1pamA_ref5",
      "true_positive_site_pair_count": 112300,
      "false_positive_site_pair_count": 4558982,
      "true_site_pair_count": 286740,
      "precision": 0.024040509650241626,
      "recall": 0.3916439980470112
    }
  ]
}