{
  "path": "./data/bb3_release/RV50",
  "results": [
    {
      "name": "ref5/test/1lcf_ref5",
      "true_positive_site_pair_count": 32446,
      "false_positive_site_pair_count": 225708,
      "true_site_pair_count": 53680,
      "precision": 0.12568466884107934,
      "recall": 0.6044336810730253
    },
    {
      "name": "ref5/test/1qpg_ref5",
      "true_positive_site_pair_count": 13182,
      "false_positive_site_pair_count": 68904,
      "true_site_pair_count": 21456,
      "precision": 0.16058767633944887,
      "recall": 0.6143736017897091
    },
    {
      "name": "ref5/test/2ack_ref5",
      "true_positive_site_pair_count": 115392,
      "false_positive_site_pair_count": 1227788,
      "true_site_pair_count": 187050,
      "precision": 0.0859095579147992,
      "recall": 0.6169045709703288
    },
    {
      "name": "ref5/test/1sesA_ref5",
      "true_positive_site_pair_count": 6868,
      "false_positive_site_pair_count": 320722,
      "true_site_pair_count": 26928,
      "precision": 0.020965230928905034,
      "recall": 0.255050505050505
    },
    {
      "name": "ref5/test/1thm_ref5",
      "true_positive_site_pair_count": 112666,
      "false_positive_site_pair_count": 5498894,
      "true_site_pair_count": 230496,
      "precision": 0.02007748291027807,
      "recall": 0.4887980702485076
    },
    {
      "name": "ref5/test/1eft_ref5",
      "true_positive_site_pair_count": 1756,
      "false_positive_site_pair_count": 158680,
      "true_site_pair_count": 6552,
      "precision": 0.010945174399760652,
      "recall": 0.268009768009768
    },
    {
      "name": "ref5/test/1gdoA_ref5",
      "true_positive_site_pair_count": 77852,
      "false_positive_site_pair_count": 2838210,
      "true_site_pair_count": 182406,
      "precision": 0.02669764908976558,
      "recall": 0.42680613576307797
    },
    {
      "name": "ref5/test/1pgtA_ref5",
      "true_positive_site_pair_count": 6232,
      "false_positive_site_pair_count": 148908,
      "true_site_pair_count": 31878,
      "precision": 0.040170168879721545,
      "recall": 0.19549532593010854
    },
    {
      "name": "ref5/test/1taq_ref5",
      "true_positive_site_pair_count": 48326,
      "false_positive_site_pair_count": 1264452,
      "true_site_pair_count": 142380,
      "precision": 0.03681201238899494,
      "recall": 0.33941564826520576
    },
    {
      "name": "ref5/test/kinase_ref5",
      "true_positive_site_pair_count": 16730,
      "false_positive_site_pair_count": 524876,
      "true_site_pair_count": 49878,
      "precision": 0.030889613482863926,
      "recall": 0.33541842094711094
    },
    {
      "name": "1tis_ref5",
      "true_positive_site_pair_count": 21566,
      "false_positive_site_pair_count": 100176,
      "true_site_pair_count": 38862,
      "precision": 0.177145110150975,
      "recall": 0.5549379856929648
    },
    {
      "name": "ref5/test/2pia_ref5",
      "true_positive_site_pair_count": 16046,
      "false_positive_site_pair_count": 1020668,
      "true_site_pair_count": 57536,
      "precision": 0.015477749890519468,
      "recall": 0.27888626251390436
    },
    {
      "name": "ref5/test/1ppn_ref5",
      "true_positive_site_pair_count": 30124,
      "false_positive_site_pair_count": 266372,
      "true_site_pair_count": 52650,
      "precision": 0.10160002158545141,
      "recall": 0.5721557454890788
    },
    {
      "name": "ref5/test/1pysA_ref5",
      "true_positive_site_pair_count": 32730,
      "false_positive_site_pair_count": 873884,
      "true_site_pair_count": 56700,
      "precision": 0.036101361770279304,
      "recall": 0.5772486772486772
    },
    {
      "name": "ref5/test/1adj_ref5",
      "true_positive_site_pair_count": 58534,
      "false_positive_site_pair_count": 1532958,
      "true_site_pair_count": 166056,
      "precision": 0.036779324055666,
      "recall": 0.35249554367201424
    },
    {
      "name": "ref5/test/1pamA_ref5",
      "true_positive_site_pair_count": 104306,
      "false_positive_site_pair_count": 6402528,
      "true_site_pair_count": 286740,
      "precision": 0.016030222993240646,
      "recall": 0.36376508335077073
    }
  ]
}