{
  "path": "./data/bb3_release/RV50",
  "results": [
    {
      "name": "ref5/test/1lcf_ref5",
      "true_positive_site_pair_count": 35340,
      "false_positive_site_pair_count": 336334,
      "true_site_pair_count": 53680,
      "precision": 0.09508332571016535,
      "recall": 0.6583457526080477
    },
    {
      "name": "ref5/test/1qpg_ref5",
      "true_positive_site_pair_count": 14306,
      "false_positive_site_pair_count": 107516,
      "true_site_pair_count": 21456,
      "precision": 0.11743363267718475,
      "recall": 0.6667598806860552
    },
    {
      "name": "ref5/test/2ack_ref5",
      "true_positive_site_pair_count": 120758,
      "false_positive_site_pair_count": 1783212,
      "true_site_pair_count": 187050,
      "precision": 0.06342431866048309,
      "recall": 0.6455920876770916
    },
    {
      "name": "ref5/test/1sesA_ref5",
      "true_positive_site_pair_count": 8110,
      "false_positive_site_pair_count": 462560,
      "true_site_pair_count": 26928,
      "precision": 0.017230756156117875,
      "recall": 0.30117349970291146
    },
    {
      "name": "ref5/test/1thm_ref5",
      "true_positive_site_pair_count": 134460,
      "false_positive_site_pair_count": 7995588,
      "true_site_pair_count": 230496,
      "precision": 0.01653864774230115,
      "recall": 0.583350687213661
    },
    {
      "name": "ref5/test/1eft_ref5",
      "true_positive_site_pair_count": 1758,
      "false_positive_site_pair_count": 226560,
      "true_site_pair_count": 6552,
      "precision": 0.007699787138990355,
      "recall": 0.2683150183150183
    },
    {
      "name": "ref5/test/1gdoA_ref5",
      "true_positive_site_pair_count": 84302,
      "false_positive_site_pair_count": 4065064,
      "true_site_pair_count": 182406,
      "precision": 0.02031683876524751,
      "recall": 0.4621668146881133
    },
    {
      "name": "ref5/test/1pgtA_ref5",
      "true_positive_site_pair_count": 6866,
      "false_positive_site_pair_count": 213364,
      "true_site_pair_count": 31878,
      "precision": 0.031176497298279073,
      "recall": 0.21538365016625885
    },
    {
      "name": "ref5/test/1taq_ref5",
      "true_positive_site_pair_count": 55092,
      "false_positive_site_pair_count": 1825968,
      "true_site_pair_count": 142380,
      "precision": 0.029287742017798477,
      "recall": 0.3869363674673409
    },
    {
      "name": "ref5/test/kinase_ref5",
      "true_positive_site_pair_count": 19118,
      "false_positive_site_pair_count": 756406,
      "true_site_pair_count": 49878,
      "precision": 0.02465171935362413,
      "recall": 0.38329524038654317
    },
    {
      "name": "1tis_ref5",
      "true_positive_site_pair_count": 24122,
      "false_positive_site_pair_count": 138284,
      "true_site_pair_count": 38862,
      "precision": 0.14852899523416624,
      "recall": 0.620709176058875
    },
    {
      "name": "ref5/test/2pia_ref5",
      "true_positive_site_pair_count": 16172,
      "false_positive_site_pair_count": 1460742,
      "true_site_pair_count": 57536,
      "precision": 0.010949858962674875,
      "recall": 0.2810761957730812
    },
    {
      "name": "ref5/test/1ppn_ref5",
      "true_positive_site_pair_count": 29750,
      "false_positive_site_pair_count": 381764,
      "true_site_pair_count": 52650,
      "precision": 0.07229401672847097,
      "recall": 0.5650522317188984
    },
    {
      "name": "ref5/test/1pysA_ref5",
      "true_positive_site_pair_count": 37354,
      "false_positive_site_pair_count": 1241360,
      "true_site_pair_count": 56700,
      "precision": 0.02921216159360107,
      "recall": 0.6588007054673721
    },
    {
      "name": "ref5/test/1adj_ref5",
      "true_positive_site_pair_count": 64834,
      "false_positive_site_pair_count": 2217092,
      "true_site_pair_count": 166056,
      "precision": 0.0284119642792974,
      "recall": 0.3904345521992581
    },
    {
      "name": "ref5/test/1pamA_ref5",
      "true_positive_site_pair_count": 119192,
      "false_positive_site_pair_count": 9269476,
      "true_site_pair_count": 286740,
      "precision": 0.012695304594858398,
      "recall": 0.4156797098416684
    }
  ]
}