{
  "path": "./data/bb3_release/RV50",
  "results": [
    {
      "name": "ref5/test/1lcf_ref5",
      "true_positive_site_pair_count": 26998,
      "false_positive_site_pair_count": 37724,
      "true_site_pair_count": 53680,
      "precision": 0.4171379129198727,
      "recall": 0.5029433681073026
    },
    {
      "name": "ref5/test/1qpg_ref5",
      "true_positive_site_pair_count": 10772,
      "false_positive_site_pair_count": 7542,
      "true_site_pair_count": 21456,
      "precision": 0.5881839030250082,
      "recall": 0.5020507084265473
    },
    {
      "name": "ref5/test/2ack_ref5",
      "true_positive_site_pair_count": 92570,
      "false_positive_site_pair_count": 108870,
      "true_site_pair_count": 187050,
      "precision": 0.45954130262112786,
      "recall": 0.49489441325848704
    },
    {
      "name": "ref5/test/1sesA_ref5",
      "true_positive_site_pair_count": 4830,
      "false_positive_site_pair_count": 29460,
      "true_site_pair_count": 26928,
      "precision": 0.14085739282589677,
      "recall": 0.17936720142602497
    },
    {
      "name": "ref5/test/1thm_ref5",
      "true_positive_site_pair_count": 79678,
      "false_positive_site_pair_count": 612620,
      "true_site_pair_count": 230496,
      "precision": 0.11509205573322472,
      "recall": 0.3456806191864501
    },
    {
      "name": "ref5/test/1eft_ref5",
      "true_positive_site_pair_count": 1140,
      "false_positive_site_pair_count": 15380,
      "true_site_pair_count": 6552,
      "precision": 0.06900726392251816,
      "recall": 0.17399267399267399
    },
    {
      "name": "ref5/test/1gdoA_ref5",
      "true_positive_site_pair_count": 52976,
      "false_positive_site_pair_count": 271362,
      "true_site_pair_count": 182406,
      "precision": 0.16333577934130444,
      "recall": 0.29042904290429045
    },
    {
      "name": "ref5/test/1pgtA_ref5",
      "true_positive_site_pair_count": 2980,
      "false_positive_site_pair_count": 13378,
      "true_site_pair_count": 31878,
      "precision": 0.18217385988507154,
      "recall": 0.09348139782922392
    },
    {
      "name": "ref5/test/1taq_ref5",
      "true_positive_site_pair_count": 31680,
      "false_positive_site_pair_count": 133448,
      "true_site_pair_count": 142380,
      "precision": 0.1918511700014534,
      "recall": 0.2225031605562579
    },
    {
      "name": "ref5/test/kinase_ref5",
      "true_positive_site_pair_count": 10942,
      "false_positive_site_pair_count": 50034,
      "true_site_pair_count": 49878,
      "precision": 0.17944765153503017,
      "recall": 0.21937527567264126
    },
    {
      "name": "1tis_ref5",
      "true_positive_site_pair_count": 16162,
      "false_positive_site_pair_count": 8036,
      "true_site_pair_count": 38862,
      "precision": 0.6679064385486404,
      "recall": 0.41588183829962433
    },
    {
      "name": "ref5/test/2pia_ref5",
      "true_positive_site_pair_count": 10014,
      "false_positive_site_pair_count": 90074,
      "true_site_pair_count": 57536,
      "precision": 0.10005195428023339,
      "recall": 0.174047552836485
    },
    {
      "name": "ref5/test/1ppn_ref5",
      "true_positive_site_pair_count": 22368,
      "false_positive_site_pair_count": 22718,
      "true_site_pair_count": 52650,
      "precision": 0.4961185290334028,
      "recall": 0.42484330484330485
    },
    {
      "name": "ref5/test/1pysA_ref5",
      "true_positive_site_pair_count": 25702,
      "false_positive_site_pair_count": 94912,
      "true_site_pair_count": 56700,
      "precision": 0.21309300744523854,
      "recall": 0.4532980599647266
    },
    {
      "name": "ref5/test/1adj_ref5",
      "true_positive_site_pair_count": 42048,
      "false_positive_site_pair_count": 142052,
      "true_site_pair_count": 166056,
      "precision": 0.22839760999456818,
      "recall": 0.25321578262754735
    },
    {
      "name": "ref5/test/1pamA_ref5",
      "true_positive_site_pair_count": 72576,
      "false_positive_site_pair_count": 583078,
      "true_site_pair_count": 286740,
      "precision": 0.11069252990144192,
      "recall": 0.25310734463276835
    }
  ]
}