{
  "path": "./data/bb3_release/RV50",
  "results": [
    {
      "name": "ref5/test/1lcf_ref5",
      "true_positive_site_pair_count": 25722,
      "false_positive_site_pair_count": 31836,
      "true_site_pair_count": 53680,
      "precision": 0.4468883560929845,
      "recall": 0.47917287630402383
    },
    {
      "name": "ref5/test/1qpg_ref5",
      "true_positive_site_pair_count": 9898,
      "false_positive_site_pair_count": 6532,
      "true_site_pair_count": 21456,
      "precision": 0.6024345709068777,
      "recall": 0.46131618195376584
    },
    {
      "name": "ref5/test/2ack_ref5",
      "true_positive_site_pair_count": 86822,
      "false_positive_site_pair_count": 95284,
      "true_site_pair_count": 187050,
      "precision": 0.47676627898037405,
      "recall": 0.46416466185511895
    },
    {
      "name": "ref5/test/1sesA_ref5",
      "true_positive_site_pair_count": 4550,
      "false_positive_site_pair_count": 24766,
      "true_site_pair_count": 26928,
      "precision": 0.15520534861509075,
      "recall": 0.1689691027926322
    },
    {
      "name": "ref5/test/1thm_ref5",
      "true_positive_site_pair_count": 78366,
      "false_positive_site_pair_count": 526494,
      "true_site_pair_count": 230496,
      "precision": 0.12956055946830672,
      "recall": 0.33998854643898374
    },
    {
      "name": "ref5/test/1eft_ref5",
      "true_positive_site_pair_count": 866,
      "false_positive_site_pair_count": 13804,
      "true_site_pair_count": 6552,
      "precision": 0.05903203817314247,
      "recall": 0.13217338217338218
    },
    {
      "name": "ref5/test/1gdoA_ref5",
      "true_positive_site_pair_count": 50572,
      "false_positive_site_pair_count": 230924,
      "true_site_pair_count": 182406,
      "precision": 0.17965441782476482,
      "recall": 0.27724965187548656
    },
    {
      "name": "ref5/test/1pgtA_ref5",
      "true_positive_site_pair_count": 2562,
      "false_positive_site_pair_count": 10298,
      "true_site_pair_count": 31878,
      "precision": 0.19922239502332814,
      "recall": 0.08036890645586298
    },
    {
      "name": "ref5/test/1taq_ref5",
      "true_positive_site_pair_count": 27806,
      "false_positive_site_pair_count": 114000,
      "true_site_pair_count": 142380,
      "precision": 0.1960847918987913,
      "recall": 0.19529428290490236
    },
    {
      "name": "ref5/test/kinase_ref5",
      "true_positive_site_pair_count": 9866,
      "false_positive_site_pair_count": 43522,
      "true_site_pair_count": 49878,
      "precision": 0.18479808196598488,
      "recall": 0.1978026384377882
    },
    {
      "name": "1tis_ref5",
      "true_positive_site_pair_count": 14526,
      "false_positive_site_pair_count": 6824,
      "true_site_pair_count": 38862,
      "precision": 0.6803747072599532,
      "recall": 0.37378415933302456
    },
    {
      "name": "ref5/test/2pia_ref5",
      "true_positive_site_pair_count": 9952,
      "false_positive_site_pair_count": 77138,
      "true_site_pair_count": 57536,
      "precision": 0.11427259157193707,
      "recall": 0.17296996662958844
    },
    {
      "name": "ref5/test/1ppn_ref5",
      "true_positive_site_pair_count": 20826,
      "false_positive_site_pair_count": 17176,
      "true_site_pair_count": 52650,
      "precision": 0.5480237882216725,
      "recall": 0.39555555555555555
    },
    {
      "name": "ref5/test/1pysA_ref5",
      "true_positive_site_pair_count": 22304,
      "false_positive_site_pair_count": 80002,
      "true_site_pair_count": 56700,
      "precision": 0.21801262878032568,
      "recall": 0.39336860670194
    },
    {
      "name": "ref5/test/1adj_ref5",
      "true_positive_site_pair_count": 39598,
      "false_positive_site_pair_count": 127008,
      "true_site_pair_count": 166056,
      "precision": 0.23767451352292235,
      "recall": 0.2384617237558414
    },
    {
      "name": "ref5/test/1pamA_ref5",
      "true_positive_site_pair_count": 63720,
      "false_positive_site_pair_count": 511536,
      "true_site_pair_count": 286740,
      "precision": 0.11076807543076474,
      "recall": 0.2222222222222222
    }
  ]
}