{
  "path": "./data/bb3_release/RV50",
  "results": [
    {
      "name": "ref5/test/1lcf_ref5",
      "true_positive_site_pair_count": 30184,
      "false_positive_site_pair_count": 47950,
      "true_site_pair_count": 53680,
      "precision": 0.3863106970077047,
      "recall": 0.5622950819672131
    },
    {
      "name": "ref5/test/1qpg_ref5",
      "true_positive_site_pair_count": 11388,
      "false_positive_site_pair_count": 11654,
      "true_site_pair_count": 21456,
      "precision": 0.4942279316031594,
      "recall": 0.5307606263982103
    },
    {
      "name": "ref5/test/2ack_ref5",
      "true_positive_site_pair_count": 92148,
      "false_positive_site_pair_count": 153128,
      "true_site_pair_count": 187050,
      "precision": 0.37569105823643567,
      "recall": 0.4926383319967923
    },
    {
      "name": "ref5/test/1sesA_ref5",
      "true_positive_site_pair_count": 5624,
      "false_positive_site_pair_count": 41930,
      "true_site_pair_count": 26928,
      "precision": 0.118265550742314,
      "recall": 0.20885323826500296
    },
    {
      "name": "ref5/test/1thm_ref5",
      "true_positive_site_pair_count": 92688,
      "false_positive_site_pair_count": 840846,
      "true_site_pair_count": 230496,
      "precision": 0.09928722467526625,
      "recall": 0.4021241149521033
    },
    {
      "name": "ref5/test/1eft_ref5",
      "true_positive_site_pair_count": 1172,
      "false_positive_site_pair_count": 22098,
      "true_site_pair_count": 6552,
      "precision": 0.05036527718091964,
      "recall": 0.17887667887667888
    },
    {
      "name": "ref5/test/1gdoA_ref5",
      "true_positive_site_pair_count": 49824,
      "false_positive_site_pair_count": 370360,
      "true_site_pair_count": 182406,
      "precision": 0.11857662357443406,
      "recall": 0.27314890957534294
    },
    {
      "name": "ref5/test/1pgtA_ref5",
      "true_positive_site_pair_count": 3362,
      "false_positive_site_pair_count": 17440,
      "true_site_pair_count": 31878,
      "precision": 0.16161907508893375,
      "recall": 0.1054645837254533
    },
    {
      "name": "ref5/test/1taq_ref5",
      "true_positive_site_pair_count": 34326,
      "false_positive_site_pair_count": 182364,
      "true_site_pair_count": 142380,
      "precision": 0.15841063270109373,
      "recall": 0.2410872313527181
    },
    {
      "name": "ref5/test/kinase_ref5",
      "true_positive_site_pair_count": 11768,
      "false_positive_site_pair_count": 70126,
      "true_site_pair_count": 49878,
      "precision": 0.14369795100984198,
      "recall": 0.2359356830666827
    },
    {
      "name": "1tis_ref5",
      "true_positive_site_pair_count": 17638,
      "false_positive_site_pair_count": 10006,
      "true_site_pair_count": 38862,
      "precision": 0.638040804514542,
      "recall": 0.4538623848489527
    },
    {
      "name": "ref5/test/2pia_ref5",
      "true_positive_site_pair_count": 8868,
      "false_positive_site_pair_count": 128166,
      "true_site_pair_count": 57536,
      "precision": 0.06471386663163886,
      "recall": 0.15412958843159066
    },
    {
      "name": "ref5/test/1ppn_ref5",
      "true_positive_site_pair_count": 23404,
      "false_positive_site_pair_count": 31908,
      "true_site_pair_count": 52650,
      "precision": 0.4231269887185421,
      "recall": 0.4445204178537512
    },
    {
      "name": "ref5/test/1pysA_ref5",
      "true_positive_site_pair_count": 28498,
      "false_positive_site_pair_count": 132010,
      "true_site_pair_count": 56700,
      "precision": 0.17754878261519674,
      "recall": 0.5026102292768959
    },
    {
      "name": "ref5/test/1adj_ref5",
      "true_positive_site_pair_count": 46736,
      "false_positive_site_pair_count": 201484,
      "true_site_pair_count": 166056,
      "precision": 0.1882845862541294,
      "recall": 0.2814472226236932
    },
    {
      "name": "ref5/test/1pamA_ref5",
      "true_positive_site_pair_count": 70000,
      "false_positive_site_pair_count": 815114,
      "true_site_pair_count": 286740,
      "precision": 0.07908585786689624,
      "recall": 0.24412359628932134
    }
  ]
}