{
  "path": "./data/bb3_release/RV50",
  "results": [
    {
      "name": "ref5/test/1lcf_ref5",
      "true_positive_site_pair_count": 32358,
      "false_positive_site_pair_count": 55052,
      "true_site_pair_count": 53680,
      "precision": 0.3701864775197346,
      "recall": 0.6027943368107302
    },
    {
      "name": "ref5/test/1qpg_ref5",
      "true_positive_site_pair_count": 11544,
      "false_positive_site_pair_count": 11656,
      "true_site_pair_count": 21456,
      "precision": 0.4975862068965517,
      "recall": 0.5380313199105146
    },
    {
      "name": "ref5/test/2ack_ref5",
      "true_positive_site_pair_count": 93722,
      "false_positive_site_pair_count": 173884,
      "true_site_pair_count": 187050,
      "precision": 0.35022383653580264,
      "recall": 0.501053194333066
    },
    {
      "name": "ref5/test/1sesA_ref5",
      "true_positive_site_pair_count": 6074,
      "false_positive_site_pair_count": 46350,
      "true_site_pair_count": 26928,
      "precision": 0.11586296352815505,
      "recall": 0.22556446821152704
    },
    {
      "name": "ref5/test/1thm_ref5",
      "true_positive_site_pair_count": 99702,
      "false_positive_site_pair_count": 935324,
      "true_site_pair_count": 230496,
      "precision": 0.09632801494841675,
      "recall": 0.43255414410662224
    },
    {
      "name": "ref5/test/1eft_ref5",
      "true_positive_site_pair_count": 1022,
      "false_positive_site_pair_count": 23642,
      "true_site_pair_count": 6552,
      "precision": 0.041436912098605255,
      "recall": 0.15598290598290598
    },
    {
      "name": "ref5/test/1gdoA_ref5",
      "true_positive_site_pair_count": 57536,
      "false_positive_site_pair_count": 413784,
      "true_site_pair_count": 182406,
      "precision": 0.12207417465840618,
      "recall": 0.3154282205629201
    },
    {
      "name": "ref5/test/1pgtA_ref5",
      "true_positive_site_pair_count": 3004,
      "false_positive_site_pair_count": 19274,
      "true_site_pair_count": 31878,
      "precision": 0.13484154771523477,
      "recall": 0.09423426814731163
    },
    {
      "name": "ref5/test/1taq_ref5",
      "true_positive_site_pair_count": 37834,
      "false_positive_site_pair_count": 202464,
      "true_site_pair_count": 142380,
      "precision": 0.15744617100433628,
      "recall": 0.26572552324764714
    },
    {
      "name": "ref5/test/kinase_ref5",
      "true_positive_site_pair_count": 11532,
      "false_positive_site_pair_count": 75192,
      "true_site_pair_count": 49878,
      "precision": 0.13297357132973572,
      "recall": 0.23120413809695659
    },
    {
      "name": "1tis_ref5",
      "true_positive_site_pair_count": 19440,
      "false_positive_site_pair_count": 11948,
      "true_site_pair_count": 38862,
      "precision": 0.619344972600994,
      "recall": 0.5002315886984715
    },
    {
      "name": "ref5/test/2pia_ref5",
      "true_positive_site_pair_count": 10140,
      "false_positive_site_pair_count": 137836,
      "true_site_pair_count": 57536,
      "precision": 0.06852462561496458,
      "recall": 0.17623748609566184
    },
    {
      "name": "ref5/test/1ppn_ref5",
      "true_positive_site_pair_count": 24320,
      "false_positive_site_pair_count": 35358,
      "true_site_pair_count": 52650,
      "precision": 0.40752035926136937,
      "recall": 0.46191832858499526
    },
    {
      "name": "ref5/test/1pysA_ref5",
      "true_positive_site_pair_count": 29966,
      "false_positive_site_pair_count": 146494,
      "true_site_pair_count": 56700,
      "precision": 0.1698175223846764,
      "recall": 0.5285008818342152
    },
    {
      "name": "ref5/test/1adj_ref5",
      "true_positive_site_pair_count": 49894,
      "false_positive_site_pair_count": 222512,
      "true_site_pair_count": 166056,
      "precision": 0.18316042965279766,
      "recall": 0.3004649034060799
    },
    {
      "name": "ref5/test/1pamA_ref5",
      "true_positive_site_pair_count": 76616,
      "false_positive_site_pair_count": 900754,
      "true_site_pair_count": 286740,
      "precision": 0.07838996490581868,
      "recall": 0.26719676361860917
    }
  ]
}