{
  "path": "./data/bb3_release/RV50",
  "results": [
    {
      "name": "ref5/test/1lcf_ref5",
      "true_positive_site_pair_count": 20530,
      "false_positive_site_pair_count": 12854,
      "true_site_pair_count": 53680,
      "precision": 0.6149652528157201,
      "recall": 0.38245156482861403
    },
    {
      "name": "ref5/test/1qpg_ref5",
      "true_positive_site_pair_count": 7854,
      "false_positive_site_pair_count": 660,
      "true_site_pair_count": 21456,
      "precision": 0.9224806201550387,
      "recall": 0.36605145413870244
    },
    {
      "name": "ref5/test/2ack_ref5",
      "true_positive_site_pair_count": 66922,
      "false_positive_site_pair_count": 6968,
      "true_site_pair_count": 187050,
      "precision": 0.9056976586818243,
      "recall": 0.3577759957230687
    },
    {
      "name": "ref5/test/1sesA_ref5",
      "true_positive_site_pair_count": 3206,
      "false_positive_site_pair_count": 2102,
      "true_site_pair_count": 26928,
      "precision": 0.6039939713639789,
      "recall": 0.119058229352347
    },
    {
      "name": "ref5/test/1thm_ref5",
      "true_positive_site_pair_count": 50966,
      "false_positive_site_pair_count": 47698,
      "true_site_pair_count": 230496,
      "precision": 0.5165612584123895,
      "recall": 0.22111446619464112
    },
    {
      "name": "ref5/test/1eft_ref5",
      "true_positive_site_pair_count": 606,
      "false_positive_site_pair_count": 1638,
      "true_site_pair_count": 6552,
      "precision": 0.2700534759358289,
      "recall": 0.0924908424908425
    },
    {
      "name": "ref5/test/1gdoA_ref5",
      "true_positive_site_pair_count": 32214,
      "false_positive_site_pair_count": 18850,
      "true_site_pair_count": 182406,
      "precision": 0.6308553971486762,
      "recall": 0.17660603269629288
    },
    {
      "name": "ref5/test/1pgtA_ref5",
      "true_positive_site_pair_count": 1162,
      "false_positive_site_pair_count": 1050,
      "true_site_pair_count": 31878,
      "precision": 0.5253164556962026,
      "recall": 0.03645147123407993
    },
    {
      "name": "ref5/test/1taq_ref5",
      "true_positive_site_pair_count": 19466,
      "false_positive_site_pair_count": 9514,
      "true_site_pair_count": 142380,
      "precision": 0.6717046238785369,
      "recall": 0.13671864025846328
    },
    {
      "name": "ref5/test/kinase_ref5",
      "true_positive_site_pair_count": 6086,
      "false_positive_site_pair_count": 3402,
      "true_site_pair_count": 49878,
      "precision": 0.6414418212478921,
      "recall": 0.12201772324471712
    },
    {
      "name": "1tis_ref5",
      "true_positive_site_pair_count": 11548,
      "false_positive_site_pair_count": 480,
      "true_site_pair_count": 38862,
      "precision": 0.9600931160625208,
      "recall": 0.29715403221656117
    },
    {
      "name": "ref5/test/2pia_ref5",
      "true_positive_site_pair_count": 5602,
      "false_positive_site_pair_count": 5848,
      "true_site_pair_count": 57536,
      "precision": 0.48925764192139737,
      "recall": 0.09736512791991102
    },
    {
      "name": "ref5/test/1ppn_ref5",
      "true_positive_site_pair_count": 14942,
      "false_positive_site_pair_count": 1470,
      "true_site_pair_count": 52650,
      "precision": 0.9104313916646356,
      "recall": 0.28379867046533713
    },
    {
      "name": "ref5/test/1pysA_ref5",
      "true_positive_site_pair_count": 16720,
      "false_positive_site_pair_count": 7666,
      "true_site_pair_count": 56700,
      "precision": 0.6856393012384154,
      "recall": 0.2948853615520282
    },
    {
      "name": "ref5/test/1adj_ref5",
      "true_positive_site_pair_count": 29360,
      "false_positive_site_pair_count": 9766,
      "true_site_pair_count": 166056,
      "precision": 0.7503961560087921,
      "recall": 0.1768078238666474
    },
    {
      "name": "ref5/test/1pamA_ref5",
      "true_positive_site_pair_count": 39204,
      "false_positive_site_pair_count": 41724,
      "true_site_pair_count": 286740,
      "precision": 0.4844306049822064,
      "recall": 0.1367231638418079
    }
  ]
}