{
  "path": "./data/bb3_release/RV50",
  "results": [
    {
      "name": "ref5/test/1lcf_ref5",
      "true_positive_site_pair_count": 24566,
      "false_positive_site_pair_count": 14960,
      "true_site_pair_count": 53680,
      "precision": 0.6215149521833729,
      "recall": 0.4576378539493294
    },
    {
      "name": "ref5/test/1qpg_ref5",
      "true_positive_site_pair_count": 8224,
      "false_positive_site_pair_count": 1026,
      "true_site_pair_count": 21456,
      "precision": 0.8890810810810811,
      "recall": 0.3832960477255779
    },
    {
      "name": "ref5/test/2ack_ref5",
      "true_positive_site_pair_count": 70878,
      "false_positive_site_pair_count": 13102,
      "true_site_pair_count": 187050,
      "precision": 0.8439866634913075,
      "recall": 0.37892542101042503
    },
    {
      "name": "ref5/test/1sesA_ref5",
      "true_positive_site_pair_count": 4224,
      "false_positive_site_pair_count": 3960,
      "true_site_pair_count": 26928,
      "precision": 0.5161290322580645,
      "recall": 0.1568627450980392
    },
    {
      "name": "ref5/test/1thm_ref5",
      "true_positive_site_pair_count": 68736,
      "false_positive_site_pair_count": 80794,
      "true_site_pair_count": 230496,
      "precision": 0.4596803317060122,
      "recall": 0.29820907955018744
    },
    {
      "name": "ref5/test/1eft_ref5",
      "true_positive_site_pair_count": 402,
      "false_positive_site_pair_count": 2486,
      "true_site_pair_count": 6552,
      "precision": 0.139196675900277,
      "recall": 0.06135531135531135
    },
    {
      "name": "ref5/test/1gdoA_ref5",
      "true_positive_site_pair_count": 31504,
      "false_positive_site_pair_count": 30250,
      "true_site_pair_count": 182406,
      "precision": 0.5101531884574279,
      "recall": 0.17271361687663783
    },
    {
      "name": "ref5/test/1pgtA_ref5",
      "true_positive_site_pair_count": 1190,
      "false_positive_site_pair_count": 1672,
      "true_site_pair_count": 31878,
      "precision": 0.41579315164220826,
      "recall": 0.03732981993851559
    },
    {
      "name": "ref5/test/1taq_ref5",
      "true_positive_site_pair_count": 23068,
      "false_positive_site_pair_count": 16248,
      "true_site_pair_count": 142380,
      "precision": 0.5867331366364839,
      "recall": 0.16201713723837619
    },
    {
      "name": "ref5/test/kinase_ref5",
      "true_positive_site_pair_count": 5496,
      "false_positive_site_pair_count": 5830,
      "true_site_pair_count": 49878,
      "precision": 0.4852551651068338,
      "recall": 0.11018886082040177
    },
    {
      "name": "1tis_ref5",
      "true_positive_site_pair_count": 13732,
      "false_positive_site_pair_count": 1080,
      "true_site_pair_count": 38862,
      "precision": 0.9270861463678098,
      "recall": 0.3533528897123154
    },
    {
      "name": "ref5/test/2pia_ref5",
      "true_positive_site_pair_count": 3588,
      "false_positive_site_pair_count": 10608,
      "true_site_pair_count": 57536,
      "precision": 0.25274725274725274,
      "recall": 0.06236095661846496
    },
    {
      "name": "ref5/test/1ppn_ref5",
      "true_positive_site_pair_count": 17612,
      "false_positive_site_pair_count": 2756,
      "true_site_pair_count": 52650,
      "precision": 0.8646897093479968,
      "recall": 0.33451092117758785
    },
    {
      "name": "ref5/test/1pysA_ref5",
      "true_positive_site_pair_count": 21336,
      "false_positive_site_pair_count": 12346,
      "true_site_pair_count": 56700,
      "precision": 0.6334540704233715,
      "recall": 0.3762962962962963
    },
    {
      "name": "ref5/test/1adj_ref5",
      "true_positive_site_pair_count": 35684,
      "false_positive_site_pair_count": 17790,
      "true_site_pair_count": 166056,
      "precision": 0.6673149568014363,
      "recall": 0.2148913619501855
    },
    {
      "name": "ref5/test/1pamA_ref5",
      "true_positive_site_pair_count": 42404,
      "false_positive_site_pair_count": 68858,
      "true_site_pair_count": 286740,
      "precision": 0.3811184411569089,
      "recall": 0.1478830996721769
    }
  ]
}