{
  "path": "./data/bb3_release/RV50",
  "results": [
    {
      "name": "ref5/test/1lcf_ref5",
      "true_positive_site_pair_count": 12746,
      "false_positive_site_pair_count": 5738,
      "true_site_pair_count": 53680,
      "precision": 0.6895693572819735,
      "recall": 0.2374441132637854
    },
    {
      "name": "ref5/test/1qpg_ref5",
      "true_positive_site_pair_count": 4046,
      "false_positive_site_pair_count": 14,
      "true_site_pair_count": 21456,
      "precision": 0.996551724137931,
      "recall": 0.18857196122296793
    },
    {
      "name": "ref5/test/2ack_ref5",
      "true_positive_site_pair_count": 34442,
      "false_positive_site_pair_count": 194,
      "true_site_pair_count": 187050,
      "precision": 0.994398891326943,
      "recall": 0.18413258487035553
    },
    {
      "name": "ref5/test/1sesA_ref5",
      "true_positive_site_pair_count": 1672,
      "false_positive_site_pair_count": 30,
      "true_site_pair_count": 26928,
      "precision": 0.982373678025852,
      "recall": 0.06209150326797386
    },
    {
      "name": "ref5/test/1thm_ref5",
      "true_positive_site_pair_count": 33692,
      "false_positive_site_pair_count": 908,
      "true_site_pair_count": 230496,
      "precision": 0.973757225433526,
      "recall": 0.14617173399972233
    },
    {
      "name": "ref5/test/1eft_ref5",
      "true_positive_site_pair_count": 266,
      "false_positive_site_pair_count": 484,
      "true_site_pair_count": 6552,
      "precision": 0.3546666666666667,
      "recall": 0.0405982905982906
    },
    {
      "name": "ref5/test/1gdoA_ref5",
      "true_positive_site_pair_count": 14362,
      "false_positive_site_pair_count": 416,
      "true_site_pair_count": 182406,
      "precision": 0.9718500473677087,
      "recall": 0.07873644507307874
    },
    {
      "name": "ref5/test/1pgtA_ref5",
      "true_positive_site_pair_count": 272,
      "false_positive_site_pair_count": 24,
      "true_site_pair_count": 31878,
      "precision": 0.918918918918919,
      "recall": 0.008532530271660706
    },
    {
      "name": "ref5/test/1taq_ref5",
      "true_positive_site_pair_count": 9618,
      "false_positive_site_pair_count": 196,
      "true_site_pair_count": 142380,
      "precision": 0.9800285306704708,
      "recall": 0.06755162241887906
    },
    {
      "name": "ref5/test/kinase_ref5",
      "true_positive_site_pair_count": 2066,
      "false_positive_site_pair_count": 102,
      "true_site_pair_count": 49878,
      "precision": 0.9529520295202952,
      "recall": 0.041421067404466896
    },
    {
      "name": "1tis_ref5",
      "true_positive_site_pair_count": 8094,
      "false_positive_site_pair_count": 22,
      "true_site_pair_count": 38862,
      "precision": 0.9972893050763924,
      "recall": 0.20827543615871547
    },
    {
      "name": "ref5/test/2pia_ref5",
      "true_positive_site_pair_count": 1754,
      "false_positive_site_pair_count": 204,
      "true_site_pair_count": 57536,
      "precision": 0.8958120531154239,
      "recall": 0.030485261401557287
    },
    {
      "name": "ref5/test/1ppn_ref5",
      "true_positive_site_pair_count": 7182,
      "false_positive_site_pair_count": 88,
      "true_site_pair_count": 52650,
      "precision": 0.9878954607977992,
      "recall": 0.13641025641025642
    },
    {
      "name": "ref5/test/1pysA_ref5",
      "true_positive_site_pair_count": 8292,
      "false_positive_site_pair_count": 114,
      "true_site_pair_count": 56700,
      "precision": 0.9864382583868665,
      "recall": 0.14624338624338623
    },
    {
      "name": "ref5/test/1adj_ref5",
      "true_positive_site_pair_count": 16886,
      "false_positive_site_pair_count": 162,
      "true_site_pair_count": 166056,
      "precision": 0.9904974190520882,
      "recall": 0.10168858698270462
    },
    {
      "name": "ref5/test/1pamA_ref5",
      "true_positive_site_pair_count": 15176,
      "false_positive_site_pair_count": 2334,
      "true_site_pair_count": 286740,
      "precision": 0.8667047401484865,
      "recall": 0.05292599567552487
    }
  ]
}