{
  "path": "./data/bb3_release/RV50",
  "results": [
    {
      "name": "ref5/test/1lcf_ref5",
      "true_positive_site_pair_count": 14762,
      "false_positive_site_pair_count": 5562,
      "true_site_pair_count": 53680,
      "precision": 0.726333398937217,
      "recall": 0.275
    },
    {
      "name": "ref5/test/1qpg_ref5",
      "true_positive_site_pair_count": 4596,
      "false_positive_site_pair_count": 20,
      "true_site_pair_count": 21456,
      "precision": 0.9956672443674177,
      "recall": 0.21420581655480983
    },
    {
      "name": "ref5/test/2ack_ref5",
      "true_positive_site_pair_count": 38108,
      "false_positive_site_pair_count": 208,
      "true_site_pair_count": 187050,
      "precision": 0.9945714583985802,
      "recall": 0.20373162256081262
    },
    {
      "name": "ref5/test/1sesA_ref5",
      "true_positive_site_pair_count": 2408,
      "false_positive_site_pair_count": 46,
      "true_site_pair_count": 26928,
      "precision": 0.9812550937245313,
      "recall": 0.08942364824717766
    },
    {
      "name": "ref5/test/1thm_ref5",
      "true_positive_site_pair_count": 24690,
      "false_positive_site_pair_count": 886,
      "true_site_pair_count": 230496,
      "precision": 0.9653581482639975,
      "recall": 0.10711682632236567
    },
    {
      "name": "ref5/test/1eft_ref5",
      "true_positive_site_pair_count": 256,
      "false_positive_site_pair_count": 422,
      "true_site_pair_count": 6552,
      "precision": 0.3775811209439528,
      "recall": 0.03907203907203907
    },
    {
      "name": "ref5/test/1gdoA_ref5",
      "true_positive_site_pair_count": 12580,
      "false_positive_site_pair_count": 256,
      "true_site_pair_count": 182406,
      "precision": 0.9800560922405734,
      "recall": 0.06896702959332478
    },
    {
      "name": "ref5/test/1pgtA_ref5",
      "true_positive_site_pair_count": 342,
      "false_positive_site_pair_count": 84,
      "true_site_pair_count": 31878,
      "precision": 0.8028169014084507,
      "recall": 0.010728402032749858
    },
    {
      "name": "ref5/test/1taq_ref5",
      "true_positive_site_pair_count": 11324,
      "false_positive_site_pair_count": 256,
      "true_site_pair_count": 142380,
      "precision": 0.9778929188255613,
      "recall": 0.07953364236550077
    },
    {
      "name": "ref5/test/kinase_ref5",
      "true_positive_site_pair_count": 2012,
      "false_positive_site_pair_count": 160,
      "true_site_pair_count": 49878,
      "precision": 0.9263351749539595,
      "recall": 0.0403384257588516
    },
    {
      "name": "1tis_ref5",
      "true_positive_site_pair_count": 9326,
      "false_positive_site_pair_count": 36,
      "true_site_pair_count": 38862,
      "precision": 0.9961546678060244,
      "recall": 0.239977355771705
    },
    {
      "name": "ref5/test/2pia_ref5",
      "true_positive_site_pair_count": 1008,
      "false_positive_site_pair_count": 224,
      "true_site_pair_count": 57536,
      "precision": 0.8181818181818182,
      "recall": 0.017519466073414907
    },
    {
      "name": "ref5/test/1ppn_ref5",
      "true_positive_site_pair_count": 9626,
      "false_positive_site_pair_count": 110,
      "true_site_pair_count": 52650,
      "precision": 0.9887017255546425,
      "recall": 0.18283000949667616
    },
    {
      "name": "ref5/test/1pysA_ref5",
      "true_positive_site_pair_count": 9872,
      "false_positive_site_pair_count": 168,
      "true_site_pair_count": 56700,
      "precision": 0.9832669322709163,
      "recall": 0.17410934744268078
    },
    {
      "name": "ref5/test/1adj_ref5",
      "true_positive_site_pair_count": 19794,
      "false_positive_site_pair_count": 306,
      "true_site_pair_count": 166056,
      "precision": 0.984776119402985,
      "recall": 0.11920075155369272
    },
    {
      "name": "ref5/test/1pamA_ref5",
      "true_positive_site_pair_count": 17380,
      "false_positive_site_pair_count": 3034,
      "true_site_pair_count": 286740,
      "precision": 0.8513765063191927,
      "recall": 0.0606124014786915
    }
  ]
}