{
  "path": "./data/bb3_release/RV50",
  "results": [
    {
      "name": "ref5/test/1lcf_ref5",
      "true_positive_site_pair_count": 14814,
      "false_positive_site_pair_count": 5770,
      "true_site_pair_count": 53680,
      "precision": 0.719685192382433,
      "recall": 0.27596870342771984
    },
    {
      "name": "ref5/test/1qpg_ref5",
      "true_positive_site_pair_count": 4088,
      "false_positive_site_pair_count": 16,
      "true_site_pair_count": 21456,
      "precision": 0.9961013645224172,
      "recall": 0.19052945563012677
    },
    {
      "name": "ref5/test/2ack_ref5",
      "true_positive_site_pair_count": 40394,
      "false_positive_site_pair_count": 202,
      "true_site_pair_count": 187050,
      "precision": 0.9950241403093901,
      "recall": 0.2159529537556803
    },
    {
      "name": "ref5/test/1sesA_ref5",
      "true_positive_site_pair_count": 2328,
      "false_positive_site_pair_count": 40,
      "true_site_pair_count": 26928,
      "precision": 0.9831081081081081,
      "recall": 0.08645276292335116
    },
    {
      "name": "ref5/test/1thm_ref5",
      "true_positive_site_pair_count": 27126,
      "false_positive_site_pair_count": 1314,
      "true_site_pair_count": 230496,
      "precision": 0.9537974683544304,
      "recall": 0.11768533944189921
    },
    {
      "name": "ref5/test/1eft_ref5",
      "true_positive_site_pair_count": 228,
      "false_positive_site_pair_count": 428,
      "true_site_pair_count": 6552,
      "precision": 0.3475609756097561,
      "recall": 0.0347985347985348
    },
    {
      "name": "ref5/test/1gdoA_ref5",
      "true_positive_site_pair_count": 12402,
      "false_positive_site_pair_count": 448,
      "true_site_pair_count": 182406,
      "precision": 0.965136186770428,
      "recall": 0.06799118450050985
    },
    {
      "name": "ref5/test/1pgtA_ref5",
      "true_positive_site_pair_count": 340,
      "false_positive_site_pair_count": 32,
      "true_site_pair_count": 31878,
      "precision": 0.9139784946236559,
      "recall": 0.010665662839575884
    },
    {
      "name": "ref5/test/1taq_ref5",
      "true_positive_site_pair_count": 10234,
      "false_positive_site_pair_count": 174,
      "true_site_pair_count": 142380,
      "precision": 0.9832820906994619,
      "recall": 0.07187807276302852
    },
    {
      "name": "ref5/test/kinase_ref5",
      "true_positive_site_pair_count": 1792,
      "false_positive_site_pair_count": 150,
      "true_site_pair_count": 49878,
      "precision": 0.9227600411946447,
      "recall": 0.035927663498937404
    },
    {
      "name": "1tis_ref5",
      "true_positive_site_pair_count": 8454,
      "false_positive_site_pair_count": 34,
      "true_site_pair_count": 38862,
      "precision": 0.9959943449575872,
      "recall": 0.21753898409757605
    },
    {
      "name": "ref5/test/2pia_ref5",
      "true_positive_site_pair_count": 1370,
      "false_positive_site_pair_count": 210,
      "true_site_pair_count": 57536,
      "precision": 0.8670886075949367,
      "recall": 0.023811179087875417
    },
    {
      "name": "ref5/test/1ppn_ref5",
      "true_positive_site_pair_count": 9440,
      "false_positive_site_pair_count": 106,
      "true_site_pair_count": 52650,
      "precision": 0.9888958726168029,
      "recall": 0.17929724596391264
    },
    {
      "name": "ref5/test/1pysA_ref5",
      "true_positive_site_pair_count": 9132,
      "false_positive_site_pair_count": 182,
      "true_site_pair_count": 56700,
      "precision": 0.9804595232982607,
      "recall": 0.16105820105820107
    },
    {
      "name": "ref5/test/1adj_ref5",
      "true_positive_site_pair_count": 18866,
      "false_positive_site_pair_count": 194,
      "true_site_pair_count": 166056,
      "precision": 0.9898216159496327,
      "recall": 0.11361227537698126
    },
    {
      "name": "ref5/test/1pamA_ref5",
      "true_positive_site_pair_count": 15858,
      "false_positive_site_pair_count": 2588,
      "true_site_pair_count": 286740,
      "precision": 0.8596985796378619,
      "recall": 0.05530445699937225
    }
  ]
}