{
  "path": "./data/bb3_release/RV50",
  "results": [
    {
      "name": "ref5/test/1lcf_ref5",
      "true_positive_site_pair_count": 14410,
      "false_positive_site_pair_count": 5370,
      "true_site_pair_count": 53680,
      "precision": 0.7285136501516684,
      "recall": 0.26844262295081966
    },
    {
      "name": "ref5/test/1qpg_ref5",
      "true_positive_site_pair_count": 4498,
      "false_positive_site_pair_count": 38,
      "true_site_pair_count": 21456,
      "precision": 0.9916225749559083,
      "recall": 0.20963832960477255
    },
    {
      "name": "ref5/test/2ack_ref5",
      "true_positive_site_pair_count": 36156,
      "false_positive_site_pair_count": 178,
      "true_site_pair_count": 187050,
      "precision": 0.9951010073209666,
      "recall": 0.19329591018444267
    },
    {
      "name": "ref5/test/1sesA_ref5",
      "true_positive_site_pair_count": 1852,
      "false_positive_site_pair_count": 10,
      "true_site_pair_count": 26928,
      "precision": 0.9946294307196563,
      "recall": 0.06877599524658348
    },
    {
      "name": "ref5/test/1thm_ref5",
      "true_positive_site_pair_count": 28542,
      "false_positive_site_pair_count": 1068,
      "true_site_pair_count": 230496,
      "precision": 0.9639311043566363,
      "recall": 0.12382861307788422
    },
    {
      "name": "ref5/test/1eft_ref5",
      "true_positive_site_pair_count": 234,
      "false_positive_site_pair_count": 442,
      "true_site_pair_count": 6552,
      "precision": 0.34615384615384615,
      "recall": 0.03571428571428571
    },
    {
      "name": "ref5/test/1gdoA_ref5",
      "true_positive_site_pair_count": 12288,
      "false_positive_site_pair_count": 330,
      "true_site_pair_count": 182406,
      "precision": 0.973846885401807,
      "recall": 0.06736620505904412
    },
    {
      "name": "ref5/test/1pgtA_ref5",
      "true_positive_site_pair_count": 316,
      "false_positive_site_pair_count": 28,
      "true_site_pair_count": 31878,
      "precision": 0.9186046511627907,
      "recall": 0.009912792521488174
    },
    {
      "name": "ref5/test/1taq_ref5",
      "true_positive_site_pair_count": 9986,
      "false_positive_site_pair_count": 238,
      "true_site_pair_count": 142380,
      "precision": 0.9767214397496088,
      "recall": 0.0701362550920073
    },
    {
      "name": "ref5/test/kinase_ref5",
      "true_positive_site_pair_count": 2160,
      "false_positive_site_pair_count": 164,
      "true_site_pair_count": 49878,
      "precision": 0.9294320137693631,
      "recall": 0.04330566582461205
    },
    {
      "name": "1tis_ref5",
      "true_positive_site_pair_count": 7892,
      "false_positive_site_pair_count": 20,
      "true_site_pair_count": 38862,
      "precision": 0.9974721941354904,
      "recall": 0.20307755648191034
    },
    {
      "name": "ref5/test/2pia_ref5",
      "true_positive_site_pair_count": 1768,
      "false_positive_site_pair_count": 144,
      "true_site_pair_count": 57536,
      "precision": 0.9246861924686193,
      "recall": 0.030728587319243605
    },
    {
      "name": "ref5/test/1ppn_ref5",
      "true_positive_site_pair_count": 10510,
      "false_positive_site_pair_count": 148,
      "true_site_pair_count": 52650,
      "precision": 0.9861137173953838,
      "recall": 0.19962013295346628
    },
    {
      "name": "ref5/test/1pysA_ref5",
      "true_positive_site_pair_count": 8762,
      "false_positive_site_pair_count": 188,
      "true_site_pair_count": 56700,
      "precision": 0.9789944134078212,
      "recall": 0.1545326278659612
    },
    {
      "name": "ref5/test/1adj_ref5",
      "true_positive_site_pair_count": 18432,
      "false_positive_site_pair_count": 214,
      "true_site_pair_count": 166056,
      "precision": 0.9885230076155744,
      "recall": 0.11099869923399334
    },
    {
      "name": "ref5/test/1pamA_ref5",
      "true_positive_site_pair_count": 16338,
      "false_positive_site_pair_count": 2446,
      "true_site_pair_count": 286740,
      "precision": 0.869782793867121,
      "recall": 0.0569784473739276
    }
  ]
}