{
  "path": "./data/bb3_release/RV50",
  "results": [
    {
      "name": "ref5/test/1lcf_ref5",
      "true_positive_site_pair_count": 14064,
      "false_positive_site_pair_count": 5958,
      "true_site_pair_count": 53680,
      "precision": 0.7024273299370692,
      "recall": 0.26199701937406855
    },
    {
      "name": "ref5/test/1qpg_ref5",
      "true_positive_site_pair_count": 4338,
      "false_positive_site_pair_count": 46,
      "true_site_pair_count": 21456,
      "precision": 0.989507299270073,
      "recall": 0.20218120805369127
    },
    {
      "name": "ref5/test/2ack_ref5",
      "true_positive_site_pair_count": 37544,
      "false_positive_site_pair_count": 166,
      "true_site_pair_count": 187050,
      "precision": 0.9955979846194644,
      "recall": 0.20071638599305
    },
    {
      "name": "ref5/test/1sesA_ref5",
      "true_positive_site_pair_count": 1836,
      "false_positive_site_pair_count": 42,
      "true_site_pair_count": 26928,
      "precision": 0.9776357827476039,
      "recall": 0.06818181818181818
    },
    {
      "name": "ref5/test/1thm_ref5",
      "true_positive_site_pair_count": 27120,
      "false_positive_site_pair_count": 962,
      "true_site_pair_count": 230496,
      "precision": 0.9657431806851364,
      "recall": 0.11765930862140775
    },
    {
      "name": "ref5/test/1eft_ref5",
      "true_positive_site_pair_count": 308,
      "false_positive_site_pair_count": 402,
      "true_site_pair_count": 6552,
      "precision": 0.43380281690140843,
      "recall": 0.04700854700854701
    },
    {
      "name": "ref5/test/1gdoA_ref5",
      "true_positive_site_pair_count": 14534,
      "false_positive_site_pair_count": 340,
      "true_site_pair_count": 182406,
      "precision": 0.9771413204249025,
      "recall": 0.07967939651107968
    },
    {
      "name": "ref5/test/1pgtA_ref5",
      "true_positive_site_pair_count": 360,
      "false_positive_site_pair_count": 2,
      "true_site_pair_count": 31878,
      "precision": 0.994475138121547,
      "recall": 0.01129305477131564
    },
    {
      "name": "ref5/test/1taq_ref5",
      "true_positive_site_pair_count": 9308,
      "false_positive_site_pair_count": 194,
      "true_site_pair_count": 142380,
      "precision": 0.9795832456324984,
      "recall": 0.06537435033010254
    },
    {
      "name": "ref5/test/kinase_ref5",
      "true_positive_site_pair_count": 2286,
      "false_positive_site_pair_count": 138,
      "true_site_pair_count": 49878,
      "precision": 0.943069306930693,
      "recall": 0.04583182966438109
    },
    {
      "name": "1tis_ref5",
      "true_positive_site_pair_count": 8758,
      "false_positive_site_pair_count": 24,
      "true_site_pair_count": 38862,
      "precision": 0.9972671373263493,
      "recall": 0.22536153569039163
    },
    {
      "name": "ref5/test/2pia_ref5",
      "true_positive_site_pair_count": 1766,
      "false_positive_site_pair_count": 114,
      "true_site_pair_count": 57536,
      "precision": 0.9393617021276596,
      "recall": 0.030693826473859844
    },
    {
      "name": "ref5/test/1ppn_ref5",
      "true_positive_site_pair_count": 8778,
      "false_positive_site_pair_count": 144,
      "true_site_pair_count": 52650,
      "precision": 0.9838601210490922,
      "recall": 0.16672364672364673
    },
    {
      "name": "ref5/test/1pysA_ref5",
      "true_positive_site_pair_count": 8086,
      "false_positive_site_pair_count": 150,
      "true_site_pair_count": 56700,
      "precision": 0.9817872753763963,
      "recall": 0.14261022927689596
    },
    {
      "name": "ref5/test/1adj_ref5",
      "true_positive_site_pair_count": 18012,
      "false_positive_site_pair_count": 308,
      "true_site_pair_count": 166056,
      "precision": 0.9831877729257642,
      "recall": 0.10846943199884376
    },
    {
      "name": "ref5/test/1pamA_ref5",
      "true_positive_site_pair_count": 15950,
      "false_positive_site_pair_count": 2548,
      "true_site_pair_count": 286740,
      "precision": 0.8622553789598876,
      "recall": 0.05562530515449536
    }
  ]
}