{
  "path": "./data/bb3_release/RV50",
  "results": [
    {
      "name": "ref5/test/1lcf_ref5",
      "true_positive_site_pair_count": 15478,
      "false_positive_site_pair_count": 5092,
      "true_site_pair_count": 53680,
      "precision": 0.7524550315994166,
      "recall": 0.28833830104321906
    },
    {
      "name": "ref5/test/1qpg_ref5",
      "true_positive_site_pair_count": 4774,
      "false_positive_site_pair_count": 28,
      "true_site_pair_count": 21456,
      "precision": 0.9941690962099126,
      "recall": 0.22250186428038776
    },
    {
      "name": "ref5/test/2ack_ref5",
      "true_positive_site_pair_count": 44556,
      "false_positive_site_pair_count": 380,
      "true_site_pair_count": 187050,
      "precision": 0.9915435285739719,
      "recall": 0.2382036888532478
    },
    {
      "name": "ref5/test/1sesA_ref5",
      "true_positive_site_pair_count": 2846,
      "false_positive_site_pair_count": 52,
      "true_site_pair_count": 26928,
      "precision": 0.9820565907522429,
      "recall": 0.10568924539512775
    },
    {
      "name": "ref5/test/1thm_ref5",
      "true_positive_site_pair_count": 24184,
      "false_positive_site_pair_count": 1210,
      "true_site_pair_count": 230496,
      "precision": 0.952350949043081,
      "recall": 0.10492156046091906
    },
    {
      "name": "ref5/test/1eft_ref5",
      "true_positive_site_pair_count": 172,
      "false_positive_site_pair_count": 334,
      "true_site_pair_count": 6552,
      "precision": 0.33992094861660077,
      "recall": 0.026251526251526252
    },
    {
      "name": "ref5/test/1gdoA_ref5",
      "true_positive_site_pair_count": 11996,
      "false_positive_site_pair_count": 534,
      "true_site_pair_count": 182406,
      "precision": 0.9573822825219473,
      "recall": 0.06576538052476344
    },
    {
      "name": "ref5/test/1pgtA_ref5",
      "true_positive_site_pair_count": 302,
      "false_positive_site_pair_count": 2,
      "true_site_pair_count": 31878,
      "precision": 0.993421052631579,
      "recall": 0.009473618169270344
    },
    {
      "name": "ref5/test/1taq_ref5",
      "true_positive_site_pair_count": 11216,
      "false_positive_site_pair_count": 268,
      "true_site_pair_count": 142380,
      "precision": 0.9766631835597352,
      "recall": 0.07877510886360443
    },
    {
      "name": "ref5/test/kinase_ref5",
      "true_positive_site_pair_count": 2238,
      "false_positive_site_pair_count": 266,
      "true_site_pair_count": 49878,
      "precision": 0.8937699680511182,
      "recall": 0.044869481534945264
    },
    {
      "name": "1tis_ref5",
      "true_positive_site_pair_count": 9284,
      "false_positive_site_pair_count": 22,
      "true_site_pair_count": 38862,
      "precision": 0.9976359338061466,
      "recall": 0.23889660851217126
    },
    {
      "name": "ref5/test/2pia_ref5",
      "true_positive_site_pair_count": 1102,
      "false_positive_site_pair_count": 128,
      "true_site_pair_count": 57536,
      "precision": 0.8959349593495934,
      "recall": 0.019153225806451613
    },
    {
      "name": "ref5/test/1ppn_ref5",
      "true_positive_site_pair_count": 9254,
      "false_positive_site_pair_count": 140,
      "true_site_pair_count": 52650,
      "precision": 0.9850968703427719,
      "recall": 0.1757644824311491
    },
    {
      "name": "ref5/test/1pysA_ref5",
      "true_positive_site_pair_count": 10172,
      "false_positive_site_pair_count": 318,
      "true_site_pair_count": 56700,
      "precision": 0.9696854146806483,
      "recall": 0.17940035273368607
    },
    {
      "name": "ref5/test/1adj_ref5",
      "true_positive_site_pair_count": 21094,
      "false_positive_site_pair_count": 296,
      "true_site_pair_count": 166056,
      "precision": 0.986161757830762,
      "recall": 0.12702943585296528
    },
    {
      "name": "ref5/test/1pamA_ref5",
      "true_positive_site_pair_count": 16294,
      "false_positive_site_pair_count": 3388,
      "true_site_pair_count": 286740,
      "precision": 0.8278630220506046,
      "recall": 0.05682499825626003
    }
  ]
}