{
  "path": "./data/bb3_release/RV50",
  "results": [
    {
      "name": "ref5/test/1lcf_ref5",
      "true_positive_site_pair_count": 14506,
      "false_positive_site_pair_count": 5674,
      "true_site_pair_count": 53680,
      "precision": 0.7188305252725471,
      "recall": 0.270230998509687
    },
    {
      "name": "ref5/test/1qpg_ref5",
      "true_positive_site_pair_count": 4224,
      "false_positive_site_pair_count": 44,
      "true_site_pair_count": 21456,
      "precision": 0.9896907216494846,
      "recall": 0.19686800894854586
    },
    {
      "name": "ref5/test/2ack_ref5",
      "true_positive_site_pair_count": 37718,
      "false_positive_site_pair_count": 118,
      "true_site_pair_count": 187050,
      "precision": 0.9968812770906016,
      "recall": 0.2016466185511895
    },
    {
      "name": "ref5/test/1sesA_ref5",
      "true_positive_site_pair_count": 2232,
      "false_positive_site_pair_count": 30,
      "true_site_pair_count": 26928,
      "precision": 0.986737400530504,
      "recall": 0.08288770053475936
    },
    {
      "name": "ref5/test/1thm_ref5",
      "true_positive_site_pair_count": 28156,
      "false_positive_site_pair_count": 946,
      "true_site_pair_count": 230496,
      "precision": 0.9674936430485878,
      "recall": 0.12215396362626683
    },
    {
      "name": "ref5/test/1eft_ref5",
      "true_positive_site_pair_count": 250,
      "false_positive_site_pair_count": 394,
      "true_site_pair_count": 6552,
      "precision": 0.38819875776397517,
      "recall": 0.03815628815628816
    },
    {
      "name": "ref5/test/1gdoA_ref5",
      "true_positive_site_pair_count": 13558,
      "false_positive_site_pair_count": 432,
      "true_site_pair_count": 182406,
      "precision": 0.969120800571837,
      "recall": 0.07432869532800457
    },
    {
      "name": "ref5/test/1pgtA_ref5",
      "true_positive_site_pair_count": 258,
      "false_positive_site_pair_count": 0,
      "true_site_pair_count": 31878,
      "precision": 1.0,
      "recall": 0.008093355919442876
    },
    {
      "name": "ref5/test/1taq_ref5",
      "true_positive_site_pair_count": 10496,
      "false_positive_site_pair_count": 182,
      "true_site_pair_count": 142380,
      "precision": 0.9829556096647313,
      "recall": 0.07371821885096222
    },
    {
      "name": "ref5/test/kinase_ref5",
      "true_positive_site_pair_count": 2148,
      "false_positive_site_pair_count": 164,
      "true_site_pair_count": 49878,
      "precision": 0.9290657439446367,
      "recall": 0.043065078792253096
    },
    {
      "name": "1tis_ref5",
      "true_positive_site_pair_count": 8246,
      "false_positive_site_pair_count": 58,
      "true_site_pair_count": 38862,
      "precision": 0.9930154142581888,
      "recall": 0.21218671195512326
    },
    {
      "name": "ref5/test/2pia_ref5",
      "true_positive_site_pair_count": 1298,
      "false_positive_site_pair_count": 168,
      "true_site_pair_count": 57536,
      "precision": 0.8854024556616644,
      "recall": 0.022559788654060067
    },
    {
      "name": "ref5/test/1ppn_ref5",
      "true_positive_site_pair_count": 9402,
      "false_positive_site_pair_count": 114,
      "true_site_pair_count": 52650,
      "precision": 0.9880201765447667,
      "recall": 0.17857549857549856
    },
    {
      "name": "ref5/test/1pysA_ref5",
      "true_positive_site_pair_count": 7742,
      "false_positive_site_pair_count": 220,
      "true_site_pair_count": 56700,
      "precision": 0.9723687515699573,
      "recall": 0.1365432098765432
    },
    {
      "name": "ref5/test/1adj_ref5",
      "true_positive_site_pair_count": 19586,
      "false_positive_site_pair_count": 172,
      "true_site_pair_count": 166056,
      "precision": 0.9912946654519689,
      "recall": 0.11794816206580913
    },
    {
      "name": "ref5/test/1pamA_ref5",
      "true_positive_site_pair_count": 15802,
      "false_positive_site_pair_count": 2854,
      "true_site_pair_count": 286740,
      "precision": 0.8470197255574614,
      "recall": 0.055109158122340796
    }
  ]
}