{
  "path": "./data/bb3_release/RV50",
  "results": [
    {
      "name": "ref5/test/1lcf_ref5",
      "true_positive_site_pair_count": 14678,
      "false_positive_site_pair_count": 6392,
      "true_site_pair_count": 53680,
      "precision": 0.6966302800189843,
      "recall": 0.27343517138599105
    },
    {
      "name": "ref5/test/1qpg_ref5",
      "true_positive_site_pair_count": 4334,
      "false_positive_site_pair_count": 16,
      "true_site_pair_count": 21456,
      "precision": 0.9963218390804598,
      "recall": 0.20199478001491425
    },
    {
      "name": "ref5/test/2ack_ref5",
      "true_positive_site_pair_count": 42510,
      "false_positive_site_pair_count": 148,
      "true_site_pair_count": 187050,
      "precision": 0.9965305452670074,
      "recall": 0.2272654370489174
    },
    {
      "name": "ref5/test/1sesA_ref5",
      "true_positive_site_pair_count": 2498,
      "false_positive_site_pair_count": 46,
      "true_site_pair_count": 26928,
      "precision": 0.9819182389937107,
      "recall": 0.09276589423648247
    },
    {
      "name": "ref5/test/1thm_ref5",
      "true_positive_site_pair_count": 25438,
      "false_positive_site_pair_count": 1576,
      "true_site_pair_count": 230496,
      "precision": 0.9416598800621899,
      "recall": 0.1103620019436346
    },
    {
      "name": "ref5/test/1eft_ref5",
      "true_positive_site_pair_count": 222,
      "false_positive_site_pair_count": 338,
      "true_site_pair_count": 6552,
      "precision": 0.3964285714285714,
      "recall": 0.03388278388278388
    },
    {
      "name": "ref5/test/1gdoA_ref5",
      "true_positive_site_pair_count": 13960,
      "false_positive_site_pair_count": 558,
      "true_site_pair_count": 182406,
      "precision": 0.9615649538503926,
      "recall": 0.07653257020054165
    },
    {
      "name": "ref5/test/1pgtA_ref5",
      "true_positive_site_pair_count": 294,
      "false_positive_site_pair_count": 34,
      "true_site_pair_count": 31878,
      "precision": 0.8963414634146342,
      "recall": 0.00922266139657444
    },
    {
      "name": "ref5/test/1taq_ref5",
      "true_positive_site_pair_count": 11158,
      "false_positive_site_pair_count": 192,
      "true_site_pair_count": 142380,
      "precision": 0.9830837004405286,
      "recall": 0.0783677482792527
    },
    {
      "name": "ref5/test/kinase_ref5",
      "true_positive_site_pair_count": 2028,
      "false_positive_site_pair_count": 160,
      "true_site_pair_count": 49878,
      "precision": 0.926873857404022,
      "recall": 0.04065920846866354
    },
    {
      "name": "1tis_ref5",
      "true_positive_site_pair_count": 8896,
      "false_positive_site_pair_count": 70,
      "true_site_pair_count": 38862,
      "precision": 0.9921927280838724,
      "recall": 0.2289125624002882
    },
    {
      "name": "ref5/test/2pia_ref5",
      "true_positive_site_pair_count": 1228,
      "false_positive_site_pair_count": 262,
      "true_site_pair_count": 57536,
      "precision": 0.8241610738255034,
      "recall": 0.021343159065628475
    },
    {
      "name": "ref5/test/1ppn_ref5",
      "true_positive_site_pair_count": 8780,
      "false_positive_site_pair_count": 130,
      "true_site_pair_count": 52650,
      "precision": 0.9854096520763187,
      "recall": 0.16676163342830008
    },
    {
      "name": "ref5/test/1pysA_ref5",
      "true_positive_site_pair_count": 8746,
      "false_positive_site_pair_count": 266,
      "true_site_pair_count": 56700,
      "precision": 0.9704837993786063,
      "recall": 0.15425044091710757
    },
    {
      "name": "ref5/test/1adj_ref5",
      "true_positive_site_pair_count": 19878,
      "false_positive_site_pair_count": 374,
      "true_site_pair_count": 166056,
      "precision": 0.9815326881295674,
      "recall": 0.11970660500072265
    },
    {
      "name": "ref5/test/1pamA_ref5",
      "true_positive_site_pair_count": 16186,
      "false_positive_site_pair_count": 2586,
      "true_site_pair_count": 286740,
      "precision": 0.8622416364798636,
      "recall": 0.05644835042198507
    }
  ]
}