{
  "path": "./data/bb3_release/RV50",
  "results": [
    {
      "name": "ref5/test/1lcf_ref5",
      "true_positive_site_pair_count": 15398,
      "false_positive_site_pair_count": 5618,
      "true_site_pair_count": 53680,
      "precision": 0.7326798629615531,
      "recall": 0.2868479880774963
    },
    {
      "name": "ref5/test/1qpg_ref5",
      "true_positive_site_pair_count": 4334,
      "false_positive_site_pair_count": 20,
      "true_site_pair_count": 21456,
      "precision": 0.9954065227377125,
      "recall": 0.20199478001491425
    },
    {
      "name": "ref5/test/2ack_ref5",
      "true_positive_site_pair_count": 38432,
      "false_positive_site_pair_count": 164,
      "true_site_pair_count": 187050,
      "precision": 0.995750855010882,
      "recall": 0.20546377973803795
    },
    {
      "name": "ref5/test/1sesA_ref5",
      "true_positive_site_pair_count": 2372,
      "false_positive_site_pair_count": 16,
      "true_site_pair_count": 26928,
      "precision": 0.9932998324958124,
      "recall": 0.08808674985145573
    },
    {
      "name": "ref5/test/1thm_ref5",
      "true_positive_site_pair_count": 27110,
      "false_positive_site_pair_count": 864,
      "true_site_pair_count": 230496,
      "precision": 0.9691141774504898,
      "recall": 0.11761592392058864
    },
    {
      "name": "ref5/test/1eft_ref5",
      "true_positive_site_pair_count": 156,
      "false_positive_site_pair_count": 372,
      "true_site_pair_count": 6552,
      "precision": 0.29545454545454547,
      "recall": 0.023809523809523808
    },
    {
      "name": "ref5/test/1gdoA_ref5",
      "true_positive_site_pair_count": 12214,
      "false_positive_site_pair_count": 488,
      "true_site_pair_count": 182406,
      "precision": 0.961580853408912,
      "recall": 0.0669605166496716
    },
    {
      "name": "ref5/test/1pgtA_ref5",
      "true_positive_site_pair_count": 334,
      "false_positive_site_pair_count": 2,
      "true_site_pair_count": 31878,
      "precision": 0.9940476190476191,
      "recall": 0.010477445260053956
    },
    {
      "name": "ref5/test/1taq_ref5",
      "true_positive_site_pair_count": 11152,
      "false_positive_site_pair_count": 254,
      "true_site_pair_count": 142380,
      "precision": 0.977731018762055,
      "recall": 0.07832560752914736
    },
    {
      "name": "ref5/test/kinase_ref5",
      "true_positive_site_pair_count": 2068,
      "false_positive_site_pair_count": 192,
      "true_site_pair_count": 49878,
      "precision": 0.9150442477876106,
      "recall": 0.04146116524319339
    },
    {
      "name": "1tis_ref5",
      "true_positive_site_pair_count": 9608,
      "false_positive_site_pair_count": 18,
      "true_site_pair_count": 38862,
      "precision": 0.9981300644088926,
      "recall": 0.24723380165714579
    },
    {
      "name": "ref5/test/2pia_ref5",
      "true_positive_site_pair_count": 1082,
      "false_positive_site_pair_count": 140,
      "true_site_pair_count": 57536,
      "precision": 0.8854337152209493,
      "recall": 0.018805617352614015
    },
    {
      "name": "ref5/test/1ppn_ref5",
      "true_positive_site_pair_count": 12014,
      "false_positive_site_pair_count": 150,
      "true_site_pair_count": 52650,
      "precision": 0.9876685300887866,
      "recall": 0.2281861348528015
    },
    {
      "name": "ref5/test/1pysA_ref5",
      "true_positive_site_pair_count": 8662,
      "false_positive_site_pair_count": 286,
      "true_site_pair_count": 56700,
      "precision": 0.9680375502905677,
      "recall": 0.1527689594356261
    },
    {
      "name": "ref5/test/1adj_ref5",
      "true_positive_site_pair_count": 20870,
      "false_positive_site_pair_count": 276,
      "true_site_pair_count": 166056,
      "precision": 0.9869478861250355,
      "recall": 0.12568049332755216
    },
    {
      "name": "ref5/test/1pamA_ref5",
      "true_positive_site_pair_count": 16528,
      "false_positive_site_pair_count": 2766,
      "true_site_pair_count": 286740,
      "precision": 0.8566393697522546,
      "recall": 0.05764106856385576
    }
  ]
}