{
  "path": "./data/bb3_release/RV20",
  "results": [
    {
      "name": "ref2/test/1aboA_ref2",
      "true_positive_site_pair_count": 1752,
      "false_positive_site_pair_count": 783704,
      "true_site_pair_count": 6042,
      "precision": 0.002230551424904769,
      "recall": 0.2899702085402185
    },
    {
      "name": "ref2/test/1havA_ref2",
      "true_positive_site_pair_count": 89722,
      "false_positive_site_pair_count": 2098652,
      "true_site_pair_count": 133120,
      "precision": 0.04099939041498391,
      "recall": 0.673993389423077
    },
    {
      "name": "ref2/test/1wit_ref2",
      "true_positive_site_pair_count": 76654,
      "false_positive_site_pair_count": 331522,
      "true_site_pair_count": 120780,
      "precision": 0.18779644075104857,
      "recall": 0.6346580559695314
    },
    {
      "name": "ref2/test/1thm_ref2",
      "true_positive_site_pair_count": 57280,
      "false_positive_site_pair_count": 1421344,
      "true_site_pair_count": 90944,
      "precision": 0.03873871924167334,
      "recall": 0.629838142153413
    },
    {
      "name": "ref2/test/2trx_ref2",
      "true_positive_site_pair_count": 83304,
      "false_positive_site_pair_count": 945982,
      "true_site_pair_count": 147420,
      "precision": 0.08093377350901498,
      "recall": 0.5650793650793651
    },
    {
      "name": "ref2/test/1dlc_ref2",
      "true_positive_site_pair_count": 148624,
      "false_positive_site_pair_count": 4185012,
      "true_site_pair_count": 239540,
      "precision": 0.03429545074851695,
      "recall": 0.6204558737580362
    },
    {
      "name": "ref2/test/kinase_ref2",
      "true_positive_site_pair_count": 245476,
      "false_positive_site_pair_count": 6030956,
      "true_site_pair_count": 340656,
      "precision": 0.03911075591992393,
      "recall": 0.7205979052181674
    },
    {
      "name": "ref2/test/1aab_ref2",
      "true_positive_site_pair_count": 5504,
      "false_positive_site_pair_count": 157570,
      "true_site_pair_count": 12000,
      "precision": 0.033751548376810526,
      "recall": 0.45866666666666667
    },
    {
      "name": "ref2/test/1eft_ref2",
      "true_positive_site_pair_count": 44866,
      "false_positive_site_pair_count": 968622,
      "true_site_pair_count": 74412,
      "precision": 0.04426890106246941,
      "recall": 0.6029403859592539
    },
    {
      "name": "ref2/test/451c_ref2",
      "true_positive_site_pair_count": 38380,
      "false_positive_site_pair_count": 162812,
      "true_site_pair_count": 60270,
      "precision": 0.19076305220883535,
      "recall": 0.6368010618881699
    },
    {
      "name": "ref2/test/1amk_ref2",
      "true_positive_site_pair_count": 274396,
      "false_positive_site_pair_count": 1131050,
      "true_site_pair_count": 466650,
      "precision": 0.19523766832734946,
      "recall": 0.588012429015322
    },
    {
      "name": "ref2/test/1daaA_ref2",
      "true_positive_site_pair_count": 61886,
      "false_positive_site_pair_count": 671190,
      "true_site_pair_count": 95816,
      "precision": 0.08441962361337706,
      "recall": 0.6458837772397095
    },
    {
      "name": "ref2/test/glg_ref2",
      "true_positive_site_pair_count": 1172102,
      "false_positive_site_pair_count": 10701956,
      "true_site_pair_count": 1616112,
      "precision": 0.09871115670817845,
      "recall": 0.7252603779936044
    },
    {
      "name": "ref2/test/1lci_ref2",
      "true_positive_site_pair_count": 429282,
      "false_positive_site_pair_count": 4061504,
      "true_site_pair_count": 522720,
      "precision": 0.09559172937655012,
      "recall": 0.8212465564738292
    },
    {
      "name": "ref2/test/1ajsA_ref2",
      "true_positive_site_pair_count": 79864,
      "false_positive_site_pair_count": 1998226,
      "true_site_pair_count": 163590,
      "precision": 0.038431444258910825,
      "recall": 0.48819610000611285
    },
    {
      "name": "ref2/test/1ubi_ref2",
      "true_positive_site_pair_count": 47628,
      "false_positive_site_pair_count": 130162,
      "true_site_pair_count": 69184,
      "precision": 0.2678890826255695,
      "recall": 0.6884250693802035
    },
    {
      "name": "ref2/test/1ped_ref2",
      "true_positive_site_pair_count": 167086,
      "false_positive_site_pair_count": 3169762,
      "true_site_pair_count": 409944,
      "precision": 0.0500730030256098,
      "recall": 0.4075824990730441
    },
    {
      "name": "ref2/test/1idy_ref2",
      "true_positive_site_pair_count": 20030,
      "false_positive_site_pair_count": 1219912,
      "true_site_pair_count": 33300,
      "precision": 0.016153981395904002,
      "recall": 0.6015015015015015
    },
    {
      "name": "ref2/test/1pgtA_ref2",
      "true_positive_site_pair_count": 33980,
      "false_positive_site_pair_count": 302580,
      "true_site_pair_count": 72540,
      "precision": 0.10096268124554314,
      "recall": 0.4684312103666942
    },
    {
      "name": "ref2/test/1taq_ref2",
      "true_positive_site_pair_count": 98018,
      "false_positive_site_pair_count": 2360296,
      "true_site_pair_count": 200384,
      "precision": 0.03987204238351976,
      "recall": 0.4891508304056212
    },
    {
      "name": "ref2/test/1ad3_ref2",
      "true_positive_site_pair_count": 777560,
      "false_positive_site_pair_count": 8150180,
      "true_site_pair_count": 1193842,
      "precision": 0.0870948302705948,
      "recall": 0.6513089671832621
    },
    {
      "name": "ref2/test/1adj_ref2",
      "true_positive_site_pair_count": 490692,
      "false_positive_site_pair_count": 6530520,
      "true_site_pair_count": 712800,
      "precision": 0.06988707932476615,
      "recall": 0.6884006734006733
    },
    {
      "name": "ref2/test/1gdoA_ref2",
      "true_positive_site_pair_count": 31354,
      "false_positive_site_pair_count": 1342022,
      "true_site_pair_count": 65016,
      "precision": 0.022829873246656415,
      "recall": 0.48225052294819737
    },
    {
      "name": "ref2/test/1cpt_ref2",
      "true_positive_site_pair_count": 30416,
      "false_positive_site_pair_count": 668736,
      "true_site_pair_count": 76912,
      "precision": 0.04350413071835595,
      "recall": 0.3954649469523611
    },
    {
      "name": "ref2/test/1lvl_ref2",
      "true_positive_site_pair_count": 40788,
      "false_positive_site_pair_count": 977428,
      "true_site_pair_count": 69000,
      "precision": 0.040058298042851416,
      "recall": 0.5911304347826087
    },
    {
      "name": "ref2/test/2hsdA_ref2",
      "true_positive_site_pair_count": 130586,
      "false_positive_site_pair_count": 1974058,
      "true_site_pair_count": 287448,
      "precision": 0.062046597904443695,
      "recall": 0.45429434193314966
    },
    {
      "name": "ref2/test/2pia_ref2",
      "true_positive_site_pair_count": 35034,
      "false_positive_site_pair_count": 2625430,
      "true_site_pair_count": 59500,
      "precision": 0.013168379651068386,
      "recall": 0.5888067226890756
    },
    {
      "name": "ref2/test/1kfj_ref2",
      "true_positive_site_pair_count": 29782,
      "false_positive_site_pair_count": 246076,
      "true_site_pair_count": 58968,
      "precision": 0.10796134242980084,
      "recall": 0.5050535883869217
    },
    {
      "name": "ref2/test/1pamA_ref2",
      "true_positive_site_pair_count": 288192,
      "false_positive_site_pair_count": 6183726,
      "true_site_pair_count": 361036,
      "precision": 0.04452961239620156,
      "recall": 0.7982361869730442
    },
    {
      "name": "ref2/test/1ldg_ref2",
      "true_positive_site_pair_count": 230062,
      "false_positive_site_pair_count": 2056392,
      "true_site_pair_count": 396864,
      "precision": 0.10061956199424961,
      "recall": 0.5796998467989034
    },
    {
      "name": "ref2/test/1tvxA_ref2",
      "true_positive_site_pair_count": 13170,
      "false_positive_site_pair_count": 68384,
      "true_site_pair_count": 23548,
      "precision": 0.16148809377835543,
      "recall": 0.5592831662986241
    },
    {
      "name": "ref2/test/1r69_ref2",
      "true_positive_site_pair_count": 22082,
      "false_positive_site_pair_count": 954420,
      "true_site_pair_count": 26970,
      "precision": 0.022613368943432785,
      "recall": 0.8187615869484612
    },
    {
      "name": "ref2/test/4enl_ref2",
      "true_positive_site_pair_count": 414010,
      "false_positive_site_pair_count": 9072308,
      "true_site_pair_count": 564930,
      "precision": 0.043642854899024044,
      "recall": 0.7328518577522879
    },
    {
      "name": "ref2/test/3grs_ref2",
      "true_positive_site_pair_count": 147706,
      "false_positive_site_pair_count": 7466342,
      "true_site_pair_count": 249600,
      "precision": 0.019399142217122876,
      "recall": 0.5917708333333334
    },
    {
      "name": "ref2/test/1csy_ref2",
      "true_positive_site_pair_count": 26760,
      "false_positive_site_pair_count": 4895840,
      "true_site_pair_count": 67760,
      "precision": 0.005436151627188884,
      "recall": 0.3949232585596222
    },
    {
      "name": "ref2/test/1mrj_ref2",
      "true_positive_site_pair_count": 20132,
      "false_positive_site_pair_count": 139260,
      "true_site_pair_count": 33120,
      "precision": 0.1263049588436057,
      "recall": 0.6078502415458937
    },
    {
      "name": "ref2/test/1tis_ref2",
      "true_positive_site_pair_count": 340420,
      "false_positive_site_pair_count": 1434412,
      "true_site_pair_count": 423576,
      "precision": 0.1918040693429012,
      "recall": 0.8036810395300962
    },
    {
      "name": "ref2/test/1dox_ref2",
      "true_positive_site_pair_count": 8492,
      "false_positive_site_pair_count": 82656,
      "true_site_pair_count": 18480,
      "precision": 0.09316715671216044,
      "recall": 0.4595238095238095
    },
    {
      "name": "ref2/test/1ycc_ref2",
      "true_positive_site_pair_count": 60782,
      "false_positive_site_pair_count": 186678,
      "true_site_pair_count": 90240,
      "precision": 0.24562353511678656,
      "recall": 0.6735593971631205
    },
    {
      "name": "ref2/test/1uky_ref2",
      "true_positive_site_pair_count": 185880,
      "false_positive_site_pair_count": 1275716,
      "true_site_pair_count": 371700,
      "precision": 0.1271760459114557,
      "recall": 0.5000807102502017
    },
    {
      "name": "ref2/test/1sesA_ref2",
      "true_positive_site_pair_count": 597730,
      "false_positive_site_pair_count": 7710092,
      "true_site_pair_count": 816480,
      "precision": 0.07194785829547143,
      "recall": 0.7320816186556928
    }
  ]
}