{
  "path": "./data/bb3_release/RV20",
  "results": [
    {
      "name": "ref2/test/1aboA_ref2",
      "true_positive_site_pair_count": 1766,
      "false_positive_site_pair_count": 868082,
      "true_site_pair_count": 6042,
      "precision": 0.002030239766028088,
      "recall": 0.2922873220787819
    },
    {
      "name": "ref2/test/1havA_ref2",
      "true_positive_site_pair_count": 95484,
      "false_positive_site_pair_count": 2331596,
      "true_site_pair_count": 133120,
      "precision": 0.03934110124099741,
      "recall": 0.7172776442307692
    },
    {
      "name": "ref2/test/1wit_ref2",
      "true_positive_site_pair_count": 80360,
      "false_positive_site_pair_count": 370050,
      "true_site_pair_count": 120780,
      "precision": 0.1784152216869075,
      "recall": 0.6653419440304686
    },
    {
      "name": "ref2/test/1thm_ref2",
      "true_positive_site_pair_count": 61280,
      "false_positive_site_pair_count": 1577148,
      "true_site_pair_count": 90944,
      "precision": 0.037401704560713074,
      "recall": 0.6738212526389866
    },
    {
      "name": "ref2/test/2trx_ref2",
      "true_positive_site_pair_count": 82380,
      "false_positive_site_pair_count": 1015514,
      "true_site_pair_count": 147420,
      "precision": 0.07503456617851996,
      "recall": 0.5588115588115589
    },
    {
      "name": "ref2/test/1dlc_ref2",
      "true_positive_site_pair_count": 147196,
      "false_positive_site_pair_count": 4748340,
      "true_site_pair_count": 239540,
      "precision": 0.030067392007739297,
      "recall": 0.6144944476914085
    },
    {
      "name": "ref2/test/kinase_ref2",
      "true_positive_site_pair_count": 241478,
      "false_positive_site_pair_count": 6677112,
      "true_site_pair_count": 340656,
      "precision": 0.03490277643277026,
      "recall": 0.7088617256117609
    },
    {
      "name": "ref2/test/1aab_ref2",
      "true_positive_site_pair_count": 5208,
      "false_positive_site_pair_count": 178192,
      "true_site_pair_count": 12000,
      "precision": 0.028396946564885495,
      "recall": 0.434
    },
    {
      "name": "ref2/test/1eft_ref2",
      "true_positive_site_pair_count": 45836,
      "false_positive_site_pair_count": 1068134,
      "true_site_pair_count": 74412,
      "precision": 0.04114652997836567,
      "recall": 0.6159759178627103
    },
    {
      "name": "ref2/test/451c_ref2",
      "true_positive_site_pair_count": 37328,
      "false_positive_site_pair_count": 162662,
      "true_site_pair_count": 60270,
      "precision": 0.18664933246662332,
      "recall": 0.619346275095404
    },
    {
      "name": "ref2/test/1amk_ref2",
      "true_positive_site_pair_count": 276656,
      "false_positive_site_pair_count": 1256590,
      "true_site_pair_count": 466650,
      "precision": 0.1804381032137048,
      "recall": 0.5928554591235401
    },
    {
      "name": "ref2/test/1daaA_ref2",
      "true_positive_site_pair_count": 64276,
      "false_positive_site_pair_count": 725392,
      "true_site_pair_count": 95816,
      "precision": 0.08139623234067989,
      "recall": 0.670827419220172
    },
    {
      "name": "ref2/test/glg_ref2",
      "true_positive_site_pair_count": 1184808,
      "false_positive_site_pair_count": 11960148,
      "true_site_pair_count": 1616112,
      "precision": 0.09013404076818515,
      "recall": 0.7331224568594256
    },
    {
      "name": "ref2/test/1lci_ref2",
      "true_positive_site_pair_count": 437240,
      "false_positive_site_pair_count": 4489550,
      "true_site_pair_count": 522720,
      "precision": 0.08874744001672488,
      "recall": 0.8364707682889501
    },
    {
      "name": "ref2/test/1ajsA_ref2",
      "true_positive_site_pair_count": 79266,
      "false_positive_site_pair_count": 2215394,
      "true_site_pair_count": 163590,
      "precision": 0.03454367967367715,
      "recall": 0.48454061984228863
    },
    {
      "name": "ref2/test/1ubi_ref2",
      "true_positive_site_pair_count": 47778,
      "false_positive_site_pair_count": 144782,
      "true_site_pair_count": 69184,
      "precision": 0.2481200664727877,
      "recall": 0.6905932007400555
    },
    {
      "name": "ref2/test/1ped_ref2",
      "true_positive_site_pair_count": 180204,
      "false_positive_site_pair_count": 3476798,
      "true_site_pair_count": 409944,
      "precision": 0.04927642916246696,
      "recall": 0.4395819916866694
    },
    {
      "name": "ref2/test/1idy_ref2",
      "true_positive_site_pair_count": 20284,
      "false_positive_site_pair_count": 1354832,
      "true_site_pair_count": 33300,
      "precision": 0.014750755572620783,
      "recall": 0.6091291291291291
    },
    {
      "name": "ref2/test/1pgtA_ref2",
      "true_positive_site_pair_count": 35320,
      "false_positive_site_pair_count": 330800,
      "true_site_pair_count": 72540,
      "precision": 0.09647110237080739,
      "recall": 0.48690377722635786
    },
    {
      "name": "ref2/test/1taq_ref2",
      "true_positive_site_pair_count": 100476,
      "false_positive_site_pair_count": 2644928,
      "true_site_pair_count": 200384,
      "precision": 0.036597892332057506,
      "recall": 0.5014172788246567
    },
    {
      "name": "ref2/test/1ad3_ref2",
      "true_positive_site_pair_count": 795426,
      "false_positive_site_pair_count": 9121646,
      "true_site_pair_count": 1193842,
      "precision": 0.0802077468026853,
      "recall": 0.6662740965722432
    },
    {
      "name": "ref2/test/1adj_ref2",
      "true_positive_site_pair_count": 502100,
      "false_positive_site_pair_count": 7224980,
      "true_site_pair_count": 712800,
      "precision": 0.06497926771820661,
      "recall": 0.7044051627384961
    },
    {
      "name": "ref2/test/1gdoA_ref2",
      "true_positive_site_pair_count": 29020,
      "false_positive_site_pair_count": 1522570,
      "true_site_pair_count": 65016,
      "precision": 0.018703394582331674,
      "recall": 0.44635166728189984
    },
    {
      "name": "ref2/test/1cpt_ref2",
      "true_positive_site_pair_count": 30944,
      "false_positive_site_pair_count": 738872,
      "true_site_pair_count": 76912,
      "precision": 0.04019661841271161,
      "recall": 0.40232993551071355
    },
    {
      "name": "ref2/test/1lvl_ref2",
      "true_positive_site_pair_count": 43472,
      "false_positive_site_pair_count": 1095554,
      "true_site_pair_count": 69000,
      "precision": 0.03816594177832639,
      "recall": 0.6300289855072464
    },
    {
      "name": "ref2/test/2hsdA_ref2",
      "true_positive_site_pair_count": 133492,
      "false_positive_site_pair_count": 2189458,
      "true_site_pair_count": 287448,
      "precision": 0.05746658343916141,
      "recall": 0.46440399654894104
    },
    {
      "name": "ref2/test/2pia_ref2",
      "true_positive_site_pair_count": 36186,
      "false_positive_site_pair_count": 2908728,
      "true_site_pair_count": 59500,
      "precision": 0.0122876253771757,
      "recall": 0.6081680672268908
    },
    {
      "name": "ref2/test/1kfj_ref2",
      "true_positive_site_pair_count": 28612,
      "false_positive_site_pair_count": 264788,
      "true_site_pair_count": 58968,
      "precision": 0.09751874573960463,
      "recall": 0.4852123185456519
    },
    {
      "name": "ref2/test/1pamA_ref2",
      "true_positive_site_pair_count": 289582,
      "false_positive_site_pair_count": 6969192,
      "true_site_pair_count": 361036,
      "precision": 0.039894064755287874,
      "recall": 0.8020862185488428
    },
    {
      "name": "ref2/test/1ldg_ref2",
      "true_positive_site_pair_count": 248250,
      "false_positive_site_pair_count": 2324236,
      "true_site_pair_count": 396864,
      "precision": 0.09650198290680688,
      "recall": 0.6255291485244315
    },
    {
      "name": "ref2/test/1tvxA_ref2",
      "true_positive_site_pair_count": 13762,
      "false_positive_site_pair_count": 70886,
      "true_site_pair_count": 23548,
      "precision": 0.16257915130895,
      "recall": 0.584423305588585
    },
    {
      "name": "ref2/test/1r69_ref2",
      "true_positive_site_pair_count": 21922,
      "false_positive_site_pair_count": 1087542,
      "true_site_pair_count": 26970,
      "precision": 0.01975909087631505,
      "recall": 0.8128290693362996
    },
    {
      "name": "ref2/test/4enl_ref2",
      "true_positive_site_pair_count": 410100,
      "false_positive_site_pair_count": 10156538,
      "true_site_pair_count": 564930,
      "precision": 0.038810830843263484,
      "recall": 0.7259306462747597
    },
    {
      "name": "ref2/test/3grs_ref2",
      "true_positive_site_pair_count": 149188,
      "false_positive_site_pair_count": 8324228,
      "true_site_pair_count": 249600,
      "precision": 0.01760659455407359,
      "recall": 0.5977083333333333
    },
    {
      "name": "ref2/test/1csy_ref2",
      "true_positive_site_pair_count": 31934,
      "false_positive_site_pair_count": 5393434,
      "true_site_pair_count": 67760,
      "precision": 0.005886052337832199,
      "recall": 0.47128099173553717
    },
    {
      "name": "ref2/test/1mrj_ref2",
      "true_positive_site_pair_count": 18268,
      "false_positive_site_pair_count": 155496,
      "true_site_pair_count": 33120,
      "precision": 0.10513109735042932,
      "recall": 0.5515700483091788
    },
    {
      "name": "ref2/test/1tis_ref2",
      "true_positive_site_pair_count": 341000,
      "false_positive_site_pair_count": 1625040,
      "true_site_pair_count": 423576,
      "precision": 0.1734450977599642,
      "recall": 0.8050503333522201
    },
    {
      "name": "ref2/test/1dox_ref2",
      "true_positive_site_pair_count": 8466,
      "false_positive_site_pair_count": 90632,
      "true_site_pair_count": 18480,
      "precision": 0.0854305838664756,
      "recall": 0.45811688311688314
    },
    {
      "name": "ref2/test/1ycc_ref2",
      "true_positive_site_pair_count": 61150,
      "false_positive_site_pair_count": 189134,
      "true_site_pair_count": 90240,
      "precision": 0.24432244969714403,
      "recall": 0.6776374113475178
    },
    {
      "name": "ref2/test/1uky_ref2",
      "true_positive_site_pair_count": 185472,
      "false_positive_site_pair_count": 1437220,
      "true_site_pair_count": 371700,
      "precision": 0.11429895506972365,
      "recall": 0.49898305084745764
    },
    {
      "name": "ref2/test/1sesA_ref2",
      "true_positive_site_pair_count": 618506,
      "false_positive_site_pair_count": 8613246,
      "true_site_pair_count": 816480,
      "precision": 0.06699768364661442,
      "recall": 0.7575274348422496
    }
  ]
}