{
  "path": "./data/bb3_release/RV20",
  "results": [
    {
      "name": "ref2/test/1aboA_ref2",
      "true_positive_site_pair_count": 1376,
      "false_positive_site_pair_count": 426804,
      "true_site_pair_count": 6042,
      "precision": 0.0032136017562707274,
      "recall": 0.22773915921880172
    },
    {
      "name": "ref2/test/1havA_ref2",
      "true_positive_site_pair_count": 94668,
      "false_positive_site_pair_count": 1110340,
      "true_site_pair_count": 133120,
      "precision": 0.07856213402732595,
      "recall": 0.7111478365384616
    },
    {
      "name": "ref2/test/1wit_ref2",
      "true_positive_site_pair_count": 69192,
      "false_positive_site_pair_count": 190228,
      "true_site_pair_count": 120780,
      "precision": 0.2667180633721378,
      "recall": 0.572876304023845
    },
    {
      "name": "ref2/test/1thm_ref2",
      "true_positive_site_pair_count": 47630,
      "false_positive_site_pair_count": 768000,
      "true_site_pair_count": 90944,
      "precision": 0.058396576879222194,
      "recall": 0.5237288881069669
    },
    {
      "name": "ref2/test/2trx_ref2",
      "true_positive_site_pair_count": 69132,
      "false_positive_site_pair_count": 546162,
      "true_site_pair_count": 147420,
      "precision": 0.11235604442754196,
      "recall": 0.4689458689458689
    },
    {
      "name": "ref2/test/1dlc_ref2",
      "true_positive_site_pair_count": 125116,
      "false_positive_site_pair_count": 2272020,
      "true_site_pair_count": 239540,
      "precision": 0.05219395144872881,
      "recall": 0.5223177757368289
    },
    {
      "name": "ref2/test/kinase_ref2",
      "true_positive_site_pair_count": 215638,
      "false_positive_site_pair_count": 3262930,
      "true_site_pair_count": 340656,
      "precision": 0.06199045124315523,
      "recall": 0.6330080785308346
    },
    {
      "name": "ref2/test/1aab_ref2",
      "true_positive_site_pair_count": 3756,
      "false_positive_site_pair_count": 90668,
      "true_site_pair_count": 12000,
      "precision": 0.039778022536643226,
      "recall": 0.313
    },
    {
      "name": "ref2/test/1eft_ref2",
      "true_positive_site_pair_count": 39610,
      "false_positive_site_pair_count": 525502,
      "true_site_pair_count": 74412,
      "precision": 0.07009230028737666,
      "recall": 0.5323066172122776
    },
    {
      "name": "ref2/test/451c_ref2",
      "true_positive_site_pair_count": 33330,
      "false_positive_site_pair_count": 88660,
      "true_site_pair_count": 60270,
      "precision": 0.2732191163210099,
      "recall": 0.5530114484818317
    },
    {
      "name": "ref2/test/1amk_ref2",
      "true_positive_site_pair_count": 228366,
      "false_positive_site_pair_count": 605546,
      "true_site_pair_count": 466650,
      "precision": 0.27384903922716064,
      "recall": 0.4893731918997107
    },
    {
      "name": "ref2/test/1daaA_ref2",
      "true_positive_site_pair_count": 51076,
      "false_positive_site_pair_count": 354296,
      "true_site_pair_count": 95816,
      "precision": 0.12599784888941515,
      "recall": 0.5330633714619688
    },
    {
      "name": "ref2/test/glg_ref2",
      "true_positive_site_pair_count": 963164,
      "false_positive_site_pair_count": 5921006,
      "true_site_pair_count": 1616112,
      "precision": 0.1399099673598996,
      "recall": 0.595976021463859
    },
    {
      "name": "ref2/test/1lci_ref2",
      "true_positive_site_pair_count": 377784,
      "false_positive_site_pair_count": 2211246,
      "true_site_pair_count": 522720,
      "precision": 0.14591719678798623,
      "recall": 0.7227272727272728
    },
    {
      "name": "ref2/test/1ajsA_ref2",
      "true_positive_site_pair_count": 62346,
      "false_positive_site_pair_count": 1105004,
      "true_site_pair_count": 163590,
      "precision": 0.05340814665695807,
      "recall": 0.38111131487254724
    },
    {
      "name": "ref2/test/1ubi_ref2",
      "true_positive_site_pair_count": 44690,
      "false_positive_site_pair_count": 92530,
      "true_site_pair_count": 69184,
      "precision": 0.3256813875528349,
      "recall": 0.6459586031452359
    },
    {
      "name": "ref2/test/1ped_ref2",
      "true_positive_site_pair_count": 139004,
      "false_positive_site_pair_count": 1754908,
      "true_site_pair_count": 409944,
      "precision": 0.07339517358779077,
      "recall": 0.3390804597701149
    },
    {
      "name": "ref2/test/1idy_ref2",
      "true_positive_site_pair_count": 15574,
      "false_positive_site_pair_count": 692670,
      "true_site_pair_count": 33300,
      "precision": 0.02198959680562066,
      "recall": 0.4676876876876877
    },
    {
      "name": "ref2/test/1pgtA_ref2",
      "true_positive_site_pair_count": 27536,
      "false_positive_site_pair_count": 171516,
      "true_site_pair_count": 72540,
      "precision": 0.13833571127142658,
      "recall": 0.3795974634684312
    },
    {
      "name": "ref2/test/1taq_ref2",
      "true_positive_site_pair_count": 72366,
      "false_positive_site_pair_count": 1296850,
      "true_site_pair_count": 200384,
      "precision": 0.05285214312424044,
      "recall": 0.36113661769402744
    },
    {
      "name": "ref2/test/1ad3_ref2",
      "true_positive_site_pair_count": 600132,
      "false_positive_site_pair_count": 4487578,
      "true_site_pair_count": 1193842,
      "precision": 0.1179571948872872,
      "recall": 0.5026896356469281
    },
    {
      "name": "ref2/test/1adj_ref2",
      "true_positive_site_pair_count": 412656,
      "false_positive_site_pair_count": 3563508,
      "true_site_pair_count": 712800,
      "precision": 0.10378243955732208,
      "recall": 0.578922558922559
    },
    {
      "name": "ref2/test/1gdoA_ref2",
      "true_positive_site_pair_count": 28116,
      "false_positive_site_pair_count": 742752,
      "true_site_pair_count": 65016,
      "precision": 0.0364731705038995,
      "recall": 0.4324473975636766
    },
    {
      "name": "ref2/test/1cpt_ref2",
      "true_positive_site_pair_count": 21764,
      "false_positive_site_pair_count": 368488,
      "true_site_pair_count": 76912,
      "precision": 0.05576909279132458,
      "recall": 0.2829727480757229
    },
    {
      "name": "ref2/test/1lvl_ref2",
      "true_positive_site_pair_count": 34564,
      "false_positive_site_pair_count": 537020,
      "true_site_pair_count": 69000,
      "precision": 0.06047055200985332,
      "recall": 0.500927536231884
    },
    {
      "name": "ref2/test/2hsdA_ref2",
      "true_positive_site_pair_count": 99092,
      "false_positive_site_pair_count": 1108260,
      "true_site_pair_count": 287448,
      "precision": 0.08207382768239917,
      "recall": 0.3447301772842392
    },
    {
      "name": "ref2/test/2pia_ref2",
      "true_positive_site_pair_count": 29582,
      "false_positive_site_pair_count": 1416528,
      "true_site_pair_count": 59500,
      "precision": 0.02045625851422091,
      "recall": 0.4971764705882353
    },
    {
      "name": "ref2/test/1kfj_ref2",
      "true_positive_site_pair_count": 23960,
      "false_positive_site_pair_count": 136094,
      "true_site_pair_count": 58968,
      "precision": 0.14969947642670597,
      "recall": 0.4063220729887397
    },
    {
      "name": "ref2/test/1pamA_ref2",
      "true_positive_site_pair_count": 263094,
      "false_positive_site_pair_count": 3361908,
      "true_site_pair_count": 361036,
      "precision": 0.07257761512959165,
      "recall": 0.7287195736713237
    },
    {
      "name": "ref2/test/1ldg_ref2",
      "true_positive_site_pair_count": 197580,
      "false_positive_site_pair_count": 1145864,
      "true_site_pair_count": 396864,
      "precision": 0.14706976993458604,
      "recall": 0.4978531688437349
    },
    {
      "name": "ref2/test/1tvxA_ref2",
      "true_positive_site_pair_count": 11546,
      "false_positive_site_pair_count": 42558,
      "true_site_pair_count": 23548,
      "precision": 0.21340381487505544,
      "recall": 0.4903176490572448
    },
    {
      "name": "ref2/test/1r69_ref2",
      "true_positive_site_pair_count": 21172,
      "false_positive_site_pair_count": 538712,
      "true_site_pair_count": 26970,
      "precision": 0.03781497595930586,
      "recall": 0.7850203930292918
    },
    {
      "name": "ref2/test/4enl_ref2",
      "true_positive_site_pair_count": 344120,
      "false_positive_site_pair_count": 4964386,
      "true_site_pair_count": 564930,
      "precision": 0.06482426505687287,
      "recall": 0.6091374152549873
    },
    {
      "name": "ref2/test/3grs_ref2",
      "true_positive_site_pair_count": 126792,
      "false_positive_site_pair_count": 4099990,
      "true_site_pair_count": 249600,
      "precision": 0.029997288717516068,
      "recall": 0.5079807692307692
    },
    {
      "name": "ref2/test/1csy_ref2",
      "true_positive_site_pair_count": 33570,
      "false_positive_site_pair_count": 2655016,
      "true_site_pair_count": 67760,
      "precision": 0.012486117237834311,
      "recall": 0.4954250295159386
    },
    {
      "name": "ref2/test/1mrj_ref2",
      "true_positive_site_pair_count": 16776,
      "false_positive_site_pair_count": 76422,
      "true_site_pair_count": 33120,
      "precision": 0.1800038627438357,
      "recall": 0.5065217391304347
    },
    {
      "name": "ref2/test/1tis_ref2",
      "true_positive_site_pair_count": 300802,
      "false_positive_site_pair_count": 801898,
      "true_site_pair_count": 423576,
      "precision": 0.27278679604606876,
      "recall": 0.7101488280733563
    },
    {
      "name": "ref2/test/1dox_ref2",
      "true_positive_site_pair_count": 8136,
      "false_positive_site_pair_count": 47086,
      "true_site_pair_count": 18480,
      "precision": 0.1473325848393756,
      "recall": 0.44025974025974024
    },
    {
      "name": "ref2/test/1ycc_ref2",
      "true_positive_site_pair_count": 53636,
      "false_positive_site_pair_count": 106474,
      "true_site_pair_count": 90240,
      "precision": 0.3349946911498345,
      "recall": 0.5943705673758866
    },
    {
      "name": "ref2/test/1uky_ref2",
      "true_positive_site_pair_count": 145226,
      "false_positive_site_pair_count": 715052,
      "true_site_pair_count": 371700,
      "precision": 0.16881287211808277,
      "recall": 0.39070755986010225
    },
    {
      "name": "ref2/test/1sesA_ref2",
      "true_positive_site_pair_count": 499862,
      "false_positive_site_pair_count": 4169416,
      "true_site_pair_count": 816480,
      "precision": 0.10705338170055413,
      "recall": 0.6122158534195571
    }
  ]
}