{
  "path": "./data/bb3_release/RV20",
  "results": [
    {
      "name": "ref2/test/1aboA_ref2",
      "true_positive_site_pair_count": 738,
      "false_positive_site_pair_count": 76444,
      "true_site_pair_count": 6042,
      "precision": 0.009561814930942448,
      "recall": 0.1221449851042701
    },
    {
      "name": "ref2/test/1havA_ref2",
      "true_positive_site_pair_count": 75786,
      "false_positive_site_pair_count": 187730,
      "true_site_pair_count": 133120,
      "precision": 0.2875954401250778,
      "recall": 0.5693058894230769
    },
    {
      "name": "ref2/test/1wit_ref2",
      "true_positive_site_pair_count": 61082,
      "false_positive_site_pair_count": 36048,
      "true_site_pair_count": 120780,
      "precision": 0.6288685267167713,
      "recall": 0.5057294254015565
    },
    {
      "name": "ref2/test/1thm_ref2",
      "true_positive_site_pair_count": 45938,
      "false_positive_site_pair_count": 148930,
      "true_site_pair_count": 90944,
      "precision": 0.23573906439230657,
      "recall": 0.5051240323715693
    },
    {
      "name": "ref2/test/2trx_ref2",
      "true_positive_site_pair_count": 52488,
      "false_positive_site_pair_count": 77910,
      "true_site_pair_count": 147420,
      "precision": 0.40252151106612066,
      "recall": 0.35604395604395606
    },
    {
      "name": "ref2/test/1dlc_ref2",
      "true_positive_site_pair_count": 116224,
      "false_positive_site_pair_count": 422460,
      "true_site_pair_count": 239540,
      "precision": 0.21575543361228475,
      "recall": 0.485196626868164
    },
    {
      "name": "ref2/test/kinase_ref2",
      "true_positive_site_pair_count": 184132,
      "false_positive_site_pair_count": 596308,
      "true_site_pair_count": 340656,
      "precision": 0.2359335759315258,
      "recall": 0.5405218167300737
    },
    {
      "name": "ref2/test/1aab_ref2",
      "true_positive_site_pair_count": 2982,
      "false_positive_site_pair_count": 23850,
      "true_site_pair_count": 12000,
      "precision": 0.11113595706618963,
      "recall": 0.2485
    },
    {
      "name": "ref2/test/1eft_ref2",
      "true_positive_site_pair_count": 34494,
      "false_positive_site_pair_count": 101058,
      "true_site_pair_count": 74412,
      "precision": 0.2544706090651558,
      "recall": 0.4635542654410579
    },
    {
      "name": "ref2/test/451c_ref2",
      "true_positive_site_pair_count": 28490,
      "false_positive_site_pair_count": 14816,
      "true_site_pair_count": 60270,
      "precision": 0.6578765067196232,
      "recall": 0.4727061556329849
    },
    {
      "name": "ref2/test/1amk_ref2",
      "true_positive_site_pair_count": 202380,
      "false_positive_site_pair_count": 105758,
      "true_site_pair_count": 466650,
      "precision": 0.6567836488845906,
      "recall": 0.4336869173899068
    },
    {
      "name": "ref2/test/1daaA_ref2",
      "true_positive_site_pair_count": 47222,
      "false_positive_site_pair_count": 55670,
      "true_site_pair_count": 95816,
      "precision": 0.45894724565563894,
      "recall": 0.4928404441846873
    },
    {
      "name": "ref2/test/glg_ref2",
      "true_positive_site_pair_count": 935768,
      "false_positive_site_pair_count": 1051416,
      "true_site_pair_count": 1616112,
      "precision": 0.4709015370494126,
      "recall": 0.5790242260437396
    },
    {
      "name": "ref2/test/1lci_ref2",
      "true_positive_site_pair_count": 376868,
      "false_positive_site_pair_count": 367898,
      "true_site_pair_count": 522720,
      "precision": 0.5060220257100888,
      "recall": 0.7209749005203551
    },
    {
      "name": "ref2/test/1ajsA_ref2",
      "true_positive_site_pair_count": 59056,
      "false_positive_site_pair_count": 192802,
      "true_site_pair_count": 163590,
      "precision": 0.2344813347203583,
      "recall": 0.36100006112843086
    },
    {
      "name": "ref2/test/1ubi_ref2",
      "true_positive_site_pair_count": 43524,
      "false_positive_site_pair_count": 17378,
      "true_site_pair_count": 69184,
      "precision": 0.7146563331253489,
      "recall": 0.6291049953746531
    },
    {
      "name": "ref2/test/1ped_ref2",
      "true_positive_site_pair_count": 118132,
      "false_positive_site_pair_count": 308060,
      "true_site_pair_count": 409944,
      "precision": 0.27718023801479147,
      "recall": 0.2881661885525828
    },
    {
      "name": "ref2/test/1idy_ref2",
      "true_positive_site_pair_count": 14690,
      "false_positive_site_pair_count": 595762,
      "true_site_pair_count": 33300,
      "precision": 0.024064136082771456,
      "recall": 0.44114114114114117
    },
    {
      "name": "ref2/test/1pgtA_ref2",
      "true_positive_site_pair_count": 23622,
      "false_positive_site_pair_count": 24294,
      "true_site_pair_count": 72540,
      "precision": 0.4929877285249186,
      "recall": 0.32564102564102565
    },
    {
      "name": "ref2/test/1taq_ref2",
      "true_positive_site_pair_count": 67102,
      "false_positive_site_pair_count": 285486,
      "true_site_pair_count": 200384,
      "precision": 0.19031277298149682,
      "recall": 0.33486705525391247
    },
    {
      "name": "ref2/test/1ad3_ref2",
      "true_positive_site_pair_count": 580904,
      "false_positive_site_pair_count": 933102,
      "true_site_pair_count": 1193842,
      "precision": 0.3836867225096862,
      "recall": 0.4865836517730152
    },
    {
      "name": "ref2/test/1adj_ref2",
      "true_positive_site_pair_count": 387342,
      "false_positive_site_pair_count": 641172,
      "true_site_pair_count": 712800,
      "precision": 0.3766035270302592,
      "recall": 0.543409090909091
    },
    {
      "name": "ref2/test/1gdoA_ref2",
      "true_positive_site_pair_count": 19092,
      "false_positive_site_pair_count": 125522,
      "true_site_pair_count": 65016,
      "precision": 0.13202041296140068,
      "recall": 0.29365079365079366
    },
    {
      "name": "ref2/test/1cpt_ref2",
      "true_positive_site_pair_count": 19076,
      "false_positive_site_pair_count": 66894,
      "true_site_pair_count": 76912,
      "precision": 0.22189135745027336,
      "recall": 0.24802371541501977
    },
    {
      "name": "ref2/test/1lvl_ref2",
      "true_positive_site_pair_count": 33012,
      "false_positive_site_pair_count": 110504,
      "true_site_pair_count": 69000,
      "precision": 0.23002313330917806,
      "recall": 0.47843478260869565
    },
    {
      "name": "ref2/test/2hsdA_ref2",
      "true_positive_site_pair_count": 82568,
      "false_positive_site_pair_count": 203496,
      "true_site_pair_count": 287448,
      "precision": 0.28863471111359695,
      "recall": 0.28724499735604353
    },
    {
      "name": "ref2/test/2pia_ref2",
      "true_positive_site_pair_count": 27186,
      "false_positive_site_pair_count": 241382,
      "true_site_pair_count": 59500,
      "precision": 0.10122576032885526,
      "recall": 0.4569075630252101
    },
    {
      "name": "ref2/test/1kfj_ref2",
      "true_positive_site_pair_count": 20366,
      "false_positive_site_pair_count": 27986,
      "true_site_pair_count": 58968,
      "precision": 0.4212028457974851,
      "recall": 0.3453737620404287
    },
    {
      "name": "ref2/test/1pamA_ref2",
      "true_positive_site_pair_count": 253326,
      "false_positive_site_pair_count": 565684,
      "true_site_pair_count": 361036,
      "precision": 0.3093075786620432,
      "recall": 0.7016640999789495
    },
    {
      "name": "ref2/test/1ldg_ref2",
      "true_positive_site_pair_count": 176596,
      "false_positive_site_pair_count": 203476,
      "true_site_pair_count": 396864,
      "precision": 0.4646382790629144,
      "recall": 0.44497863247863245
    },
    {
      "name": "ref2/test/1tvxA_ref2",
      "true_positive_site_pair_count": 10308,
      "false_positive_site_pair_count": 8034,
      "true_site_pair_count": 23548,
      "precision": 0.5619888779849526,
      "recall": 0.437744182096144
    },
    {
      "name": "ref2/test/1r69_ref2",
      "true_positive_site_pair_count": 20694,
      "false_positive_site_pair_count": 131826,
      "true_site_pair_count": 26970,
      "precision": 0.1356805664830842,
      "recall": 0.7672969966629588
    },
    {
      "name": "ref2/test/4enl_ref2",
      "true_positive_site_pair_count": 336074,
      "false_positive_site_pair_count": 976794,
      "true_site_pair_count": 564930,
      "precision": 0.25598460774426673,
      "recall": 0.5948949427362682
    },
    {
      "name": "ref2/test/3grs_ref2",
      "true_positive_site_pair_count": 102874,
      "false_positive_site_pair_count": 772336,
      "true_site_pair_count": 249600,
      "precision": 0.11754207561613784,
      "recall": 0.41215544871794874
    },
    {
      "name": "ref2/test/1csy_ref2",
      "true_positive_site_pair_count": 19462,
      "false_positive_site_pair_count": 457678,
      "true_site_pair_count": 67760,
      "precision": 0.04078886699920359,
      "recall": 0.2872195985832349
    },
    {
      "name": "ref2/test/1mrj_ref2",
      "true_positive_site_pair_count": 13766,
      "false_positive_site_pair_count": 11954,
      "true_site_pair_count": 33120,
      "precision": 0.5352255054432349,
      "recall": 0.4156400966183575
    },
    {
      "name": "ref2/test/1tis_ref2",
      "true_positive_site_pair_count": 286642,
      "false_positive_site_pair_count": 120236,
      "true_site_pair_count": 423576,
      "precision": 0.70449127256819,
      "recall": 0.6767191720021909
    },
    {
      "name": "ref2/test/1dox_ref2",
      "true_positive_site_pair_count": 6068,
      "false_positive_site_pair_count": 7238,
      "true_site_pair_count": 18480,
      "precision": 0.4560348714865474,
      "recall": 0.32835497835497834
    },
    {
      "name": "ref2/test/1ycc_ref2",
      "true_positive_site_pair_count": 47462,
      "false_positive_site_pair_count": 17816,
      "true_site_pair_count": 90240,
      "precision": 0.7270749716596709,
      "recall": 0.5259530141843972
    },
    {
      "name": "ref2/test/1uky_ref2",
      "true_positive_site_pair_count": 122044,
      "false_positive_site_pair_count": 128196,
      "true_site_pair_count": 371700,
      "precision": 0.48770780051150897,
      "recall": 0.3283400591875168
    },
    {
      "name": "ref2/test/1sesA_ref2",
      "true_positive_site_pair_count": 480854,
      "false_positive_site_pair_count": 774336,
      "true_site_pair_count": 816480,
      "precision": 0.3830925995267649,
      "recall": 0.5889354301391339
    }
  ]
}