{
  "path": "./data/bb3_release/RV20",
  "results": [
    {
      "name": "ref2/test/1aboA_ref2",
      "true_positive_site_pair_count": 804,
      "false_positive_site_pair_count": 69744,
      "true_site_pair_count": 6042,
      "precision": 0.011396496002721551,
      "recall": 0.13306852035749753
    },
    {
      "name": "ref2/test/1havA_ref2",
      "true_positive_site_pair_count": 72864,
      "false_positive_site_pair_count": 164782,
      "true_site_pair_count": 133120,
      "precision": 0.3066073066662178,
      "recall": 0.5473557692307692
    },
    {
      "name": "ref2/test/1wit_ref2",
      "true_positive_site_pair_count": 61022,
      "false_positive_site_pair_count": 33504,
      "true_site_pair_count": 120780,
      "precision": 0.6455578359393183,
      "recall": 0.5052326544129823
    },
    {
      "name": "ref2/test/1thm_ref2",
      "true_positive_site_pair_count": 44548,
      "false_positive_site_pair_count": 137330,
      "true_site_pair_count": 90944,
      "precision": 0.24493341690583798,
      "recall": 0.4898399014778325
    },
    {
      "name": "ref2/test/2trx_ref2",
      "true_positive_site_pair_count": 54702,
      "false_positive_site_pair_count": 71876,
      "true_site_pair_count": 147420,
      "precision": 0.43216040702175734,
      "recall": 0.3710622710622711
    },
    {
      "name": "ref2/test/1dlc_ref2",
      "true_positive_site_pair_count": 118152,
      "false_positive_site_pair_count": 374648,
      "true_site_pair_count": 239540,
      "precision": 0.2397564935064935,
      "recall": 0.49324538699173415
    },
    {
      "name": "ref2/test/kinase_ref2",
      "true_positive_site_pair_count": 194414,
      "false_positive_site_pair_count": 538962,
      "true_site_pair_count": 340656,
      "precision": 0.2650945763155598,
      "recall": 0.570704757878916
    },
    {
      "name": "ref2/test/1aab_ref2",
      "true_positive_site_pair_count": 3146,
      "false_positive_site_pair_count": 22476,
      "true_site_pair_count": 12000,
      "precision": 0.1227851065490594,
      "recall": 0.26216666666666666
    },
    {
      "name": "ref2/test/1eft_ref2",
      "true_positive_site_pair_count": 35412,
      "false_positive_site_pair_count": 90516,
      "true_site_pair_count": 74412,
      "precision": 0.2812083095101963,
      "recall": 0.4758909853249476
    },
    {
      "name": "ref2/test/451c_ref2",
      "true_positive_site_pair_count": 30252,
      "false_positive_site_pair_count": 14406,
      "true_site_pair_count": 60270,
      "precision": 0.6774150208249362,
      "recall": 0.5019412643106023
    },
    {
      "name": "ref2/test/1amk_ref2",
      "true_positive_site_pair_count": 210108,
      "false_positive_site_pair_count": 97002,
      "true_site_pair_count": 466650,
      "precision": 0.6841457458239719,
      "recall": 0.4502475088396014
    },
    {
      "name": "ref2/test/1daaA_ref2",
      "true_positive_site_pair_count": 48496,
      "false_positive_site_pair_count": 51176,
      "true_site_pair_count": 95816,
      "precision": 0.48655590336303073,
      "recall": 0.5061367621274109
    },
    {
      "name": "ref2/test/glg_ref2",
      "true_positive_site_pair_count": 921998,
      "false_positive_site_pair_count": 936434,
      "true_site_pair_count": 1616112,
      "precision": 0.49611608065293755,
      "recall": 0.5705037769659529
    },
    {
      "name": "ref2/test/1lci_ref2",
      "true_positive_site_pair_count": 368500,
      "false_positive_site_pair_count": 350876,
      "true_site_pair_count": 522720,
      "precision": 0.5122495051266653,
      "recall": 0.70496632996633
    },
    {
      "name": "ref2/test/1ajsA_ref2",
      "true_positive_site_pair_count": 56722,
      "false_positive_site_pair_count": 183972,
      "true_site_pair_count": 163590,
      "precision": 0.23566021587575925,
      "recall": 0.3467326853719665
    },
    {
      "name": "ref2/test/1ubi_ref2",
      "true_positive_site_pair_count": 42356,
      "false_positive_site_pair_count": 13520,
      "true_site_pair_count": 69184,
      "precision": 0.7580356503686735,
      "recall": 0.612222479185939
    },
    {
      "name": "ref2/test/1ped_ref2",
      "true_positive_site_pair_count": 108458,
      "false_positive_site_pair_count": 284164,
      "true_site_pair_count": 409944,
      "precision": 0.27624025143776965,
      "recall": 0.2645678434127588
    },
    {
      "name": "ref2/test/1idy_ref2",
      "true_positive_site_pair_count": 14452,
      "false_positive_site_pair_count": 535766,
      "true_site_pair_count": 33300,
      "precision": 0.02626595276781203,
      "recall": 0.433993993993994
    },
    {
      "name": "ref2/test/1pgtA_ref2",
      "true_positive_site_pair_count": 24036,
      "false_positive_site_pair_count": 22652,
      "true_site_pair_count": 72540,
      "precision": 0.514821795750514,
      "recall": 0.3313482216708023
    },
    {
      "name": "ref2/test/1taq_ref2",
      "true_positive_site_pair_count": 66100,
      "false_positive_site_pair_count": 258982,
      "true_site_pair_count": 200384,
      "precision": 0.20333331282568706,
      "recall": 0.32986665602044074
    },
    {
      "name": "ref2/test/1ad3_ref2",
      "true_positive_site_pair_count": 571524,
      "false_positive_site_pair_count": 851188,
      "true_site_pair_count": 1193842,
      "precision": 0.4017144720786779,
      "recall": 0.47872666567267697
    },
    {
      "name": "ref2/test/1adj_ref2",
      "true_positive_site_pair_count": 382666,
      "false_positive_site_pair_count": 580660,
      "true_site_pair_count": 712800,
      "precision": 0.39723416579641785,
      "recall": 0.5368490460157127
    },
    {
      "name": "ref2/test/1gdoA_ref2",
      "true_positive_site_pair_count": 19122,
      "false_positive_site_pair_count": 113540,
      "true_site_pair_count": 65016,
      "precision": 0.14414074866955118,
      "recall": 0.2941122185308232
    },
    {
      "name": "ref2/test/1cpt_ref2",
      "true_positive_site_pair_count": 19360,
      "false_positive_site_pair_count": 60892,
      "true_site_pair_count": 76912,
      "precision": 0.2412400937048298,
      "recall": 0.2517162471395881
    },
    {
      "name": "ref2/test/1lvl_ref2",
      "true_positive_site_pair_count": 31778,
      "false_positive_site_pair_count": 101392,
      "true_site_pair_count": 69000,
      "precision": 0.23862731846511978,
      "recall": 0.46055072463768115
    },
    {
      "name": "ref2/test/2hsdA_ref2",
      "true_positive_site_pair_count": 82480,
      "false_positive_site_pair_count": 182398,
      "true_site_pair_count": 287448,
      "precision": 0.31138863929809196,
      "recall": 0.28693885502769195
    },
    {
      "name": "ref2/test/2pia_ref2",
      "true_positive_site_pair_count": 27058,
      "false_positive_site_pair_count": 223934,
      "true_site_pair_count": 59500,
      "precision": 0.1078042328042328,
      "recall": 0.4547563025210084
    },
    {
      "name": "ref2/test/1kfj_ref2",
      "true_positive_site_pair_count": 20370,
      "false_positive_site_pair_count": 25812,
      "true_site_pair_count": 58968,
      "precision": 0.441080940626218,
      "recall": 0.3454415954415954
    },
    {
      "name": "ref2/test/1pamA_ref2",
      "true_positive_site_pair_count": 249368,
      "false_positive_site_pair_count": 528950,
      "true_site_pair_count": 361036,
      "precision": 0.3203934638541059,
      "recall": 0.6907012043120354
    },
    {
      "name": "ref2/test/1ldg_ref2",
      "true_positive_site_pair_count": 165056,
      "false_positive_site_pair_count": 168224,
      "true_site_pair_count": 396864,
      "precision": 0.49524723955832933,
      "recall": 0.4159006611836801
    },
    {
      "name": "ref2/test/1tvxA_ref2",
      "true_positive_site_pair_count": 9674,
      "false_positive_site_pair_count": 7930,
      "true_site_pair_count": 23548,
      "precision": 0.5495341967734606,
      "recall": 0.410820451843044
    },
    {
      "name": "ref2/test/1r69_ref2",
      "true_positive_site_pair_count": 21296,
      "false_positive_site_pair_count": 119436,
      "true_site_pair_count": 26970,
      "precision": 0.15132308217036636,
      "recall": 0.7896180941787171
    },
    {
      "name": "ref2/test/4enl_ref2",
      "true_positive_site_pair_count": 332520,
      "false_positive_site_pair_count": 922718,
      "true_site_pair_count": 564930,
      "precision": 0.26490593815674796,
      "recall": 0.5886038978280494
    },
    {
      "name": "ref2/test/3grs_ref2",
      "true_positive_site_pair_count": 102922,
      "false_positive_site_pair_count": 714272,
      "true_site_pair_count": 249600,
      "precision": 0.12594561389339617,
      "recall": 0.4123477564102564
    },
    {
      "name": "ref2/test/1csy_ref2",
      "true_positive_site_pair_count": 18502,
      "false_positive_site_pair_count": 413772,
      "true_site_pair_count": 67760,
      "precision": 0.042801556420233464,
      "recall": 0.27305194805194805
    },
    {
      "name": "ref2/test/1mrj_ref2",
      "true_positive_site_pair_count": 14932,
      "false_positive_site_pair_count": 11614,
      "true_site_pair_count": 33120,
      "precision": 0.5624952911926467,
      "recall": 0.4508454106280193
    },
    {
      "name": "ref2/test/1tis_ref2",
      "true_positive_site_pair_count": 289952,
      "false_positive_site_pair_count": 108546,
      "true_site_pair_count": 423576,
      "precision": 0.7276121837499812,
      "recall": 0.6845335901939675
    },
    {
      "name": "ref2/test/1dox_ref2",
      "true_positive_site_pair_count": 6078,
      "false_positive_site_pair_count": 5840,
      "true_site_pair_count": 18480,
      "precision": 0.5099848967947642,
      "recall": 0.3288961038961039
    },
    {
      "name": "ref2/test/1ycc_ref2",
      "true_positive_site_pair_count": 47122,
      "false_positive_site_pair_count": 16770,
      "true_site_pair_count": 90240,
      "precision": 0.7375258248293997,
      "recall": 0.5221852836879433
    },
    {
      "name": "ref2/test/1uky_ref2",
      "true_positive_site_pair_count": 124648,
      "false_positive_site_pair_count": 118196,
      "true_site_pair_count": 371700,
      "precision": 0.513284248324027,
      "recall": 0.33534570890503096
    },
    {
      "name": "ref2/test/1sesA_ref2",
      "true_positive_site_pair_count": 479018,
      "false_positive_site_pair_count": 684572,
      "true_site_pair_count": 816480,
      "precision": 0.4116724963260255,
      "recall": 0.5866867528904566
    }
  ]
}