{
  "path": "./data/bb3_release/RV20",
  "results": [
    {
      "name": "ref2/test/1aboA_ref2",
      "true_positive_site_pair_count": 1192,
      "false_positive_site_pair_count": 93736,
      "true_site_pair_count": 6042,
      "precision": 0.01255688521827069,
      "recall": 0.19728566699768288
    },
    {
      "name": "ref2/test/1havA_ref2",
      "true_positive_site_pair_count": 78302,
      "false_positive_site_pair_count": 224342,
      "true_site_pair_count": 133120,
      "precision": 0.2587264244458836,
      "recall": 0.5882061298076923
    },
    {
      "name": "ref2/test/1wit_ref2",
      "true_positive_site_pair_count": 64642,
      "false_positive_site_pair_count": 36080,
      "true_site_pair_count": 120780,
      "precision": 0.6417863028931118,
      "recall": 0.5352045040569631
    },
    {
      "name": "ref2/test/1thm_ref2",
      "true_positive_site_pair_count": 48388,
      "false_positive_site_pair_count": 181762,
      "true_site_pair_count": 90944,
      "precision": 0.21024549207038887,
      "recall": 0.5320636875439831
    },
    {
      "name": "ref2/test/2trx_ref2",
      "true_positive_site_pair_count": 61924,
      "false_positive_site_pair_count": 89884,
      "true_site_pair_count": 147420,
      "precision": 0.40790999156829677,
      "recall": 0.4200515533848867
    },
    {
      "name": "ref2/test/1dlc_ref2",
      "true_positive_site_pair_count": 125890,
      "false_positive_site_pair_count": 516416,
      "true_site_pair_count": 239540,
      "precision": 0.19599692358470885,
      "recall": 0.5255489688569759
    },
    {
      "name": "ref2/test/kinase_ref2",
      "true_positive_site_pair_count": 204328,
      "false_positive_site_pair_count": 719032,
      "true_site_pair_count": 340656,
      "precision": 0.22128747184196845,
      "recall": 0.5998074303696398
    },
    {
      "name": "ref2/test/1aab_ref2",
      "true_positive_site_pair_count": 3516,
      "false_positive_site_pair_count": 29960,
      "true_site_pair_count": 12000,
      "precision": 0.10503046959015414,
      "recall": 0.293
    },
    {
      "name": "ref2/test/1eft_ref2",
      "true_positive_site_pair_count": 36056,
      "false_positive_site_pair_count": 120168,
      "true_site_pair_count": 74412,
      "precision": 0.2307968045882835,
      "recall": 0.48454550341342795
    },
    {
      "name": "ref2/test/451c_ref2",
      "true_positive_site_pair_count": 32074,
      "false_positive_site_pair_count": 18208,
      "true_site_pair_count": 60270,
      "precision": 0.6378823435821964,
      "recall": 0.5321718931475029
    },
    {
      "name": "ref2/test/1amk_ref2",
      "true_positive_site_pair_count": 225158,
      "false_positive_site_pair_count": 136166,
      "true_site_pair_count": 466650,
      "precision": 0.6231470923603193,
      "recall": 0.48249866066645236
    },
    {
      "name": "ref2/test/1daaA_ref2",
      "true_positive_site_pair_count": 54532,
      "false_positive_site_pair_count": 71996,
      "true_site_pair_count": 95816,
      "precision": 0.43098760748609005,
      "recall": 0.5691325039659347
    },
    {
      "name": "ref2/test/glg_ref2",
      "true_positive_site_pair_count": 995572,
      "false_positive_site_pair_count": 1254138,
      "true_site_pair_count": 1616112,
      "precision": 0.44253348209324755,
      "recall": 0.6160290870929738
    },
    {
      "name": "ref2/test/1lci_ref2",
      "true_positive_site_pair_count": 393760,
      "false_positive_site_pair_count": 474216,
      "true_site_pair_count": 522720,
      "precision": 0.4536530963989788,
      "recall": 0.7532904805632078
    },
    {
      "name": "ref2/test/1ajsA_ref2",
      "true_positive_site_pair_count": 64584,
      "false_positive_site_pair_count": 245880,
      "true_site_pair_count": 163590,
      "precision": 0.20802411873840446,
      "recall": 0.394791857693013
    },
    {
      "name": "ref2/test/1ubi_ref2",
      "true_positive_site_pair_count": 44482,
      "false_positive_site_pair_count": 23920,
      "true_site_pair_count": 69184,
      "precision": 0.6503026227303296,
      "recall": 0.6429521276595744
    },
    {
      "name": "ref2/test/1ped_ref2",
      "true_positive_site_pair_count": 131340,
      "false_positive_site_pair_count": 384396,
      "true_site_pair_count": 409944,
      "precision": 0.25466517753269113,
      "recall": 0.3203852233475792
    },
    {
      "name": "ref2/test/1idy_ref2",
      "true_positive_site_pair_count": 16204,
      "false_positive_site_pair_count": 742932,
      "true_site_pair_count": 33300,
      "precision": 0.02134531888884205,
      "recall": 0.4866066066066066
    },
    {
      "name": "ref2/test/1pgtA_ref2",
      "true_positive_site_pair_count": 24000,
      "false_positive_site_pair_count": 32314,
      "true_site_pair_count": 72540,
      "precision": 0.4261817665234222,
      "recall": 0.3308519437551696
    },
    {
      "name": "ref2/test/1taq_ref2",
      "true_positive_site_pair_count": 78618,
      "false_positive_site_pair_count": 347262,
      "true_site_pair_count": 200384,
      "precision": 0.18460129613975768,
      "recall": 0.39233671351006066
    },
    {
      "name": "ref2/test/1ad3_ref2",
      "true_positive_site_pair_count": 666850,
      "false_positive_site_pair_count": 1153080,
      "true_site_pair_count": 1193842,
      "precision": 0.36641519179309096,
      "recall": 0.55857475277298
    },
    {
      "name": "ref2/test/1adj_ref2",
      "true_positive_site_pair_count": 429782,
      "false_positive_site_pair_count": 772596,
      "true_site_pair_count": 712800,
      "precision": 0.3574433331281843,
      "recall": 0.6029489337822671
    },
    {
      "name": "ref2/test/1gdoA_ref2",
      "true_positive_site_pair_count": 18238,
      "false_positive_site_pair_count": 147958,
      "true_site_pair_count": 65016,
      "precision": 0.10973789982911743,
      "recall": 0.28051556539928635
    },
    {
      "name": "ref2/test/1cpt_ref2",
      "true_positive_site_pair_count": 21954,
      "false_positive_site_pair_count": 78300,
      "true_site_pair_count": 76912,
      "precision": 0.21898378119576276,
      "recall": 0.2854431038069482
    },
    {
      "name": "ref2/test/1lvl_ref2",
      "true_positive_site_pair_count": 36112,
      "false_positive_site_pair_count": 131126,
      "true_site_pair_count": 69000,
      "precision": 0.21593178583814684,
      "recall": 0.5233623188405797
    },
    {
      "name": "ref2/test/2hsdA_ref2",
      "true_positive_site_pair_count": 92938,
      "false_positive_site_pair_count": 234174,
      "true_site_pair_count": 287448,
      "precision": 0.2841167551175133,
      "recall": 0.3233210876401993
    },
    {
      "name": "ref2/test/2pia_ref2",
      "true_positive_site_pair_count": 29578,
      "false_positive_site_pair_count": 300764,
      "true_site_pair_count": 59500,
      "precision": 0.08953750961125137,
      "recall": 0.497109243697479
    },
    {
      "name": "ref2/test/1kfj_ref2",
      "true_positive_site_pair_count": 23448,
      "false_positive_site_pair_count": 32608,
      "true_site_pair_count": 58968,
      "precision": 0.41829598972456117,
      "recall": 0.39763939763939765
    },
    {
      "name": "ref2/test/1pamA_ref2",
      "true_positive_site_pair_count": 265218,
      "false_positive_site_pair_count": 710780,
      "true_site_pair_count": 361036,
      "precision": 0.2717403109432601,
      "recall": 0.734602643503695
    },
    {
      "name": "ref2/test/1ldg_ref2",
      "true_positive_site_pair_count": 189696,
      "false_positive_site_pair_count": 234018,
      "true_site_pair_count": 396864,
      "precision": 0.4476982115294751,
      "recall": 0.4779874213836478
    },
    {
      "name": "ref2/test/1tvxA_ref2",
      "true_positive_site_pair_count": 10938,
      "false_positive_site_pair_count": 10918,
      "true_site_pair_count": 23548,
      "precision": 0.5004575402635432,
      "recall": 0.46449804654323085
    },
    {
      "name": "ref2/test/1r69_ref2",
      "true_positive_site_pair_count": 20842,
      "false_positive_site_pair_count": 159968,
      "true_site_pair_count": 26970,
      "precision": 0.11527017310989436,
      "recall": 0.7727845754542084
    },
    {
      "name": "ref2/test/4enl_ref2",
      "true_positive_site_pair_count": 363778,
      "false_positive_site_pair_count": 1183680,
      "true_site_pair_count": 564930,
      "precision": 0.23508101673841875,
      "recall": 0.6439346467703964
    },
    {
      "name": "ref2/test/3grs_ref2",
      "true_positive_site_pair_count": 105942,
      "false_positive_site_pair_count": 925166,
      "true_site_pair_count": 249600,
      "precision": 0.10274578414676251,
      "recall": 0.4244471153846154
    },
    {
      "name": "ref2/test/1csy_ref2",
      "true_positive_site_pair_count": 19076,
      "false_positive_site_pair_count": 548810,
      "true_site_pair_count": 67760,
      "precision": 0.03359124894785221,
      "recall": 0.28152302243211336
    },
    {
      "name": "ref2/test/1mrj_ref2",
      "true_positive_site_pair_count": 15212,
      "false_positive_site_pair_count": 14180,
      "true_site_pair_count": 33120,
      "precision": 0.5175557974959173,
      "recall": 0.4592995169082126
    },
    {
      "name": "ref2/test/1tis_ref2",
      "true_positive_site_pair_count": 307910,
      "false_positive_site_pair_count": 146974,
      "true_site_pair_count": 423576,
      "precision": 0.6768978464839388,
      "recall": 0.7269297599486279
    },
    {
      "name": "ref2/test/1dox_ref2",
      "true_positive_site_pair_count": 6250,
      "false_positive_site_pair_count": 7482,
      "true_site_pair_count": 18480,
      "precision": 0.45514127585202446,
      "recall": 0.33820346320346323
    },
    {
      "name": "ref2/test/1ycc_ref2",
      "true_positive_site_pair_count": 50746,
      "false_positive_site_pair_count": 20720,
      "true_site_pair_count": 90240,
      "precision": 0.7100719223127081,
      "recall": 0.5623448581560284
    },
    {
      "name": "ref2/test/1uky_ref2",
      "true_positive_site_pair_count": 135816,
      "false_positive_site_pair_count": 146660,
      "true_site_pair_count": 371700,
      "precision": 0.4808054489584956,
      "recall": 0.3653914447134786
    },
    {
      "name": "ref2/test/1sesA_ref2",
      "true_positive_site_pair_count": 530974,
      "false_positive_site_pair_count": 939878,
      "true_site_pair_count": 816480,
      "precision": 0.36099757147558015,
      "recall": 0.6503208896727415
    }
  ]
}