{
  "path": "./data/bb3_release/RV20",
  "results": [
    {
      "name": "ref2/test/1aboA_ref2",
      "true_positive_site_pair_count": 886,
      "false_positive_site_pair_count": 59728,
      "true_site_pair_count": 6042,
      "precision": 0.014617085161843799,
      "recall": 0.14664018536908308
    },
    {
      "name": "ref2/test/1havA_ref2",
      "true_positive_site_pair_count": 83382,
      "false_positive_site_pair_count": 148404,
      "true_site_pair_count": 133120,
      "precision": 0.3597369987833605,
      "recall": 0.6263671875
    },
    {
      "name": "ref2/test/1wit_ref2",
      "true_positive_site_pair_count": 57414,
      "false_positive_site_pair_count": 34746,
      "true_site_pair_count": 120780,
      "precision": 0.6229817708333333,
      "recall": 0.47536015896671635
    },
    {
      "name": "ref2/test/1thm_ref2",
      "true_positive_site_pair_count": 41146,
      "false_positive_site_pair_count": 114084,
      "true_site_pair_count": 90944,
      "precision": 0.2650647426399536,
      "recall": 0.4524322660098522
    },
    {
      "name": "ref2/test/2trx_ref2",
      "true_positive_site_pair_count": 48304,
      "false_positive_site_pair_count": 64668,
      "true_site_pair_count": 147420,
      "precision": 0.4275749743299225,
      "recall": 0.3276624609957943
    },
    {
      "name": "ref2/test/1dlc_ref2",
      "true_positive_site_pair_count": 112326,
      "false_positive_site_pair_count": 332886,
      "true_site_pair_count": 239540,
      "precision": 0.25229778173095063,
      "recall": 0.4689237705602405
    },
    {
      "name": "ref2/test/kinase_ref2",
      "true_positive_site_pair_count": 176960,
      "false_positive_site_pair_count": 463764,
      "true_site_pair_count": 340656,
      "precision": 0.27618756281956036,
      "recall": 0.5194683199473956
    },
    {
      "name": "ref2/test/1aab_ref2",
      "true_positive_site_pair_count": 2960,
      "false_positive_site_pair_count": 20200,
      "true_site_pair_count": 12000,
      "precision": 0.12780656303972365,
      "recall": 0.24666666666666667
    },
    {
      "name": "ref2/test/1eft_ref2",
      "true_positive_site_pair_count": 33956,
      "false_positive_site_pair_count": 74372,
      "true_site_pair_count": 74412,
      "precision": 0.3134554316520198,
      "recall": 0.45632424877707894
    },
    {
      "name": "ref2/test/451c_ref2",
      "true_positive_site_pair_count": 27402,
      "false_positive_site_pair_count": 12670,
      "true_site_pair_count": 60270,
      "precision": 0.6838191255739668,
      "recall": 0.4546540567446491
    },
    {
      "name": "ref2/test/1amk_ref2",
      "true_positive_site_pair_count": 192370,
      "false_positive_site_pair_count": 81752,
      "true_site_pair_count": 466650,
      "precision": 0.7017678260044797,
      "recall": 0.4122361512911175
    },
    {
      "name": "ref2/test/1daaA_ref2",
      "true_positive_site_pair_count": 45382,
      "false_positive_site_pair_count": 44410,
      "true_site_pair_count": 95816,
      "precision": 0.5054125089094796,
      "recall": 0.4736369708608166
    },
    {
      "name": "ref2/test/glg_ref2",
      "true_positive_site_pair_count": 845260,
      "false_positive_site_pair_count": 837458,
      "true_site_pair_count": 1616112,
      "precision": 0.502318273174709,
      "recall": 0.5230206817349292
    },
    {
      "name": "ref2/test/1lci_ref2",
      "true_positive_site_pair_count": 345692,
      "false_positive_site_pair_count": 295052,
      "true_site_pair_count": 522720,
      "precision": 0.5395165619966789,
      "recall": 0.6613330272421182
    },
    {
      "name": "ref2/test/1ajsA_ref2",
      "true_positive_site_pair_count": 51170,
      "false_positive_site_pair_count": 153616,
      "true_site_pair_count": 163590,
      "precision": 0.24987059662281602,
      "recall": 0.3127941805733847
    },
    {
      "name": "ref2/test/1ubi_ref2",
      "true_positive_site_pair_count": 40858,
      "false_positive_site_pair_count": 11254,
      "true_site_pair_count": 69184,
      "precision": 0.7840420632483881,
      "recall": 0.5905700740055504
    },
    {
      "name": "ref2/test/1ped_ref2",
      "true_positive_site_pair_count": 103848,
      "false_positive_site_pair_count": 255790,
      "true_site_pair_count": 409944,
      "precision": 0.2887570279002775,
      "recall": 0.2533224050114162
    },
    {
      "name": "ref2/test/1idy_ref2",
      "true_positive_site_pair_count": 12882,
      "false_positive_site_pair_count": 451310,
      "true_site_pair_count": 33300,
      "precision": 0.027751447676823384,
      "recall": 0.38684684684684684
    },
    {
      "name": "ref2/test/1pgtA_ref2",
      "true_positive_site_pair_count": 21888,
      "false_positive_site_pair_count": 19846,
      "true_site_pair_count": 72540,
      "precision": 0.524464465423875,
      "recall": 0.30173697270471467
    },
    {
      "name": "ref2/test/1taq_ref2",
      "true_positive_site_pair_count": 56578,
      "false_positive_site_pair_count": 225408,
      "true_site_pair_count": 200384,
      "precision": 0.20064116658273815,
      "recall": 0.28234789204726923
    },
    {
      "name": "ref2/test/1ad3_ref2",
      "true_positive_site_pair_count": 525594,
      "false_positive_site_pair_count": 728324,
      "true_site_pair_count": 1193842,
      "precision": 0.4191613805687453,
      "recall": 0.440254237997993
    },
    {
      "name": "ref2/test/1adj_ref2",
      "true_positive_site_pair_count": 355718,
      "false_positive_site_pair_count": 499060,
      "true_site_pair_count": 712800,
      "precision": 0.4161524980755237,
      "recall": 0.4990432098765432
    },
    {
      "name": "ref2/test/1gdoA_ref2",
      "true_positive_site_pair_count": 19272,
      "false_positive_site_pair_count": 98164,
      "true_site_pair_count": 65016,
      "precision": 0.16410640689396777,
      "recall": 0.29641934293097083
    },
    {
      "name": "ref2/test/1cpt_ref2",
      "true_positive_site_pair_count": 16912,
      "false_positive_site_pair_count": 52288,
      "true_site_pair_count": 76912,
      "precision": 0.24439306358381502,
      "recall": 0.2198876638235906
    },
    {
      "name": "ref2/test/1lvl_ref2",
      "true_positive_site_pair_count": 29802,
      "false_positive_site_pair_count": 90278,
      "true_site_pair_count": 69000,
      "precision": 0.24818454363757494,
      "recall": 0.43191304347826087
    },
    {
      "name": "ref2/test/2hsdA_ref2",
      "true_positive_site_pair_count": 72716,
      "false_positive_site_pair_count": 158118,
      "true_site_pair_count": 287448,
      "precision": 0.3150142526664183,
      "recall": 0.25297097214104813
    },
    {
      "name": "ref2/test/2pia_ref2",
      "true_positive_site_pair_count": 24424,
      "false_positive_site_pair_count": 193572,
      "true_site_pair_count": 59500,
      "precision": 0.11203875300464229,
      "recall": 0.4104873949579832
    },
    {
      "name": "ref2/test/1kfj_ref2",
      "true_positive_site_pair_count": 17834,
      "false_positive_site_pair_count": 21832,
      "true_site_pair_count": 58968,
      "precision": 0.44960419502848786,
      "recall": 0.30243521910188575
    },
    {
      "name": "ref2/test/1pamA_ref2",
      "true_positive_site_pair_count": 235798,
      "false_positive_site_pair_count": 430222,
      "true_site_pair_count": 361036,
      "precision": 0.35404041920663043,
      "recall": 0.653114924827441
    },
    {
      "name": "ref2/test/1ldg_ref2",
      "true_positive_site_pair_count": 161412,
      "false_positive_site_pair_count": 158402,
      "true_site_pair_count": 396864,
      "precision": 0.5047058602812885,
      "recall": 0.40671867440735365
    },
    {
      "name": "ref2/test/1tvxA_ref2",
      "true_positive_site_pair_count": 8906,
      "false_positive_site_pair_count": 7972,
      "true_site_pair_count": 23548,
      "precision": 0.527669155113165,
      "recall": 0.3782062170885001
    },
    {
      "name": "ref2/test/1r69_ref2",
      "true_positive_site_pair_count": 20810,
      "false_positive_site_pair_count": 103762,
      "true_site_pair_count": 26970,
      "precision": 0.1670519860000642,
      "recall": 0.7715980719317761
    },
    {
      "name": "ref2/test/4enl_ref2",
      "true_positive_site_pair_count": 305650,
      "false_positive_site_pair_count": 784978,
      "true_site_pair_count": 564930,
      "precision": 0.28025137810509176,
      "recall": 0.5410404828916857
    },
    {
      "name": "ref2/test/3grs_ref2",
      "true_positive_site_pair_count": 97952,
      "false_positive_site_pair_count": 618074,
      "true_site_pair_count": 249600,
      "precision": 0.13679950169407257,
      "recall": 0.39243589743589746
    },
    {
      "name": "ref2/test/1csy_ref2",
      "true_positive_site_pair_count": 25386,
      "false_positive_site_pair_count": 362794,
      "true_site_pair_count": 67760,
      "precision": 0.06539749600700706,
      "recall": 0.3746458087367178
    },
    {
      "name": "ref2/test/1mrj_ref2",
      "true_positive_site_pair_count": 12478,
      "false_positive_site_pair_count": 9678,
      "true_site_pair_count": 33120,
      "precision": 0.5631883011373894,
      "recall": 0.3767512077294686
    },
    {
      "name": "ref2/test/1tis_ref2",
      "true_positive_site_pair_count": 275170,
      "false_positive_site_pair_count": 93720,
      "true_site_pair_count": 423576,
      "precision": 0.7459405242755293,
      "recall": 0.649635484541145
    },
    {
      "name": "ref2/test/1dox_ref2",
      "true_positive_site_pair_count": 6352,
      "false_positive_site_pair_count": 5128,
      "true_site_pair_count": 18480,
      "precision": 0.5533101045296167,
      "recall": 0.3437229437229437
    },
    {
      "name": "ref2/test/1ycc_ref2",
      "true_positive_site_pair_count": 44182,
      "false_positive_site_pair_count": 16000,
      "true_site_pair_count": 90240,
      "precision": 0.7341397760127613,
      "recall": 0.4896054964539007
    },
    {
      "name": "ref2/test/1uky_ref2",
      "true_positive_site_pair_count": 114768,
      "false_positive_site_pair_count": 99106,
      "true_site_pair_count": 371700,
      "precision": 0.536615016318019,
      "recall": 0.30876513317191284
    },
    {
      "name": "ref2/test/1sesA_ref2",
      "true_positive_site_pair_count": 445040,
      "false_positive_site_pair_count": 587616,
      "true_site_pair_count": 816480,
      "precision": 0.4309663624672689,
      "recall": 0.5450715265530081
    }
  ]
}