{
  "path": "./data/bb3_release/RV20",
  "results": [
    {
      "name": "ref2/test/1aboA_ref2",
      "true_positive_site_pair_count": 578,
      "false_positive_site_pair_count": 8670,
      "true_site_pair_count": 6042,
      "precision": 0.0625,
      "recall": 0.09566368752068852
    },
    {
      "name": "ref2/test/1havA_ref2",
      "true_positive_site_pair_count": 65112,
      "false_positive_site_pair_count": 14776,
      "true_site_pair_count": 133120,
      "precision": 0.8150410574804726,
      "recall": 0.4891225961538462
    },
    {
      "name": "ref2/test/1wit_ref2",
      "true_positive_site_pair_count": 48892,
      "false_positive_site_pair_count": 4772,
      "true_site_pair_count": 120780,
      "precision": 0.9110763267740012,
      "recall": 0.4048021195562179
    },
    {
      "name": "ref2/test/1thm_ref2",
      "true_positive_site_pair_count": 36662,
      "false_positive_site_pair_count": 17496,
      "true_site_pair_count": 90944,
      "precision": 0.6769452343144133,
      "recall": 0.40312719915552425
    },
    {
      "name": "ref2/test/2trx_ref2",
      "true_positive_site_pair_count": 39058,
      "false_positive_site_pair_count": 7646,
      "true_site_pair_count": 147420,
      "precision": 0.8362881123672491,
      "recall": 0.2649436982770316
    },
    {
      "name": "ref2/test/1dlc_ref2",
      "true_positive_site_pair_count": 93558,
      "false_positive_site_pair_count": 41146,
      "true_site_pair_count": 239540,
      "precision": 0.6945450766124243,
      "recall": 0.3905735993988478
    },
    {
      "name": "ref2/test/kinase_ref2",
      "true_positive_site_pair_count": 153630,
      "false_positive_site_pair_count": 81216,
      "true_site_pair_count": 340656,
      "precision": 0.654173373189239,
      "recall": 0.4509828096378752
    },
    {
      "name": "ref2/test/1aab_ref2",
      "true_positive_site_pair_count": 1906,
      "false_positive_site_pair_count": 5628,
      "true_site_pair_count": 12000,
      "precision": 0.25298646137509956,
      "recall": 0.15883333333333333
    },
    {
      "name": "ref2/test/1eft_ref2",
      "true_positive_site_pair_count": 29360,
      "false_positive_site_pair_count": 9876,
      "true_site_pair_count": 74412,
      "precision": 0.7482923845448058,
      "recall": 0.3945600172015266
    },
    {
      "name": "ref2/test/451c_ref2",
      "true_positive_site_pair_count": 27008,
      "false_positive_site_pair_count": 2042,
      "true_site_pair_count": 60270,
      "precision": 0.9297074010327022,
      "recall": 0.4481168076986892
    },
    {
      "name": "ref2/test/1amk_ref2",
      "true_positive_site_pair_count": 153668,
      "false_positive_site_pair_count": 10886,
      "true_site_pair_count": 466650,
      "precision": 0.9338454246022583,
      "recall": 0.3293003321547198
    },
    {
      "name": "ref2/test/1daaA_ref2",
      "true_positive_site_pair_count": 38272,
      "false_positive_site_pair_count": 6412,
      "true_site_pair_count": 95816,
      "precision": 0.8565034464237758,
      "recall": 0.39943224513651165
    },
    {
      "name": "ref2/test/glg_ref2",
      "true_positive_site_pair_count": 793522,
      "false_positive_site_pair_count": 103748,
      "true_site_pair_count": 1616112,
      "precision": 0.8843737113689302,
      "recall": 0.49100681140911023
    },
    {
      "name": "ref2/test/1lci_ref2",
      "true_positive_site_pair_count": 338710,
      "false_positive_site_pair_count": 43354,
      "true_site_pair_count": 522720,
      "precision": 0.8865268646090707,
      "recall": 0.6479759718396082
    },
    {
      "name": "ref2/test/1ajsA_ref2",
      "true_positive_site_pair_count": 49980,
      "false_positive_site_pair_count": 20872,
      "true_site_pair_count": 163590,
      "precision": 0.7054141026364816,
      "recall": 0.3055198973042362
    },
    {
      "name": "ref2/test/1ubi_ref2",
      "true_positive_site_pair_count": 39352,
      "false_positive_site_pair_count": 4508,
      "true_site_pair_count": 69184,
      "precision": 0.8972184222526219,
      "recall": 0.5688020351526365
    },
    {
      "name": "ref2/test/1ped_ref2",
      "true_positive_site_pair_count": 83770,
      "false_positive_site_pair_count": 31114,
      "true_site_pair_count": 409944,
      "precision": 0.7291702935134571,
      "recall": 0.20434498370509144
    },
    {
      "name": "ref2/test/1idy_ref2",
      "true_positive_site_pair_count": 11596,
      "false_positive_site_pair_count": 305830,
      "true_site_pair_count": 33300,
      "precision": 0.036531349038831096,
      "recall": 0.34822822822822824
    },
    {
      "name": "ref2/test/1pgtA_ref2",
      "true_positive_site_pair_count": 19074,
      "false_positive_site_pair_count": 2558,
      "true_site_pair_count": 72540,
      "precision": 0.8817492603550295,
      "recall": 0.262944582299421
    },
    {
      "name": "ref2/test/1taq_ref2",
      "true_positive_site_pair_count": 47874,
      "false_positive_site_pair_count": 43206,
      "true_site_pair_count": 200384,
      "precision": 0.5256258234519104,
      "recall": 0.23891129032258066
    },
    {
      "name": "ref2/test/1ad3_ref2",
      "true_positive_site_pair_count": 475126,
      "false_positive_site_pair_count": 101754,
      "true_site_pair_count": 1193842,
      "precision": 0.8236132297878241,
      "recall": 0.3979806373037638
    },
    {
      "name": "ref2/test/1adj_ref2",
      "true_positive_site_pair_count": 321936,
      "false_positive_site_pair_count": 66042,
      "true_site_pair_count": 712800,
      "precision": 0.8297790080880875,
      "recall": 0.45164983164983163
    },
    {
      "name": "ref2/test/1gdoA_ref2",
      "true_positive_site_pair_count": 8948,
      "false_positive_site_pair_count": 10714,
      "true_site_pair_count": 65016,
      "precision": 0.4550910385515207,
      "recall": 0.13762766088347483
    },
    {
      "name": "ref2/test/1cpt_ref2",
      "true_positive_site_pair_count": 13562,
      "false_positive_site_pair_count": 6986,
      "true_site_pair_count": 76912,
      "precision": 0.6600155732918046,
      "recall": 0.17633139172040774
    },
    {
      "name": "ref2/test/1lvl_ref2",
      "true_positive_site_pair_count": 26680,
      "false_positive_site_pair_count": 10378,
      "true_site_pair_count": 69000,
      "precision": 0.7199525068811053,
      "recall": 0.38666666666666666
    },
    {
      "name": "ref2/test/2hsdA_ref2",
      "true_positive_site_pair_count": 53708,
      "false_positive_site_pair_count": 23688,
      "true_site_pair_count": 287448,
      "precision": 0.693937671197478,
      "recall": 0.18684422921711058
    },
    {
      "name": "ref2/test/2pia_ref2",
      "true_positive_site_pair_count": 21124,
      "false_positive_site_pair_count": 23536,
      "true_site_pair_count": 59500,
      "precision": 0.4729959695476937,
      "recall": 0.3550252100840336
    },
    {
      "name": "ref2/test/1kfj_ref2",
      "true_positive_site_pair_count": 14132,
      "false_positive_site_pair_count": 5178,
      "true_site_pair_count": 58968,
      "precision": 0.7318487830139824,
      "recall": 0.239655406322073
    },
    {
      "name": "ref2/test/1pamA_ref2",
      "true_positive_site_pair_count": 220484,
      "false_positive_site_pair_count": 54394,
      "true_site_pair_count": 361036,
      "precision": 0.8021158477579144,
      "recall": 0.6106981021283197
    },
    {
      "name": "ref2/test/1ldg_ref2",
      "true_positive_site_pair_count": 131020,
      "false_positive_site_pair_count": 16004,
      "true_site_pair_count": 396864,
      "precision": 0.891147023615192,
      "recall": 0.3301382841477181
    },
    {
      "name": "ref2/test/1tvxA_ref2",
      "true_positive_site_pair_count": 8444,
      "false_positive_site_pair_count": 1936,
      "true_site_pair_count": 23548,
      "precision": 0.8134874759152215,
      "recall": 0.3585867164939698
    },
    {
      "name": "ref2/test/1r69_ref2",
      "true_positive_site_pair_count": 18762,
      "false_positive_site_pair_count": 20146,
      "true_site_pair_count": 26970,
      "precision": 0.4822144546108769,
      "recall": 0.6956618464961067
    },
    {
      "name": "ref2/test/4enl_ref2",
      "true_positive_site_pair_count": 303410,
      "false_positive_site_pair_count": 100058,
      "true_site_pair_count": 564930,
      "precision": 0.7520051156473376,
      "recall": 0.5370753898713115
    },
    {
      "name": "ref2/test/3grs_ref2",
      "true_positive_site_pair_count": 62638,
      "false_positive_site_pair_count": 81020,
      "true_site_pair_count": 249600,
      "precision": 0.4360216625596904,
      "recall": 0.25095352564102563
    },
    {
      "name": "ref2/test/1csy_ref2",
      "true_positive_site_pair_count": 12686,
      "false_positive_site_pair_count": 55758,
      "true_site_pair_count": 67760,
      "precision": 0.18534860615978027,
      "recall": 0.18721959858323495
    },
    {
      "name": "ref2/test/1mrj_ref2",
      "true_positive_site_pair_count": 10574,
      "false_positive_site_pair_count": 1050,
      "true_site_pair_count": 33120,
      "precision": 0.9096696490020647,
      "recall": 0.3192632850241546
    },
    {
      "name": "ref2/test/1tis_ref2",
      "true_positive_site_pair_count": 258950,
      "false_positive_site_pair_count": 14326,
      "true_site_pair_count": 423576,
      "precision": 0.9475768087940397,
      "recall": 0.6113424745500218
    },
    {
      "name": "ref2/test/1dox_ref2",
      "true_positive_site_pair_count": 4564,
      "false_positive_site_pair_count": 788,
      "true_site_pair_count": 18480,
      "precision": 0.8527653213751868,
      "recall": 0.24696969696969698
    },
    {
      "name": "ref2/test/1ycc_ref2",
      "true_positive_site_pair_count": 41864,
      "false_positive_site_pair_count": 2030,
      "true_site_pair_count": 90240,
      "precision": 0.9537522212603089,
      "recall": 0.4639184397163121
    },
    {
      "name": "ref2/test/1uky_ref2",
      "true_positive_site_pair_count": 87936,
      "false_positive_site_pair_count": 12592,
      "true_site_pair_count": 371700,
      "precision": 0.8747413655896864,
      "recall": 0.23657788539144473
    },
    {
      "name": "ref2/test/1sesA_ref2",
      "true_positive_site_pair_count": 420052,
      "false_positive_site_pair_count": 82226,
      "true_site_pair_count": 816480,
      "precision": 0.8362938452410816,
      "recall": 0.514466980207721
    }
  ]
}