{
  "path": "./data/bb3_release/RV20",
  "results": [
    {
      "name": "ref2/test/1aboA_ref2",
      "true_positive_site_pair_count": 408,
      "false_positive_site_pair_count": 7388,
      "true_site_pair_count": 6042,
      "precision": 0.05233453052847614,
      "recall": 0.06752730883813307
    },
    {
      "name": "ref2/test/1havA_ref2",
      "true_positive_site_pair_count": 62300,
      "false_positive_site_pair_count": 15076,
      "true_site_pair_count": 133120,
      "precision": 0.8051592224979321,
      "recall": 0.4679987980769231
    },
    {
      "name": "ref2/test/1wit_ref2",
      "true_positive_site_pair_count": 46778,
      "false_positive_site_pair_count": 2942,
      "true_site_pair_count": 120780,
      "precision": 0.9408286403861625,
      "recall": 0.3872992217254512
    },
    {
      "name": "ref2/test/1thm_ref2",
      "true_positive_site_pair_count": 34792,
      "false_positive_site_pair_count": 13848,
      "true_site_pair_count": 90944,
      "precision": 0.7152960526315789,
      "recall": 0.38256509500351865
    },
    {
      "name": "ref2/test/2trx_ref2",
      "true_positive_site_pair_count": 34916,
      "false_positive_site_pair_count": 6908,
      "true_site_pair_count": 147420,
      "precision": 0.834831675592961,
      "recall": 0.23684710351377017
    },
    {
      "name": "ref2/test/1dlc_ref2",
      "true_positive_site_pair_count": 94424,
      "false_positive_site_pair_count": 37746,
      "true_site_pair_count": 239540,
      "precision": 0.7144132556555951,
      "recall": 0.39418886198547215
    },
    {
      "name": "ref2/test/kinase_ref2",
      "true_positive_site_pair_count": 148048,
      "false_positive_site_pair_count": 72474,
      "true_site_pair_count": 340656,
      "precision": 0.6713525181161063,
      "recall": 0.43459677798130664
    },
    {
      "name": "ref2/test/1aab_ref2",
      "true_positive_site_pair_count": 1924,
      "false_positive_site_pair_count": 4686,
      "true_site_pair_count": 12000,
      "precision": 0.29107413010590016,
      "recall": 0.16033333333333333
    },
    {
      "name": "ref2/test/1eft_ref2",
      "true_positive_site_pair_count": 29116,
      "false_positive_site_pair_count": 10680,
      "true_site_pair_count": 74412,
      "precision": 0.7316313197306262,
      "recall": 0.39128097618663654
    },
    {
      "name": "ref2/test/451c_ref2",
      "true_positive_site_pair_count": 23864,
      "false_positive_site_pair_count": 1366,
      "true_site_pair_count": 60270,
      "precision": 0.9458581054300436,
      "recall": 0.39595155135224824
    },
    {
      "name": "ref2/test/1amk_ref2",
      "true_positive_site_pair_count": 148454,
      "false_positive_site_pair_count": 10146,
      "true_site_pair_count": 466650,
      "precision": 0.9360277427490542,
      "recall": 0.3181270759669988
    },
    {
      "name": "ref2/test/1daaA_ref2",
      "true_positive_site_pair_count": 36494,
      "false_positive_site_pair_count": 5634,
      "true_site_pair_count": 95816,
      "precision": 0.8662647170527915,
      "recall": 0.38087584537029306
    },
    {
      "name": "ref2/test/glg_ref2",
      "true_positive_site_pair_count": 736704,
      "false_positive_site_pair_count": 86260,
      "true_site_pair_count": 1616112,
      "precision": 0.8951837504435188,
      "recall": 0.4558495945825537
    },
    {
      "name": "ref2/test/1lci_ref2",
      "true_positive_site_pair_count": 329690,
      "false_positive_site_pair_count": 29042,
      "true_site_pair_count": 522720,
      "precision": 0.9190426279227948,
      "recall": 0.6307200795837159
    },
    {
      "name": "ref2/test/1ajsA_ref2",
      "true_positive_site_pair_count": 47440,
      "false_positive_site_pair_count": 17462,
      "true_site_pair_count": 163590,
      "precision": 0.7309481988228406,
      "recall": 0.28999327587260837
    },
    {
      "name": "ref2/test/1ubi_ref2",
      "true_positive_site_pair_count": 37980,
      "false_positive_site_pair_count": 574,
      "true_site_pair_count": 69184,
      "precision": 0.9851117912538258,
      "recall": 0.5489708603145236
    },
    {
      "name": "ref2/test/1ped_ref2",
      "true_positive_site_pair_count": 80530,
      "false_positive_site_pair_count": 28418,
      "true_site_pair_count": 409944,
      "precision": 0.7391599662224181,
      "recall": 0.19644146517573133
    },
    {
      "name": "ref2/test/1idy_ref2",
      "true_positive_site_pair_count": 12774,
      "false_positive_site_pair_count": 275170,
      "true_site_pair_count": 33300,
      "precision": 0.04436279276525991,
      "recall": 0.3836036036036036
    },
    {
      "name": "ref2/test/1pgtA_ref2",
      "true_positive_site_pair_count": 17296,
      "false_positive_site_pair_count": 2364,
      "true_site_pair_count": 72540,
      "precision": 0.8797558494404883,
      "recall": 0.23843396746622553
    },
    {
      "name": "ref2/test/1taq_ref2",
      "true_positive_site_pair_count": 45996,
      "false_positive_site_pair_count": 38456,
      "true_site_pair_count": 200384,
      "precision": 0.5446407426703926,
      "recall": 0.22953928457361866
    },
    {
      "name": "ref2/test/1ad3_ref2",
      "true_positive_site_pair_count": 460236,
      "false_positive_site_pair_count": 96068,
      "true_site_pair_count": 1193842,
      "precision": 0.827310247634387,
      "recall": 0.38550830009331216
    },
    {
      "name": "ref2/test/1adj_ref2",
      "true_positive_site_pair_count": 314504,
      "false_positive_site_pair_count": 60626,
      "true_site_pair_count": 712800,
      "precision": 0.8383866926132274,
      "recall": 0.4412233445566779
    },
    {
      "name": "ref2/test/1gdoA_ref2",
      "true_positive_site_pair_count": 10936,
      "false_positive_site_pair_count": 10666,
      "true_site_pair_count": 65016,
      "precision": 0.506249421349875,
      "recall": 0.16820474960009843
    },
    {
      "name": "ref2/test/1cpt_ref2",
      "true_positive_site_pair_count": 12608,
      "false_positive_site_pair_count": 5550,
      "true_site_pair_count": 76912,
      "precision": 0.6943495979733451,
      "recall": 0.16392760557520283
    },
    {
      "name": "ref2/test/1lvl_ref2",
      "true_positive_site_pair_count": 25408,
      "false_positive_site_pair_count": 10250,
      "true_site_pair_count": 69000,
      "precision": 0.7125469740310729,
      "recall": 0.368231884057971
    },
    {
      "name": "ref2/test/2hsdA_ref2",
      "true_positive_site_pair_count": 50034,
      "false_positive_site_pair_count": 20694,
      "true_site_pair_count": 287448,
      "precision": 0.7074143196470988,
      "recall": 0.17406278700843283
    },
    {
      "name": "ref2/test/2pia_ref2",
      "true_positive_site_pair_count": 21148,
      "false_positive_site_pair_count": 22102,
      "true_site_pair_count": 59500,
      "precision": 0.48897109826589596,
      "recall": 0.3554285714285714
    },
    {
      "name": "ref2/test/1kfj_ref2",
      "true_positive_site_pair_count": 15232,
      "false_positive_site_pair_count": 5006,
      "true_site_pair_count": 58968,
      "precision": 0.7526435418519617,
      "recall": 0.258309591642925
    },
    {
      "name": "ref2/test/1pamA_ref2",
      "true_positive_site_pair_count": 221436,
      "false_positive_site_pair_count": 48586,
      "true_site_pair_count": 361036,
      "precision": 0.8200665130989326,
      "recall": 0.6133349582867083
    },
    {
      "name": "ref2/test/1ldg_ref2",
      "true_positive_site_pair_count": 123266,
      "false_positive_site_pair_count": 16830,
      "true_site_pair_count": 396864,
      "precision": 0.8798680904522613,
      "recall": 0.31060010482180295
    },
    {
      "name": "ref2/test/1tvxA_ref2",
      "true_positive_site_pair_count": 8446,
      "false_positive_site_pair_count": 1528,
      "true_site_pair_count": 23548,
      "precision": 0.8468016843793864,
      "recall": 0.3586716493969764
    },
    {
      "name": "ref2/test/1r69_ref2",
      "true_positive_site_pair_count": 19120,
      "false_positive_site_pair_count": 18864,
      "true_site_pair_count": 26970,
      "precision": 0.5033698399326032,
      "recall": 0.7089358546533185
    },
    {
      "name": "ref2/test/4enl_ref2",
      "true_positive_site_pair_count": 280058,
      "false_positive_site_pair_count": 81122,
      "true_site_pair_count": 564930,
      "precision": 0.7753973088210865,
      "recall": 0.4957392951339104
    },
    {
      "name": "ref2/test/3grs_ref2",
      "true_positive_site_pair_count": 65402,
      "false_positive_site_pair_count": 67446,
      "true_site_pair_count": 249600,
      "precision": 0.4923069974707937,
      "recall": 0.2620272435897436
    },
    {
      "name": "ref2/test/1csy_ref2",
      "true_positive_site_pair_count": 11020,
      "false_positive_site_pair_count": 49128,
      "true_site_pair_count": 67760,
      "precision": 0.1832147369821108,
      "recall": 0.1626328217237308
    },
    {
      "name": "ref2/test/1mrj_ref2",
      "true_positive_site_pair_count": 10008,
      "false_positive_site_pair_count": 1022,
      "true_site_pair_count": 33120,
      "precision": 0.9073436083408885,
      "recall": 0.30217391304347824
    },
    {
      "name": "ref2/test/1tis_ref2",
      "true_positive_site_pair_count": 252206,
      "false_positive_site_pair_count": 11620,
      "true_site_pair_count": 423576,
      "precision": 0.9559558193657941,
      "recall": 0.595420892590704
    },
    {
      "name": "ref2/test/1dox_ref2",
      "true_positive_site_pair_count": 3816,
      "false_positive_site_pair_count": 450,
      "true_site_pair_count": 18480,
      "precision": 0.8945147679324894,
      "recall": 0.2064935064935065
    },
    {
      "name": "ref2/test/1ycc_ref2",
      "true_positive_site_pair_count": 38664,
      "false_positive_site_pair_count": 1030,
      "true_site_pair_count": 90240,
      "precision": 0.9740514939285534,
      "recall": 0.4284574468085106
    },
    {
      "name": "ref2/test/1uky_ref2",
      "true_positive_site_pair_count": 87266,
      "false_positive_site_pair_count": 12706,
      "true_site_pair_count": 371700,
      "precision": 0.872904413235706,
      "recall": 0.23477535647027173
    },
    {
      "name": "ref2/test/1sesA_ref2",
      "true_positive_site_pair_count": 409950,
      "false_positive_site_pair_count": 71588,
      "true_site_pair_count": 816480,
      "precision": 0.8513346817904298,
      "recall": 0.502094356261023
    }
  ]
}