{
  "path": "./data/bb3_release/RV20",
  "results": [
    {
      "name": "ref2/test/1aboA_ref2",
      "true_positive_site_pair_count": 372,
      "false_positive_site_pair_count": 6676,
      "true_site_pair_count": 6042,
      "precision": 0.05278093076049943,
      "recall": 0.06156901688182721
    },
    {
      "name": "ref2/test/1havA_ref2",
      "true_positive_site_pair_count": 61674,
      "false_positive_site_pair_count": 15718,
      "true_site_pair_count": 133120,
      "precision": 0.7969040727723796,
      "recall": 0.4632962740384615
    },
    {
      "name": "ref2/test/1wit_ref2",
      "true_positive_site_pair_count": 45334,
      "false_positive_site_pair_count": 3038,
      "true_site_pair_count": 120780,
      "precision": 0.9371950715289837,
      "recall": 0.37534359993376387
    },
    {
      "name": "ref2/test/1thm_ref2",
      "true_positive_site_pair_count": 35806,
      "false_positive_site_pair_count": 13136,
      "true_site_pair_count": 90944,
      "precision": 0.7316006701810306,
      "recall": 0.3937148135116115
    },
    {
      "name": "ref2/test/2trx_ref2",
      "true_positive_site_pair_count": 33672,
      "false_positive_site_pair_count": 6294,
      "true_site_pair_count": 147420,
      "precision": 0.8425161387179102,
      "recall": 0.2284086284086284
    },
    {
      "name": "ref2/test/1dlc_ref2",
      "true_positive_site_pair_count": 90352,
      "false_positive_site_pair_count": 32242,
      "true_site_pair_count": 239540,
      "precision": 0.7370018108553437,
      "recall": 0.37718961342573265
    },
    {
      "name": "ref2/test/kinase_ref2",
      "true_positive_site_pair_count": 147610,
      "false_positive_site_pair_count": 70278,
      "true_site_pair_count": 340656,
      "precision": 0.6774581436334264,
      "recall": 0.43331102343713307
    },
    {
      "name": "ref2/test/1aab_ref2",
      "true_positive_site_pair_count": 1864,
      "false_positive_site_pair_count": 4824,
      "true_site_pair_count": 12000,
      "precision": 0.27870813397129185,
      "recall": 0.15533333333333332
    },
    {
      "name": "ref2/test/1eft_ref2",
      "true_positive_site_pair_count": 29032,
      "false_positive_site_pair_count": 9844,
      "true_site_pair_count": 74412,
      "precision": 0.7467846486264019,
      "recall": 0.3901521260011826
    },
    {
      "name": "ref2/test/451c_ref2",
      "true_positive_site_pair_count": 22512,
      "false_positive_site_pair_count": 1232,
      "true_site_pair_count": 60270,
      "precision": 0.9481132075471698,
      "recall": 0.3735191637630662
    },
    {
      "name": "ref2/test/1amk_ref2",
      "true_positive_site_pair_count": 151080,
      "false_positive_site_pair_count": 8546,
      "true_site_pair_count": 466650,
      "precision": 0.946462355756581,
      "recall": 0.3237544198007072
    },
    {
      "name": "ref2/test/1daaA_ref2",
      "true_positive_site_pair_count": 35420,
      "false_positive_site_pair_count": 4682,
      "true_site_pair_count": 95816,
      "precision": 0.8832477183182884,
      "recall": 0.369666861484512
    },
    {
      "name": "ref2/test/glg_ref2",
      "true_positive_site_pair_count": 711860,
      "false_positive_site_pair_count": 79648,
      "true_site_pair_count": 1616112,
      "precision": 0.8993718319966444,
      "recall": 0.4404768976407576
    },
    {
      "name": "ref2/test/1lci_ref2",
      "true_positive_site_pair_count": 315820,
      "false_positive_site_pair_count": 27636,
      "true_site_pair_count": 522720,
      "precision": 0.9195355445821298,
      "recall": 0.6041857973676156
    },
    {
      "name": "ref2/test/1ajsA_ref2",
      "true_positive_site_pair_count": 44328,
      "false_positive_site_pair_count": 16260,
      "true_site_pair_count": 163590,
      "precision": 0.7316300257476728,
      "recall": 0.2709701081973226
    },
    {
      "name": "ref2/test/1ubi_ref2",
      "true_positive_site_pair_count": 38506,
      "false_positive_site_pair_count": 1744,
      "true_site_pair_count": 69184,
      "precision": 0.9566708074534161,
      "recall": 0.5565737742830712
    },
    {
      "name": "ref2/test/1ped_ref2",
      "true_positive_site_pair_count": 78486,
      "false_positive_site_pair_count": 25926,
      "true_site_pair_count": 409944,
      "precision": 0.7516952074474198,
      "recall": 0.19145541830103624
    },
    {
      "name": "ref2/test/1idy_ref2",
      "true_positive_site_pair_count": 11676,
      "false_positive_site_pair_count": 247264,
      "true_site_pair_count": 33300,
      "precision": 0.04509152699467058,
      "recall": 0.35063063063063066
    },
    {
      "name": "ref2/test/1pgtA_ref2",
      "true_positive_site_pair_count": 17678,
      "false_positive_site_pair_count": 1990,
      "true_site_pair_count": 72540,
      "precision": 0.8988204189546471,
      "recall": 0.24370002757099532
    },
    {
      "name": "ref2/test/1taq_ref2",
      "true_positive_site_pair_count": 43888,
      "false_positive_site_pair_count": 33934,
      "true_site_pair_count": 200384,
      "precision": 0.5639536377888,
      "recall": 0.21901948259342063
    },
    {
      "name": "ref2/test/1ad3_ref2",
      "true_positive_site_pair_count": 424350,
      "false_positive_site_pair_count": 86430,
      "true_site_pair_count": 1193842,
      "precision": 0.8307882062727593,
      "recall": 0.3554490460211653
    },
    {
      "name": "ref2/test/1adj_ref2",
      "true_positive_site_pair_count": 307906,
      "false_positive_site_pair_count": 58478,
      "true_site_pair_count": 712800,
      "precision": 0.8403915018123063,
      "recall": 0.4319668911335578
    },
    {
      "name": "ref2/test/1gdoA_ref2",
      "true_positive_site_pair_count": 11144,
      "false_positive_site_pair_count": 10152,
      "true_site_pair_count": 65016,
      "precision": 0.523290758827949,
      "recall": 0.17140396210163653
    },
    {
      "name": "ref2/test/1cpt_ref2",
      "true_positive_site_pair_count": 11756,
      "false_positive_site_pair_count": 5402,
      "true_site_pair_count": 76912,
      "precision": 0.6851614407273575,
      "recall": 0.15285001040149782
    },
    {
      "name": "ref2/test/1lvl_ref2",
      "true_positive_site_pair_count": 25422,
      "false_positive_site_pair_count": 10906,
      "true_site_pair_count": 69000,
      "precision": 0.6997907949790795,
      "recall": 0.36843478260869567
    },
    {
      "name": "ref2/test/2hsdA_ref2",
      "true_positive_site_pair_count": 50410,
      "false_positive_site_pair_count": 19850,
      "true_site_pair_count": 287448,
      "precision": 0.7174779390834045,
      "recall": 0.1753708496841168
    },
    {
      "name": "ref2/test/2pia_ref2",
      "true_positive_site_pair_count": 20068,
      "false_positive_site_pair_count": 22046,
      "true_site_pair_count": 59500,
      "precision": 0.4765161229044973,
      "recall": 0.33727731092436974
    },
    {
      "name": "ref2/test/1kfj_ref2",
      "true_positive_site_pair_count": 12154,
      "false_positive_site_pair_count": 4938,
      "true_site_pair_count": 58968,
      "precision": 0.7110929089632577,
      "recall": 0.2061117894451228
    },
    {
      "name": "ref2/test/1pamA_ref2",
      "true_positive_site_pair_count": 217016,
      "false_positive_site_pair_count": 43768,
      "true_site_pair_count": 361036,
      "precision": 0.8321676176452543,
      "recall": 0.6010924118370468
    },
    {
      "name": "ref2/test/1ldg_ref2",
      "true_positive_site_pair_count": 127284,
      "false_positive_site_pair_count": 12536,
      "true_site_pair_count": 396864,
      "precision": 0.9103418681161494,
      "recall": 0.3207244799225931
    },
    {
      "name": "ref2/test/1tvxA_ref2",
      "true_positive_site_pair_count": 7686,
      "false_positive_site_pair_count": 1248,
      "true_site_pair_count": 23548,
      "precision": 0.8603089321692411,
      "recall": 0.326397146254459
    },
    {
      "name": "ref2/test/1r69_ref2",
      "true_positive_site_pair_count": 19812,
      "false_positive_site_pair_count": 19398,
      "true_site_pair_count": 26970,
      "precision": 0.5052792654934966,
      "recall": 0.7345939933259177
    },
    {
      "name": "ref2/test/4enl_ref2",
      "true_positive_site_pair_count": 266938,
      "false_positive_site_pair_count": 76158,
      "true_site_pair_count": 564930,
      "precision": 0.7780271410917061,
      "recall": 0.4725151788717186
    },
    {
      "name": "ref2/test/3grs_ref2",
      "true_positive_site_pair_count": 69892,
      "false_positive_site_pair_count": 69670,
      "true_site_pair_count": 249600,
      "precision": 0.5007953454378699,
      "recall": 0.2800160256410256
    },
    {
      "name": "ref2/test/1csy_ref2",
      "true_positive_site_pair_count": 10950,
      "false_positive_site_pair_count": 45040,
      "true_site_pair_count": 67760,
      "precision": 0.19557063761385962,
      "recall": 0.16159976387249114
    },
    {
      "name": "ref2/test/1mrj_ref2",
      "true_positive_site_pair_count": 9594,
      "false_positive_site_pair_count": 1122,
      "true_site_pair_count": 33120,
      "precision": 0.8952967525195968,
      "recall": 0.2896739130434783
    },
    {
      "name": "ref2/test/1tis_ref2",
      "true_positive_site_pair_count": 249924,
      "false_positive_site_pair_count": 11462,
      "true_site_pair_count": 423576,
      "precision": 0.9561491434124245,
      "recall": 0.5900334296560712
    },
    {
      "name": "ref2/test/1dox_ref2",
      "true_positive_site_pair_count": 4136,
      "false_positive_site_pair_count": 412,
      "true_site_pair_count": 18480,
      "precision": 0.909410729991205,
      "recall": 0.22380952380952382
    },
    {
      "name": "ref2/test/1ycc_ref2",
      "true_positive_site_pair_count": 34908,
      "false_positive_site_pair_count": 1234,
      "true_site_pair_count": 90240,
      "precision": 0.9658568977920425,
      "recall": 0.38683510638297874
    },
    {
      "name": "ref2/test/1uky_ref2",
      "true_positive_site_pair_count": 79748,
      "false_positive_site_pair_count": 11046,
      "true_site_pair_count": 371700,
      "precision": 0.8783399784126704,
      "recall": 0.21454936776970676
    },
    {
      "name": "ref2/test/1sesA_ref2",
      "true_positive_site_pair_count": 378774,
      "false_positive_site_pair_count": 69804,
      "true_site_pair_count": 816480,
      "precision": 0.8443882669234782,
      "recall": 0.4639109347442681
    }
  ]
}