{
  "path": "./data/bb3_release/RV20",
  "results": [
    {
      "name": "ref2/test/1aboA_ref2",
      "true_positive_site_pair_count": 406,
      "false_positive_site_pair_count": 5506,
      "true_site_pair_count": 6042,
      "precision": 0.06867388362652233,
      "recall": 0.0671962926183383
    },
    {
      "name": "ref2/test/1havA_ref2",
      "true_positive_site_pair_count": 55162,
      "false_positive_site_pair_count": 12076,
      "true_site_pair_count": 133120,
      "precision": 0.8203991790356644,
      "recall": 0.4143780048076923
    },
    {
      "name": "ref2/test/1wit_ref2",
      "true_positive_site_pair_count": 40680,
      "false_positive_site_pair_count": 3082,
      "true_site_pair_count": 120780,
      "precision": 0.9295736026689823,
      "recall": 0.33681073025335323
    },
    {
      "name": "ref2/test/1thm_ref2",
      "true_positive_site_pair_count": 31812,
      "false_positive_site_pair_count": 10678,
      "true_site_pair_count": 90944,
      "precision": 0.7486938103083078,
      "recall": 0.34979767769176634
    },
    {
      "name": "ref2/test/2trx_ref2",
      "true_positive_site_pair_count": 30310,
      "false_positive_site_pair_count": 5998,
      "true_site_pair_count": 147420,
      "precision": 0.834802247438581,
      "recall": 0.20560303893637227
    },
    {
      "name": "ref2/test/1dlc_ref2",
      "true_positive_site_pair_count": 86684,
      "false_positive_site_pair_count": 31784,
      "true_site_pair_count": 239540,
      "precision": 0.7317081405949286,
      "recall": 0.3618769307840027
    },
    {
      "name": "ref2/test/kinase_ref2",
      "true_positive_site_pair_count": 137582,
      "false_positive_site_pair_count": 56808,
      "true_site_pair_count": 340656,
      "precision": 0.7077627449971706,
      "recall": 0.4038737025034052
    },
    {
      "name": "ref2/test/1aab_ref2",
      "true_positive_site_pair_count": 1666,
      "false_positive_site_pair_count": 4270,
      "true_site_pair_count": 12000,
      "precision": 0.2806603773584906,
      "recall": 0.13883333333333334
    },
    {
      "name": "ref2/test/1eft_ref2",
      "true_positive_site_pair_count": 27094,
      "false_positive_site_pair_count": 7830,
      "true_site_pair_count": 74412,
      "precision": 0.7757988775627076,
      "recall": 0.3641079395796377
    },
    {
      "name": "ref2/test/451c_ref2",
      "true_positive_site_pair_count": 21438,
      "false_positive_site_pair_count": 1242,
      "true_site_pair_count": 60270,
      "precision": 0.9452380952380952,
      "recall": 0.35569935291189647
    },
    {
      "name": "ref2/test/1amk_ref2",
      "true_positive_site_pair_count": 153306,
      "false_positive_site_pair_count": 8128,
      "true_site_pair_count": 466650,
      "precision": 0.9496512506659068,
      "recall": 0.3285245901639344
    },
    {
      "name": "ref2/test/1daaA_ref2",
      "true_positive_site_pair_count": 32078,
      "false_positive_site_pair_count": 3362,
      "true_site_pair_count": 95816,
      "precision": 0.9051354401805869,
      "recall": 0.3347875093930033
    },
    {
      "name": "ref2/test/glg_ref2",
      "true_positive_site_pair_count": 658496,
      "false_positive_site_pair_count": 72400,
      "true_site_pair_count": 1616112,
      "precision": 0.900943499485563,
      "recall": 0.40745690892710407
    },
    {
      "name": "ref2/test/1lci_ref2",
      "true_positive_site_pair_count": 293454,
      "false_positive_site_pair_count": 22206,
      "true_site_pair_count": 522720,
      "precision": 0.9296521573845277,
      "recall": 0.5613980716253444
    },
    {
      "name": "ref2/test/1ajsA_ref2",
      "true_positive_site_pair_count": 40948,
      "false_positive_site_pair_count": 12894,
      "true_site_pair_count": 163590,
      "precision": 0.7605215259462873,
      "recall": 0.2503086985757076
    },
    {
      "name": "ref2/test/1ubi_ref2",
      "true_positive_site_pair_count": 34184,
      "false_positive_site_pair_count": 702,
      "true_site_pair_count": 69184,
      "precision": 0.9798773146821075,
      "recall": 0.4941026827012026
    },
    {
      "name": "ref2/test/1ped_ref2",
      "true_positive_site_pair_count": 69068,
      "false_positive_site_pair_count": 20680,
      "true_site_pair_count": 409944,
      "precision": 0.7695770379284218,
      "recall": 0.16848154869933454
    },
    {
      "name": "ref2/test/1idy_ref2",
      "true_positive_site_pair_count": 8028,
      "false_positive_site_pair_count": 198440,
      "true_site_pair_count": 33300,
      "precision": 0.03888253869849081,
      "recall": 0.2410810810810811
    },
    {
      "name": "ref2/test/1pgtA_ref2",
      "true_positive_site_pair_count": 16588,
      "false_positive_site_pair_count": 1916,
      "true_site_pair_count": 72540,
      "precision": 0.8964548205793342,
      "recall": 0.22867383512544803
    },
    {
      "name": "ref2/test/1taq_ref2",
      "true_positive_site_pair_count": 40118,
      "false_positive_site_pair_count": 30868,
      "true_site_pair_count": 200384,
      "precision": 0.5651536922773505,
      "recall": 0.20020560523794315
    },
    {
      "name": "ref2/test/1ad3_ref2",
      "true_positive_site_pair_count": 373726,
      "false_positive_site_pair_count": 69104,
      "true_site_pair_count": 1193842,
      "precision": 0.8439491452701939,
      "recall": 0.31304477476919057
    },
    {
      "name": "ref2/test/1adj_ref2",
      "true_positive_site_pair_count": 281518,
      "false_positive_site_pair_count": 46352,
      "true_site_pair_count": 712800,
      "precision": 0.8586268948058682,
      "recall": 0.3949466891133558
    },
    {
      "name": "ref2/test/1gdoA_ref2",
      "true_positive_site_pair_count": 11220,
      "false_positive_site_pair_count": 7846,
      "true_site_pair_count": 65016,
      "precision": 0.5884821147592573,
      "recall": 0.17257290513104467
    },
    {
      "name": "ref2/test/1cpt_ref2",
      "true_positive_site_pair_count": 10804,
      "false_positive_site_pair_count": 4132,
      "true_site_pair_count": 76912,
      "precision": 0.7233529726834493,
      "recall": 0.14047222800083212
    },
    {
      "name": "ref2/test/1lvl_ref2",
      "true_positive_site_pair_count": 22880,
      "false_positive_site_pair_count": 8218,
      "true_site_pair_count": 69000,
      "precision": 0.735738632709499,
      "recall": 0.33159420289855074
    },
    {
      "name": "ref2/test/2hsdA_ref2",
      "true_positive_site_pair_count": 43596,
      "false_positive_site_pair_count": 14594,
      "true_site_pair_count": 287448,
      "precision": 0.7492008936243341,
      "recall": 0.1516656925774401
    },
    {
      "name": "ref2/test/2pia_ref2",
      "true_positive_site_pair_count": 19270,
      "false_positive_site_pair_count": 18220,
      "true_site_pair_count": 59500,
      "precision": 0.5140037343291545,
      "recall": 0.3238655462184874
    },
    {
      "name": "ref2/test/1kfj_ref2",
      "true_positive_site_pair_count": 11440,
      "false_positive_site_pair_count": 4540,
      "true_site_pair_count": 58968,
      "precision": 0.7158948685857321,
      "recall": 0.19400352733686066
    },
    {
      "name": "ref2/test/1pamA_ref2",
      "true_positive_site_pair_count": 201336,
      "false_positive_site_pair_count": 33712,
      "true_site_pair_count": 361036,
      "precision": 0.8565739763792928,
      "recall": 0.557661839816528
    },
    {
      "name": "ref2/test/1ldg_ref2",
      "true_positive_site_pair_count": 106742,
      "false_positive_site_pair_count": 11914,
      "true_site_pair_count": 396864,
      "precision": 0.8995920981661273,
      "recall": 0.2689636752136752
    },
    {
      "name": "ref2/test/1tvxA_ref2",
      "true_positive_site_pair_count": 5928,
      "false_positive_site_pair_count": 1552,
      "true_site_pair_count": 23548,
      "precision": 0.7925133689839572,
      "recall": 0.2517411245116358
    },
    {
      "name": "ref2/test/1r69_ref2",
      "true_positive_site_pair_count": 20176,
      "false_positive_site_pair_count": 16182,
      "true_site_pair_count": 26970,
      "precision": 0.5549260135320975,
      "recall": 0.7480904708935855
    },
    {
      "name": "ref2/test/4enl_ref2",
      "true_positive_site_pair_count": 246530,
      "false_positive_site_pair_count": 68828,
      "true_site_pair_count": 564930,
      "precision": 0.7817464595792718,
      "recall": 0.43639034924680936
    },
    {
      "name": "ref2/test/3grs_ref2",
      "true_positive_site_pair_count": 62394,
      "false_positive_site_pair_count": 64176,
      "true_site_pair_count": 249600,
      "precision": 0.49296041716046457,
      "recall": 0.24997596153846155
    },
    {
      "name": "ref2/test/1csy_ref2",
      "true_positive_site_pair_count": 11656,
      "false_positive_site_pair_count": 37088,
      "true_site_pair_count": 67760,
      "precision": 0.23912686689643853,
      "recall": 0.17201889020070837
    },
    {
      "name": "ref2/test/1mrj_ref2",
      "true_positive_site_pair_count": 9256,
      "false_positive_site_pair_count": 760,
      "true_site_pair_count": 33120,
      "precision": 0.9241214057507987,
      "recall": 0.27946859903381643
    },
    {
      "name": "ref2/test/1tis_ref2",
      "true_positive_site_pair_count": 235470,
      "false_positive_site_pair_count": 8394,
      "true_site_pair_count": 423576,
      "precision": 0.9655791752780238,
      "recall": 0.5559096832681738
    },
    {
      "name": "ref2/test/1dox_ref2",
      "true_positive_site_pair_count": 3772,
      "false_positive_site_pair_count": 342,
      "true_site_pair_count": 18480,
      "precision": 0.9168692270296548,
      "recall": 0.2041125541125541
    },
    {
      "name": "ref2/test/1ycc_ref2",
      "true_positive_site_pair_count": 34398,
      "false_positive_site_pair_count": 1728,
      "true_site_pair_count": 90240,
      "precision": 0.9521674140508222,
      "recall": 0.38118351063829786
    },
    {
      "name": "ref2/test/1uky_ref2",
      "true_positive_site_pair_count": 76862,
      "false_positive_site_pair_count": 9830,
      "true_site_pair_count": 371700,
      "precision": 0.8866100678263277,
      "recall": 0.20678504170029594
    },
    {
      "name": "ref2/test/1sesA_ref2",
      "true_positive_site_pair_count": 348428,
      "false_positive_site_pair_count": 52100,
      "true_site_pair_count": 816480,
      "precision": 0.8699217033515759,
      "recall": 0.4267440721144425
    }
  ]
}