{
  "path": "./data/bb3_release/RV20",
  "results": [
    {
      "name": "ref2/test/1aboA_ref2",
      "true_positive_site_pair_count": 562,
      "false_positive_site_pair_count": 8420,
      "true_site_pair_count": 6042,
      "precision": 0.06256958361166778,
      "recall": 0.09301555776233035
    },
    {
      "name": "ref2/test/1havA_ref2",
      "true_positive_site_pair_count": 67294,
      "false_positive_site_pair_count": 18296,
      "true_site_pair_count": 133120,
      "precision": 0.7862367098960159,
      "recall": 0.5055138221153846
    },
    {
      "name": "ref2/test/1wit_ref2",
      "true_positive_site_pair_count": 46260,
      "false_positive_site_pair_count": 6050,
      "true_site_pair_count": 120780,
      "precision": 0.8843433377939208,
      "recall": 0.3830104321907601
    },
    {
      "name": "ref2/test/1thm_ref2",
      "true_positive_site_pair_count": 36596,
      "false_positive_site_pair_count": 17822,
      "true_site_pair_count": 90944,
      "precision": 0.6724980704913815,
      "recall": 0.4024014778325123
    },
    {
      "name": "ref2/test/2trx_ref2",
      "true_positive_site_pair_count": 40114,
      "false_positive_site_pair_count": 8258,
      "true_site_pair_count": 147420,
      "precision": 0.8292814024642355,
      "recall": 0.2721069054402388
    },
    {
      "name": "ref2/test/1dlc_ref2",
      "true_positive_site_pair_count": 97402,
      "false_positive_site_pair_count": 49718,
      "true_site_pair_count": 239540,
      "precision": 0.662058183795541,
      "recall": 0.4066210236286215
    },
    {
      "name": "ref2/test/kinase_ref2",
      "true_positive_site_pair_count": 161968,
      "false_positive_site_pair_count": 91112,
      "true_site_pair_count": 340656,
      "precision": 0.6399873557768294,
      "recall": 0.4754591141797003
    },
    {
      "name": "ref2/test/1aab_ref2",
      "true_positive_site_pair_count": 2044,
      "false_positive_site_pair_count": 5466,
      "true_site_pair_count": 12000,
      "precision": 0.2721704394141145,
      "recall": 0.17033333333333334
    },
    {
      "name": "ref2/test/1eft_ref2",
      "true_positive_site_pair_count": 29986,
      "false_positive_site_pair_count": 13108,
      "true_site_pair_count": 74412,
      "precision": 0.6958277254374159,
      "recall": 0.40297263882169543
    },
    {
      "name": "ref2/test/451c_ref2",
      "true_positive_site_pair_count": 27556,
      "false_positive_site_pair_count": 1142,
      "true_site_pair_count": 60270,
      "precision": 0.9602062861523452,
      "recall": 0.457209225153476
    },
    {
      "name": "ref2/test/1amk_ref2",
      "true_positive_site_pair_count": 169578,
      "false_positive_site_pair_count": 13058,
      "true_site_pair_count": 466650,
      "precision": 0.9285025953262227,
      "recall": 0.3633944069431051
    },
    {
      "name": "ref2/test/1daaA_ref2",
      "true_positive_site_pair_count": 42430,
      "false_positive_site_pair_count": 5400,
      "true_site_pair_count": 95816,
      "precision": 0.8871001463516621,
      "recall": 0.44282792018034567
    },
    {
      "name": "ref2/test/glg_ref2",
      "true_positive_site_pair_count": 810306,
      "false_positive_site_pair_count": 114424,
      "true_site_pair_count": 1616112,
      "precision": 0.8762622603354493,
      "recall": 0.5013922302414684
    },
    {
      "name": "ref2/test/1lci_ref2",
      "true_positive_site_pair_count": 354014,
      "false_positive_site_pair_count": 43300,
      "true_site_pair_count": 522720,
      "precision": 0.8910181871265548,
      "recall": 0.6772535965717784
    },
    {
      "name": "ref2/test/1ajsA_ref2",
      "true_positive_site_pair_count": 51688,
      "false_positive_site_pair_count": 20754,
      "true_site_pair_count": 163590,
      "precision": 0.7135087380249027,
      "recall": 0.3159606332905434
    },
    {
      "name": "ref2/test/1ubi_ref2",
      "true_positive_site_pair_count": 40442,
      "false_positive_site_pair_count": 1558,
      "true_site_pair_count": 69184,
      "precision": 0.9629047619047619,
      "recall": 0.5845571230342276
    },
    {
      "name": "ref2/test/1ped_ref2",
      "true_positive_site_pair_count": 89218,
      "false_positive_site_pair_count": 33768,
      "true_site_pair_count": 409944,
      "precision": 0.7254321630104239,
      "recall": 0.2176346037507562
    },
    {
      "name": "ref2/test/1idy_ref2",
      "true_positive_site_pair_count": 11518,
      "false_positive_site_pair_count": 330522,
      "true_site_pair_count": 33300,
      "precision": 0.03367442404397147,
      "recall": 0.34588588588588587
    },
    {
      "name": "ref2/test/1pgtA_ref2",
      "true_positive_site_pair_count": 19056,
      "false_positive_site_pair_count": 1904,
      "true_site_pair_count": 72540,
      "precision": 0.9091603053435114,
      "recall": 0.26269644334160464
    },
    {
      "name": "ref2/test/1taq_ref2",
      "true_positive_site_pair_count": 47192,
      "false_positive_site_pair_count": 46560,
      "true_site_pair_count": 200384,
      "precision": 0.503370594760645,
      "recall": 0.235507824976046
    },
    {
      "name": "ref2/test/1ad3_ref2",
      "true_positive_site_pair_count": 512256,
      "false_positive_site_pair_count": 110244,
      "true_site_pair_count": 1193842,
      "precision": 0.8229012048192771,
      "recall": 0.429081905310753
    },
    {
      "name": "ref2/test/1adj_ref2",
      "true_positive_site_pair_count": 335078,
      "false_positive_site_pair_count": 72796,
      "true_site_pair_count": 712800,
      "precision": 0.8215233135723287,
      "recall": 0.47008698092031426
    },
    {
      "name": "ref2/test/1gdoA_ref2",
      "true_positive_site_pair_count": 9394,
      "false_positive_site_pair_count": 12682,
      "true_site_pair_count": 65016,
      "precision": 0.42552998731654285,
      "recall": 0.14448751076658053
    },
    {
      "name": "ref2/test/1cpt_ref2",
      "true_positive_site_pair_count": 13736,
      "false_positive_site_pair_count": 7336,
      "true_site_pair_count": 76912,
      "precision": 0.6518602885345482,
      "recall": 0.17859371749531933
    },
    {
      "name": "ref2/test/1lvl_ref2",
      "true_positive_site_pair_count": 28738,
      "false_positive_site_pair_count": 12138,
      "true_site_pair_count": 69000,
      "precision": 0.7030531363147079,
      "recall": 0.4164927536231884
    },
    {
      "name": "ref2/test/2hsdA_ref2",
      "true_positive_site_pair_count": 53394,
      "false_positive_site_pair_count": 26310,
      "true_site_pair_count": 287448,
      "precision": 0.6699036434808793,
      "recall": 0.18575185772731068
    },
    {
      "name": "ref2/test/2pia_ref2",
      "true_positive_site_pair_count": 21082,
      "false_positive_site_pair_count": 26292,
      "true_site_pair_count": 59500,
      "precision": 0.445012031916241,
      "recall": 0.3543193277310924
    },
    {
      "name": "ref2/test/1kfj_ref2",
      "true_positive_site_pair_count": 14984,
      "false_positive_site_pair_count": 5894,
      "true_site_pair_count": 58968,
      "precision": 0.7176932656384711,
      "recall": 0.2541039207705874
    },
    {
      "name": "ref2/test/1pamA_ref2",
      "true_positive_site_pair_count": 232194,
      "false_positive_site_pair_count": 57856,
      "true_site_pair_count": 361036,
      "precision": 0.8005309429408722,
      "recall": 0.6431325407992555
    },
    {
      "name": "ref2/test/1ldg_ref2",
      "true_positive_site_pair_count": 135684,
      "false_positive_site_pair_count": 19486,
      "true_site_pair_count": 396864,
      "precision": 0.8744216021138107,
      "recall": 0.3418904208998549
    },
    {
      "name": "ref2/test/1tvxA_ref2",
      "true_positive_site_pair_count": 8580,
      "false_positive_site_pair_count": 1802,
      "true_site_pair_count": 23548,
      "precision": 0.826430360238875,
      "recall": 0.36436215389842025
    },
    {
      "name": "ref2/test/1r69_ref2",
      "true_positive_site_pair_count": 18390,
      "false_positive_site_pair_count": 22002,
      "true_site_pair_count": 26970,
      "precision": 0.4552881758764112,
      "recall": 0.681868743047831
    },
    {
      "name": "ref2/test/4enl_ref2",
      "true_positive_site_pair_count": 313990,
      "false_positive_site_pair_count": 112382,
      "true_site_pair_count": 564930,
      "precision": 0.736422654395692,
      "recall": 0.555803373869329
    },
    {
      "name": "ref2/test/3grs_ref2",
      "true_positive_site_pair_count": 66732,
      "false_positive_site_pair_count": 87234,
      "true_site_pair_count": 249600,
      "precision": 0.43342036553524804,
      "recall": 0.26735576923076926
    },
    {
      "name": "ref2/test/1csy_ref2",
      "true_positive_site_pair_count": 15164,
      "false_positive_site_pair_count": 57336,
      "true_site_pair_count": 67760,
      "precision": 0.20915862068965518,
      "recall": 0.22378984651711925
    },
    {
      "name": "ref2/test/1mrj_ref2",
      "true_positive_site_pair_count": 10896,
      "false_positive_site_pair_count": 1392,
      "true_site_pair_count": 33120,
      "precision": 0.88671875,
      "recall": 0.3289855072463768
    },
    {
      "name": "ref2/test/1tis_ref2",
      "true_positive_site_pair_count": 258456,
      "false_positive_site_pair_count": 15110,
      "true_site_pair_count": 423576,
      "precision": 0.944766528004211,
      "recall": 0.6101762139497988
    },
    {
      "name": "ref2/test/1dox_ref2",
      "true_positive_site_pair_count": 4458,
      "false_positive_site_pair_count": 808,
      "true_site_pair_count": 18480,
      "precision": 0.8465628560577289,
      "recall": 0.24123376623376624
    },
    {
      "name": "ref2/test/1ycc_ref2",
      "true_positive_site_pair_count": 41986,
      "false_positive_site_pair_count": 1376,
      "true_site_pair_count": 90240,
      "precision": 0.9682671463493381,
      "recall": 0.46527039007092197
    },
    {
      "name": "ref2/test/1uky_ref2",
      "true_positive_site_pair_count": 85572,
      "false_positive_site_pair_count": 14162,
      "true_site_pair_count": 371700,
      "precision": 0.8580022860809754,
      "recall": 0.23021791767554478
    },
    {
      "name": "ref2/test/1sesA_ref2",
      "true_positive_site_pair_count": 444486,
      "false_positive_site_pair_count": 88600,
      "true_site_pair_count": 816480,
      "precision": 0.8337979237871563,
      "recall": 0.5443930041152263
    }
  ]
}