{
  "path": "./data/bb3_release/RV20",
  "results": [
    {
      "name": "ref2/test/1aboA_ref2",
      "true_positive_site_pair_count": 588,
      "false_positive_site_pair_count": 9548,
      "true_site_pair_count": 6042,
      "precision": 0.058011049723756904,
      "recall": 0.09731876861966236
    },
    {
      "name": "ref2/test/1havA_ref2",
      "true_positive_site_pair_count": 71702,
      "false_positive_site_pair_count": 22952,
      "true_site_pair_count": 133120,
      "precision": 0.75751685084624,
      "recall": 0.5386268028846154
    },
    {
      "name": "ref2/test/1wit_ref2",
      "true_positive_site_pair_count": 51546,
      "false_positive_site_pair_count": 4538,
      "true_site_pair_count": 120780,
      "precision": 0.919085657228443,
      "recall": 0.426775956284153
    },
    {
      "name": "ref2/test/1thm_ref2",
      "true_positive_site_pair_count": 35714,
      "false_positive_site_pair_count": 18104,
      "true_site_pair_count": 90944,
      "precision": 0.6636069716451745,
      "recall": 0.39270320197044334
    },
    {
      "name": "ref2/test/2trx_ref2",
      "true_positive_site_pair_count": 42574,
      "false_positive_site_pair_count": 7302,
      "true_site_pair_count": 147420,
      "precision": 0.853596920362499,
      "recall": 0.28879392212725546
    },
    {
      "name": "ref2/test/1dlc_ref2",
      "true_positive_site_pair_count": 99708,
      "false_positive_site_pair_count": 54316,
      "true_site_pair_count": 239540,
      "precision": 0.6473536591699994,
      "recall": 0.4162478082992402
    },
    {
      "name": "ref2/test/kinase_ref2",
      "true_positive_site_pair_count": 165370,
      "false_positive_site_pair_count": 91604,
      "true_site_pair_count": 340656,
      "precision": 0.6435281390335209,
      "recall": 0.4854457282419802
    },
    {
      "name": "ref2/test/1aab_ref2",
      "true_positive_site_pair_count": 1866,
      "false_positive_site_pair_count": 5550,
      "true_site_pair_count": 12000,
      "precision": 0.25161812297734626,
      "recall": 0.1555
    },
    {
      "name": "ref2/test/1eft_ref2",
      "true_positive_site_pair_count": 30860,
      "false_positive_site_pair_count": 12628,
      "true_site_pair_count": 74412,
      "precision": 0.7096210448859456,
      "recall": 0.4147180562274902
    },
    {
      "name": "ref2/test/451c_ref2",
      "true_positive_site_pair_count": 28552,
      "false_positive_site_pair_count": 1982,
      "true_site_pair_count": 60270,
      "precision": 0.9350887535206654,
      "recall": 0.47373485979757757
    },
    {
      "name": "ref2/test/1amk_ref2",
      "true_positive_site_pair_count": 160412,
      "false_positive_site_pair_count": 13920,
      "true_site_pair_count": 466650,
      "precision": 0.9201523529816672,
      "recall": 0.34375227686703097
    },
    {
      "name": "ref2/test/1daaA_ref2",
      "true_positive_site_pair_count": 44898,
      "false_positive_site_pair_count": 6062,
      "true_site_pair_count": 95816,
      "precision": 0.881043956043956,
      "recall": 0.46858562244301577
    },
    {
      "name": "ref2/test/glg_ref2",
      "true_positive_site_pair_count": 832320,
      "false_positive_site_pair_count": 115246,
      "true_site_pair_count": 1616112,
      "precision": 0.8783768096364791,
      "recall": 0.5150138109239953
    },
    {
      "name": "ref2/test/1lci_ref2",
      "true_positive_site_pair_count": 357138,
      "false_positive_site_pair_count": 43724,
      "true_site_pair_count": 522720,
      "precision": 0.8909250565032355,
      "recall": 0.6832300275482094
    },
    {
      "name": "ref2/test/1ajsA_ref2",
      "true_positive_site_pair_count": 54852,
      "false_positive_site_pair_count": 19756,
      "true_site_pair_count": 163590,
      "precision": 0.7352026592322539,
      "recall": 0.33530166880616175
    },
    {
      "name": "ref2/test/1ubi_ref2",
      "true_positive_site_pair_count": 41208,
      "false_positive_site_pair_count": 1974,
      "true_site_pair_count": 69184,
      "precision": 0.9542865082673336,
      "recall": 0.5956290471785384
    },
    {
      "name": "ref2/test/1ped_ref2",
      "true_positive_site_pair_count": 81850,
      "false_positive_site_pair_count": 37622,
      "true_site_pair_count": 409944,
      "precision": 0.6850977634927012,
      "recall": 0.19966141716917432
    },
    {
      "name": "ref2/test/1idy_ref2",
      "true_positive_site_pair_count": 11918,
      "false_positive_site_pair_count": 342552,
      "true_site_pair_count": 33300,
      "precision": 0.03362202725195362,
      "recall": 0.3578978978978979
    },
    {
      "name": "ref2/test/1pgtA_ref2",
      "true_positive_site_pair_count": 18636,
      "false_positive_site_pair_count": 2642,
      "true_site_pair_count": 72540,
      "precision": 0.8758341949431337,
      "recall": 0.25690653432588917
    },
    {
      "name": "ref2/test/1taq_ref2",
      "true_positive_site_pair_count": 47632,
      "false_positive_site_pair_count": 47566,
      "true_site_pair_count": 200384,
      "precision": 0.5003466459379399,
      "recall": 0.23770360907058447
    },
    {
      "name": "ref2/test/1ad3_ref2",
      "true_positive_site_pair_count": 536896,
      "false_positive_site_pair_count": 117848,
      "true_site_pair_count": 1193842,
      "precision": 0.8200090417017949,
      "recall": 0.44972115238029825
    },
    {
      "name": "ref2/test/1adj_ref2",
      "true_positive_site_pair_count": 344580,
      "false_positive_site_pair_count": 80148,
      "true_site_pair_count": 712800,
      "precision": 0.8112956998361304,
      "recall": 0.4834175084175084
    },
    {
      "name": "ref2/test/1gdoA_ref2",
      "true_positive_site_pair_count": 9350,
      "false_positive_site_pair_count": 13230,
      "true_site_pair_count": 65016,
      "precision": 0.4140832595217006,
      "recall": 0.14381075427587056
    },
    {
      "name": "ref2/test/1cpt_ref2",
      "true_positive_site_pair_count": 15060,
      "false_positive_site_pair_count": 7786,
      "true_site_pair_count": 76912,
      "precision": 0.6591963582246345,
      "recall": 0.19580819638027877
    },
    {
      "name": "ref2/test/1lvl_ref2",
      "true_positive_site_pair_count": 28190,
      "false_positive_site_pair_count": 15736,
      "true_site_pair_count": 69000,
      "precision": 0.6417611437417475,
      "recall": 0.40855072463768116
    },
    {
      "name": "ref2/test/2hsdA_ref2",
      "true_positive_site_pair_count": 59500,
      "false_positive_site_pair_count": 23910,
      "true_site_pair_count": 287448,
      "precision": 0.7133437237741278,
      "recall": 0.20699396064679523
    },
    {
      "name": "ref2/test/2pia_ref2",
      "true_positive_site_pair_count": 21998,
      "false_positive_site_pair_count": 28970,
      "true_site_pair_count": 59500,
      "precision": 0.4316041437764872,
      "recall": 0.3697142857142857
    },
    {
      "name": "ref2/test/1kfj_ref2",
      "true_positive_site_pair_count": 13450,
      "false_positive_site_pair_count": 5008,
      "true_site_pair_count": 58968,
      "precision": 0.7286813305883628,
      "recall": 0.22808981142314474
    },
    {
      "name": "ref2/test/1pamA_ref2",
      "true_positive_site_pair_count": 240046,
      "false_positive_site_pair_count": 59538,
      "true_site_pair_count": 361036,
      "precision": 0.8012644199957274,
      "recall": 0.6648810644921836
    },
    {
      "name": "ref2/test/1ldg_ref2",
      "true_positive_site_pair_count": 138252,
      "false_positive_site_pair_count": 23922,
      "true_site_pair_count": 396864,
      "precision": 0.8524917681009286,
      "recall": 0.34836115142718915
    },
    {
      "name": "ref2/test/1tvxA_ref2",
      "true_positive_site_pair_count": 8910,
      "false_positive_site_pair_count": 2374,
      "true_site_pair_count": 23548,
      "precision": 0.7896136121942574,
      "recall": 0.37837608289451335
    },
    {
      "name": "ref2/test/1r69_ref2",
      "true_positive_site_pair_count": 19028,
      "false_positive_site_pair_count": 22068,
      "true_site_pair_count": 26970,
      "precision": 0.46301343196418143,
      "recall": 0.7055246570263255
    },
    {
      "name": "ref2/test/4enl_ref2",
      "true_positive_site_pair_count": 321768,
      "false_positive_site_pair_count": 121926,
      "true_site_pair_count": 564930,
      "precision": 0.7252025044287279,
      "recall": 0.5695714513302533
    },
    {
      "name": "ref2/test/3grs_ref2",
      "true_positive_site_pair_count": 63748,
      "false_positive_site_pair_count": 99728,
      "true_site_pair_count": 249600,
      "precision": 0.389953265311116,
      "recall": 0.25540064102564103
    },
    {
      "name": "ref2/test/1csy_ref2",
      "true_positive_site_pair_count": 16074,
      "false_positive_site_pair_count": 60370,
      "true_site_pair_count": 67760,
      "precision": 0.21027157134634503,
      "recall": 0.23721959858323494
    },
    {
      "name": "ref2/test/1mrj_ref2",
      "true_positive_site_pair_count": 10104,
      "false_positive_site_pair_count": 1616,
      "true_site_pair_count": 33120,
      "precision": 0.8621160409556314,
      "recall": 0.3050724637681159
    },
    {
      "name": "ref2/test/1tis_ref2",
      "true_positive_site_pair_count": 273572,
      "false_positive_site_pair_count": 14234,
      "true_site_pair_count": 423576,
      "precision": 0.9505430741541177,
      "recall": 0.6458628439760515
    },
    {
      "name": "ref2/test/1dox_ref2",
      "true_positive_site_pair_count": 4290,
      "false_positive_site_pair_count": 1174,
      "true_site_pair_count": 18480,
      "precision": 0.7851390922401171,
      "recall": 0.23214285714285715
    },
    {
      "name": "ref2/test/1ycc_ref2",
      "true_positive_site_pair_count": 43926,
      "false_positive_site_pair_count": 2184,
      "true_site_pair_count": 90240,
      "precision": 0.9526350032530905,
      "recall": 0.4867686170212766
    },
    {
      "name": "ref2/test/1uky_ref2",
      "true_positive_site_pair_count": 83292,
      "false_positive_site_pair_count": 13542,
      "true_site_pair_count": 371700,
      "precision": 0.860152425800855,
      "recall": 0.22408393866020984
    },
    {
      "name": "ref2/test/1sesA_ref2",
      "true_positive_site_pair_count": 455780,
      "false_positive_site_pair_count": 92436,
      "true_site_pair_count": 816480,
      "precision": 0.8313876282341267,
      "recall": 0.558225553595924
    }
  ]
}