{
  "path": "./data/bb3_release/RV20",
  "results": [
    {
      "name": "ref2/test/1aboA_ref2",
      "true_positive_site_pair_count": 272,
      "false_positive_site_pair_count": 426,
      "true_site_pair_count": 6042,
      "precision": 0.38968481375358166,
      "recall": 0.045018205892088714
    },
    {
      "name": "ref2/test/1havA_ref2",
      "true_positive_site_pair_count": 44486,
      "false_positive_site_pair_count": 710,
      "true_site_pair_count": 133120,
      "precision": 0.9842906451898398,
      "recall": 0.3341796875
    },
    {
      "name": "ref2/test/1wit_ref2",
      "true_positive_site_pair_count": 24026,
      "false_positive_site_pair_count": 212,
      "true_site_pair_count": 120780,
      "precision": 0.9912534037461836,
      "recall": 0.1989236628580891
    },
    {
      "name": "ref2/test/1thm_ref2",
      "true_positive_site_pair_count": 18198,
      "false_positive_site_pair_count": 374,
      "true_site_pair_count": 90944,
      "precision": 0.9798621580874435,
      "recall": 0.20010116115411683
    },
    {
      "name": "ref2/test/2trx_ref2",
      "true_positive_site_pair_count": 18068,
      "false_positive_site_pair_count": 704,
      "true_site_pair_count": 147420,
      "precision": 0.9624973364585553,
      "recall": 0.1225613892280559
    },
    {
      "name": "ref2/test/1dlc_ref2",
      "true_positive_site_pair_count": 54648,
      "false_positive_site_pair_count": 1828,
      "true_site_pair_count": 239540,
      "precision": 0.9676322685742617,
      "recall": 0.22813726308758453
    },
    {
      "name": "ref2/test/kinase_ref2",
      "true_positive_site_pair_count": 89450,
      "false_positive_site_pair_count": 15600,
      "true_site_pair_count": 340656,
      "precision": 0.8514992860542598,
      "recall": 0.26258160725189045
    },
    {
      "name": "ref2/test/1aab_ref2",
      "true_positive_site_pair_count": 780,
      "false_positive_site_pair_count": 534,
      "true_site_pair_count": 12000,
      "precision": 0.593607305936073,
      "recall": 0.065
    },
    {
      "name": "ref2/test/1eft_ref2",
      "true_positive_site_pair_count": 20414,
      "false_positive_site_pair_count": 672,
      "true_site_pair_count": 74412,
      "precision": 0.9681305131366784,
      "recall": 0.27433747245068
    },
    {
      "name": "ref2/test/451c_ref2",
      "true_positive_site_pair_count": 17098,
      "false_positive_site_pair_count": 76,
      "true_site_pair_count": 60270,
      "precision": 0.995574705950856,
      "recall": 0.2836900613904098
    },
    {
      "name": "ref2/test/1amk_ref2",
      "true_positive_site_pair_count": 65236,
      "false_positive_site_pair_count": 208,
      "true_site_pair_count": 466650,
      "precision": 0.9968217101644153,
      "recall": 0.13979642130076075
    },
    {
      "name": "ref2/test/1daaA_ref2",
      "true_positive_site_pair_count": 21282,
      "false_positive_site_pair_count": 130,
      "true_site_pair_count": 95816,
      "precision": 0.9939286381468335,
      "recall": 0.22211321699924855
    },
    {
      "name": "ref2/test/glg_ref2",
      "true_positive_site_pair_count": 458590,
      "false_positive_site_pair_count": 1702,
      "true_site_pair_count": 1616112,
      "precision": 0.9963023472056868,
      "recall": 0.2837612739711109
    },
    {
      "name": "ref2/test/1lci_ref2",
      "true_positive_site_pair_count": 241958,
      "false_positive_site_pair_count": 418,
      "true_site_pair_count": 522720,
      "precision": 0.9982754068059544,
      "recall": 0.4628826140189777
    },
    {
      "name": "ref2/test/1ajsA_ref2",
      "true_positive_site_pair_count": 31472,
      "false_positive_site_pair_count": 410,
      "true_site_pair_count": 163590,
      "precision": 0.9871400790414654,
      "recall": 0.1923833975181857
    },
    {
      "name": "ref2/test/1ubi_ref2",
      "true_positive_site_pair_count": 32682,
      "false_positive_site_pair_count": 54,
      "true_site_pair_count": 69184,
      "precision": 0.9983504398826979,
      "recall": 0.4723924606845513
    },
    {
      "name": "ref2/test/1ped_ref2",
      "true_positive_site_pair_count": 38270,
      "false_positive_site_pair_count": 446,
      "true_site_pair_count": 409944,
      "precision": 0.9884802148982332,
      "recall": 0.0933542142341393
    },
    {
      "name": "ref2/test/1idy_ref2",
      "true_positive_site_pair_count": 5958,
      "false_positive_site_pair_count": 39874,
      "true_site_pair_count": 33300,
      "precision": 0.12999650898935242,
      "recall": 0.17891891891891892
    },
    {
      "name": "ref2/test/1pgtA_ref2",
      "true_positive_site_pair_count": 11172,
      "false_positive_site_pair_count": 84,
      "true_site_pair_count": 72540,
      "precision": 0.9925373134328358,
      "recall": 0.15401157981803143
    },
    {
      "name": "ref2/test/1taq_ref2",
      "true_positive_site_pair_count": 16948,
      "false_positive_site_pair_count": 8236,
      "true_site_pair_count": 200384,
      "precision": 0.6729669631512071,
      "recall": 0.08457761098690514
    },
    {
      "name": "ref2/test/1ad3_ref2",
      "true_positive_site_pair_count": 251174,
      "false_positive_site_pair_count": 3130,
      "true_site_pair_count": 1193842,
      "precision": 0.9876918963130741,
      "recall": 0.21039132481517656
    },
    {
      "name": "ref2/test/1adj_ref2",
      "true_positive_site_pair_count": 180346,
      "false_positive_site_pair_count": 4288,
      "true_site_pair_count": 712800,
      "precision": 0.9767756751194254,
      "recall": 0.25301066217732887
    },
    {
      "name": "ref2/test/1gdoA_ref2",
      "true_positive_site_pair_count": 2810,
      "false_positive_site_pair_count": 456,
      "true_site_pair_count": 65016,
      "precision": 0.8603796693202694,
      "recall": 0.043220130429432756
    },
    {
      "name": "ref2/test/1cpt_ref2",
      "true_positive_site_pair_count": 4998,
      "false_positive_site_pair_count": 92,
      "true_site_pair_count": 76912,
      "precision": 0.9819253438113948,
      "recall": 0.0649833576034949
    },
    {
      "name": "ref2/test/1lvl_ref2",
      "true_positive_site_pair_count": 15374,
      "false_positive_site_pair_count": 58,
      "true_site_pair_count": 69000,
      "precision": 0.9962415759460861,
      "recall": 0.22281159420289856
    },
    {
      "name": "ref2/test/2hsdA_ref2",
      "true_positive_site_pair_count": 16684,
      "false_positive_site_pair_count": 438,
      "true_site_pair_count": 287448,
      "precision": 0.9744188762994977,
      "recall": 0.05804180234338037
    },
    {
      "name": "ref2/test/2pia_ref2",
      "true_positive_site_pair_count": 12036,
      "false_positive_site_pair_count": 1310,
      "true_site_pair_count": 59500,
      "precision": 0.9018432489135322,
      "recall": 0.2022857142857143
    },
    {
      "name": "ref2/test/1kfj_ref2",
      "true_positive_site_pair_count": 5700,
      "false_positive_site_pair_count": 1060,
      "true_site_pair_count": 58968,
      "precision": 0.8431952662721893,
      "recall": 0.09666259666259666
    },
    {
      "name": "ref2/test/1pamA_ref2",
      "true_positive_site_pair_count": 155044,
      "false_positive_site_pair_count": 1024,
      "true_site_pair_count": 361036,
      "precision": 0.9934387574646949,
      "recall": 0.42944193930799146
    },
    {
      "name": "ref2/test/1ldg_ref2",
      "true_positive_site_pair_count": 65130,
      "false_positive_site_pair_count": 148,
      "true_site_pair_count": 396864,
      "precision": 0.997732773675664,
      "recall": 0.16411163522012578
    },
    {
      "name": "ref2/test/1tvxA_ref2",
      "true_positive_site_pair_count": 4100,
      "false_positive_site_pair_count": 136,
      "true_site_pair_count": 23548,
      "precision": 0.9678942398489141,
      "recall": 0.17411245116358076
    },
    {
      "name": "ref2/test/1r69_ref2",
      "true_positive_site_pair_count": 14614,
      "false_positive_site_pair_count": 2172,
      "true_site_pair_count": 26970,
      "precision": 0.8706064577624211,
      "recall": 0.5418613274008157
    },
    {
      "name": "ref2/test/4enl_ref2",
      "true_positive_site_pair_count": 188792,
      "false_positive_site_pair_count": 1626,
      "true_site_pair_count": 564930,
      "precision": 0.9914608913022929,
      "recall": 0.33418653638503887
    },
    {
      "name": "ref2/test/3grs_ref2",
      "true_positive_site_pair_count": 23808,
      "false_positive_site_pair_count": 1078,
      "true_site_pair_count": 249600,
      "precision": 0.9566824720726513,
      "recall": 0.09538461538461539
    },
    {
      "name": "ref2/test/1csy_ref2",
      "true_positive_site_pair_count": 5838,
      "false_positive_site_pair_count": 5308,
      "true_site_pair_count": 67760,
      "precision": 0.5237753454153956,
      "recall": 0.08615702479338842
    },
    {
      "name": "ref2/test/1mrj_ref2",
      "true_positive_site_pair_count": 5442,
      "false_positive_site_pair_count": 30,
      "true_site_pair_count": 33120,
      "precision": 0.9945175438596491,
      "recall": 0.16431159420289856
    },
    {
      "name": "ref2/test/1tis_ref2",
      "true_positive_site_pair_count": 178208,
      "false_positive_site_pair_count": 1140,
      "true_site_pair_count": 423576,
      "precision": 0.9936436425273769,
      "recall": 0.4207226094018547
    },
    {
      "name": "ref2/test/1dox_ref2",
      "true_positive_site_pair_count": 2250,
      "false_positive_site_pair_count": 16,
      "true_site_pair_count": 18480,
      "precision": 0.9929390997352162,
      "recall": 0.12175324675324675
    },
    {
      "name": "ref2/test/1ycc_ref2",
      "true_positive_site_pair_count": 26580,
      "false_positive_site_pair_count": 58,
      "true_site_pair_count": 90240,
      "precision": 0.9978226593588108,
      "recall": 0.2945478723404255
    },
    {
      "name": "ref2/test/1uky_ref2",
      "true_positive_site_pair_count": 26732,
      "false_positive_site_pair_count": 198,
      "true_site_pair_count": 371700,
      "precision": 0.9926476049015968,
      "recall": 0.07191821361312886
    },
    {
      "name": "ref2/test/1sesA_ref2",
      "true_positive_site_pair_count": 250082,
      "false_positive_site_pair_count": 1054,
      "true_site_pair_count": 816480,
      "precision": 0.9958030708460754,
      "recall": 0.3062928669410151
    }
  ]
}