{
  "path": "./data/bb3_release/RV20",
  "results": [
    {
      "name": "ref2/test/1aboA_ref2",
      "true_positive_site_pair_count": 228,
      "false_positive_site_pair_count": 270,
      "true_site_pair_count": 6042,
      "precision": 0.4578313253012048,
      "recall": 0.03773584905660377
    },
    {
      "name": "ref2/test/1havA_ref2",
      "true_positive_site_pair_count": 37080,
      "false_positive_site_pair_count": 750,
      "true_site_pair_count": 133120,
      "precision": 0.9801744647105471,
      "recall": 0.2785456730769231
    },
    {
      "name": "ref2/test/1wit_ref2",
      "true_positive_site_pair_count": 23462,
      "false_positive_site_pair_count": 132,
      "true_site_pair_count": 120780,
      "precision": 0.9944053572942273,
      "recall": 0.19425401556549096
    },
    {
      "name": "ref2/test/1thm_ref2",
      "true_positive_site_pair_count": 18084,
      "false_positive_site_pair_count": 454,
      "true_site_pair_count": 90944,
      "precision": 0.9755097637285576,
      "recall": 0.19884764250527798
    },
    {
      "name": "ref2/test/2trx_ref2",
      "true_positive_site_pair_count": 12598,
      "false_positive_site_pair_count": 764,
      "true_site_pair_count": 147420,
      "precision": 0.9428229306989971,
      "recall": 0.08545651878985212
    },
    {
      "name": "ref2/test/1dlc_ref2",
      "true_positive_site_pair_count": 51962,
      "false_positive_site_pair_count": 1260,
      "true_site_pair_count": 239540,
      "precision": 0.9763255796475142,
      "recall": 0.21692410453368957
    },
    {
      "name": "ref2/test/kinase_ref2",
      "true_positive_site_pair_count": 74208,
      "false_positive_site_pair_count": 12992,
      "true_site_pair_count": 340656,
      "precision": 0.8510091743119266,
      "recall": 0.21783852331971257
    },
    {
      "name": "ref2/test/1aab_ref2",
      "true_positive_site_pair_count": 738,
      "false_positive_site_pair_count": 788,
      "true_site_pair_count": 12000,
      "precision": 0.4836173001310616,
      "recall": 0.0615
    },
    {
      "name": "ref2/test/1eft_ref2",
      "true_positive_site_pair_count": 19040,
      "false_positive_site_pair_count": 452,
      "true_site_pair_count": 74412,
      "precision": 0.9768109993843628,
      "recall": 0.25587270870289736
    },
    {
      "name": "ref2/test/451c_ref2",
      "true_positive_site_pair_count": 15776,
      "false_positive_site_pair_count": 50,
      "true_site_pair_count": 60270,
      "precision": 0.9968406419815493,
      "recall": 0.2617554338808694
    },
    {
      "name": "ref2/test/1amk_ref2",
      "true_positive_site_pair_count": 64474,
      "false_positive_site_pair_count": 98,
      "true_site_pair_count": 466650,
      "precision": 0.9984823143158025,
      "recall": 0.13816350583949427
    },
    {
      "name": "ref2/test/1daaA_ref2",
      "true_positive_site_pair_count": 18202,
      "false_positive_site_pair_count": 178,
      "true_site_pair_count": 95816,
      "precision": 0.9903155603917302,
      "recall": 0.18996827252233447
    },
    {
      "name": "ref2/test/glg_ref2",
      "true_positive_site_pair_count": 412480,
      "false_positive_site_pair_count": 1236,
      "true_site_pair_count": 1616112,
      "precision": 0.9970124433186051,
      "recall": 0.2552298355559516
    },
    {
      "name": "ref2/test/1lci_ref2",
      "true_positive_site_pair_count": 229980,
      "false_positive_site_pair_count": 406,
      "true_site_pair_count": 522720,
      "precision": 0.99823774014046,
      "recall": 0.4399678604224059
    },
    {
      "name": "ref2/test/1ajsA_ref2",
      "true_positive_site_pair_count": 28418,
      "false_positive_site_pair_count": 472,
      "true_site_pair_count": 163590,
      "precision": 0.983662166839737,
      "recall": 0.1737147747417324
    },
    {
      "name": "ref2/test/1ubi_ref2",
      "true_positive_site_pair_count": 27240,
      "false_positive_site_pair_count": 28,
      "true_site_pair_count": 69184,
      "precision": 0.9989731553469268,
      "recall": 0.3937326549491212
    },
    {
      "name": "ref2/test/1ped_ref2",
      "true_positive_site_pair_count": 38186,
      "false_positive_site_pair_count": 328,
      "true_site_pair_count": 409944,
      "precision": 0.9914836163473023,
      "recall": 0.09314930819819292
    },
    {
      "name": "ref2/test/1idy_ref2",
      "true_positive_site_pair_count": 5388,
      "false_positive_site_pair_count": 34868,
      "true_site_pair_count": 33300,
      "precision": 0.13384340222575516,
      "recall": 0.16180180180180181
    },
    {
      "name": "ref2/test/1pgtA_ref2",
      "true_positive_site_pair_count": 11318,
      "false_positive_site_pair_count": 50,
      "true_site_pair_count": 72540,
      "precision": 0.9956016889514426,
      "recall": 0.1560242624758754
    },
    {
      "name": "ref2/test/1taq_ref2",
      "true_positive_site_pair_count": 17288,
      "false_positive_site_pair_count": 7740,
      "true_site_pair_count": 200384,
      "precision": 0.6907463640722391,
      "recall": 0.08627435324177579
    },
    {
      "name": "ref2/test/1ad3_ref2",
      "true_positive_site_pair_count": 229592,
      "false_positive_site_pair_count": 2458,
      "true_site_pair_count": 1193842,
      "precision": 0.9894074552898082,
      "recall": 0.19231355573015524
    },
    {
      "name": "ref2/test/1adj_ref2",
      "true_positive_site_pair_count": 155522,
      "false_positive_site_pair_count": 3882,
      "true_site_pair_count": 712800,
      "precision": 0.975646784271411,
      "recall": 0.21818462401795735
    },
    {
      "name": "ref2/test/1gdoA_ref2",
      "true_positive_site_pair_count": 3090,
      "false_positive_site_pair_count": 324,
      "true_site_pair_count": 65016,
      "precision": 0.9050966608084359,
      "recall": 0.04752676264304171
    },
    {
      "name": "ref2/test/1cpt_ref2",
      "true_positive_site_pair_count": 5946,
      "false_positive_site_pair_count": 118,
      "true_site_pair_count": 76912,
      "precision": 0.9805408970976254,
      "recall": 0.07730913251508217
    },
    {
      "name": "ref2/test/1lvl_ref2",
      "true_positive_site_pair_count": 13828,
      "false_positive_site_pair_count": 94,
      "true_site_pair_count": 69000,
      "precision": 0.9932480965378537,
      "recall": 0.20040579710144926
    },
    {
      "name": "ref2/test/2hsdA_ref2",
      "true_positive_site_pair_count": 15120,
      "false_positive_site_pair_count": 854,
      "true_site_pair_count": 287448,
      "precision": 0.9465381244522348,
      "recall": 0.052600818234950324
    },
    {
      "name": "ref2/test/2pia_ref2",
      "true_positive_site_pair_count": 12406,
      "false_positive_site_pair_count": 1238,
      "true_site_pair_count": 59500,
      "precision": 0.9092641454119027,
      "recall": 0.20850420168067227
    },
    {
      "name": "ref2/test/1kfj_ref2",
      "true_positive_site_pair_count": 4966,
      "false_positive_site_pair_count": 966,
      "true_site_pair_count": 58968,
      "precision": 0.8371544167228591,
      "recall": 0.08421516754850088
    },
    {
      "name": "ref2/test/1pamA_ref2",
      "true_positive_site_pair_count": 145896,
      "false_positive_site_pair_count": 1268,
      "true_site_pair_count": 361036,
      "precision": 0.9913837623331793,
      "recall": 0.4041037458868368
    },
    {
      "name": "ref2/test/1ldg_ref2",
      "true_positive_site_pair_count": 62698,
      "false_positive_site_pair_count": 134,
      "true_site_pair_count": 396864,
      "precision": 0.9978673287496816,
      "recall": 0.15798359135623286
    },
    {
      "name": "ref2/test/1tvxA_ref2",
      "true_positive_site_pair_count": 4288,
      "false_positive_site_pair_count": 252,
      "true_site_pair_count": 23548,
      "precision": 0.9444933920704845,
      "recall": 0.1820961440462035
    },
    {
      "name": "ref2/test/1r69_ref2",
      "true_positive_site_pair_count": 16250,
      "false_positive_site_pair_count": 1894,
      "true_site_pair_count": 26970,
      "precision": 0.8956128747795414,
      "recall": 0.6025213199851687
    },
    {
      "name": "ref2/test/4enl_ref2",
      "true_positive_site_pair_count": 178864,
      "false_positive_site_pair_count": 1460,
      "true_site_pair_count": 564930,
      "precision": 0.9919034626561078,
      "recall": 0.31661267767688034
    },
    {
      "name": "ref2/test/3grs_ref2",
      "true_positive_site_pair_count": 22358,
      "false_positive_site_pair_count": 1128,
      "true_site_pair_count": 249600,
      "precision": 0.9519713872094013,
      "recall": 0.08957532051282051
    },
    {
      "name": "ref2/test/1csy_ref2",
      "true_positive_site_pair_count": 4518,
      "false_positive_site_pair_count": 4004,
      "true_site_pair_count": 67760,
      "precision": 0.5301572400844872,
      "recall": 0.06667650531286895
    },
    {
      "name": "ref2/test/1mrj_ref2",
      "true_positive_site_pair_count": 5158,
      "false_positive_site_pair_count": 10,
      "true_site_pair_count": 33120,
      "precision": 0.9980650154798761,
      "recall": 0.1557367149758454
    },
    {
      "name": "ref2/test/1tis_ref2",
      "true_positive_site_pair_count": 167542,
      "false_positive_site_pair_count": 874,
      "true_site_pair_count": 423576,
      "precision": 0.9948104693140795,
      "recall": 0.39554176818327763
    },
    {
      "name": "ref2/test/1dox_ref2",
      "true_positive_site_pair_count": 2238,
      "false_positive_site_pair_count": 16,
      "true_site_pair_count": 18480,
      "precision": 0.9929015084294588,
      "recall": 0.1211038961038961
    },
    {
      "name": "ref2/test/1ycc_ref2",
      "true_positive_site_pair_count": 24652,
      "false_positive_site_pair_count": 34,
      "true_site_pair_count": 90240,
      "precision": 0.9986227011261444,
      "recall": 0.27318262411347516
    },
    {
      "name": "ref2/test/1uky_ref2",
      "true_positive_site_pair_count": 28478,
      "false_positive_site_pair_count": 78,
      "true_site_pair_count": 371700,
      "precision": 0.9972685250035019,
      "recall": 0.0766155501748722
    },
    {
      "name": "ref2/test/1sesA_ref2",
      "true_positive_site_pair_count": 224020,
      "false_positive_site_pair_count": 1302,
      "true_site_pair_count": 816480,
      "precision": 0.9942216028616824,
      "recall": 0.2743729178914364
    }
  ]
}