{
  "path": "./data/bb3_release/RV20",
  "results": [
    {
      "name": "ref2/test/1aboA_ref2",
      "true_positive_site_pair_count": 268,
      "false_positive_site_pair_count": 268,
      "true_site_pair_count": 6042,
      "precision": 0.5,
      "recall": 0.044356173452499176
    },
    {
      "name": "ref2/test/1havA_ref2",
      "true_positive_site_pair_count": 31374,
      "false_positive_site_pair_count": 566,
      "true_site_pair_count": 133120,
      "precision": 0.9822792736380714,
      "recall": 0.23568209134615384
    },
    {
      "name": "ref2/test/1wit_ref2",
      "true_positive_site_pair_count": 25072,
      "false_positive_site_pair_count": 278,
      "true_site_pair_count": 120780,
      "precision": 0.9890335305719921,
      "recall": 0.2075840370922338
    },
    {
      "name": "ref2/test/1thm_ref2",
      "true_positive_site_pair_count": 17158,
      "false_positive_site_pair_count": 418,
      "true_site_pair_count": 90944,
      "precision": 0.9762175694128357,
      "recall": 0.1886655524278677
    },
    {
      "name": "ref2/test/2trx_ref2",
      "true_positive_site_pair_count": 20302,
      "false_positive_site_pair_count": 918,
      "true_site_pair_count": 147420,
      "precision": 0.9567389255419415,
      "recall": 0.13771537104870438
    },
    {
      "name": "ref2/test/1dlc_ref2",
      "true_positive_site_pair_count": 56806,
      "false_positive_site_pair_count": 1510,
      "true_site_pair_count": 239540,
      "precision": 0.9741065916729542,
      "recall": 0.23714619687734825
    },
    {
      "name": "ref2/test/kinase_ref2",
      "true_positive_site_pair_count": 105888,
      "false_positive_site_pair_count": 17246,
      "true_site_pair_count": 340656,
      "precision": 0.8599412022674485,
      "recall": 0.31083556432295334
    },
    {
      "name": "ref2/test/1aab_ref2",
      "true_positive_site_pair_count": 808,
      "false_positive_site_pair_count": 858,
      "true_site_pair_count": 12000,
      "precision": 0.4849939975990396,
      "recall": 0.06733333333333333
    },
    {
      "name": "ref2/test/1eft_ref2",
      "true_positive_site_pair_count": 21174,
      "false_positive_site_pair_count": 832,
      "true_site_pair_count": 74412,
      "precision": 0.9621921294192493,
      "recall": 0.2845508788905015
    },
    {
      "name": "ref2/test/451c_ref2",
      "true_positive_site_pair_count": 18780,
      "false_positive_site_pair_count": 198,
      "true_site_pair_count": 60270,
      "precision": 0.989566866898514,
      "recall": 0.31159780985564955
    },
    {
      "name": "ref2/test/1amk_ref2",
      "true_positive_site_pair_count": 71482,
      "false_positive_site_pair_count": 176,
      "true_site_pair_count": 466650,
      "precision": 0.9975438890284406,
      "recall": 0.15318118504232295
    },
    {
      "name": "ref2/test/1daaA_ref2",
      "true_positive_site_pair_count": 20960,
      "false_positive_site_pair_count": 108,
      "true_site_pair_count": 95816,
      "precision": 0.9948737421682172,
      "recall": 0.21875260916757117
    },
    {
      "name": "ref2/test/glg_ref2",
      "true_positive_site_pair_count": 490182,
      "false_positive_site_pair_count": 4680,
      "true_site_pair_count": 1616112,
      "precision": 0.9905428179977448,
      "recall": 0.3033094240993198
    },
    {
      "name": "ref2/test/1lci_ref2",
      "true_positive_site_pair_count": 259252,
      "false_positive_site_pair_count": 476,
      "true_site_pair_count": 522720,
      "precision": 0.9981673134971971,
      "recall": 0.4959672482399755
    },
    {
      "name": "ref2/test/1ajsA_ref2",
      "true_positive_site_pair_count": 33752,
      "false_positive_site_pair_count": 426,
      "true_site_pair_count": 163590,
      "precision": 0.9875358417695593,
      "recall": 0.20632067974815085
    },
    {
      "name": "ref2/test/1ubi_ref2",
      "true_positive_site_pair_count": 33778,
      "false_positive_site_pair_count": 112,
      "true_site_pair_count": 69184,
      "precision": 0.9966951903216288,
      "recall": 0.4882342738205365
    },
    {
      "name": "ref2/test/1ped_ref2",
      "true_positive_site_pair_count": 44134,
      "false_positive_site_pair_count": 466,
      "true_site_pair_count": 409944,
      "precision": 0.9895515695067264,
      "recall": 0.10765860702925277
    },
    {
      "name": "ref2/test/1idy_ref2",
      "true_positive_site_pair_count": 5970,
      "false_positive_site_pair_count": 42810,
      "true_site_pair_count": 33300,
      "precision": 0.12238622386223862,
      "recall": 0.17927927927927928
    },
    {
      "name": "ref2/test/1pgtA_ref2",
      "true_positive_site_pair_count": 12556,
      "false_positive_site_pair_count": 52,
      "true_site_pair_count": 72540,
      "precision": 0.9958756345177665,
      "recall": 0.17309070857457953
    },
    {
      "name": "ref2/test/1taq_ref2",
      "true_positive_site_pair_count": 16918,
      "false_positive_site_pair_count": 8612,
      "true_site_pair_count": 200384,
      "precision": 0.6626713670191932,
      "recall": 0.0844278984350048
    },
    {
      "name": "ref2/test/1ad3_ref2",
      "true_positive_site_pair_count": 267596,
      "false_positive_site_pair_count": 3236,
      "true_site_pair_count": 1193842,
      "precision": 0.9880516334849648,
      "recall": 0.2241469139132314
    },
    {
      "name": "ref2/test/1adj_ref2",
      "true_positive_site_pair_count": 201848,
      "false_positive_site_pair_count": 4872,
      "true_site_pair_count": 712800,
      "precision": 0.9764318885448916,
      "recall": 0.28317620650953984
    },
    {
      "name": "ref2/test/1gdoA_ref2",
      "true_positive_site_pair_count": 2632,
      "false_positive_site_pair_count": 358,
      "true_site_pair_count": 65016,
      "precision": 0.8802675585284281,
      "recall": 0.040482342807924204
    },
    {
      "name": "ref2/test/1cpt_ref2",
      "true_positive_site_pair_count": 4898,
      "false_positive_site_pair_count": 120,
      "true_site_pair_count": 76912,
      "precision": 0.9760860900757273,
      "recall": 0.06368317037653422
    },
    {
      "name": "ref2/test/1lvl_ref2",
      "true_positive_site_pair_count": 16298,
      "false_positive_site_pair_count": 234,
      "true_site_pair_count": 69000,
      "precision": 0.9858456327123155,
      "recall": 0.23620289855072463
    },
    {
      "name": "ref2/test/2hsdA_ref2",
      "true_positive_site_pair_count": 16854,
      "false_positive_site_pair_count": 650,
      "true_site_pair_count": 287448,
      "precision": 0.9628656307129799,
      "recall": 0.05863321365951407
    },
    {
      "name": "ref2/test/2pia_ref2",
      "true_positive_site_pair_count": 13840,
      "false_positive_site_pair_count": 1034,
      "true_site_pair_count": 59500,
      "precision": 0.9304827215274977,
      "recall": 0.23260504201680673
    },
    {
      "name": "ref2/test/1kfj_ref2",
      "true_positive_site_pair_count": 5154,
      "false_positive_site_pair_count": 772,
      "true_site_pair_count": 58968,
      "precision": 0.8697266284171448,
      "recall": 0.0874033374033374
    },
    {
      "name": "ref2/test/1pamA_ref2",
      "true_positive_site_pair_count": 170300,
      "false_positive_site_pair_count": 1390,
      "true_site_pair_count": 361036,
      "precision": 0.9919040130467703,
      "recall": 0.4716981132075472
    },
    {
      "name": "ref2/test/1ldg_ref2",
      "true_positive_site_pair_count": 67624,
      "false_positive_site_pair_count": 150,
      "true_site_pair_count": 396864,
      "precision": 0.9977867618850886,
      "recall": 0.1703959038864699
    },
    {
      "name": "ref2/test/1tvxA_ref2",
      "true_positive_site_pair_count": 4628,
      "false_positive_site_pair_count": 26,
      "true_site_pair_count": 23548,
      "precision": 0.994413407821229,
      "recall": 0.1965347375573297
    },
    {
      "name": "ref2/test/1r69_ref2",
      "true_positive_site_pair_count": 17124,
      "false_positive_site_pair_count": 2356,
      "true_site_pair_count": 26970,
      "precision": 0.8790554414784394,
      "recall": 0.6349276974416018
    },
    {
      "name": "ref2/test/4enl_ref2",
      "true_positive_site_pair_count": 194688,
      "false_positive_site_pair_count": 2180,
      "true_site_pair_count": 564930,
      "precision": 0.9889265904057541,
      "recall": 0.3446232276565238
    },
    {
      "name": "ref2/test/3grs_ref2",
      "true_positive_site_pair_count": 24690,
      "false_positive_site_pair_count": 2120,
      "true_site_pair_count": 249600,
      "precision": 0.9209250279746364,
      "recall": 0.09891826923076923
    },
    {
      "name": "ref2/test/1csy_ref2",
      "true_positive_site_pair_count": 5704,
      "false_positive_site_pair_count": 5720,
      "true_site_pair_count": 67760,
      "precision": 0.4992997198879552,
      "recall": 0.08417945690672964
    },
    {
      "name": "ref2/test/1mrj_ref2",
      "true_positive_site_pair_count": 4462,
      "false_positive_site_pair_count": 30,
      "true_site_pair_count": 33120,
      "precision": 0.9933214603739983,
      "recall": 0.13472222222222222
    },
    {
      "name": "ref2/test/1tis_ref2",
      "true_positive_site_pair_count": 194942,
      "false_positive_site_pair_count": 854,
      "true_site_pair_count": 423576,
      "precision": 0.9956383174324297,
      "recall": 0.46022909702154985
    },
    {
      "name": "ref2/test/1dox_ref2",
      "true_positive_site_pair_count": 1956,
      "false_positive_site_pair_count": 20,
      "true_site_pair_count": 18480,
      "precision": 0.9898785425101214,
      "recall": 0.10584415584415584
    },
    {
      "name": "ref2/test/1ycc_ref2",
      "true_positive_site_pair_count": 27530,
      "false_positive_site_pair_count": 134,
      "true_site_pair_count": 90240,
      "precision": 0.9951561596298438,
      "recall": 0.3050753546099291
    },
    {
      "name": "ref2/test/1uky_ref2",
      "true_positive_site_pair_count": 22872,
      "false_positive_site_pair_count": 334,
      "true_site_pair_count": 371700,
      "precision": 0.9856071705593381,
      "recall": 0.06153349475383374
    },
    {
      "name": "ref2/test/1sesA_ref2",
      "true_positive_site_pair_count": 291630,
      "false_positive_site_pair_count": 1932,
      "true_site_pair_count": 816480,
      "precision": 0.9934187667341141,
      "recall": 0.35717960023515577
    }
  ]
}