{
  "path": "./data/bb3_release/RV20",
  "results": [
    {
      "name": "ref2/test/1aboA_ref2",
      "true_positive_site_pair_count": 224,
      "false_positive_site_pair_count": 342,
      "true_site_pair_count": 6042,
      "precision": 0.3957597173144876,
      "recall": 0.037073816617014234
    },
    {
      "name": "ref2/test/1havA_ref2",
      "true_positive_site_pair_count": 43144,
      "false_positive_site_pair_count": 1014,
      "true_site_pair_count": 133120,
      "precision": 0.9770370034874768,
      "recall": 0.32409855769230766
    },
    {
      "name": "ref2/test/1wit_ref2",
      "true_positive_site_pair_count": 25198,
      "false_positive_site_pair_count": 268,
      "true_site_pair_count": 120780,
      "precision": 0.9894761642974947,
      "recall": 0.20862725616823977
    },
    {
      "name": "ref2/test/1thm_ref2",
      "true_positive_site_pair_count": 18958,
      "false_positive_site_pair_count": 256,
      "true_site_pair_count": 90944,
      "precision": 0.9866763818049339,
      "recall": 0.2084579521463758
    },
    {
      "name": "ref2/test/2trx_ref2",
      "true_positive_site_pair_count": 17160,
      "false_positive_site_pair_count": 732,
      "true_site_pair_count": 147420,
      "precision": 0.9590878604963112,
      "recall": 0.1164021164021164
    },
    {
      "name": "ref2/test/1dlc_ref2",
      "true_positive_site_pair_count": 54190,
      "false_positive_site_pair_count": 1768,
      "true_site_pair_count": 239540,
      "precision": 0.968404875084885,
      "recall": 0.22622526509142524
    },
    {
      "name": "ref2/test/kinase_ref2",
      "true_positive_site_pair_count": 95460,
      "false_positive_site_pair_count": 15578,
      "true_site_pair_count": 340656,
      "precision": 0.8597056863416128,
      "recall": 0.28022403832605325
    },
    {
      "name": "ref2/test/1aab_ref2",
      "true_positive_site_pair_count": 682,
      "false_positive_site_pair_count": 696,
      "true_site_pair_count": 12000,
      "precision": 0.4949201741654572,
      "recall": 0.05683333333333333
    },
    {
      "name": "ref2/test/1eft_ref2",
      "true_positive_site_pair_count": 19312,
      "false_positive_site_pair_count": 616,
      "true_site_pair_count": 74412,
      "precision": 0.9690887193898033,
      "recall": 0.25952803311293876
    },
    {
      "name": "ref2/test/451c_ref2",
      "true_positive_site_pair_count": 16262,
      "false_positive_site_pair_count": 108,
      "true_site_pair_count": 60270,
      "precision": 0.9934025656689065,
      "recall": 0.26981914717106353
    },
    {
      "name": "ref2/test/1amk_ref2",
      "true_positive_site_pair_count": 65872,
      "false_positive_site_pair_count": 174,
      "true_site_pair_count": 466650,
      "precision": 0.9973654725494352,
      "recall": 0.14115932711882567
    },
    {
      "name": "ref2/test/1daaA_ref2",
      "true_positive_site_pair_count": 21578,
      "false_positive_site_pair_count": 138,
      "true_site_pair_count": 95816,
      "precision": 0.9936452385337999,
      "recall": 0.22520247140352342
    },
    {
      "name": "ref2/test/glg_ref2",
      "true_positive_site_pair_count": 448902,
      "false_positive_site_pair_count": 1700,
      "true_site_pair_count": 1616112,
      "precision": 0.9962272692975176,
      "recall": 0.27776663993584605
    },
    {
      "name": "ref2/test/1lci_ref2",
      "true_positive_site_pair_count": 249474,
      "false_positive_site_pair_count": 1220,
      "true_site_pair_count": 522720,
      "precision": 0.9951335093779667,
      "recall": 0.4772612488521579
    },
    {
      "name": "ref2/test/1ajsA_ref2",
      "true_positive_site_pair_count": 32058,
      "false_positive_site_pair_count": 260,
      "true_site_pair_count": 163590,
      "precision": 0.9919549477071601,
      "recall": 0.1959655235650101
    },
    {
      "name": "ref2/test/1ubi_ref2",
      "true_positive_site_pair_count": 31650,
      "false_positive_site_pair_count": 54,
      "true_site_pair_count": 69184,
      "precision": 0.9982967448902347,
      "recall": 0.45747571692876965
    },
    {
      "name": "ref2/test/1ped_ref2",
      "true_positive_site_pair_count": 39814,
      "false_positive_site_pair_count": 440,
      "true_site_pair_count": 409944,
      "precision": 0.9890694092512545,
      "recall": 0.0971205823234393
    },
    {
      "name": "ref2/test/1idy_ref2",
      "true_positive_site_pair_count": 5974,
      "false_positive_site_pair_count": 37304,
      "true_site_pair_count": 33300,
      "precision": 0.1380378021165488,
      "recall": 0.1793993993993994
    },
    {
      "name": "ref2/test/1pgtA_ref2",
      "true_positive_site_pair_count": 12242,
      "false_positive_site_pair_count": 48,
      "true_site_pair_count": 72540,
      "precision": 0.9960943856794141,
      "recall": 0.1687620623104494
    },
    {
      "name": "ref2/test/1taq_ref2",
      "true_positive_site_pair_count": 16382,
      "false_positive_site_pair_count": 6968,
      "true_site_pair_count": 200384,
      "precision": 0.7015845824411134,
      "recall": 0.08175303417438518
    },
    {
      "name": "ref2/test/1ad3_ref2",
      "true_positive_site_pair_count": 257676,
      "false_positive_site_pair_count": 2424,
      "true_site_pair_count": 1193842,
      "precision": 0.9906805074971164,
      "recall": 0.21583760665146645
    },
    {
      "name": "ref2/test/1adj_ref2",
      "true_positive_site_pair_count": 189456,
      "false_positive_site_pair_count": 4926,
      "true_site_pair_count": 712800,
      "precision": 0.9746581473593234,
      "recall": 0.2657912457912458
    },
    {
      "name": "ref2/test/1gdoA_ref2",
      "true_positive_site_pair_count": 3016,
      "false_positive_site_pair_count": 442,
      "true_site_pair_count": 65016,
      "precision": 0.8721804511278195,
      "recall": 0.0463885812723022
    },
    {
      "name": "ref2/test/1cpt_ref2",
      "true_positive_site_pair_count": 5384,
      "false_positive_site_pair_count": 104,
      "true_site_pair_count": 76912,
      "precision": 0.9810495626822158,
      "recall": 0.07000208029956313
    },
    {
      "name": "ref2/test/1lvl_ref2",
      "true_positive_site_pair_count": 16120,
      "false_positive_site_pair_count": 120,
      "true_site_pair_count": 69000,
      "precision": 0.9926108374384236,
      "recall": 0.2336231884057971
    },
    {
      "name": "ref2/test/2hsdA_ref2",
      "true_positive_site_pair_count": 16852,
      "false_positive_site_pair_count": 998,
      "true_site_pair_count": 287448,
      "precision": 0.9440896358543417,
      "recall": 0.05862625587932426
    },
    {
      "name": "ref2/test/2pia_ref2",
      "true_positive_site_pair_count": 13962,
      "false_positive_site_pair_count": 1262,
      "true_site_pair_count": 59500,
      "precision": 0.9171045717288492,
      "recall": 0.23465546218487396
    },
    {
      "name": "ref2/test/1kfj_ref2",
      "true_positive_site_pair_count": 5658,
      "false_positive_site_pair_count": 758,
      "true_site_pair_count": 58968,
      "precision": 0.881857855361596,
      "recall": 0.09595034595034595
    },
    {
      "name": "ref2/test/1pamA_ref2",
      "true_positive_site_pair_count": 158438,
      "false_positive_site_pair_count": 1526,
      "true_site_pair_count": 361036,
      "precision": 0.9904603535795554,
      "recall": 0.4388426638894736
    },
    {
      "name": "ref2/test/1ldg_ref2",
      "true_positive_site_pair_count": 70050,
      "false_positive_site_pair_count": 302,
      "true_site_pair_count": 396864,
      "precision": 0.9957073004321128,
      "recall": 0.17650882922109337
    },
    {
      "name": "ref2/test/1tvxA_ref2",
      "true_positive_site_pair_count": 4290,
      "false_positive_site_pair_count": 206,
      "true_site_pair_count": 23548,
      "precision": 0.9541814946619217,
      "recall": 0.18218107694921012
    },
    {
      "name": "ref2/test/1r69_ref2",
      "true_positive_site_pair_count": 16490,
      "false_positive_site_pair_count": 2148,
      "true_site_pair_count": 26970,
      "precision": 0.8847515827878528,
      "recall": 0.6114200964034112
    },
    {
      "name": "ref2/test/4enl_ref2",
      "true_positive_site_pair_count": 202902,
      "false_positive_site_pair_count": 2014,
      "true_site_pair_count": 564930,
      "precision": 0.9901715825020985,
      "recall": 0.359163082151771
    },
    {
      "name": "ref2/test/3grs_ref2",
      "true_positive_site_pair_count": 29004,
      "false_positive_site_pair_count": 1292,
      "true_site_pair_count": 249600,
      "precision": 0.9573541061526274,
      "recall": 0.11620192307692308
    },
    {
      "name": "ref2/test/1csy_ref2",
      "true_positive_site_pair_count": 6178,
      "false_positive_site_pair_count": 4546,
      "true_site_pair_count": 67760,
      "precision": 0.5760910108168594,
      "recall": 0.09117473435655254
    },
    {
      "name": "ref2/test/1mrj_ref2",
      "true_positive_site_pair_count": 5322,
      "false_positive_site_pair_count": 46,
      "true_site_pair_count": 33120,
      "precision": 0.9914307004470939,
      "recall": 0.16068840579710145
    },
    {
      "name": "ref2/test/1tis_ref2",
      "true_positive_site_pair_count": 182342,
      "false_positive_site_pair_count": 956,
      "true_site_pair_count": 423576,
      "precision": 0.9947844493666052,
      "recall": 0.4304823691616144
    },
    {
      "name": "ref2/test/1dox_ref2",
      "true_positive_site_pair_count": 2212,
      "false_positive_site_pair_count": 52,
      "true_site_pair_count": 18480,
      "precision": 0.9770318021201413,
      "recall": 0.11969696969696969
    },
    {
      "name": "ref2/test/1ycc_ref2",
      "true_positive_site_pair_count": 26144,
      "false_positive_site_pair_count": 30,
      "true_site_pair_count": 90240,
      "precision": 0.998853824405899,
      "recall": 0.2897163120567376
    },
    {
      "name": "ref2/test/1uky_ref2",
      "true_positive_site_pair_count": 23956,
      "false_positive_site_pair_count": 276,
      "true_site_pair_count": 371700,
      "precision": 0.9886101023440079,
      "recall": 0.06444982512779122
    },
    {
      "name": "ref2/test/1sesA_ref2",
      "true_positive_site_pair_count": 261968,
      "false_positive_site_pair_count": 1550,
      "true_site_pair_count": 816480,
      "precision": 0.9941180488619373,
      "recall": 0.3208504801097394
    }
  ]
}