{
  "path": "./data/bb3_release/RV20",
  "results": [
    {
      "name": "ref2/test/1aboA_ref2",
      "true_positive_site_pair_count": 274,
      "false_positive_site_pair_count": 376,
      "true_site_pair_count": 6042,
      "precision": 0.42153846153846153,
      "recall": 0.04534922211188348
    },
    {
      "name": "ref2/test/1havA_ref2",
      "true_positive_site_pair_count": 27048,
      "false_positive_site_pair_count": 826,
      "true_site_pair_count": 133120,
      "precision": 0.9703666499246609,
      "recall": 0.20318509615384617
    },
    {
      "name": "ref2/test/1wit_ref2",
      "true_positive_site_pair_count": 25700,
      "false_positive_site_pair_count": 274,
      "true_site_pair_count": 120780,
      "precision": 0.9894509894509894,
      "recall": 0.21278357343931115
    },
    {
      "name": "ref2/test/1thm_ref2",
      "true_positive_site_pair_count": 17074,
      "false_positive_site_pair_count": 262,
      "true_site_pair_count": 90944,
      "precision": 0.9848869404706968,
      "recall": 0.18774190710767066
    },
    {
      "name": "ref2/test/2trx_ref2",
      "true_positive_site_pair_count": 18886,
      "false_positive_site_pair_count": 954,
      "true_site_pair_count": 147420,
      "precision": 0.9519153225806452,
      "recall": 0.12811016144349477
    },
    {
      "name": "ref2/test/1dlc_ref2",
      "true_positive_site_pair_count": 54496,
      "false_positive_site_pair_count": 1840,
      "true_site_pair_count": 239540,
      "precision": 0.9673388241976711,
      "recall": 0.22750271353427404
    },
    {
      "name": "ref2/test/kinase_ref2",
      "true_positive_site_pair_count": 107266,
      "false_positive_site_pair_count": 17124,
      "true_site_pair_count": 340656,
      "precision": 0.862336200659217,
      "recall": 0.3148807007655817
    },
    {
      "name": "ref2/test/1aab_ref2",
      "true_positive_site_pair_count": 734,
      "false_positive_site_pair_count": 412,
      "true_site_pair_count": 12000,
      "precision": 0.6404886561954625,
      "recall": 0.06116666666666667
    },
    {
      "name": "ref2/test/1eft_ref2",
      "true_positive_site_pair_count": 18692,
      "false_positive_site_pair_count": 638,
      "true_site_pair_count": 74412,
      "precision": 0.9669943093636834,
      "recall": 0.2511960436488738
    },
    {
      "name": "ref2/test/451c_ref2",
      "true_positive_site_pair_count": 18848,
      "false_positive_site_pair_count": 108,
      "true_site_pair_count": 60270,
      "precision": 0.9943025954842794,
      "recall": 0.3127260660361706
    },
    {
      "name": "ref2/test/1amk_ref2",
      "true_positive_site_pair_count": 75026,
      "false_positive_site_pair_count": 226,
      "true_site_pair_count": 466650,
      "precision": 0.9969967575612608,
      "recall": 0.1607757419907854
    },
    {
      "name": "ref2/test/1daaA_ref2",
      "true_positive_site_pair_count": 20236,
      "false_positive_site_pair_count": 80,
      "true_site_pair_count": 95816,
      "precision": 0.9960622169718448,
      "recall": 0.21119645988143942
    },
    {
      "name": "ref2/test/glg_ref2",
      "true_positive_site_pair_count": 502190,
      "false_positive_site_pair_count": 1406,
      "true_site_pair_count": 1616112,
      "precision": 0.9972080794922914,
      "recall": 0.3107396022057877
    },
    {
      "name": "ref2/test/1lci_ref2",
      "true_positive_site_pair_count": 256774,
      "false_positive_site_pair_count": 624,
      "true_site_pair_count": 522720,
      "precision": 0.9975757387392288,
      "recall": 0.4912266605448424
    },
    {
      "name": "ref2/test/1ajsA_ref2",
      "true_positive_site_pair_count": 36336,
      "false_positive_site_pair_count": 288,
      "true_site_pair_count": 163590,
      "precision": 0.9921363040629095,
      "recall": 0.2221162662754447
    },
    {
      "name": "ref2/test/1ubi_ref2",
      "true_positive_site_pair_count": 33480,
      "false_positive_site_pair_count": 116,
      "true_site_pair_count": 69184,
      "precision": 0.9965472080009525,
      "recall": 0.48392691951896394
    },
    {
      "name": "ref2/test/1ped_ref2",
      "true_positive_site_pair_count": 45366,
      "false_positive_site_pair_count": 238,
      "true_site_pair_count": 409944,
      "precision": 0.9947811595474081,
      "recall": 0.11066389555646625
    },
    {
      "name": "ref2/test/1idy_ref2",
      "true_positive_site_pair_count": 5620,
      "false_positive_site_pair_count": 43750,
      "true_site_pair_count": 33300,
      "precision": 0.11383431233542637,
      "recall": 0.16876876876876876
    },
    {
      "name": "ref2/test/1pgtA_ref2",
      "true_positive_site_pair_count": 11868,
      "false_positive_site_pair_count": 100,
      "true_site_pair_count": 72540,
      "precision": 0.991644385026738,
      "recall": 0.16360628618693135
    },
    {
      "name": "ref2/test/1taq_ref2",
      "true_positive_site_pair_count": 16840,
      "false_positive_site_pair_count": 8942,
      "true_site_pair_count": 200384,
      "precision": 0.653168877511442,
      "recall": 0.08403864580006387
    },
    {
      "name": "ref2/test/1ad3_ref2",
      "true_positive_site_pair_count": 281842,
      "false_positive_site_pair_count": 2940,
      "true_site_pair_count": 1193842,
      "precision": 0.9896763138119684,
      "recall": 0.23607981625709265
    },
    {
      "name": "ref2/test/1adj_ref2",
      "true_positive_site_pair_count": 203694,
      "false_positive_site_pair_count": 4440,
      "true_site_pair_count": 712800,
      "precision": 0.9786675891492981,
      "recall": 0.2857659932659933
    },
    {
      "name": "ref2/test/1gdoA_ref2",
      "true_positive_site_pair_count": 2812,
      "false_positive_site_pair_count": 198,
      "true_site_pair_count": 65016,
      "precision": 0.93421926910299,
      "recall": 0.04325089208810139
    },
    {
      "name": "ref2/test/1cpt_ref2",
      "true_positive_site_pair_count": 4812,
      "false_positive_site_pair_count": 180,
      "true_site_pair_count": 76912,
      "precision": 0.9639423076923077,
      "recall": 0.06256500936134804
    },
    {
      "name": "ref2/test/1lvl_ref2",
      "true_positive_site_pair_count": 15718,
      "false_positive_site_pair_count": 922,
      "true_site_pair_count": 69000,
      "precision": 0.9445913461538461,
      "recall": 0.22779710144927537
    },
    {
      "name": "ref2/test/2hsdA_ref2",
      "true_positive_site_pair_count": 16362,
      "false_positive_site_pair_count": 714,
      "true_site_pair_count": 287448,
      "precision": 0.9581869290231905,
      "recall": 0.05692159973282124
    },
    {
      "name": "ref2/test/2pia_ref2",
      "true_positive_site_pair_count": 13632,
      "false_positive_site_pair_count": 1194,
      "true_site_pair_count": 59500,
      "precision": 0.9194658033184946,
      "recall": 0.22910924369747898
    },
    {
      "name": "ref2/test/1kfj_ref2",
      "true_positive_site_pair_count": 5898,
      "false_positive_site_pair_count": 914,
      "true_site_pair_count": 58968,
      "precision": 0.8658250146799765,
      "recall": 0.10002035002035002
    },
    {
      "name": "ref2/test/1pamA_ref2",
      "true_positive_site_pair_count": 171918,
      "false_positive_site_pair_count": 1448,
      "true_site_pair_count": 361036,
      "precision": 0.9916477279281981,
      "recall": 0.4761796607540522
    },
    {
      "name": "ref2/test/1ldg_ref2",
      "true_positive_site_pair_count": 69306,
      "false_positive_site_pair_count": 320,
      "true_site_pair_count": 396864,
      "precision": 0.995404015741246,
      "recall": 0.17463413159167876
    },
    {
      "name": "ref2/test/1tvxA_ref2",
      "true_positive_site_pair_count": 4628,
      "false_positive_site_pair_count": 20,
      "true_site_pair_count": 23548,
      "precision": 0.995697074010327,
      "recall": 0.1965347375573297
    },
    {
      "name": "ref2/test/1r69_ref2",
      "true_positive_site_pair_count": 16438,
      "false_positive_site_pair_count": 2342,
      "true_site_pair_count": 26970,
      "precision": 0.8752928647497338,
      "recall": 0.6094920281794587
    },
    {
      "name": "ref2/test/4enl_ref2",
      "true_positive_site_pair_count": 203202,
      "false_positive_site_pair_count": 5456,
      "true_site_pair_count": 564930,
      "precision": 0.9738519491224875,
      "recall": 0.3596941213955711
    },
    {
      "name": "ref2/test/3grs_ref2",
      "true_positive_site_pair_count": 22612,
      "false_positive_site_pair_count": 5566,
      "true_site_pair_count": 249600,
      "precision": 0.8024700120661509,
      "recall": 0.09059294871794872
    },
    {
      "name": "ref2/test/1csy_ref2",
      "true_positive_site_pair_count": 6418,
      "false_positive_site_pair_count": 5822,
      "true_site_pair_count": 67760,
      "precision": 0.5243464052287582,
      "recall": 0.09471664698937426
    },
    {
      "name": "ref2/test/1mrj_ref2",
      "true_positive_site_pair_count": 4774,
      "false_positive_site_pair_count": 20,
      "true_site_pair_count": 33120,
      "precision": 0.9958281184814352,
      "recall": 0.1441425120772947
    },
    {
      "name": "ref2/test/1tis_ref2",
      "true_positive_site_pair_count": 197426,
      "false_positive_site_pair_count": 846,
      "true_site_pair_count": 423576,
      "precision": 0.9957331342801807,
      "recall": 0.46609345194250856
    },
    {
      "name": "ref2/test/1dox_ref2",
      "true_positive_site_pair_count": 1752,
      "false_positive_site_pair_count": 12,
      "true_site_pair_count": 18480,
      "precision": 0.9931972789115646,
      "recall": 0.09480519480519481
    },
    {
      "name": "ref2/test/1ycc_ref2",
      "true_positive_site_pair_count": 28562,
      "false_positive_site_pair_count": 68,
      "true_site_pair_count": 90240,
      "precision": 0.997624869018512,
      "recall": 0.316511524822695
    },
    {
      "name": "ref2/test/1uky_ref2",
      "true_positive_site_pair_count": 23550,
      "false_positive_site_pair_count": 294,
      "true_site_pair_count": 371700,
      "precision": 0.9876698540513337,
      "recall": 0.06335754640839386
    },
    {
      "name": "ref2/test/1sesA_ref2",
      "true_positive_site_pair_count": 295718,
      "false_positive_site_pair_count": 1512,
      "true_site_pair_count": 816480,
      "precision": 0.9949130303132254,
      "recall": 0.3621864589457182
    }
  ]
}