{
  "path": "./data/bb3_release/RV20",
  "results": [
    {
      "name": "ref2/test/1aboA_ref2",
      "true_positive_site_pair_count": 216,
      "false_positive_site_pair_count": 304,
      "true_site_pair_count": 6042,
      "precision": 0.4153846153846154,
      "recall": 0.03574975173783516
    },
    {
      "name": "ref2/test/1havA_ref2",
      "true_positive_site_pair_count": 35520,
      "false_positive_site_pair_count": 772,
      "true_site_pair_count": 133120,
      "precision": 0.9787280943458614,
      "recall": 0.2668269230769231
    },
    {
      "name": "ref2/test/1wit_ref2",
      "true_positive_site_pair_count": 21914,
      "false_positive_site_pair_count": 160,
      "true_site_pair_count": 120780,
      "precision": 0.9927516535290387,
      "recall": 0.18143732406027488
    },
    {
      "name": "ref2/test/1thm_ref2",
      "true_positive_site_pair_count": 18278,
      "false_positive_site_pair_count": 504,
      "true_site_pair_count": 90944,
      "precision": 0.9731657970397188,
      "recall": 0.2009808233638283
    },
    {
      "name": "ref2/test/2trx_ref2",
      "true_positive_site_pair_count": 13048,
      "false_positive_site_pair_count": 638,
      "true_site_pair_count": 147420,
      "precision": 0.9533830191436504,
      "recall": 0.08850902184235518
    },
    {
      "name": "ref2/test/1dlc_ref2",
      "true_positive_site_pair_count": 51440,
      "false_positive_site_pair_count": 1132,
      "true_site_pair_count": 239540,
      "precision": 0.9784676253518984,
      "recall": 0.21474492777824164
    },
    {
      "name": "ref2/test/kinase_ref2",
      "true_positive_site_pair_count": 77676,
      "false_positive_site_pair_count": 13162,
      "true_site_pair_count": 340656,
      "precision": 0.8551046918690416,
      "recall": 0.22801888121741581
    },
    {
      "name": "ref2/test/1aab_ref2",
      "true_positive_site_pair_count": 602,
      "false_positive_site_pair_count": 932,
      "true_site_pair_count": 12000,
      "precision": 0.3924380704041721,
      "recall": 0.050166666666666665
    },
    {
      "name": "ref2/test/1eft_ref2",
      "true_positive_site_pair_count": 19804,
      "false_positive_site_pair_count": 490,
      "true_site_pair_count": 74412,
      "precision": 0.9758549324923623,
      "recall": 0.26613986991345484
    },
    {
      "name": "ref2/test/451c_ref2",
      "true_positive_site_pair_count": 13662,
      "false_positive_site_pair_count": 150,
      "true_site_pair_count": 60270,
      "precision": 0.9891398783666377,
      "recall": 0.22667994026879043
    },
    {
      "name": "ref2/test/1amk_ref2",
      "true_positive_site_pair_count": 69566,
      "false_positive_site_pair_count": 218,
      "true_site_pair_count": 466650,
      "precision": 0.9968760747449272,
      "recall": 0.14907532411871852
    },
    {
      "name": "ref2/test/1daaA_ref2",
      "true_positive_site_pair_count": 16176,
      "false_positive_site_pair_count": 118,
      "true_site_pair_count": 95816,
      "precision": 0.9927580704553823,
      "recall": 0.16882357852550722
    },
    {
      "name": "ref2/test/glg_ref2",
      "true_positive_site_pair_count": 398340,
      "false_positive_site_pair_count": 1020,
      "true_site_pair_count": 1616112,
      "precision": 0.9974459134615384,
      "recall": 0.24648044194956786
    },
    {
      "name": "ref2/test/1lci_ref2",
      "true_positive_site_pair_count": 227240,
      "false_positive_site_pair_count": 330,
      "true_site_pair_count": 522720,
      "precision": 0.9985498967350706,
      "recall": 0.434726048362412
    },
    {
      "name": "ref2/test/1ajsA_ref2",
      "true_positive_site_pair_count": 27216,
      "false_positive_site_pair_count": 332,
      "true_site_pair_count": 163590,
      "precision": 0.9879483084071439,
      "recall": 0.1663671373555841
    },
    {
      "name": "ref2/test/1ubi_ref2",
      "true_positive_site_pair_count": 27738,
      "false_positive_site_pair_count": 24,
      "true_site_pair_count": 69184,
      "precision": 0.9991355089690944,
      "recall": 0.4009308510638298
    },
    {
      "name": "ref2/test/1ped_ref2",
      "true_positive_site_pair_count": 37740,
      "false_positive_site_pair_count": 450,
      "true_site_pair_count": 409944,
      "precision": 0.9882168106834249,
      "recall": 0.09206135472162051
    },
    {
      "name": "ref2/test/1idy_ref2",
      "true_positive_site_pair_count": 5388,
      "false_positive_site_pair_count": 36236,
      "true_site_pair_count": 33300,
      "precision": 0.12944455122044973,
      "recall": 0.16180180180180181
    },
    {
      "name": "ref2/test/1pgtA_ref2",
      "true_positive_site_pair_count": 11028,
      "false_positive_site_pair_count": 50,
      "true_site_pair_count": 72540,
      "precision": 0.9954865499187578,
      "recall": 0.15202646815550042
    },
    {
      "name": "ref2/test/1taq_ref2",
      "true_positive_site_pair_count": 14814,
      "false_positive_site_pair_count": 7882,
      "true_site_pair_count": 200384,
      "precision": 0.6527141346492774,
      "recall": 0.07392805812839348
    },
    {
      "name": "ref2/test/1ad3_ref2",
      "true_positive_site_pair_count": 222396,
      "false_positive_site_pair_count": 2514,
      "true_site_pair_count": 1193842,
      "precision": 0.9888221955448846,
      "recall": 0.18628595743825396
    },
    {
      "name": "ref2/test/1adj_ref2",
      "true_positive_site_pair_count": 162760,
      "false_positive_site_pair_count": 4058,
      "true_site_pair_count": 712800,
      "precision": 0.9756740879281612,
      "recall": 0.22833894500561167
    },
    {
      "name": "ref2/test/1gdoA_ref2",
      "true_positive_site_pair_count": 2806,
      "false_positive_site_pair_count": 256,
      "true_site_pair_count": 65016,
      "precision": 0.9163945133899413,
      "recall": 0.04315860711209549
    },
    {
      "name": "ref2/test/1cpt_ref2",
      "true_positive_site_pair_count": 4296,
      "false_positive_site_pair_count": 60,
      "true_site_pair_count": 76912,
      "precision": 0.9862258953168044,
      "recall": 0.055856043270230915
    },
    {
      "name": "ref2/test/1lvl_ref2",
      "true_positive_site_pair_count": 14662,
      "false_positive_site_pair_count": 176,
      "true_site_pair_count": 69000,
      "precision": 0.9881385631486723,
      "recall": 0.2124927536231884
    },
    {
      "name": "ref2/test/2hsdA_ref2",
      "true_positive_site_pair_count": 15468,
      "false_positive_site_pair_count": 548,
      "true_site_pair_count": 287448,
      "precision": 0.9657842157842158,
      "recall": 0.05381147198797696
    },
    {
      "name": "ref2/test/2pia_ref2",
      "true_positive_site_pair_count": 12138,
      "false_positive_site_pair_count": 1368,
      "true_site_pair_count": 59500,
      "precision": 0.8987116836961351,
      "recall": 0.204
    },
    {
      "name": "ref2/test/1kfj_ref2",
      "true_positive_site_pair_count": 4990,
      "false_positive_site_pair_count": 936,
      "true_site_pair_count": 58968,
      "precision": 0.8420519743503206,
      "recall": 0.08462216795550129
    },
    {
      "name": "ref2/test/1pamA_ref2",
      "true_positive_site_pair_count": 147924,
      "false_positive_site_pair_count": 1306,
      "true_site_pair_count": 361036,
      "precision": 0.9912484084969511,
      "recall": 0.40972091425785795
    },
    {
      "name": "ref2/test/1ldg_ref2",
      "true_positive_site_pair_count": 61660,
      "false_positive_site_pair_count": 156,
      "true_site_pair_count": 396864,
      "precision": 0.9974763815193477,
      "recall": 0.1553680857926141
    },
    {
      "name": "ref2/test/1tvxA_ref2",
      "true_positive_site_pair_count": 3978,
      "false_positive_site_pair_count": 154,
      "true_site_pair_count": 23548,
      "precision": 0.962729912875121,
      "recall": 0.16893154408017666
    },
    {
      "name": "ref2/test/1r69_ref2",
      "true_positive_site_pair_count": 15824,
      "false_positive_site_pair_count": 2242,
      "true_site_pair_count": 26970,
      "precision": 0.8758994796855972,
      "recall": 0.5867259918427883
    },
    {
      "name": "ref2/test/4enl_ref2",
      "true_positive_site_pair_count": 178410,
      "false_positive_site_pair_count": 1370,
      "true_site_pair_count": 564930,
      "precision": 0.9923795750361553,
      "recall": 0.3158090382879295
    },
    {
      "name": "ref2/test/3grs_ref2",
      "true_positive_site_pair_count": 23176,
      "false_positive_site_pair_count": 1120,
      "true_site_pair_count": 249600,
      "precision": 0.9539018768521568,
      "recall": 0.09285256410256411
    },
    {
      "name": "ref2/test/1csy_ref2",
      "true_positive_site_pair_count": 4554,
      "false_positive_site_pair_count": 3840,
      "true_site_pair_count": 67760,
      "precision": 0.54253037884203,
      "recall": 0.0672077922077922
    },
    {
      "name": "ref2/test/1mrj_ref2",
      "true_positive_site_pair_count": 5272,
      "false_positive_site_pair_count": 26,
      "true_site_pair_count": 33120,
      "precision": 0.9950924877312193,
      "recall": 0.15917874396135265
    },
    {
      "name": "ref2/test/1tis_ref2",
      "true_positive_site_pair_count": 159510,
      "false_positive_site_pair_count": 890,
      "true_site_pair_count": 423576,
      "precision": 0.9944513715710723,
      "recall": 0.3765794095982775
    },
    {
      "name": "ref2/test/1dox_ref2",
      "true_positive_site_pair_count": 2000,
      "false_positive_site_pair_count": 8,
      "true_site_pair_count": 18480,
      "precision": 0.9960159362549801,
      "recall": 0.10822510822510822
    },
    {
      "name": "ref2/test/1ycc_ref2",
      "true_positive_site_pair_count": 21794,
      "false_positive_site_pair_count": 58,
      "true_site_pair_count": 90240,
      "precision": 0.9973457807065714,
      "recall": 0.24151152482269503
    },
    {
      "name": "ref2/test/1uky_ref2",
      "true_positive_site_pair_count": 28540,
      "false_positive_site_pair_count": 194,
      "true_site_pair_count": 371700,
      "precision": 0.9932484165100578,
      "recall": 0.07678235135862255
    },
    {
      "name": "ref2/test/1sesA_ref2",
      "true_positive_site_pair_count": 226290,
      "false_positive_site_pair_count": 1318,
      "true_site_pair_count": 816480,
      "precision": 0.9942093423781238,
      "recall": 0.27715314520870077
    }
  ]
}