{
  "path": "./data/bb3_release/RV20",
  "results": [
    {
      "name": "ref2/test/1aboA_ref2",
      "true_positive_site_pair_count": 230,
      "false_positive_site_pair_count": 320,
      "true_site_pair_count": 6042,
      "precision": 0.41818181818181815,
      "recall": 0.03806686527639854
    },
    {
      "name": "ref2/test/1havA_ref2",
      "true_positive_site_pair_count": 32738,
      "false_positive_site_pair_count": 750,
      "true_site_pair_count": 133120,
      "precision": 0.9776039178213092,
      "recall": 0.24592848557692307
    },
    {
      "name": "ref2/test/1wit_ref2",
      "true_positive_site_pair_count": 25706,
      "false_positive_site_pair_count": 310,
      "true_site_pair_count": 120780,
      "precision": 0.9880842558425584,
      "recall": 0.21283325053816857
    },
    {
      "name": "ref2/test/1thm_ref2",
      "true_positive_site_pair_count": 18142,
      "false_positive_site_pair_count": 306,
      "true_site_pair_count": 90944,
      "precision": 0.9834128360797918,
      "recall": 0.1994853976073188
    },
    {
      "name": "ref2/test/2trx_ref2",
      "true_positive_site_pair_count": 16854,
      "false_positive_site_pair_count": 700,
      "true_site_pair_count": 147420,
      "precision": 0.9601230488777487,
      "recall": 0.11432641432641433
    },
    {
      "name": "ref2/test/1dlc_ref2",
      "true_positive_site_pair_count": 56516,
      "false_positive_site_pair_count": 1686,
      "true_site_pair_count": 239540,
      "precision": 0.9710319233016047,
      "recall": 0.2359355431243216
    },
    {
      "name": "ref2/test/kinase_ref2",
      "true_positive_site_pair_count": 100152,
      "false_positive_site_pair_count": 15952,
      "true_site_pair_count": 340656,
      "precision": 0.862605939502515,
      "recall": 0.29399746371706353
    },
    {
      "name": "ref2/test/1aab_ref2",
      "true_positive_site_pair_count": 698,
      "false_positive_site_pair_count": 530,
      "true_site_pair_count": 12000,
      "precision": 0.5684039087947883,
      "recall": 0.058166666666666665
    },
    {
      "name": "ref2/test/1eft_ref2",
      "true_positive_site_pair_count": 19532,
      "false_positive_site_pair_count": 888,
      "true_site_pair_count": 74412,
      "precision": 0.956513222331048,
      "recall": 0.26248454550341344
    },
    {
      "name": "ref2/test/451c_ref2",
      "true_positive_site_pair_count": 18860,
      "false_positive_site_pair_count": 94,
      "true_site_pair_count": 60270,
      "precision": 0.9950406246702543,
      "recall": 0.3129251700680272
    },
    {
      "name": "ref2/test/1amk_ref2",
      "true_positive_site_pair_count": 68846,
      "false_positive_site_pair_count": 244,
      "true_site_pair_count": 466650,
      "precision": 0.996468374583876,
      "recall": 0.14753241187185256
    },
    {
      "name": "ref2/test/1daaA_ref2",
      "true_positive_site_pair_count": 20324,
      "false_positive_site_pair_count": 90,
      "true_site_pair_count": 95816,
      "precision": 0.9955912608993828,
      "recall": 0.2121148868664941
    },
    {
      "name": "ref2/test/glg_ref2",
      "true_positive_site_pair_count": 457550,
      "false_positive_site_pair_count": 1836,
      "true_site_pair_count": 1616112,
      "precision": 0.9960033610079541,
      "recall": 0.2831177542150544
    },
    {
      "name": "ref2/test/1lci_ref2",
      "true_positive_site_pair_count": 251444,
      "false_positive_site_pair_count": 642,
      "true_site_pair_count": 522720,
      "precision": 0.9974532500813215,
      "recall": 0.4810299969390878
    },
    {
      "name": "ref2/test/1ajsA_ref2",
      "true_positive_site_pair_count": 32610,
      "false_positive_site_pair_count": 496,
      "true_site_pair_count": 163590,
      "precision": 0.9850178215429227,
      "recall": 0.19933981294700165
    },
    {
      "name": "ref2/test/1ubi_ref2",
      "true_positive_site_pair_count": 32704,
      "false_positive_site_pair_count": 88,
      "true_site_pair_count": 69184,
      "precision": 0.9973164186386924,
      "recall": 0.4727104532839963
    },
    {
      "name": "ref2/test/1ped_ref2",
      "true_positive_site_pair_count": 37408,
      "false_positive_site_pair_count": 430,
      "true_site_pair_count": 409944,
      "precision": 0.9886357629895872,
      "recall": 0.09125148800811818
    },
    {
      "name": "ref2/test/1idy_ref2",
      "true_positive_site_pair_count": 7052,
      "false_positive_site_pair_count": 42118,
      "true_site_pair_count": 33300,
      "precision": 0.14342078503152328,
      "recall": 0.21177177177177178
    },
    {
      "name": "ref2/test/1pgtA_ref2",
      "true_positive_site_pair_count": 12018,
      "false_positive_site_pair_count": 60,
      "true_site_pair_count": 72540,
      "precision": 0.9950322901142573,
      "recall": 0.16567411083540115
    },
    {
      "name": "ref2/test/1taq_ref2",
      "true_positive_site_pair_count": 16236,
      "false_positive_site_pair_count": 8314,
      "true_site_pair_count": 200384,
      "precision": 0.6613441955193483,
      "recall": 0.08102443308847014
    },
    {
      "name": "ref2/test/1ad3_ref2",
      "true_positive_site_pair_count": 268740,
      "false_positive_site_pair_count": 2932,
      "true_site_pair_count": 1193842,
      "precision": 0.9892075738390412,
      "recall": 0.22510516467003172
    },
    {
      "name": "ref2/test/1adj_ref2",
      "true_positive_site_pair_count": 191156,
      "false_positive_site_pair_count": 5042,
      "true_site_pair_count": 712800,
      "precision": 0.9743014709630068,
      "recall": 0.2681762065095398
    },
    {
      "name": "ref2/test/1gdoA_ref2",
      "true_positive_site_pair_count": 3220,
      "false_positive_site_pair_count": 196,
      "true_site_pair_count": 65016,
      "precision": 0.9426229508196722,
      "recall": 0.04952627045650301
    },
    {
      "name": "ref2/test/1cpt_ref2",
      "true_positive_site_pair_count": 5390,
      "false_positive_site_pair_count": 116,
      "true_site_pair_count": 76912,
      "precision": 0.9789320741009807,
      "recall": 0.07008009153318077
    },
    {
      "name": "ref2/test/1lvl_ref2",
      "true_positive_site_pair_count": 15592,
      "false_positive_site_pair_count": 150,
      "true_site_pair_count": 69000,
      "precision": 0.990471350527252,
      "recall": 0.2259710144927536
    },
    {
      "name": "ref2/test/2hsdA_ref2",
      "true_positive_site_pair_count": 16098,
      "false_positive_site_pair_count": 558,
      "true_site_pair_count": 287448,
      "precision": 0.9664985590778098,
      "recall": 0.056003172747766554
    },
    {
      "name": "ref2/test/2pia_ref2",
      "true_positive_site_pair_count": 13374,
      "false_positive_site_pair_count": 1154,
      "true_site_pair_count": 59500,
      "precision": 0.92056718061674,
      "recall": 0.22477310924369748
    },
    {
      "name": "ref2/test/1kfj_ref2",
      "true_positive_site_pair_count": 6276,
      "false_positive_site_pair_count": 1012,
      "true_site_pair_count": 58968,
      "precision": 0.8611416026344676,
      "recall": 0.10643060643060644
    },
    {
      "name": "ref2/test/1pamA_ref2",
      "true_positive_site_pair_count": 165112,
      "false_positive_site_pair_count": 1744,
      "true_site_pair_count": 361036,
      "precision": 0.9895478736155727,
      "recall": 0.45732835506708475
    },
    {
      "name": "ref2/test/1ldg_ref2",
      "true_positive_site_pair_count": 67370,
      "false_positive_site_pair_count": 210,
      "true_site_pair_count": 396864,
      "precision": 0.9968925717667949,
      "recall": 0.1697558861473956
    },
    {
      "name": "ref2/test/1tvxA_ref2",
      "true_positive_site_pair_count": 4326,
      "false_positive_site_pair_count": 72,
      "true_site_pair_count": 23548,
      "precision": 0.9836289222373806,
      "recall": 0.18370986920332938
    },
    {
      "name": "ref2/test/1r69_ref2",
      "true_positive_site_pair_count": 17328,
      "false_positive_site_pair_count": 1928,
      "true_site_pair_count": 26970,
      "precision": 0.8998753635230577,
      "recall": 0.6424916573971079
    },
    {
      "name": "ref2/test/4enl_ref2",
      "true_positive_site_pair_count": 193296,
      "false_positive_site_pair_count": 1658,
      "true_site_pair_count": 564930,
      "precision": 0.9914954296911066,
      "recall": 0.3421592055652913
    },
    {
      "name": "ref2/test/3grs_ref2",
      "true_positive_site_pair_count": 23070,
      "false_positive_site_pair_count": 1250,
      "true_site_pair_count": 249600,
      "precision": 0.9486019736842105,
      "recall": 0.09242788461538462
    },
    {
      "name": "ref2/test/1csy_ref2",
      "true_positive_site_pair_count": 6198,
      "false_positive_site_pair_count": 5348,
      "true_site_pair_count": 67760,
      "precision": 0.5368092846007275,
      "recall": 0.09146989374262102
    },
    {
      "name": "ref2/test/1mrj_ref2",
      "true_positive_site_pair_count": 4950,
      "false_positive_site_pair_count": 20,
      "true_site_pair_count": 33120,
      "precision": 0.9959758551307847,
      "recall": 0.14945652173913043
    },
    {
      "name": "ref2/test/1tis_ref2",
      "true_positive_site_pair_count": 182904,
      "false_positive_site_pair_count": 826,
      "true_site_pair_count": 423576,
      "precision": 0.9955042725738856,
      "recall": 0.43180916765822425
    },
    {
      "name": "ref2/test/1dox_ref2",
      "true_positive_site_pair_count": 1808,
      "false_positive_site_pair_count": 22,
      "true_site_pair_count": 18480,
      "precision": 0.9879781420765027,
      "recall": 0.09783549783549783
    },
    {
      "name": "ref2/test/1ycc_ref2",
      "true_positive_site_pair_count": 28420,
      "false_positive_site_pair_count": 38,
      "true_site_pair_count": 90240,
      "precision": 0.9986646988544522,
      "recall": 0.31493794326241137
    },
    {
      "name": "ref2/test/1uky_ref2",
      "true_positive_site_pair_count": 24332,
      "false_positive_site_pair_count": 300,
      "true_site_pair_count": 371700,
      "precision": 0.987820721013316,
      "recall": 0.06546139359698681
    },
    {
      "name": "ref2/test/1sesA_ref2",
      "true_positive_site_pair_count": 262294,
      "false_positive_site_pair_count": 1484,
      "true_site_pair_count": 816480,
      "precision": 0.9943740569721509,
      "recall": 0.32124975504605136
    }
  ]
}