{
  "path": "./data/bb3_release/RV20",
  "results": [
    {
      "name": "ref2/test/1aboA_ref2",
      "true_positive_site_pair_count": 248,
      "false_positive_site_pair_count": 418,
      "true_site_pair_count": 6042,
      "precision": 0.37237237237237236,
      "recall": 0.04104601125455147
    },
    {
      "name": "ref2/test/1havA_ref2",
      "true_positive_site_pair_count": 45488,
      "false_positive_site_pair_count": 724,
      "true_site_pair_count": 133120,
      "precision": 0.984333073660521,
      "recall": 0.34170673076923075
    },
    {
      "name": "ref2/test/1wit_ref2",
      "true_positive_site_pair_count": 24566,
      "false_positive_site_pair_count": 346,
      "true_site_pair_count": 120780,
      "precision": 0.9861111111111112,
      "recall": 0.2033946017552575
    },
    {
      "name": "ref2/test/1thm_ref2",
      "true_positive_site_pair_count": 17504,
      "false_positive_site_pair_count": 380,
      "true_site_pair_count": 90944,
      "precision": 0.9787519570565869,
      "recall": 0.19247009148486982
    },
    {
      "name": "ref2/test/2trx_ref2",
      "true_positive_site_pair_count": 14042,
      "false_positive_site_pair_count": 776,
      "true_site_pair_count": 147420,
      "precision": 0.947631259279255,
      "recall": 0.09525166191832858
    },
    {
      "name": "ref2/test/1dlc_ref2",
      "true_positive_site_pair_count": 53444,
      "false_positive_site_pair_count": 1354,
      "true_site_pair_count": 239540,
      "precision": 0.9752910690171174,
      "recall": 0.22311096267846706
    },
    {
      "name": "ref2/test/kinase_ref2",
      "true_positive_site_pair_count": 79584,
      "false_positive_site_pair_count": 13652,
      "true_site_pair_count": 340656,
      "precision": 0.85357587198078,
      "recall": 0.23361983936874736
    },
    {
      "name": "ref2/test/1aab_ref2",
      "true_positive_site_pair_count": 664,
      "false_positive_site_pair_count": 758,
      "true_site_pair_count": 12000,
      "precision": 0.4669479606188467,
      "recall": 0.05533333333333333
    },
    {
      "name": "ref2/test/1eft_ref2",
      "true_positive_site_pair_count": 19616,
      "false_positive_site_pair_count": 648,
      "true_site_pair_count": 74412,
      "precision": 0.9680221081721279,
      "recall": 0.2636133956888674
    },
    {
      "name": "ref2/test/451c_ref2",
      "true_positive_site_pair_count": 16866,
      "false_positive_site_pair_count": 28,
      "true_site_pair_count": 60270,
      "precision": 0.9983426068426661,
      "recall": 0.27984071677451466
    },
    {
      "name": "ref2/test/1amk_ref2",
      "true_positive_site_pair_count": 64976,
      "false_positive_site_pair_count": 116,
      "true_site_pair_count": 466650,
      "precision": 0.9982179069624532,
      "recall": 0.13923925854494804
    },
    {
      "name": "ref2/test/1daaA_ref2",
      "true_positive_site_pair_count": 18844,
      "false_positive_site_pair_count": 112,
      "true_site_pair_count": 95816,
      "precision": 0.9940915805022157,
      "recall": 0.19666861484511983
    },
    {
      "name": "ref2/test/glg_ref2",
      "true_positive_site_pair_count": 424308,
      "false_positive_site_pair_count": 1754,
      "true_site_pair_count": 1616112,
      "precision": 0.9958832282625534,
      "recall": 0.26254863524310196
    },
    {
      "name": "ref2/test/1lci_ref2",
      "true_positive_site_pair_count": 238708,
      "false_positive_site_pair_count": 382,
      "true_site_pair_count": 522720,
      "precision": 0.9984022752938224,
      "recall": 0.45666513621059074
    },
    {
      "name": "ref2/test/1ajsA_ref2",
      "true_positive_site_pair_count": 29308,
      "false_positive_site_pair_count": 328,
      "true_site_pair_count": 163590,
      "precision": 0.9889323795383993,
      "recall": 0.17915520508588545
    },
    {
      "name": "ref2/test/1ubi_ref2",
      "true_positive_site_pair_count": 30270,
      "false_positive_site_pair_count": 74,
      "true_site_pair_count": 69184,
      "precision": 0.9975612971262853,
      "recall": 0.43752890841813136
    },
    {
      "name": "ref2/test/1ped_ref2",
      "true_positive_site_pair_count": 38286,
      "false_positive_site_pair_count": 270,
      "true_site_pair_count": 409944,
      "precision": 0.9929971988795518,
      "recall": 0.09339324395527195
    },
    {
      "name": "ref2/test/1idy_ref2",
      "true_positive_site_pair_count": 6386,
      "false_positive_site_pair_count": 37066,
      "true_site_pair_count": 33300,
      "precision": 0.1469667679278284,
      "recall": 0.19177177177177177
    },
    {
      "name": "ref2/test/1pgtA_ref2",
      "true_positive_site_pair_count": 11606,
      "false_positive_site_pair_count": 58,
      "true_site_pair_count": 72540,
      "precision": 0.9950274348422496,
      "recall": 0.15999448580093742
    },
    {
      "name": "ref2/test/1taq_ref2",
      "true_positive_site_pair_count": 15544,
      "false_positive_site_pair_count": 7268,
      "true_site_pair_count": 200384,
      "precision": 0.6813957566193232,
      "recall": 0.0775710635579687
    },
    {
      "name": "ref2/test/1ad3_ref2",
      "true_positive_site_pair_count": 233936,
      "false_positive_site_pair_count": 2420,
      "true_site_pair_count": 1193842,
      "precision": 0.9897612076697863,
      "recall": 0.19595222818429908
    },
    {
      "name": "ref2/test/1adj_ref2",
      "true_positive_site_pair_count": 167652,
      "false_positive_site_pair_count": 4532,
      "true_site_pair_count": 712800,
      "precision": 0.9736793197974261,
      "recall": 0.2352020202020202
    },
    {
      "name": "ref2/test/1gdoA_ref2",
      "true_positive_site_pair_count": 2704,
      "false_positive_site_pair_count": 406,
      "true_site_pair_count": 65016,
      "precision": 0.8694533762057878,
      "recall": 0.04158976251999508
    },
    {
      "name": "ref2/test/1cpt_ref2",
      "true_positive_site_pair_count": 5290,
      "false_positive_site_pair_count": 96,
      "true_site_pair_count": 76912,
      "precision": 0.9821760118826588,
      "recall": 0.0687799043062201
    },
    {
      "name": "ref2/test/1lvl_ref2",
      "true_positive_site_pair_count": 15148,
      "false_positive_site_pair_count": 190,
      "true_site_pair_count": 69000,
      "precision": 0.987612465771287,
      "recall": 0.21953623188405796
    },
    {
      "name": "ref2/test/2hsdA_ref2",
      "true_positive_site_pair_count": 16786,
      "false_positive_site_pair_count": 500,
      "true_site_pair_count": 287448,
      "precision": 0.9710748582668055,
      "recall": 0.058396649133060585
    },
    {
      "name": "ref2/test/2pia_ref2",
      "true_positive_site_pair_count": 11938,
      "false_positive_site_pair_count": 1258,
      "true_site_pair_count": 59500,
      "precision": 0.9046680812367384,
      "recall": 0.20063865546218487
    },
    {
      "name": "ref2/test/1kfj_ref2",
      "true_positive_site_pair_count": 6338,
      "false_positive_site_pair_count": 1140,
      "true_site_pair_count": 58968,
      "precision": 0.8475528216100562,
      "recall": 0.10748202414869082
    },
    {
      "name": "ref2/test/1pamA_ref2",
      "true_positive_site_pair_count": 153478,
      "false_positive_site_pair_count": 1540,
      "true_site_pair_count": 361036,
      "precision": 0.9900656697931853,
      "recall": 0.4251044217197177
    },
    {
      "name": "ref2/test/1ldg_ref2",
      "true_positive_site_pair_count": 65374,
      "false_positive_site_pair_count": 174,
      "true_site_pair_count": 396864,
      "precision": 0.9973454567645085,
      "recall": 0.16472645541041767
    },
    {
      "name": "ref2/test/1tvxA_ref2",
      "true_positive_site_pair_count": 4106,
      "false_positive_site_pair_count": 148,
      "true_site_pair_count": 23548,
      "precision": 0.9652092148566056,
      "recall": 0.17436724987260063
    },
    {
      "name": "ref2/test/1r69_ref2",
      "true_positive_site_pair_count": 15822,
      "false_positive_site_pair_count": 1952,
      "true_site_pair_count": 26970,
      "precision": 0.8901766625407899,
      "recall": 0.5866518353726362
    },
    {
      "name": "ref2/test/4enl_ref2",
      "true_positive_site_pair_count": 181792,
      "false_positive_site_pair_count": 1282,
      "true_site_pair_count": 564930,
      "precision": 0.9929973671848542,
      "recall": 0.32179562069636947
    },
    {
      "name": "ref2/test/3grs_ref2",
      "true_positive_site_pair_count": 22846,
      "false_positive_site_pair_count": 1238,
      "true_site_pair_count": 249600,
      "precision": 0.9485965786414217,
      "recall": 0.09153044871794871
    },
    {
      "name": "ref2/test/1csy_ref2",
      "true_positive_site_pair_count": 4936,
      "false_positive_site_pair_count": 3728,
      "true_site_pair_count": 67760,
      "precision": 0.569713758079409,
      "recall": 0.07284533648170012
    },
    {
      "name": "ref2/test/1mrj_ref2",
      "true_positive_site_pair_count": 5204,
      "false_positive_site_pair_count": 20,
      "true_site_pair_count": 33120,
      "precision": 0.9961715160796325,
      "recall": 0.1571256038647343
    },
    {
      "name": "ref2/test/1tis_ref2",
      "true_positive_site_pair_count": 164932,
      "false_positive_site_pair_count": 914,
      "true_site_pair_count": 423576,
      "precision": 0.9944888631622107,
      "recall": 0.38937994598371956
    },
    {
      "name": "ref2/test/1dox_ref2",
      "true_positive_site_pair_count": 2896,
      "false_positive_site_pair_count": 56,
      "true_site_pair_count": 18480,
      "precision": 0.981029810298103,
      "recall": 0.15670995670995672
    },
    {
      "name": "ref2/test/1ycc_ref2",
      "true_positive_site_pair_count": 24484,
      "false_positive_site_pair_count": 4,
      "true_site_pair_count": 90240,
      "precision": 0.9998366546880104,
      "recall": 0.2713209219858156
    },
    {
      "name": "ref2/test/1uky_ref2",
      "true_positive_site_pair_count": 28364,
      "false_positive_site_pair_count": 228,
      "true_site_pair_count": 371700,
      "precision": 0.9920257414661444,
      "recall": 0.07630885122410547
    },
    {
      "name": "ref2/test/1sesA_ref2",
      "true_positive_site_pair_count": 234182,
      "false_positive_site_pair_count": 1768,
      "true_site_pair_count": 816480,
      "precision": 0.9925068870523416,
      "recall": 0.28681902802273174
    }
  ]
}