{
  "path": "./data/bb3_release/RV20",
  "results": [
    {
      "name": "ref2/test/1aboA_ref2",
      "true_positive_site_pair_count": 144,
      "false_positive_site_pair_count": 252,
      "true_site_pair_count": 6042,
      "precision": 0.36363636363636365,
      "recall": 0.023833167825223437
    },
    {
      "name": "ref2/test/1havA_ref2",
      "true_positive_site_pair_count": 31854,
      "false_positive_site_pair_count": 594,
      "true_site_pair_count": 133120,
      "precision": 0.9816937869822485,
      "recall": 0.23928786057692308
    },
    {
      "name": "ref2/test/1wit_ref2",
      "true_positive_site_pair_count": 23012,
      "false_positive_site_pair_count": 186,
      "true_site_pair_count": 120780,
      "precision": 0.9919820674196052,
      "recall": 0.19052823315118397
    },
    {
      "name": "ref2/test/1thm_ref2",
      "true_positive_site_pair_count": 17552,
      "false_positive_site_pair_count": 348,
      "true_site_pair_count": 90944,
      "precision": 0.9805586592178771,
      "recall": 0.19299788881069668
    },
    {
      "name": "ref2/test/2trx_ref2",
      "true_positive_site_pair_count": 11678,
      "false_positive_site_pair_count": 658,
      "true_site_pair_count": 147420,
      "precision": 0.9466601815823605,
      "recall": 0.07921584588251256
    },
    {
      "name": "ref2/test/1dlc_ref2",
      "true_positive_site_pair_count": 49132,
      "false_positive_site_pair_count": 1238,
      "true_site_pair_count": 239540,
      "precision": 0.9754218781020448,
      "recall": 0.20510979377139518
    },
    {
      "name": "ref2/test/kinase_ref2",
      "true_positive_site_pair_count": 78610,
      "false_positive_site_pair_count": 10528,
      "true_site_pair_count": 340656,
      "precision": 0.8818910004711795,
      "recall": 0.23076065003992297
    },
    {
      "name": "ref2/test/1aab_ref2",
      "true_positive_site_pair_count": 606,
      "false_positive_site_pair_count": 864,
      "true_site_pair_count": 12000,
      "precision": 0.4122448979591837,
      "recall": 0.0505
    },
    {
      "name": "ref2/test/1eft_ref2",
      "true_positive_site_pair_count": 18314,
      "false_positive_site_pair_count": 360,
      "true_site_pair_count": 74412,
      "precision": 0.9807218592695727,
      "recall": 0.24611621781433102
    },
    {
      "name": "ref2/test/451c_ref2",
      "true_positive_site_pair_count": 13794,
      "false_positive_site_pair_count": 52,
      "true_site_pair_count": 60270,
      "precision": 0.9962444027155857,
      "recall": 0.22887008461921354
    },
    {
      "name": "ref2/test/1amk_ref2",
      "true_positive_site_pair_count": 78806,
      "false_positive_site_pair_count": 82,
      "true_site_pair_count": 466650,
      "precision": 0.9989605516681878,
      "recall": 0.16887603128683168
    },
    {
      "name": "ref2/test/1daaA_ref2",
      "true_positive_site_pair_count": 14602,
      "false_positive_site_pair_count": 132,
      "true_site_pair_count": 95816,
      "precision": 0.9910411293606625,
      "recall": 0.15239625949736996
    },
    {
      "name": "ref2/test/glg_ref2",
      "true_positive_site_pair_count": 355724,
      "false_positive_site_pair_count": 1230,
      "true_site_pair_count": 1616112,
      "precision": 0.9965541778492467,
      "recall": 0.2201109824071599
    },
    {
      "name": "ref2/test/1lci_ref2",
      "true_positive_site_pair_count": 209134,
      "false_positive_site_pair_count": 176,
      "true_site_pair_count": 522720,
      "precision": 0.9991591419425733,
      "recall": 0.4000880012243649
    },
    {
      "name": "ref2/test/1ajsA_ref2",
      "true_positive_site_pair_count": 25916,
      "false_positive_site_pair_count": 286,
      "true_site_pair_count": 163590,
      "precision": 0.9890848026868178,
      "recall": 0.15842044134727062
    },
    {
      "name": "ref2/test/1ubi_ref2",
      "true_positive_site_pair_count": 24472,
      "false_positive_site_pair_count": 42,
      "true_site_pair_count": 69184,
      "precision": 0.9982866933181039,
      "recall": 0.3537234042553192
    },
    {
      "name": "ref2/test/1ped_ref2",
      "true_positive_site_pair_count": 34734,
      "false_positive_site_pair_count": 190,
      "true_site_pair_count": 409944,
      "precision": 0.9945596151643569,
      "recall": 0.08472864586382531
    },
    {
      "name": "ref2/test/1idy_ref2",
      "true_positive_site_pair_count": 4980,
      "false_positive_site_pair_count": 31028,
      "true_site_pair_count": 33300,
      "precision": 0.1383025994223506,
      "recall": 0.14954954954954955
    },
    {
      "name": "ref2/test/1pgtA_ref2",
      "true_positive_site_pair_count": 10100,
      "false_positive_site_pair_count": 50,
      "true_site_pair_count": 72540,
      "precision": 0.9950738916256158,
      "recall": 0.13923352633030053
    },
    {
      "name": "ref2/test/1taq_ref2",
      "true_positive_site_pair_count": 14852,
      "false_positive_site_pair_count": 6256,
      "true_site_pair_count": 200384,
      "precision": 0.7036194807655866,
      "recall": 0.07411769402746726
    },
    {
      "name": "ref2/test/1ad3_ref2",
      "true_positive_site_pair_count": 183664,
      "false_positive_site_pair_count": 2232,
      "true_site_pair_count": 1193842,
      "precision": 0.9879932865688342,
      "recall": 0.15384280331903216
    },
    {
      "name": "ref2/test/1adj_ref2",
      "true_positive_site_pair_count": 159094,
      "false_positive_site_pair_count": 3850,
      "true_site_pair_count": 712800,
      "precision": 0.9763722505891594,
      "recall": 0.22319584736251402
    },
    {
      "name": "ref2/test/1gdoA_ref2",
      "true_positive_site_pair_count": 3740,
      "false_positive_site_pair_count": 226,
      "true_site_pair_count": 65016,
      "precision": 0.9430156328794755,
      "recall": 0.057524301710348225
    },
    {
      "name": "ref2/test/1cpt_ref2",
      "true_positive_site_pair_count": 3398,
      "false_positive_site_pair_count": 94,
      "true_site_pair_count": 76912,
      "precision": 0.9730813287514318,
      "recall": 0.04418036197212399
    },
    {
      "name": "ref2/test/1lvl_ref2",
      "true_positive_site_pair_count": 12786,
      "false_positive_site_pair_count": 242,
      "true_site_pair_count": 69000,
      "precision": 0.9814246238870126,
      "recall": 0.18530434782608696
    },
    {
      "name": "ref2/test/2hsdA_ref2",
      "true_positive_site_pair_count": 15052,
      "false_positive_site_pair_count": 470,
      "true_site_pair_count": 287448,
      "precision": 0.9697203968560753,
      "recall": 0.052364253708496844
    },
    {
      "name": "ref2/test/2pia_ref2",
      "true_positive_site_pair_count": 12044,
      "false_positive_site_pair_count": 1350,
      "true_site_pair_count": 59500,
      "precision": 0.8992086008660595,
      "recall": 0.2024201680672269
    },
    {
      "name": "ref2/test/1kfj_ref2",
      "true_positive_site_pair_count": 4376,
      "false_positive_site_pair_count": 1336,
      "true_site_pair_count": 58968,
      "precision": 0.7661064425770309,
      "recall": 0.07420974087640754
    },
    {
      "name": "ref2/test/1pamA_ref2",
      "true_positive_site_pair_count": 139866,
      "false_positive_site_pair_count": 908,
      "true_site_pair_count": 361036,
      "precision": 0.9935499453023996,
      "recall": 0.3874018103457827
    },
    {
      "name": "ref2/test/1ldg_ref2",
      "true_positive_site_pair_count": 58934,
      "false_positive_site_pair_count": 182,
      "true_site_pair_count": 396864,
      "precision": 0.9969213072603018,
      "recall": 0.148499233994517
    },
    {
      "name": "ref2/test/1tvxA_ref2",
      "true_positive_site_pair_count": 3076,
      "false_positive_site_pair_count": 140,
      "true_site_pair_count": 23548,
      "precision": 0.9564676616915423,
      "recall": 0.1306268048241889
    },
    {
      "name": "ref2/test/1r69_ref2",
      "true_positive_site_pair_count": 14404,
      "false_positive_site_pair_count": 2484,
      "true_site_pair_count": 26970,
      "precision": 0.8529133112269067,
      "recall": 0.5340748980348535
    },
    {
      "name": "ref2/test/4enl_ref2",
      "true_positive_site_pair_count": 157236,
      "false_positive_site_pair_count": 908,
      "true_site_pair_count": 564930,
      "precision": 0.9942583974099555,
      "recall": 0.2783282884605172
    },
    {
      "name": "ref2/test/3grs_ref2",
      "true_positive_site_pair_count": 25058,
      "false_positive_site_pair_count": 1412,
      "true_site_pair_count": 249600,
      "precision": 0.9466565923687194,
      "recall": 0.1003926282051282
    },
    {
      "name": "ref2/test/1csy_ref2",
      "true_positive_site_pair_count": 3554,
      "false_positive_site_pair_count": 2942,
      "true_site_pair_count": 67760,
      "precision": 0.5471059113300493,
      "recall": 0.05244982290436836
    },
    {
      "name": "ref2/test/1mrj_ref2",
      "true_positive_site_pair_count": 4938,
      "false_positive_site_pair_count": 18,
      "true_site_pair_count": 33120,
      "precision": 0.9963680387409201,
      "recall": 0.14909420289855072
    },
    {
      "name": "ref2/test/1tis_ref2",
      "true_positive_site_pair_count": 159504,
      "false_positive_site_pair_count": 876,
      "true_site_pair_count": 423576,
      "precision": 0.9945379723157501,
      "recall": 0.3765652444897728
    },
    {
      "name": "ref2/test/1dox_ref2",
      "true_positive_site_pair_count": 1918,
      "false_positive_site_pair_count": 0,
      "true_site_pair_count": 18480,
      "precision": 1.0,
      "recall": 0.10378787878787879
    },
    {
      "name": "ref2/test/1ycc_ref2",
      "true_positive_site_pair_count": 22278,
      "false_positive_site_pair_count": 14,
      "true_site_pair_count": 90240,
      "precision": 0.9993719720078952,
      "recall": 0.246875
    },
    {
      "name": "ref2/test/1uky_ref2",
      "true_positive_site_pair_count": 27324,
      "false_positive_site_pair_count": 178,
      "true_site_pair_count": 371700,
      "precision": 0.9935277434368409,
      "recall": 0.07351089588377724
    },
    {
      "name": "ref2/test/1sesA_ref2",
      "true_positive_site_pair_count": 196860,
      "false_positive_site_pair_count": 1206,
      "true_site_pair_count": 816480,
      "precision": 0.9939111205355791,
      "recall": 0.24110817166372722
    }
  ]
}