1buc_A
mdfnltdiqqdflklahdfgekklaptvterdhkgiydkelidellslgitgayfeekyggsgddggdvlsyilaveelakydagvaitlsatvslcanpiwqfgteaqkekflvplvegtklgafgltepnagt-dasgq--q--tiat----knddg--t--ytl----ngskif--itnggaadiyivfamtd-kskgnhgitafiledgt--pgfty---gkke------dkmgihtsqtmelvfqdvkvpaen-mlgeeg-kgfkiammtldggri------gvaaqalgiaeaalad------aveyskqrvq--fgkp------lckfqsi------sfkladmkmqieaarnlvykaackkqegkpftvdaaiakrvasdva-mrvt-teavqifgg--ygyse--eypvar----hmr-da-------kitqiye-g-------tnevq-lmvtgga-llr
1ivh_A
ainglseeqrqlrqtmakflqehlapkaqeidrsnefknlrefwkqlgnlgvlgitapvqyggsglgylehvlvmeeisra--sgavglsygahsnlci-nqlvrngneaqkekylpklisgeyigalam-sepnagsdvv--smkl-----------kae----k----kgnhyil---ngnkfwitngpdadvlivyak---tdlaavpasrgitafivekgmpgf---stsk-----kldklgmrgsntcelifedckipa-anilgh-enkgvyvlmsgldle-----rlvlaggplglmqa-----vldhtipy--lhvrea-----fgqkighfqlm-----qgkmadmytrlmacrqyvynvakacdeghctakdcagvilysaecatqvaldgiqcfggngyi--ndfpmgrflrda------klyeiga--g-------tsev-----r--rlvigrafna
1rx0_A
psmglneeqkefqkvafdfaaremapnmaewdqkelfpvdvmrkaaqlgfggvyiqtdvggsglsrldtsvifealatgctsttayisihnmcawmidsfgneeqrhkfcpplctmekfasycl----tepgsgsdaasllt--sakkqgdhyil---ngskafisga-gesdiyvvmcrtggpg-pkgiscivvekgtpglsfgkkekkvgwnsqptravifedcavpvanrigsegqgfliavrglnggrini-ascslgaaha--svi-------ltrdhlnvrkqfge----------plasnqyl----------------------qftl--------admatrlvaarlmvrnaavalqeer----kdavalcsmaklfatdecfaicnqalqmhggygylkdyavqqy-------vrds--------rvhqile-g-------snev---m-rilisrsllq
Q10535
pkpsdaeearteaflvklrefldtvdgsvieraaqipdeyvkglaelgcfglkipseygglnmsqvaynrvlmmvttvhsslgallsahqsigvpeplklagtaeqkrrflprcaagaisafl----l----tepdvg--sdpar-m---------------------------as----------ta------------t------------------piddgqayelegvklwttngvvadllvvmarvprseghrggisafvveadspgitverrnkfmglrgiengvtrlhrvrvpkdnligregdglkialttlnagrlslpaiatgvakqalkiarewsvervqwgkpvgqheavaskisfiaatnyaldavvelssqmadegrndirieaalaklwssemaclvgdellqirggrgyetaeslaargeravpveqmvrdlrinrifegsseimrlliareavd
Q8jzn5
pevsqhelseinqfvgplekffteevdsrkidqegkipvdtleklkslglfgiqvpeeygglglsntmyarlgeiisldasitvtlaahqaiglkgiilvgndeqkakylpklssgehiaafcl----tepasg--sdaas-i--------------------qtratls---------edkkyfi------------------l------ngskvwitng-------glaniftvfaktevvdsdgsktdkmt-af---ive-rdfggitngkpedklgirg---sn-tcevhfentrvp-venvlgevgggfkv-a---mnilnsgrfsmgsavagmlkklieltaeyactrkqfnrnlsefgliqek-falmaqkayvmes-mayl-tsgmldqpgfpdcsieaamvkvfsseaawqcvsealqilggsgymkdypyermlrdarillifegtneilrlfialtglq
Q9h845
pevsqdelneinqflgpvekffteevdsrkidqegkipdetleklkslglfglqvpeeygglgfsntmysrlgeiismdgsitvtlaahqaiglkgiilagteeqkakylpklasgehiaafcl----tepasg--sdaas-i--------------------rsratls---------edkkhyi------------------l------ngskvwitng-------glaniftvfaktevvdsdgsvkdkit-af---ive-rdfggvtngkpedklgirg---sn-tcevhfentkip-venilgevgdgfkv-a---mnilnsgrfsmgsvvagllkrliemtaeyactrkqfnkrlsefgliqek-falmaqkayvmes-mtyl-tagmldqpgfpdcsieaamvkvfsseaawqcvsealqilgglgytrdypyerilrdtrillifegtneilrmyialtglq
P76200
mdfslteeqelllasirelittnfpeeyfrtcdqngtyprefmraladngismlgvpeefggipadyvtqmlalmevskcgapaflitngqcihsmrrfgsaeqlrktaestletgdpayalal----------------------------------------------------------------------------------------tepgagsdnnsatttytrkngkvyingqktfitgakeypymlvlardpqpkdpkkaftlwwvdsskpgikinplhkigwhmlstcevyldnveveesdmvgeegmgflnvmynfemerlinaarstgfaecafedaaryanqriafgkpighnqmiqeklalmaikidnmrnmvlkvawqadqhqslrtsaalaklycartameviddaiqimgglgytdearvsrfwrdvrcerigggtdeimiyvagrqilk
Q06319
mdfnltdiqqdflklahdfgekklaptvterdhkgiydkelidellslgitgayfeekyggsgddggdvlsyilaveelakydagvaitlsatvslcanpiwqfgteaqkekflvplvegtklgafgltepnagt-dasgq--q--tiat----knddg--t--ytl----ngskif--itnggaadiyivfamtd-kskgnhgitafiledgt--pgfty---gkke------dkmgihtsqtmelvfqdvkvpaen-mlgeeg-kgfkiammtldggri------gvaaqalgiaeaalad------aveyskqrvq--fgkp------lckfqsi------sfkladmkmqieaarnlvykaackkqegkpftvdaaiakrvasdva-mrvt--teavqifg-gygyse--eypvar----hmr-da-------kitqiye-g-------tnevq-lmvtgga-llr
P45867
mnfslseehemirklvrdfakhevaptaaerdeqerfdrelfremanlgltgipwpedyggigsdylayviaveelskvcastgvtlsahislcswplf-afgteeqkteyltqlalgekigafal---teagsgsdagsmkt--taerig-d-dyvl-----ng-skvf--itnggvadiyivfavtdpe-kkkkgvtafivekdfeg--fftgk---kekk-------lgirssptteimfedcvvpaskrl-geegeg-fkiamktldggrngi-------aaqavgiaqgaldaal-------qyakerkqfgksiae-------qqgi-------afkladmatmieasrlltyqaawlessglpy-gkasamsklmagdtam-kvtteavq-ifggygy--tkd---ypv-ery-----mr-da--------kitqiye-g-------tqeiq-rlvisrmlad
P52042
mdfnltreqelvrqmvrefaenevkpiaaeideterfpmenvkkmgqygmmgipfskeyggaggdvlsyiiaveelskvcgttgvilsahtslcaslin-ehgteeqkqkylvplakgekigaygl---tepnagtdsgaqqt------------vavleg-d-hy-vi-----ngskifitnggvadtfvi-famtdrtkgtkgisafi--iekgf---kgfs-------igkveqklgirassttelvfedmi-vpvenm-igkegkgfpiamktl-------dggrigiaaqalgiae-------gafnearaymkerkq-------fgrsldkfqglawmmadmdvaiesarylvykaaylkqaglpytvdaaraklhaanvam-dv-ttk-avqlfggyg--ytkd--ypv-erm-----mr-da--------kiteiye-g-------tsevq-klvisgkifr
P16219
qsvelpethqmllqtcrdfaekelfpiaaqvdkehlfpaaqvkkmgglgllamdvpeelggagldylayaiameeisrgcastgvimsvnnslylgpil-kfgskeqkqawvtpftsgdkigcfals---epgngsdagaast--taraeg-dswvl----n-gt-kawi-tnaweasaavvfastdralqnkgisaflvpmptpgl---tlgk---kedk-------lgirgsstanlifedcripkdsil-gepgmg-fkiamqtldmgrigi-------asqalgiaqtaldcav--------nyaenrmafgapltk-------lqvi-------qfkladmalalesarlltwraamlkdnkkpf-ikeaamaklaaseaat-aishq-aiqilggmgyv--te---mpa-erh-----yrd-a--------riteiye-g-------tseiq-rlviagh-llr
P15651
qsvelpethqmlrqtcrdfaekelvpiaaqldkehlfptsqvkkmgelgllamdvpeelsgagldylaysialeeisrgcastgvimsvnnslylgpil-kfgssqqkqqwitpftngdkigcfals---epgngsdagaast--tareeg-dswvl----n-gt-kawi-tnsweasatvvfastdrsrqnkgisaflvpmptpgl---tlgk---kedk-------lgirasstanlifedcripkenll-gepgmg-fkiamqtldmgrigi-------asqalgiaqasldcav--------kyaenrhafgapltk-------lqni-------qfkladmalalesarlltwraamlkdnkkpf-tkesamaklaaseaat-aishq-aiqilggmgyv--te---mpa-ery-----yrd-a--------riteiye-g-------tseiq-rlviagh-llr
Q07417
qsvelpethqmlrqtcrdfaekelvpiaaqldrehlfptaqvkkmgelgllamdvpeelsgaglgylaysialeeisracastgvimsvnnslylgpil-kfgsaqqkqqwitpftngdkigcfals---epgngsdagaast--tareeg-dswvl----n-gt-kawi-tnsweasatvvfastdrsrqnkgisaflvpmptpgl---tlgk---kedk-------lgirasstanlifedcripkenll-gepgmg-fkiamqtldmgrigi-------asqalgiaqasldcav--------kyaenrnafgapltk-------lqni-------qfkladmalalesarlltwraamlkdnkkpf-tkesamrklaaseaat-aishq-aiqilgsmgyv--te---mpa-ery-----yrd-a--------riteiye-g-------tseiq-rlviagh-llr
P79273
qsvelpetyqmlrqtcrdfaekelvpiaaqvdkehrfpeaqvkkmgelglmamdvpeelsgagldylaytiameeisrgcastgv-imsvnnflylgpi-lkfgskeqkqqwitpftsgdkvgcfals----epgngsdagaaat--taqadh--dswvl--------sg-t-kawitnaweasaavvfastdrslqnkgisaflvpm-ptag---ltlg---kke-------dklgirasstanlifedcripken-llgep-gmgfkiamktldmgr-------igiaskalgisqaal---------dcavnyaenr-raf-------gvpltklqgi-------qfkladmalalesarlltwraaml-kdnkknpfikepamaklaasea--ataithqaiqilggmgyvt-empaer--hy-rda-------riteiye-g-------tseiq-rlviaghllk
P96879
dlfklpeehdemrsairalaekeiaphaaevdekarfpeealvalnssgfnavhipeeyggqgadsvatcivieevarvdasaslipavnklgtmglilrgseelkkqvlpalaaegamasyal----sereagsdaasmrt--rakadg-dhwil---ngakcwit--nggkstwytvmavtdp--drgangisafmvhkdde--gftvg---pke-------rklgikgspttelyfencripgdr-iigep--gtgfktalatldhtr-------ptigaqavgiaqgal---------daaiaytkdrkqfge-----------sistfqav-------qfmladmamkveaarlmvysaaaraer--gepdlgfisaaskcfasdvamevttdavqlfggagytt-df--pv--er---fmr-da-------kitqiye-g-------tnqiq-rvvmsr-allr
P46703
dlfklpeehnelratiralaekeiaphaadvdqrarfpeealaalnasgfnaihvpeeyggqgadsvaacivieevarvdasaslipavnklgtmglilrgseelkkqvlpslaaegamasyal----sereagsdaasmrt--rakadg-ddwil---ngfkcwit--nggkstwytvmavtdp--dkgangisafivhkdde--gfsig---pke-------kklgikgspttelyfdkcripgdr-iigep--gtgfktalatldhtr-------ptigaqavgiaqgal---------daaivytkdrkqfge-----------sistfqsi-------qfmladmamkveaarlivyaaaaraer--gepdlgfisaaskcfasdiamevttdavqlfggagyts-df--pv--er---fmr-da-------kitqiye-g-------tnqiq-rvvmsr-allr
P45857
mhvtqeqvmmrkmvrdfarkeiapaaeimektdefpfqlikkmgkhglmgipvpeqyggagadvvsyilaiheisrisaavgvilsvhtsvgtnpilyfgneeqkmkyipnlasgdhlgafal-----tephsgsdagslrt--taikkn--gky-ll---ngskifitn-ggaadiyitfaltapdqgrhgisafivekntpgf--tvgkk---erklg-------lygsnttelifdnaevpeanllgk-egdgfhiamanlnvgrigiaaq-------algiaeaalehavdyak-------qrvqfgrpiaanqgi--------------sfkladmatraeaarhlvyhaadlhnrglncgkeasm-akqfasdaavkaldavqiyggygymkdy---pverllrd--------a-------------kvtqiye---g-------tneiq---rlii-skyllg
Q9vsa3
tsfaltedqlqlqelarkftreeiipvaaqydksgeypwpiikkawelglmnnhipadiggldldvfttclsaeelaygctgimtaleasglgqtpvilsgnkeqkkkylgrlleeplvaaycvt----epgagsdvsgikt--rae----kkgdewvi---ngq----kmwitnggvanwyfvlartnpdpkcppskaftgfiverdspgltpgrkelnmgqrasdtr----gitfedvrvpkenvl-igegag-fkiamgtfdktrppv-------aagavglaqrcldeal--------------kyalerktfg----------vpiayhqav----qfmladmaigvetsrlawrlsaweidqgrr-nsyyasiakchaadmankiasd-avqifggngf--nseyp--v------e--klm-rda-----kiyqiye-g-------tsqiq--rlii-srnmye
Q8hxy7
psvlnqeqteflkelvepvsrffeevndpakndtlemveettlqglkelgafglqvpselggvglcntqyarlveivgmhdlavgitlgahqsigfkgillfgtkaqkekylpklasgetlaaf---cl--tepssg--sdaas-i-------------------rtsavps---------pcgkyyt--------------------------lngsklwisng-------gladiftvfak-tpvtdpatgavkekitafvvergfggvthgppekkmgika--sntaevlfdgvrvpsenvlgevgsgfkvamhi---lnngrfgmaaalagtmrgiitkavdyatnriqfgekihnfgliqeklarmvmlqyvtesmaymvsanmdqgstdf-qieaaisk-ifgseaawkvtdeciqi-m-g-gmgfmkepgvervlrdlrifrifegtndil-rl-fvalqgcm
P49748
psvlneeqtqflkelvepvsrffeevndpakndalemveettwqglkelgafglqvpselggvglcntqyarlveivgmhdlgvgitlgahqsigfkgillfgtkaqkekylpklasgetvaaf---cl--tepssg--sdaas-i-------------------rtsavps---------pcgkyyt--------------------------lngsklwisng-------gladiftvfak-tpvtdpatgavkekitafvvergfggithgppekkmgika--sntaevffdgvrvpsenvlgevgsgfkvamhi---lnngrfgmaaalagtmrgiiakavdhatnrtqfgekihnfgliqeklarmvmlqyvtesmaymvsanmdqgatdf-qieaaisk-ifgseaawkvtdeciqi-m-g-gmgfmkepgvervlrdlrifrifegtndil-rl-fvalqgcm
P48818
psvlnedqtqflkelvgpvtrffeevndaakndmlerveettmqglkelgafglqvpnelggvglcntqyarlveivgmydlgvgivlgahqsigfkgillfgtkaqkekylpklasgetiaaf---cl--tepssg--sdaas-i-------------------rssavps---------pcgkyyt--------------------------lngskiwisng-------gladiftvfak-tpvtdtatgavkekitafvversfggvthgppekkmgika--sntaevyfdgvrvpaenvlgevgggfkvamhi---lnngrfgmaaalagtmkgiiakavdhaanrtqfgekihnfgliqeklarmamlqyvtesmaymvsanmdqgstdf-qieaaisk-ifgseaawkvtdeciqi-m-g-gmgfmkepgvervlrdlrifrifegtndil-rl-fvalqgcm
P45953
psvlnegqtqflkelvgpvarffeevndpakndslekveedtlqglkelgafglqvpselgglglsntqyarlaeivgmhdlgvsvtlgahqsigfkgillygtkaqkekylprvasgqalaaf---cl--tepssg--sdvas-i-------------------rssavps---------pcgkyyt--------------------------lngskiwisng-------gladiftvfak-tpikdaatgavkekitafvversfggvthglpekkmgika--sntsevyfdgvkvpaenvlgevgdgfkvavni---lnngrfgmaatlagtmkaiiakavdhatnrtqfgdkihnfgviqeklarmailqyvtesmaymlsanmdqgfkdf-qieaaisk-ifgseaawkvtdeciqi-m-g-gmgfmkepgvervlrdirifrifegtndil-rl-fvalqgcm
P50544
psvlseeqaqflkelvgpvarffeevndpakndalekveddtlqglkelgafglqvpselgglglsntqyarlaeivgmhdlgvsvtlgahqsigfkgillygtkaqrekylprvasgqalaaf---cl--tepssg--sdvas-i-------------------rssaips---------pcgkyyt--------------------------lngskiwisng-------gladiftvfak-tpikdaatgavkekitafvversfggvthglpekkmgika--sntsevyfdgvkvpsenvlgevgdgfkvavni---lnngrfgmaatlagtmksliakavdhatnrtqfgdkihnfgviqeklarmailqyvtesmaymlsanmdqgfkdf-qieaaisk-ifcseaawkvadeciqi-m-g-gmgfmkepgvervlrdirifrifegandil-rl-fvalqgcm
Q9kje8
mdfslseeqtmlkevarrftanelmplekvlleremrmwtdgytllpeadharlmkitqemgfwgievdeklggqglgmfaktlvveemsksligfshhgftlppdapnlyyleecgspaqrdkyvrrycrgeidsammatepgagsdisgltttavrengqwvingskifiskcdkdelfficiavtdkeaptkrrftafildkdtpglrigaeipvigamptwsvyldnvrvgdeavlgevgdafiplqnrfgvrrielaahctgmaerliqmmidqanlrktfgvaladrqtvqn---------wiadstieleqvrlqlyftawksdqghkdlrleaaslkiaatemltrvadr-aiqlh-----------------------------------------------------------------gglglsremgieyvarmvriwrvvegaseihrmsiakkllt
P51174
irrifssehdifresvrkffqeeviphhtewekagevsrevwekagkqgllginiaekhggiggdllstavtweeqaysnctgpgfslhsdivmpyianygtkeqiekfipqmtagkcigaiamtepgagsdlqgvrtnakrsgsdwilngskvfitngwlsdlvivvavtnrearspahgislflvengmk---------------------------------------gfikgrklhkmgmka----------qd-taelffedvrlpanallgeenkgfyylmqelpqerlliaelaisacefmfeetrnyvkqrkafgktvahiqtvqhklaelkthicvtrafvdsclqlhetkrldsgsasmakywaselqnsvayecvqlhggwgymweypiakayvdarvqpiyggtneimkeliarqivs
P15650
irrifssehdifresvrkffqeevipyheewekagevsrelwekagkqgllginiaekhggiggdllstavtweeqaysnctgpgfslhsdivmpyianygtkeqieqfipqmtagkcigaiamtepgagsdlqgvrtnakrsgsdwilngskvfitngwlsdlvivvavtnrearspahgislflvengmk---------------------------------------gfikgkklhkmgmka----------qd-taelffedvrlpasallgeenkgfyylmqelpqerlliadlaisacefmfeetrnyvrqrkafgktvahiqtvqhklaelktnicvtrafvdsclqlhetkrldsasasmakywaselqntvayqcvqlhggwgymweypiakayvdarvqpiyggtneimkeliarqivs
P45954
plqtftdeemmikssvkkfaqeqiaplvstmdenskmeksviqglfqqglmgievdpeyggtgasflstvlvieelakvdasvavfceiqntlintlirkhgteeqkatylpqlttekvgsfcls----eagagsdsfalkt----------radkegdyyvl---ng-skmwissaehaglflvmanvdptigykgitsflvdrdtpglhigkpenklglrasst-------cpltfenvkvpea--ni-lgqigh-gykyaigslnegrig-------iaaqmlglaqgcfd--------yt------ipyike-------------riqfgkrlfdfqglqhqvahvatqleaarlltynaarlleagkpfikeasmakyyaseia---g-q-t-tskciew--mggvgytkdypv--ekyfrda--------kigtiye-g-------asni---qlntiakhida
P70584
plqtftdedimmqkavkkfaqeqiaplvstmdenskmeksviqglfqqgmmgieveakyggteasflcsvlvieelakvdasvallcdiqntvinklfrkhgteeqkatylpklvteklgsfcls----eagagsdsfalkt----------radksgnyyvi---ng-skmwisnaehaelflvfanvdppsgyrgitcflvdrdtegfqigrrenkmgirasst-------cqltfenvkvpet--sv-lgkigh-gykyaigslnegrig-------iaaqmlglaqgcfd--------yt------ipyike-------------rmqfgkrifdfqglqhqvahvatqleaarlltynaarlveagrpfikeasmakyyaseva---g-l-t-tskciew--mggvgytkdypv--ekffrda--------kigtiye-g-------tsni---qlntiakhida
Q9dbl1
plqtltdeeimmkqtvkkfaqehvaplvssmdenskmeksviqglfqqglmgieveaqyggteasffcsvlvieelakvdasvallcdiqntiinnlfrkhaseeqkatylpklvteklgsfcls----eagagsdsfamkt----------radksgnyyvl---ng-skmwishaehaelflvfanvdpssgyrgitcflvdrdtegfqigkrenkmgirasst-------cqltfenvkvpet--ni-lgkigh-gykyaigslnegrig-------iaaqmlglaqgcfd--------yt------ipyike-------------rmqfgkrifdfqglqhqvaqvatqleatrlltynaarlveagrpfikeasmakyyaseva---g-l-t-tskciew--mggvgytkdypv--ekffrda--------kigtiye-g-------asni---qlntiakhida
P12007
dinglneeqkqlrhtiskfvqenlapkaqeidqsndfknlrefwkqlgslgvlgitapvqyggsglgylehvlvmeeisra--saavglsygahsnlci-nqivrngneaqkekylpklisgefigalam-sepnagsdvv--smrl-----------kae----k----kgdhyvl---ngnkfwitngpdadvlvvyak---tdltavpasrgitafivekdmpgf---stsk-----kldklgmrgsntcelvfedckvpa-anilsq-eskgvyvlmsgldle-----rlvlaggplgimqa-----vldhtipy--lhvrea-----fgqkigqfqlm-----qgkmadmytrlmacrqyvynvaracdeghitakdcagvilytaecatqvaldgiqclggngyi--ndfpmgrflrda------klyeigg--g-------tsev-----r--rlvigrafna
P26440
ainglseeqrqlrqtmakflqehlapkaqeidrsnefknlrefwkqlgnlgvlgitapvqyggsglgylehvlvmeeisra--sgavglsygahsnlci-nqlvrngneaqkekylpklisgeyigalam-sepnagsdvv--smkl-----------kae----k----kgnhyil---ngnkfwitngpdadvlivyak---tdlaavpasrgitafivekgmpgf---stsk-----kldklgmrgsntcelifedckipa-anilgh-enkgvyvlmsgldle-----rlvlaggplglmqa-----vldhtipy--lhvrea-----fgqkighfqlm-----qgkmadmytrlmacrqyvynvakacdeghctakdcagvilysaecatqvaldgiqcfggngyi--ndfpmgrflrda------klyeiga--g-------tsev-----r--rlvigrafna
Q9fs87
tsllfddtqkqfkesvaqfaqeniaphaekidrtnyfpqdvnlwklmgdfnllgitvpeeygglglgylyhciameeisrasgsvglsygahtnlcinq-lvrngtheqkqkylpklisgehvgalam-sepdagsdvvsmkckadrvegg------yvl----n--gnkmwctngptaqtlvvyaktdvtas-skgitafiiekgmtgfs--taqkl---dklg-------mrgsdtcelvfencfvpeenvlgq-vgkgvy-vlmsgldlerlvlas-------gpvgimqacldvvl-------pyvkqreqfgrp--ig-------efqfvqg-------kva--dmytsmqssrsylysvarecdsgtintkdcagvilsaaer--atqvalqaiqclggngyv--neyptgrflrda------klyeiga--g-------tsei--r-----rm--iigrelfk
Q9swg0
ssllfddtqlqfkesvskfaqdiiaphaeridktnsfpkdvnlwklmgefnlhgitapeeygglglgylyhciameeisrasgsvalsygahsnlcinq-lvrngtaaqkekylpklisgehvgalam-sepnagsdvvgmkckaekvdgg------yil----n--gnkmwctngpsaetlvvyaktdtkag-skgitafiiekgmtgfs--taqkl---dklg-------mrgsdtcelvfencfvpeenildk-egkgvy-vlmsgldlerlvlaa-------gplgimqacldnvl-------pyirqreqfgrp--vg-------efqfiqg-------kva--dmytalqssrsyvysvardcdngkvdpkdcagtilcaaer--atqvalqaiqclggngyi--neyatgrllrda------klyeiga--g-------tsei--r-----ri--vigrelfk
Q9fs88
tslllddtqkqfkesvakfaqeniapyaekidrtnsfpkeinlwklmgdfnlhgitapeeygglnlgylyhcialeeisrasgavavsygvqsnvcinq-lvrngtpdqkqkylpklisgdhigalam-sepnagsdvvsmkcradrvdgg------yvl----n--gnkmwctngpvantlivyaktdttag-skgitafiiekempgfs--taqkl---dklg-------mrgsdtcelvfencfvpkenvlgq-egkgvy-vlmsgldlerlvlaa-------gpvgimqacmdivi-------pyvrqreqfgrp--ig-------efqliqg-------kla--dmytalqssrsyvyavakdcdngkidpkdcsgtillaaer--atqvalqaiqclggngyi--neyptgrllrda------kmyeiaa--g-------tsei--r-----rl--vigrelfk
Q9d7b6
pslglneeqkgfqkvafdfaaremapnmaewdqkelfpvdvmrkaaqlgfggvyvrtdvggsglsrldtsvifealatgctsttayisihnmcawmidsfgneeqrhkfcpplctmekfasycl----tepgsgsdaasllt--sakqqgdhyil---ngskafisgg-gesdiyvvmcrtggsg-akgiscivvekgtpglsfgkkekkvgwnsqptravifedcavpvanrigtegqgfliamkglnggrinv-ascslgaaha--svi-------ltqehlkvrkqfga----------plarsqyl----------------------qfql--------admatklvasrlmirtaavalqeer----edavalcsmaklfateecfaicnqalqmhggygylkdyavqqy-------mrds--------rvhqile-g-------snev---m-rmlisrnllq
Q9uku7
psmglneeqkefqkvafdfaaremapnmaewdqkelfpvdvmrkaaqlgfggvyiqtdvggsglsrldtsvifealatgctsttayisihnmcawmidsfgneeqrhkfcpplctmekfasycl----tepgsgsdaasllt--sakkqgdhyil---ngskafisga-gesdiyvvmcrtggpg-pkgiscivvekgtpglsfgkkekkvgwnsqptravifedcavpvanrigsegqgfliavrglnggrini-ascslgaaha--svi-------ltrdhlnvrkqfge----------plasnqyl----------------------qftl--------admatrlvaarlmvrnaavalqeer----kdavalcsmaklfatdecfaicnqalqmhggygylkdyavqqy-------vrds--------rvhqile-g-------snev---m-rilisrsllq
P41367
fsfklteqqkefqatarkfareeiipvaaeydrtgeypvpllkrawelglmnthipesfgglglgiidscliteelaygctgvqtaieant-lgqvpliiggnyqqqkkylgrmteeplmcaycvt----epgagsdvagikt--kae----kkgdeyii---ngq----kmwitnggkanwyfllarsdpdpkapaskaftgfiveadtpgvqigrkeinmgqrcsdtr----givfedvrvpkenvl-tgegag-fkiamgtfdktrpsv-------aagavglaqraldeat--------------kyalgrktfg----------kllaehqgi----sflladmamkvdlarlsyqraaweidsgrr-ntyyasiakayaadianqlatd-avqvfggngf--nteyp--v--------ekl-mrda-----kiyqiye-g-------taqiq--riiiarehig
P11310
fsfefteqqkefqatarkfareeiipvaaeydktgeypvplirrawelglmnthipencgglglgtfdacliseelaygctgvqtaiegns-lgqmpiiiagndqqkkkylgrmteeplmcaycvt----epgagsdvagikt--kae----kkgdeyii---ngq----kmwitnggkanwyfllarsdpdpkapankaftgfiveadtpgiqigrkelnmgqrcsdtr----givfedvkvpkenvl-igdgag-fkvamgafdktrpvv-------aagavglaqraldeat--------------kyalerktfg----------kllvehqai----sfmlaemamkvelarmsyqraawevdsgrr-ntyyasiakafagdianqlatd-avqilggngf--nteyp--v--------ekl-mrda-----kiyqiye-g-------tsqiq--rlivarehid
P45952
fsfelteqqkefqatarkfareeiipvapeydksgeypfplikrawelglinahipescgglglgtfdacliteelaygctgvqtaieans-lgqmpvilagndqqkkkylgrmteqpmmcaycvt----epsagsdvaaikt--kae----kkgdeyvi---ngq----kmwitnggkanwyfllarsnpdpkvpaskaftgfiveadtpgihigkkelnmgqrcsdtr----giafedvrvpkenvl-igegag-fkiamgafdrtrptv-------aagavglaqraldeat--------------kyaldrktfg----------kllvehqgv----sfllaemamkvelarlsyqraawevdsgrr-ntyyasiakafagdianqlatd-avqifggygf--nteyp--v--------ekl-mrda-----kiyqiye-g-------taqiq--rliiarehie
P08503
fsfelteqqkefqtiarkfareeiipvapdydksgeypfplikrawelglinthipescgglglgtfdacliteelaygctgvqtaieans-lgqmpviiagndqqkkkylgrmteqpmmcaycvt----epsagsdvagikt--kae----kkgdeyvi---ngq----kmwitnggkanwyfvltrsnpdpkvpaskaftgfiveadtpgihigkkelnmgqrcsdtr----gitfedvrvpkenvl-igegag-fkiamgafdrtrptv-------aagavglaqraldeat--------------kyaldrktfg----------kllvehqgv----sfllaemamkvelarlsyqraawevdsgrr-ntyfasiakafagdianqlatd-avqifggygf--nteyp--v--------ekl-mrda-----kiyqiye-g-------taqiq--rliiarehie
Q22347
isfdlsetqkeiqdaalkfskdvlvpnaakfdesgefpweivrqahslglmnpqipekyggpgmttletalivealsygctgiqlgimgpslaiapvyisgneeqkkkylgalaaepiiasycvt----epgagsdvngvkt--kce----kkgdeyii---ngs----kawitggghakwffvlarsdpnpktpagkaftafivdgdtpgitrgkkeknmgqrcsdtr----vitfedvrvpaenvl-gapgag-fkvameafdmtrpgv-------aagalglswrcldesa--------------kyalerkafg---------tvianhqav----qfmladmavnlelarlityksandvdnkvr-ssynasiakcfaadtanqaatn-avqifggngf--nseyp--v------ek--lmr-da-----kiyqiye-g-------tsqiq--rivi-sr-mllg
1is2_A
lithildgspentrrrreienlilndpdfqhedynfltrsqryevavkksatmvkkmreygisdpeeimwfknsvhrghpepldlhlgmflptllhqataeqqerffmpawnleitgtyaqtemghgthlrglettaty-----------------------------------dpkt--------------qef---i-lnsptvtsikwwpgglgktsnhaivlaqlitqgecyglhafvvpireigthkplpgitv------gdigpkfgyeemdngylkmdnyriprenmlmkyaqvkpdgtyvkkltygtmvfvrsflvgnaaqslskactiairysavrrqseikqsepepqi-------------------------------------------------------------------------------------------------------l----------------------------------------------------------------------------------------df----qtqqyklfpllatayafhfvgrymketylrinesigqgdlsel----pelhal------------taglkafttwtanagieecrmacgghgyshssgipniyvtftpactfegentvmmlqtarflmk
Q9z1n0
lithlldgspektrrrreienkilsdpdfqhenhnfltrseryeaaikksavmvkkmrefgiadpdeimwfkrlllgnfvepvglnysmfiptllnqgttaqqekwlhpstglqiigtyaqtemghgthlrglettaty-----------------------------------dpkt-------------------------q----efi-insptvtsikwwpgglgkt--------snha----ivlaqlitqgkcyglhafivpireigthkplpgit----v------gdigpkfgyeemdngylkmdnyriprenmlmkyaqvkpdgtyv----kpvsnkltygtmvfvrsflvgaaaqslskactiairysavrhq-------------------------------------------------------------------------------------------s------------------------------------------------------------------------------------eikpgepepqvldfqtqqyklfpilatayafqfvgsymkdtyhrinesigqgdlselpelhaltaglkafttwtanagieecrlacgghgyshcsgipniyvtftpactfegentvmmlqtarflmk
P34355
alaavfhggedalkrirelrdevtkrwhlfdalpgahrtraermedvsrklknlmesvgefadftnnldmlviirdvmgiegfplalhnlmfvptiqnqaddeqtewwlmdalqgkiigtyaqtelghgtnlgaiettaty---------------------------------dklt---------------------eefi-ihtptttatkwwpgglgts----cthvvlvanliidtknyglhpffvpirdrnsy----------------------------------------svmsgvrv------gdigtkmgvncvdngflafdnyriprrnmlmkhskvskeglytapshpkvgyttmlymrsemiyhqayylamamaisirysavr-----------------------------------------------------rq------g-------------------------------------ei----kpg-----------------------------------------------------------tqevqildyqtqqyrifpglarcfafntaaatvrqmtencikqlshgnsdvladlhalscglkavvthqasqsidqarqacgghgysdasylptlytcsvgactyegenmvmllqlskylmk
P05335
tmnyflegskerselmkslaqqierdpilftdgsyydltkdqqreltvlkinrlsryregdsvdtfnkrlsimgvvdpqvatrigvnlglflscisgngtaeqfkywaidkgthniqglygcfgmtelghgsnvagvetta------tf-------------------------------------dketd------------------efvintphigatkwwiggaahsat-------------------------------hcsvyarlvv---------------------------------------------------------------------------------------------dgkdygvktfvvplrdsnhdlmpgvtvgd-------------i-gak------mg-rdgidngwiqfsnvriprffmlqkfckvsaegevvlppleqlsysall------g------gr-------vmmvld-------syrmlarv------stialryai--------------------grrqfkgdnvdqndpnaletqlidyplhqkrlfpylaaayvvstgalkvehtiqstlatldaavenndttaifksiddmkslfidsgs-lkatttwlaaeai-dq-crq-acgghgyssyngfakafndwvvqctwegdnn-vlslsvgkpiik
P06598
qmnyflegsverselmkalaqqmerdpilftdgsyydltkdqqreltavkinriaryreqesidtfnkrlsligifdpqvgtrigvnlglflscirgngttsqlnywaneketadvkgiygcfgmtelahgsnvagletta------tf-------------------------------------dkesd------------------efvintphigatkwwiggaahsat-------------------------------hcsvyarliv---------------------------------------------------------------------------------------------dgqdygvktfvvplrdsnhdlmpgvtvgd-------------i-gpk------mg-rdgidngwiqfsnvriprffmlqkfckvsaegevtlppleqlsysall------g------gr-------vmmvld-------syrmlarm------stialryai--------------------grrqfkgdnvdpndpnaletqlidyplhqkrlfpyfvppmsspsvpsrlntpsrppwsnwtsplkrttprlifksiddmkslfvdsgs-lkstatwlgaeai-dq-crq-acgghghssyngfgkayndwvvqctwegdnn-vlgmsvgkpivk
P11356
emheflegdeakseqilrlyqsierdpilqtrpeqfdytqkqerelvanrinqmtkfletepygkfrrrlqlmtvidpslgirmlvniglflncvrgngtqkqfdfwsnkkeagivkqlygcfgmtelghgsnvagcettatf-------------------------------dektdefiidtphigatkwwiggaahsathtvcyarlivkdvdygvktfivplrdsrhs-------------------------------llpgiaigdi--------------------------------------------------------------gakmgrqgv---------------------dn-gwiqftevrvp-rffmlqr-wckvdrqgnvtlppleqlsyisllegrvgmatdsyrigaryttialryavgrrq------f------skkagepe-------tklidytlhqrr-------llpylaltyaaavgtdrlerqheellanldia-------lakkdklllkn-------titgtksmfv----dsgslkstltwlaadlinetrq-------------ac-------ggh-------gy------------ss-y------ngfgktyddwvvqctwegdnn-------vl------am------sagk------tiik
Q00468
emheflegdeakseeilrlyqsierdpilqtrpeqfdytkneeresvalrinqmskyletepyekfrrrlqlmtvndpslgirmlvniglflncirgngtqkqydfwaktkeagkvkqllrlfrydelghgfnvagceifatf-------------------------------dektdqfiidtphigatkwwiggaahsathtvcyarlivkdidygvktfvvplrdsthn-------------------------------llpgvaigdi--------------------------------------------------------------gpklgrqgv---------------------dn-gwiqftevrip-rffmlqr-wckvdrqgnvtlppleqlsyisllegrvgmatdsyrigaryttialryavarrq------f------skgdgqpe-------tklidytlhqrr-------llpylaltylaalgtdklerqhdqllknldka-------latnnklllkn-------tiqstksmfv----dsgslkstltwlasdlinearq-------------sc-------ggh-------gy------------sa-y------ngfgktygdwavqctwegdnn-------vl------gm------sagk------tiik
P08790
elnyflegsqerseiisnmveqmqkdpilkvdasyynltkdqqrevtakkiarlsryfeheypdqqaqrlsilgvfdpqvftrigvnlglfvscvrgngtnsqffywtinkgidklrgiygcfgmtelahgsnvqgiettatf---------------------------------dedtdefvin--tphig-atkwwiggaahsathcsvyarlkvkgkdygvktfvvplr-------------------------------dsnhdlepgv---------------------------------------------------------------------------------------------tvgdigakmgrdgi-d-ngwiqfsn-vr-iprf-fmlqkyckvsrsg-evtmppseqlsysaliggrvtmmmdsyrmtsrfitialrya------i------hrrqfkk-------kdtdtietkli-------dyplhqkrlfpfl-aaaylfsqg-alyleqt-------------------mnatndkldeavsagekeaidaaiveskklfva-----sgclkstctwltaeaidearq-----------a------cg-----------------ghgyssyngfgkaysdwvvqctwegdnn------il-----amnvak-----pmvr
P13711
qvntflessperrtlthalidqivndpilktdtdyydakkmqereitakkiarlasymehdiktvrkhfrdtdlmkelqandpdkaspltnkdlfifdkrlslvanidpqlg--------------------------------------trvgvhlglfgnci--------------------------------------kgngtdeqiryw--------------------------------------------------------------lqergatlmkgiygcfam-------telghgsnvaqlqtravydkqn---------------------dtfv-idtpdltatkwwiggaahs-------athaavyarlivegkdygvktfvvplrdpstfqllagv---------------------------si------------gdigakmgrdgidngwiqfrnvviprefmlsrftkvvrspdgsvtvktepqldqisgysallsgrvnmvmdsfrfgskfatiav------ryavgrqqfaprkglsetqlidyplhqyrvlpqlcvpylvspvafklmdnyystldelynasssaykaalvtvskklknlfidsaslka------tntwliatlidelrqtcgghgysqyngfgkgyddwvvqctwegdnnvlsltsaksilk