2pna_
ewywgdisreevneklrdta--dgtflvrdastkmhgd-ytltlrk--ggnnkli----kif-hrdgkygfsd-pl---------------------------------------------------------------------------------------------------tfnsvvelinhyrneslaqynpk
1a81_A
pwfhgkisreeseqivligsktngkflirardnngsyalcllh-----egkvlh-----yridkdktgklsip--------------------------------------------egk-------------------------------------------------------kfdtlwqlvehysykadg
1ab2_
swyhgpvsrnaaeyllssgi--ngsflvresessp-gq-rsislry--egrvyhy----rintasdgklyvss--es--------------------------------------------------------------------------------------------------rfntlaelvhhhstvadg
1bm2_A
pwffgkiprakaeemlskqrh-dgafliresesap-gd-fslsvkf--gndvqhfk----vlrdgagkyf-----------------------------------------lwvv------------------------------------------------------------kfnslnelvdyhrstsvs
SEM5_CAEEL
nwylgkitrndaevllkkptvrdghflvrqcessp-ge-fsisvrf--qdsvqhf-----kvlrdqngkyy----------------------------------------lwav------------------------------------------------------------kfnslnelvayhrtasvs
1d4t_A
avyhgkisretgeklllatgl-dgsyllrdsesvp-gv-yclcvly--hg----------yiytyrvsqtetgsw-------------------------------------saetapgvhkryf-----------------------------r-kiknl----------------------isafqkpdqg
1i3z_A
pyyhgcltkrecealllkggv-dgnflirdsesvp-ga-lclcvsf--k----------klvysyrifrekhgyyri-----et--dahtprti---------------------------------------------f-------------------------------------pnlqelvskygkpgqg
1aya_A
rwfhpnitgveaenllltrgv-dgsflarpsksnp-gd-ftlsvrr--ngavthi----kiqntgdyydly---------------------------------------------gge--------------------------------------------------------kfatlaelvqyymehhgqlkekng
2pld_A
ewyhasltraqaehmlmrvpr-dgaflvrkrnepnsyaisfra-----egkikhcrvqqegq--tvmlgns--------------------------------------------------------------------------------------------------------efdslvdlisyyekhply
1jwo_A
pwfhgkisgqeavqqlqppe--dglflvresarhp-gd-yvlcvsf--grdvihyr---vl-hrdghltid---------------------------------------------eav--------------------------------------------------------ffcnlmdmvehyskdkga
1ju5_A
swywgrlsrqeavallqgqr--hgvflvrdsstsp-gd---------------------yvlsvse--nsrvs--h--y----iinssgprppvpps--------------------------p-aqpppg-------------------------vspsrlrigdq--------efdslpallefykihyld
1lui_A
ewynksisrdkaekllldtgk-egafmvrdsrtpg-ty-tvsvftka------------iisenpcikhy-hiketn-----d-------------------------------------spkr-yyvaeky-------------------------------------------vfdsiplliqyhqynggg
1mil_
pwfhgklsrreaeallql----ngdflvrestttp-gq-yvltglq----------------------------------------------------------------sgqpkhlllvdpegvvrtkdhrf--------------------------------------------esvshlisyhmdnhlpiisag
1bf5_A
gcimgfiskererallkdqq--pgtfllrfse----------------------------------ssr-egaitft-------------------wversqnggepdfhavepy-----------tkkelsavtfpdiirnykvmaaenipenplkylypn-----idkdhaf------gkyysrg
STA4_HUMAN
gyvmgfvskekerlllkdkm--pgtfllrfsesh--------------------------------l-gg-itft-------------------wvdhsesgevrfhsvepynkgrls-------------alpfadilrdykvi-maenipenplkylypd-----ipkdkaf------gkhyssqpcevsrptergdk
STA3_HUMAN
gyimgfiskererailstkp--pgtfllrfses---------------------------------sk-eggvtft-------------------wvekdisgktqiqsvepytk----------qqln-nmsfaeiimgykim-datnillspl-vylypd-----ipkeeaf------gkycrpesqehpeadpgsaa
STA2_HUMAN
grimgfvsrsqerrllkktm--sgtfllrfsess--------------------------------e-gg-itcs-------------------wvehqdddkvliysvqpytkevlq-------------slplteiirhyqll-teenipenplrflypr-----iprdeaf------gcyyqekvnlqerr
STA2_MOUSE
grimgfvsrnqerrllkkml--sgtfllrfsets--------------------------------e-gg-itcs-------------------wvehqddhkveiysvqpytkevlq-------------slplteiirhyqvl-aeenipenplrflypr-----iprdeaf------gcyyqekvnleeqe