{
  "path": "./data/bb3_release/RV30",
  "results": [
    {
      "name": "ref3/test/1ldg_ref3",
      "true_positive_site_pair_count": 375042,
      "false_positive_site_pair_count": 3783842,
      "true_site_pair_count": 711360,
      "precision": 0.09017851904501303,
      "recall": 0.5272182860998651
    },
    {
      "name": "ref3/test/4enl_ref3",
      "true_positive_site_pair_count": 491050,
      "false_positive_site_pair_count": 9538966,
      "true_site_pair_count": 736208,
      "precision": 0.04895804752455031,
      "recall": 0.6669990002825289
    },
    {
      "name": "ref3/test/1sbp_ref3",
      "true_positive_site_pair_count": 6014,
      "false_positive_site_pair_count": 200810,
      "true_site_pair_count": 22050,
      "precision": 0.029077863304065293,
      "recall": 0.2727437641723356
    },
    {
      "name": "ref3/test/1dox_ref3",
      "true_positive_site_pair_count": 8986,
      "false_positive_site_pair_count": 75766,
      "true_site_pair_count": 25392,
      "precision": 0.106026996413064,
      "recall": 0.3538909892879647
    },
    {
      "name": "ref3/test/1pamA_ref3",
      "true_positive_site_pair_count": 390792,
      "false_positive_site_pair_count": 18467800,
      "true_site_pair_count": 840650,
      "precision": 0.020722225710169666,
      "recall": 0.4648688514839707
    },
    {
      "name": "ref3/test/1pgtA_ref3",
      "true_positive_site_pair_count": 62128,
      "false_positive_site_pair_count": 681696,
      "true_site_pair_count": 160820,
      "precision": 0.08352513497816688,
      "recall": 0.3863201094391245
    },
    {
      "name": "ref3/test/1eft_ref3",
      "true_positive_site_pair_count": 129632,
      "false_positive_site_pair_count": 2628296,
      "true_site_pair_count": 278460,
      "precision": 0.04700340255438141,
      "recall": 0.4655318537671479
    },
    {
      "name": "ref3/test/1sesA_ref3",
      "true_positive_site_pair_count": 588594,
      "false_positive_site_pair_count": 8122284,
      "true_site_pair_count": 876876,
      "precision": 0.06756999696241871,
      "recall": 0.6712397191849246
    },
    {
      "name": "ref3/test/1ad3_ref3",
      "true_positive_site_pair_count": 519658,
      "false_positive_site_pair_count": 24564234,
      "true_site_pair_count": 1213940,
      "precision": 0.020716801045069084,
      "recall": 0.42807552267822135
    },
    {
      "name": "ref3/test/1idy_ref3",
      "true_positive_site_pair_count": 15608,
      "false_positive_site_pair_count": 848540,
      "true_site_pair_count": 37962,
      "precision": 0.01806172090891838,
      "recall": 0.4111479900953585
    },
    {
      "name": "ref3/test/1r69_ref3",
      "true_positive_site_pair_count": 8344,
      "false_positive_site_pair_count": 809614,
      "true_site_pair_count": 22644,
      "precision": 0.010201012765936638,
      "recall": 0.36848613319201556
    },
    {
      "name": "ref3/test/1lci_ref3",
      "true_positive_site_pair_count": 436638,
      "false_positive_site_pair_count": 5894504,
      "true_site_pair_count": 605150,
      "precision": 0.06896670458504958,
      "recall": 0.721536809055606
    },
    {
      "name": "ref3/test/1adj_ref3",
      "true_positive_site_pair_count": 103030,
      "false_positive_site_pair_count": 1921196,
      "true_site_pair_count": 239940,
      "precision": 0.05089846687079407,
      "recall": 0.4293990164207719
    },
    {
      "name": "ref3/test/2pia_ref3",
      "true_positive_site_pair_count": 82896,
      "false_positive_site_pair_count": 6782046,
      "true_site_pair_count": 234600,
      "precision": 0.012075265894453296,
      "recall": 0.35335038363171356
    },
    {
      "name": "ref3/test/1plc_ref3",
      "true_positive_site_pair_count": 5880,
      "false_positive_site_pair_count": 196824,
      "true_site_pair_count": 18480,
      "precision": 0.02900781434998816,
      "recall": 0.3181818181818182
    },
    {
      "name": "ref3/test/1csy_ref3",
      "true_positive_site_pair_count": 6110,
      "false_positive_site_pair_count": 169828,
      "true_site_pair_count": 13464,
      "precision": 0.034728142868510496,
      "recall": 0.45380273321449793
    },
    {
      "name": "ref3/test/2trx_ref3",
      "true_positive_site_pair_count": 49422,
      "false_positive_site_pair_count": 791868,
      "true_site_pair_count": 167462,
      "precision": 0.058745497985236955,
      "recall": 0.2951236698474878
    },
    {
      "name": "ref3/test/1lvl_ref3",
      "true_positive_site_pair_count": 223688,
      "false_positive_site_pair_count": 5853004,
      "true_site_pair_count": 420160,
      "precision": 0.036810817464502064,
      "recall": 0.5323876618431074
    },
    {
      "name": "ref3/test/1ubi_ref3",
      "true_positive_site_pair_count": 12618,
      "false_positive_site_pair_count": 493722,
      "true_site_pair_count": 46200,
      "precision": 0.024920014219694277,
      "recall": 0.2731168831168831
    },
    {
      "name": "ref3/test/1cpt_ref3",
      "true_positive_site_pair_count": 674386,
      "false_positive_site_pair_count": 20443136,
      "true_site_pair_count": 1303568,
      "precision": 0.03193490221059081,
      "recall": 0.5173385661507494
    },
    {
      "name": "ref3/test/1taq_ref3",
      "true_positive_site_pair_count": 36280,
      "false_positive_site_pair_count": 1152006,
      "true_site_pair_count": 86394,
      "precision": 0.030531370393996057,
      "recall": 0.41993656966918996
    },
    {
      "name": "ref3/test/1ajsA_ref3",
      "true_positive_site_pair_count": 306436,
      "false_positive_site_pair_count": 26839842,
      "true_site_pair_count": 1121232,
      "precision": 0.011288324683037579,
      "recall": 0.2733029381965552
    },
    {
      "name": "ref3/test/1bucA_ref3",
      "true_positive_site_pair_count": 286506,
      "false_positive_site_pair_count": 4398578,
      "true_site_pair_count": 588000,
      "precision": 0.06115279896795874,
      "recall": 0.48725510204081635
    },
    {
      "name": "ref3/test/1uky_ref3",
      "true_positive_site_pair_count": 506254,
      "false_positive_site_pair_count": 8066166,
      "true_site_pair_count": 1673560,
      "precision": 0.05905613584028781,
      "recall": 0.3025012548101054
    },
    {
      "name": "ref3/test/451c_ref3",
      "true_positive_site_pair_count": 2420,
      "false_positive_site_pair_count": 37814,
      "true_site_pair_count": 8360,
      "precision": 0.06014813341949595,
      "recall": 0.2894736842105263
    },
    {
      "name": "ref3/test/3grs_ref3",
      "true_positive_site_pair_count": 236440,
      "false_positive_site_pair_count": 9679810,
      "true_site_pair_count": 440640,
      "precision": 0.02384369091138283,
      "recall": 0.5365831517792302
    },
    {
      "name": "ref3/test/1ycc_ref3",
      "true_positive_site_pair_count": 73802,
      "false_positive_site_pair_count": 423244,
      "true_site_pair_count": 150150,
      "precision": 0.14848122708964562,
      "recall": 0.4915218115218115
    },
    {
      "name": "ref3/test/glg_ref3",
      "true_positive_site_pair_count": 1373272,
      "false_positive_site_pair_count": 17353536,
      "true_site_pair_count": 2395512,
      "precision": 0.0733318780221381,
      "recall": 0.5732686790965773
    },
    {
      "name": "ref3/test/2hsdA_ref3",
      "true_positive_site_pair_count": 213612,
      "false_positive_site_pair_count": 3928762,
      "true_site_pair_count": 532532,
      "precision": 0.051567531082417954,
      "recall": 0.4011251905988748
    },
    {
      "name": "ref3/test/kinase_ref3",
      "true_positive_site_pair_count": 203264,
      "false_positive_site_pair_count": 5774722,
      "true_site_pair_count": 434930,
      "precision": 0.03400208699050148,
      "recall": 0.46734876876738785
    }
  ]
}