{
  "path": "./data/bb3_release/RV30",
  "results": [
    {
      "name": "ref3/test/1ldg_ref3",
      "true_positive_site_pair_count": 349710,
      "false_positive_site_pair_count": 3371842,
      "true_site_pair_count": 711360,
      "precision": 0.0939688603034433,
      "recall": 0.49160762483130904
    },
    {
      "name": "ref3/test/4enl_ref3",
      "true_positive_site_pair_count": 491474,
      "false_positive_site_pair_count": 8621412,
      "true_site_pair_count": 736208,
      "precision": 0.05393176212233973,
      "recall": 0.6675749244778649
    },
    {
      "name": "ref3/test/1sbp_ref3",
      "true_positive_site_pair_count": 5788,
      "false_positive_site_pair_count": 174238,
      "true_site_pair_count": 22050,
      "precision": 0.0321509115350005,
      "recall": 0.26249433106575965
    },
    {
      "name": "ref3/test/1dox_ref3",
      "true_positive_site_pair_count": 9264,
      "false_positive_site_pair_count": 71070,
      "true_site_pair_count": 25392,
      "precision": 0.11531854507431473,
      "recall": 0.3648393194706994
    },
    {
      "name": "ref3/test/1pamA_ref3",
      "true_positive_site_pair_count": 393402,
      "false_positive_site_pair_count": 16628404,
      "true_site_pair_count": 840650,
      "precision": 0.023111648669947242,
      "recall": 0.467973591863439
    },
    {
      "name": "ref3/test/1pgtA_ref3",
      "true_positive_site_pair_count": 60230,
      "false_positive_site_pair_count": 616522,
      "true_site_pair_count": 160820,
      "precision": 0.08899862874435539,
      "recall": 0.3745180947643328
    },
    {
      "name": "ref3/test/1eft_ref3",
      "true_positive_site_pair_count": 130590,
      "false_positive_site_pair_count": 2342908,
      "true_site_pair_count": 278460,
      "precision": 0.05279567640644949,
      "recall": 0.4689722042663219
    },
    {
      "name": "ref3/test/1sesA_ref3",
      "true_positive_site_pair_count": 577816,
      "false_positive_site_pair_count": 7264988,
      "true_site_pair_count": 876876,
      "precision": 0.07367467043674686,
      "recall": 0.6589483575784946
    },
    {
      "name": "ref3/test/1ad3_ref3",
      "true_positive_site_pair_count": 508140,
      "false_positive_site_pair_count": 22181218,
      "true_site_pair_count": 1213940,
      "precision": 0.022395521283590306,
      "recall": 0.4185874095919073
    },
    {
      "name": "ref3/test/1idy_ref3",
      "true_positive_site_pair_count": 15506,
      "false_positive_site_pair_count": 767176,
      "true_site_pair_count": 37962,
      "precision": 0.019811366557554666,
      "recall": 0.408461092671619
    },
    {
      "name": "ref3/test/1r69_ref3",
      "true_positive_site_pair_count": 9044,
      "false_positive_site_pair_count": 720684,
      "true_site_pair_count": 22644,
      "precision": 0.01239365900719172,
      "recall": 0.3993993993993994
    },
    {
      "name": "ref3/test/1lci_ref3",
      "true_positive_site_pair_count": 425962,
      "false_positive_site_pair_count": 5348116,
      "true_site_pair_count": 605150,
      "precision": 0.07377143156015557,
      "recall": 0.7038949020903909
    },
    {
      "name": "ref3/test/1adj_ref3",
      "true_positive_site_pair_count": 104114,
      "false_positive_site_pair_count": 1693878,
      "true_site_pair_count": 239940,
      "precision": 0.05790570814553124,
      "recall": 0.43391681253646747
    },
    {
      "name": "ref3/test/2pia_ref3",
      "true_positive_site_pair_count": 88524,
      "false_positive_site_pair_count": 6126644,
      "true_site_pair_count": 234600,
      "precision": 0.014243219169618584,
      "recall": 0.3773401534526854
    },
    {
      "name": "ref3/test/1plc_ref3",
      "true_positive_site_pair_count": 5648,
      "false_positive_site_pair_count": 172002,
      "true_site_pair_count": 18480,
      "precision": 0.03179285111173656,
      "recall": 0.30562770562770564
    },
    {
      "name": "ref3/test/1csy_ref3",
      "true_positive_site_pair_count": 5240,
      "false_positive_site_pair_count": 150180,
      "true_site_pair_count": 13464,
      "precision": 0.03371509458242183,
      "recall": 0.38918597742127153
    },
    {
      "name": "ref3/test/2trx_ref3",
      "true_positive_site_pair_count": 48830,
      "false_positive_site_pair_count": 725514,
      "true_site_pair_count": 167462,
      "precision": 0.06305982870662134,
      "recall": 0.2915885394895558
    },
    {
      "name": "ref3/test/1lvl_ref3",
      "true_positive_site_pair_count": 221080,
      "false_positive_site_pair_count": 5221920,
      "true_site_pair_count": 420160,
      "precision": 0.040617306632371855,
      "recall": 0.5261805026656512
    },
    {
      "name": "ref3/test/1ubi_ref3",
      "true_positive_site_pair_count": 13590,
      "false_positive_site_pair_count": 444720,
      "true_site_pair_count": 46200,
      "precision": 0.029652418668586766,
      "recall": 0.29415584415584417
    },
    {
      "name": "ref3/test/1cpt_ref3",
      "true_positive_site_pair_count": 641546,
      "false_positive_site_pair_count": 18463286,
      "true_site_pair_count": 1303568,
      "precision": 0.0335803005229253,
      "recall": 0.49214617112417613
    },
    {
      "name": "ref3/test/1taq_ref3",
      "true_positive_site_pair_count": 33786,
      "false_positive_site_pair_count": 1050804,
      "true_site_pair_count": 86394,
      "precision": 0.03115094183055348,
      "recall": 0.39106882422390443
    },
    {
      "name": "ref3/test/1ajsA_ref3",
      "true_positive_site_pair_count": 291244,
      "false_positive_site_pair_count": 24137100,
      "true_site_pair_count": 1121232,
      "precision": 0.01192238000250856,
      "recall": 0.25975355680180373
    },
    {
      "name": "ref3/test/1bucA_ref3",
      "true_positive_site_pair_count": 276642,
      "false_positive_site_pair_count": 4017046,
      "true_site_pair_count": 588000,
      "precision": 0.0644299259750592,
      "recall": 0.4704795918367347
    },
    {
      "name": "ref3/test/1uky_ref3",
      "true_positive_site_pair_count": 524442,
      "false_positive_site_pair_count": 7337538,
      "true_site_pair_count": 1673560,
      "precision": 0.06670609693741271,
      "recall": 0.31336910538014773
    },
    {
      "name": "ref3/test/451c_ref3",
      "true_positive_site_pair_count": 2418,
      "false_positive_site_pair_count": 34114,
      "true_site_pair_count": 8360,
      "precision": 0.06618854702726377,
      "recall": 0.28923444976076557
    },
    {
      "name": "ref3/test/3grs_ref3",
      "true_positive_site_pair_count": 237526,
      "false_positive_site_pair_count": 8660312,
      "true_site_pair_count": 440640,
      "precision": 0.026694799343391057,
      "recall": 0.5390477487291213
    },
    {
      "name": "ref3/test/1ycc_ref3",
      "true_positive_site_pair_count": 74738,
      "false_positive_site_pair_count": 412152,
      "true_site_pair_count": 150150,
      "precision": 0.15350079073301978,
      "recall": 0.49775557775557777
    },
    {
      "name": "ref3/test/glg_ref3",
      "true_positive_site_pair_count": 1348792,
      "false_positive_site_pair_count": 15613022,
      "true_site_pair_count": 2395512,
      "precision": 0.079519324996725,
      "recall": 0.5630495693613724
    },
    {
      "name": "ref3/test/2hsdA_ref3",
      "true_positive_site_pair_count": 215138,
      "false_positive_site_pair_count": 3546066,
      "true_site_pair_count": 532532,
      "precision": 0.057199237265513916,
      "recall": 0.40399074609600927
    },
    {
      "name": "ref3/test/kinase_ref3",
      "true_positive_site_pair_count": 191768,
      "false_positive_site_pair_count": 5146970,
      "true_site_pair_count": 434930,
      "precision": 0.0359200994692004,
      "recall": 0.44091692916101444
    }
  ]
}