{
  "path": "./data/bb3_release/RV30",
  "results": [
    {
      "name": "ref3/test/1ldg_ref3",
      "true_positive_site_pair_count": 294622,
      "false_positive_site_pair_count": 1882996,
      "true_site_pair_count": 711360,
      "precision": 0.1352955385196118,
      "recall": 0.4141672289698605
    },
    {
      "name": "ref3/test/4enl_ref3",
      "true_positive_site_pair_count": 430730,
      "false_positive_site_pair_count": 4730542,
      "true_site_pair_count": 736208,
      "precision": 0.08345423376252986,
      "recall": 0.5850656336252799
    },
    {
      "name": "ref3/test/1sbp_ref3",
      "true_positive_site_pair_count": 4640,
      "false_positive_site_pair_count": 98644,
      "true_site_pair_count": 22050,
      "precision": 0.04492467371519306,
      "recall": 0.21043083900226758
    },
    {
      "name": "ref3/test/1dox_ref3",
      "true_positive_site_pair_count": 7664,
      "false_positive_site_pair_count": 41322,
      "true_site_pair_count": 25392,
      "precision": 0.15645286408361572,
      "recall": 0.3018273471959672
    },
    {
      "name": "ref3/test/1pamA_ref3",
      "true_positive_site_pair_count": 372154,
      "false_positive_site_pair_count": 9034954,
      "true_site_pair_count": 840650,
      "precision": 0.03956093626223915,
      "recall": 0.4426979123297448
    },
    {
      "name": "ref3/test/1pgtA_ref3",
      "true_positive_site_pair_count": 48206,
      "false_positive_site_pair_count": 348118,
      "true_site_pair_count": 160820,
      "precision": 0.1216328054823831,
      "recall": 0.29975127471707497
    },
    {
      "name": "ref3/test/1eft_ref3",
      "true_positive_site_pair_count": 114698,
      "false_positive_site_pair_count": 1287478,
      "true_site_pair_count": 278460,
      "precision": 0.08180000228216715,
      "recall": 0.4119011707247001
    },
    {
      "name": "ref3/test/1sesA_ref3",
      "true_positive_site_pair_count": 486954,
      "false_positive_site_pair_count": 3912646,
      "true_site_pair_count": 876876,
      "precision": 0.11068142558414401,
      "recall": 0.5553282334104251
    },
    {
      "name": "ref3/test/1ad3_ref3",
      "true_positive_site_pair_count": 406356,
      "false_positive_site_pair_count": 12167522,
      "true_site_pair_count": 1213940,
      "precision": 0.03231747596087699,
      "recall": 0.33474142049854194
    },
    {
      "name": "ref3/test/1idy_ref3",
      "true_positive_site_pair_count": 12276,
      "false_positive_site_pair_count": 434796,
      "true_site_pair_count": 37962,
      "precision": 0.02745866437620786,
      "recall": 0.3233760075865339
    },
    {
      "name": "ref3/test/1r69_ref3",
      "true_positive_site_pair_count": 7732,
      "false_positive_site_pair_count": 408628,
      "true_site_pair_count": 22644,
      "precision": 0.01857046786434816,
      "recall": 0.34145910616498854
    },
    {
      "name": "ref3/test/1lci_ref3",
      "true_positive_site_pair_count": 369336,
      "false_positive_site_pair_count": 2907354,
      "true_site_pair_count": 605150,
      "precision": 0.11271618615126851,
      "recall": 0.6103214079153929
    },
    {
      "name": "ref3/test/1adj_ref3",
      "true_positive_site_pair_count": 83428,
      "false_positive_site_pair_count": 939354,
      "true_site_pair_count": 239940,
      "precision": 0.0815696795602582,
      "recall": 0.3477035925648079
    },
    {
      "name": "ref3/test/2pia_ref3",
      "true_positive_site_pair_count": 92448,
      "false_positive_site_pair_count": 3376460,
      "true_site_pair_count": 234600,
      "precision": 0.02665046175914726,
      "recall": 0.3940664961636829
    },
    {
      "name": "ref3/test/1plc_ref3",
      "true_positive_site_pair_count": 5942,
      "false_positive_site_pair_count": 99048,
      "true_site_pair_count": 18480,
      "precision": 0.05659586627297838,
      "recall": 0.3215367965367965
    },
    {
      "name": "ref3/test/1csy_ref3",
      "true_positive_site_pair_count": 5256,
      "false_positive_site_pair_count": 84854,
      "true_site_pair_count": 13464,
      "precision": 0.058328709355232496,
      "recall": 0.39037433155080214
    },
    {
      "name": "ref3/test/2trx_ref3",
      "true_positive_site_pair_count": 36172,
      "false_positive_site_pair_count": 427046,
      "true_site_pair_count": 167462,
      "precision": 0.07808850260568458,
      "recall": 0.21600124207282848
    },
    {
      "name": "ref3/test/1lvl_ref3",
      "true_positive_site_pair_count": 184588,
      "false_positive_site_pair_count": 2886216,
      "true_site_pair_count": 420160,
      "precision": 0.060110642033812646,
      "recall": 0.4393278750952018
    },
    {
      "name": "ref3/test/1ubi_ref3",
      "true_positive_site_pair_count": 9754,
      "false_positive_site_pair_count": 258688,
      "true_site_pair_count": 46200,
      "precision": 0.03633559577115354,
      "recall": 0.21112554112554113
    },
    {
      "name": "ref3/test/1cpt_ref3",
      "true_positive_site_pair_count": 531384,
      "false_positive_site_pair_count": 10148418,
      "true_site_pair_count": 1303568,
      "precision": 0.04975597862207558,
      "recall": 0.40763811323996907
    },
    {
      "name": "ref3/test/1taq_ref3",
      "true_positive_site_pair_count": 27310,
      "false_positive_site_pair_count": 576332,
      "true_site_pair_count": 86394,
      "precision": 0.04524204743871368,
      "recall": 0.3161099150403963
    },
    {
      "name": "ref3/test/1ajsA_ref3",
      "true_positive_site_pair_count": 231312,
      "false_positive_site_pair_count": 13301552,
      "true_site_pair_count": 1121232,
      "precision": 0.017092612472866055,
      "recall": 0.20630163962498393
    },
    {
      "name": "ref3/test/1bucA_ref3",
      "true_positive_site_pair_count": 214692,
      "false_positive_site_pair_count": 2200682,
      "true_site_pair_count": 588000,
      "precision": 0.0888856135737157,
      "recall": 0.36512244897959184
    },
    {
      "name": "ref3/test/1uky_ref3",
      "true_positive_site_pair_count": 405874,
      "false_positive_site_pair_count": 4091758,
      "true_site_pair_count": 1673560,
      "precision": 0.09024170941508776,
      "recall": 0.24252133177179186
    },
    {
      "name": "ref3/test/451c_ref3",
      "true_positive_site_pair_count": 2468,
      "false_positive_site_pair_count": 20556,
      "true_site_pair_count": 8360,
      "precision": 0.10719249478804725,
      "recall": 0.2952153110047847
    },
    {
      "name": "ref3/test/3grs_ref3",
      "true_positive_site_pair_count": 197804,
      "false_positive_site_pair_count": 4783920,
      "true_site_pair_count": 440640,
      "precision": 0.03970593312676495,
      "recall": 0.4489015976761075
    },
    {
      "name": "ref3/test/1ycc_ref3",
      "true_positive_site_pair_count": 68590,
      "false_positive_site_pair_count": 224322,
      "true_site_pair_count": 150150,
      "precision": 0.23416589282788006,
      "recall": 0.4568098568098568
    },
    {
      "name": "ref3/test/glg_ref3",
      "true_positive_site_pair_count": 1090792,
      "false_positive_site_pair_count": 8624762,
      "true_site_pair_count": 2395512,
      "precision": 0.11227275356608589,
      "recall": 0.4553481677403411
    },
    {
      "name": "ref3/test/2hsdA_ref3",
      "true_positive_site_pair_count": 168416,
      "false_positive_site_pair_count": 1990206,
      "true_site_pair_count": 532532,
      "precision": 0.07802014433281973,
      "recall": 0.31625517339803055
    },
    {
      "name": "ref3/test/kinase_ref3",
      "true_positive_site_pair_count": 170802,
      "false_positive_site_pair_count": 2846198,
      "true_site_pair_count": 434930,
      "precision": 0.05661319191249586,
      "recall": 0.39271147081139496
    }
  ]
}