{
  "path": "./data/bb3_release/RV30",
  "results": [
    {
      "name": "ref3/test/1ldg_ref3",
      "true_positive_site_pair_count": 308904,
      "false_positive_site_pair_count": 2589550,
      "true_site_pair_count": 711360,
      "precision": 0.10657543642231342,
      "recall": 0.43424426450742243
    },
    {
      "name": "ref3/test/4enl_ref3",
      "true_positive_site_pair_count": 451766,
      "false_positive_site_pair_count": 6600528,
      "true_site_pair_count": 736208,
      "precision": 0.0640594393824194,
      "recall": 0.6136390802599265
    },
    {
      "name": "ref3/test/1sbp_ref3",
      "true_positive_site_pair_count": 5178,
      "false_positive_site_pair_count": 142204,
      "true_site_pair_count": 22050,
      "precision": 0.035133191298801755,
      "recall": 0.23482993197278912
    },
    {
      "name": "ref3/test/1dox_ref3",
      "true_positive_site_pair_count": 7884,
      "false_positive_site_pair_count": 56036,
      "true_site_pair_count": 25392,
      "precision": 0.12334167709637046,
      "recall": 0.31049149338374293
    },
    {
      "name": "ref3/test/1pamA_ref3",
      "true_positive_site_pair_count": 365758,
      "false_positive_site_pair_count": 12803414,
      "true_site_pair_count": 840650,
      "precision": 0.02777380385038634,
      "recall": 0.43508951406649615
    },
    {
      "name": "ref3/test/1pgtA_ref3",
      "true_positive_site_pair_count": 54550,
      "false_positive_site_pair_count": 499686,
      "true_site_pair_count": 160820,
      "precision": 0.09842377615311888,
      "recall": 0.33919910458898145
    },
    {
      "name": "ref3/test/1eft_ref3",
      "true_positive_site_pair_count": 116996,
      "false_positive_site_pair_count": 1815216,
      "true_site_pair_count": 278460,
      "precision": 0.06055029158291119,
      "recall": 0.4201537025066437
    },
    {
      "name": "ref3/test/1sesA_ref3",
      "true_positive_site_pair_count": 530864,
      "false_positive_site_pair_count": 5597028,
      "true_site_pair_count": 876876,
      "precision": 0.08663076960233633,
      "recall": 0.6054037286913999
    },
    {
      "name": "ref3/test/1ad3_ref3",
      "true_positive_site_pair_count": 451308,
      "false_positive_site_pair_count": 17266854,
      "true_site_pair_count": 1213940,
      "precision": 0.02547149077878394,
      "recall": 0.3717712572285286
    },
    {
      "name": "ref3/test/1idy_ref3",
      "true_positive_site_pair_count": 13196,
      "false_positive_site_pair_count": 576338,
      "true_site_pair_count": 37962,
      "precision": 0.022383781088113664,
      "recall": 0.34761076866340024
    },
    {
      "name": "ref3/test/1r69_ref3",
      "true_positive_site_pair_count": 8440,
      "false_positive_site_pair_count": 566312,
      "true_site_pair_count": 22644,
      "precision": 0.014684594398975558,
      "recall": 0.37272566684331393
    },
    {
      "name": "ref3/test/1lci_ref3",
      "true_positive_site_pair_count": 393034,
      "false_positive_site_pair_count": 4060906,
      "true_site_pair_count": 605150,
      "precision": 0.08824411644521479,
      "recall": 0.6494819466248037
    },
    {
      "name": "ref3/test/1adj_ref3",
      "true_positive_site_pair_count": 91892,
      "false_positive_site_pair_count": 1310310,
      "true_site_pair_count": 239940,
      "precision": 0.06553406713155452,
      "recall": 0.382979078102859
    },
    {
      "name": "ref3/test/2pia_ref3",
      "true_positive_site_pair_count": 86238,
      "false_positive_site_pair_count": 4792602,
      "true_site_pair_count": 234600,
      "precision": 0.017675922965295028,
      "recall": 0.36759590792838875
    },
    {
      "name": "ref3/test/1plc_ref3",
      "true_positive_site_pair_count": 7288,
      "false_positive_site_pair_count": 141570,
      "true_site_pair_count": 18480,
      "precision": 0.04895941098227841,
      "recall": 0.3943722943722944
    },
    {
      "name": "ref3/test/1csy_ref3",
      "true_positive_site_pair_count": 5100,
      "false_positive_site_pair_count": 115388,
      "true_site_pair_count": 13464,
      "precision": 0.042327866675519556,
      "recall": 0.3787878787878788
    },
    {
      "name": "ref3/test/2trx_ref3",
      "true_positive_site_pair_count": 40784,
      "false_positive_site_pair_count": 588752,
      "true_site_pair_count": 167462,
      "precision": 0.06478422203019367,
      "recall": 0.2435418184423929
    },
    {
      "name": "ref3/test/1lvl_ref3",
      "true_positive_site_pair_count": 200964,
      "false_positive_site_pair_count": 4019494,
      "true_site_pair_count": 420160,
      "precision": 0.04761663307631541,
      "recall": 0.4783035034272658
    },
    {
      "name": "ref3/test/1ubi_ref3",
      "true_positive_site_pair_count": 11386,
      "false_positive_site_pair_count": 367792,
      "true_site_pair_count": 46200,
      "precision": 0.030028113445400312,
      "recall": 0.24645021645021645
    },
    {
      "name": "ref3/test/1cpt_ref3",
      "true_positive_site_pair_count": 598466,
      "false_positive_site_pair_count": 14179706,
      "true_site_pair_count": 1303568,
      "precision": 0.040496618932300964,
      "recall": 0.4590984129711684
    },
    {
      "name": "ref3/test/1taq_ref3",
      "true_positive_site_pair_count": 32414,
      "false_positive_site_pair_count": 813508,
      "true_site_pair_count": 86394,
      "precision": 0.03831795366475869,
      "recall": 0.3751880917656319
    },
    {
      "name": "ref3/test/1ajsA_ref3",
      "true_positive_site_pair_count": 260626,
      "false_positive_site_pair_count": 18795620,
      "true_site_pair_count": 1121232,
      "precision": 0.013676670630721286,
      "recall": 0.23244609500977495
    },
    {
      "name": "ref3/test/1bucA_ref3",
      "true_positive_site_pair_count": 254948,
      "false_positive_site_pair_count": 3061974,
      "true_site_pair_count": 588000,
      "precision": 0.07686282643969318,
      "recall": 0.43358503401360543
    },
    {
      "name": "ref3/test/1uky_ref3",
      "true_positive_site_pair_count": 445114,
      "false_positive_site_pair_count": 5756218,
      "true_site_pair_count": 1673560,
      "precision": 0.07177716013269407,
      "recall": 0.26596835488419895
    },
    {
      "name": "ref3/test/451c_ref3",
      "true_positive_site_pair_count": 2560,
      "false_positive_site_pair_count": 27608,
      "true_site_pair_count": 8360,
      "precision": 0.08485812781755503,
      "recall": 0.3062200956937799
    },
    {
      "name": "ref3/test/3grs_ref3",
      "true_positive_site_pair_count": 210954,
      "false_positive_site_pair_count": 6711426,
      "true_site_pair_count": 440640,
      "precision": 0.03047420106957434,
      "recall": 0.4787445533769063
    },
    {
      "name": "ref3/test/1ycc_ref3",
      "true_positive_site_pair_count": 74082,
      "false_positive_site_pair_count": 327862,
      "true_site_pair_count": 150150,
      "precision": 0.1843092570109269,
      "recall": 0.4933866133866134
    },
    {
      "name": "ref3/test/glg_ref3",
      "true_positive_site_pair_count": 1198198,
      "false_positive_site_pair_count": 12125238,
      "true_site_pair_count": 2395512,
      "precision": 0.0899316062313055,
      "recall": 0.5001845117035523
    },
    {
      "name": "ref3/test/2hsdA_ref3",
      "true_positive_site_pair_count": 193658,
      "false_positive_site_pair_count": 2737560,
      "true_site_pair_count": 532532,
      "precision": 0.06606741634364964,
      "recall": 0.3636551418506306
    },
    {
      "name": "ref3/test/kinase_ref3",
      "true_positive_site_pair_count": 170338,
      "false_positive_site_pair_count": 3986974,
      "true_site_pair_count": 434930,
      "precision": 0.04097310954770775,
      "recall": 0.3916446324695928
    }
  ]
}