{
  "path": "./data/bb3_release/RV30",
  "results": [
    {
      "name": "ref3/test/1ldg_ref3",
      "true_positive_site_pair_count": 233198,
      "false_positive_site_pair_count": 255320,
      "true_site_pair_count": 711360,
      "precision": 0.47735805026631567,
      "recall": 0.32781995051731894
    },
    {
      "name": "ref3/test/4enl_ref3",
      "true_positive_site_pair_count": 391732,
      "false_positive_site_pair_count": 722926,
      "true_site_pair_count": 736208,
      "precision": 0.3514369429905855,
      "recall": 0.5320941907721731
    },
    {
      "name": "ref3/test/1sbp_ref3",
      "true_positive_site_pair_count": 2890,
      "false_positive_site_pair_count": 13380,
      "true_site_pair_count": 22050,
      "precision": 0.17762753534111864,
      "recall": 0.1310657596371882
    },
    {
      "name": "ref3/test/1dox_ref3",
      "true_positive_site_pair_count": 5730,
      "false_positive_site_pair_count": 4450,
      "true_site_pair_count": 25392,
      "precision": 0.56286836935167,
      "recall": 0.22566162570888468
    },
    {
      "name": "ref3/test/1pamA_ref3",
      "true_positive_site_pair_count": 290166,
      "false_positive_site_pair_count": 1121340,
      "true_site_pair_count": 840650,
      "precision": 0.20557192105453323,
      "recall": 0.34516861952060907
    },
    {
      "name": "ref3/test/1pgtA_ref3",
      "true_positive_site_pair_count": 36932,
      "false_positive_site_pair_count": 42988,
      "true_site_pair_count": 160820,
      "precision": 0.4621121121121121,
      "recall": 0.2296480537246611
    },
    {
      "name": "ref3/test/1eft_ref3",
      "true_positive_site_pair_count": 99052,
      "false_positive_site_pair_count": 197990,
      "true_site_pair_count": 278460,
      "precision": 0.3334612613704459,
      "recall": 0.3557135674782734
    },
    {
      "name": "ref3/test/1sesA_ref3",
      "true_positive_site_pair_count": 431382,
      "false_positive_site_pair_count": 538028,
      "true_site_pair_count": 876876,
      "precision": 0.4449943780237464,
      "recall": 0.49195325222722486
    },
    {
      "name": "ref3/test/1ad3_ref3",
      "true_positive_site_pair_count": 330462,
      "false_positive_site_pair_count": 1840740,
      "true_site_pair_count": 1213940,
      "precision": 0.15220232847980059,
      "recall": 0.2722226798688568
    },
    {
      "name": "ref3/test/1idy_ref3",
      "true_positive_site_pair_count": 10080,
      "false_positive_site_pair_count": 280762,
      "true_site_pair_count": 37962,
      "precision": 0.03465799299963554,
      "recall": 0.2655286865813182
    },
    {
      "name": "ref3/test/1r69_ref3",
      "true_positive_site_pair_count": 7248,
      "false_positive_site_pair_count": 70448,
      "true_site_pair_count": 22644,
      "precision": 0.09328665568369028,
      "recall": 0.320084790673026
    },
    {
      "name": "ref3/test/1lci_ref3",
      "true_positive_site_pair_count": 332052,
      "false_positive_site_pair_count": 385846,
      "true_site_pair_count": 605150,
      "precision": 0.4625336747003056,
      "recall": 0.5487102371312897
    },
    {
      "name": "ref3/test/1adj_ref3",
      "true_positive_site_pair_count": 67788,
      "false_positive_site_pair_count": 127098,
      "true_site_pair_count": 239940,
      "precision": 0.34783411840768447,
      "recall": 0.28252063015753937
    },
    {
      "name": "ref3/test/2pia_ref3",
      "true_positive_site_pair_count": 56910,
      "false_positive_site_pair_count": 426532,
      "true_site_pair_count": 234600,
      "precision": 0.11771836125119456,
      "recall": 0.24258312020460357
    },
    {
      "name": "ref3/test/1plc_ref3",
      "true_positive_site_pair_count": 4716,
      "false_positive_site_pair_count": 14414,
      "true_site_pair_count": 18480,
      "precision": 0.2465237846314689,
      "recall": 0.2551948051948052
    },
    {
      "name": "ref3/test/1csy_ref3",
      "true_positive_site_pair_count": 4054,
      "false_positive_site_pair_count": 12392,
      "true_site_pair_count": 13464,
      "precision": 0.24650370910859784,
      "recall": 0.30109922756981583
    },
    {
      "name": "ref3/test/2trx_ref3",
      "true_positive_site_pair_count": 26578,
      "false_positive_site_pair_count": 51438,
      "true_site_pair_count": 167462,
      "precision": 0.3406737079573421,
      "recall": 0.15871063285999212
    },
    {
      "name": "ref3/test/1lvl_ref3",
      "true_positive_site_pair_count": 148026,
      "false_positive_site_pair_count": 436992,
      "true_site_pair_count": 420160,
      "precision": 0.2530281119555296,
      "recall": 0.35230864432597103
    },
    {
      "name": "ref3/test/1ubi_ref3",
      "true_positive_site_pair_count": 8300,
      "false_positive_site_pair_count": 32340,
      "true_site_pair_count": 46200,
      "precision": 0.20423228346456693,
      "recall": 0.17965367965367965
    },
    {
      "name": "ref3/test/1cpt_ref3",
      "true_positive_site_pair_count": 439484,
      "false_positive_site_pair_count": 1308680,
      "true_site_pair_count": 1303568,
      "precision": 0.25139746614162056,
      "recall": 0.33713929768144046
    },
    {
      "name": "ref3/test/1taq_ref3",
      "true_positive_site_pair_count": 21712,
      "false_positive_site_pair_count": 79544,
      "true_site_pair_count": 86394,
      "precision": 0.21442679939954176,
      "recall": 0.2513137486399519
    },
    {
      "name": "ref3/test/1ajsA_ref3",
      "true_positive_site_pair_count": 181692,
      "false_positive_site_pair_count": 1781912,
      "true_site_pair_count": 1121232,
      "precision": 0.09252985836248041,
      "recall": 0.16204674857656579
    },
    {
      "name": "ref3/test/1bucA_ref3",
      "true_positive_site_pair_count": 168544,
      "false_positive_site_pair_count": 295540,
      "true_site_pair_count": 588000,
      "precision": 0.3631756319976556,
      "recall": 0.2866394557823129
    },
    {
      "name": "ref3/test/1uky_ref3",
      "true_positive_site_pair_count": 276052,
      "false_positive_site_pair_count": 538396,
      "true_site_pair_count": 1673560,
      "precision": 0.3389436771899495,
      "recall": 0.16494897105571357
    },
    {
      "name": "ref3/test/451c_ref3",
      "true_positive_site_pair_count": 1798,
      "false_positive_site_pair_count": 3270,
      "true_site_pair_count": 8360,
      "precision": 0.35477505919494867,
      "recall": 0.21507177033492822
    },
    {
      "name": "ref3/test/3grs_ref3",
      "true_positive_site_pair_count": 156618,
      "false_positive_site_pair_count": 712180,
      "true_site_pair_count": 440640,
      "precision": 0.18026975200219153,
      "recall": 0.3554330065359477
    },
    {
      "name": "ref3/test/1ycc_ref3",
      "true_positive_site_pair_count": 55566,
      "false_positive_site_pair_count": 35640,
      "true_site_pair_count": 150150,
      "precision": 0.6092362344582594,
      "recall": 0.37006993006993005
    },
    {
      "name": "ref3/test/glg_ref3",
      "true_positive_site_pair_count": 901528,
      "false_positive_site_pair_count": 1196718,
      "true_site_pair_count": 2395512,
      "precision": 0.4296579142769723,
      "recall": 0.3763404232581594
    },
    {
      "name": "ref3/test/2hsdA_ref3",
      "true_positive_site_pair_count": 123958,
      "false_positive_site_pair_count": 263916,
      "true_site_pair_count": 532532,
      "precision": 0.31958316360467576,
      "recall": 0.23277098841008614
    },
    {
      "name": "ref3/test/kinase_ref3",
      "true_positive_site_pair_count": 127000,
      "false_positive_site_pair_count": 362092,
      "true_site_pair_count": 434930,
      "precision": 0.2596648483311933,
      "recall": 0.2920010116570483
    }
  ]
}