{
  "path": "./data/bb3_release/RV30",
  "results": [
    {
      "name": "ref3/test/1ldg_ref3",
      "true_positive_site_pair_count": 257870,
      "false_positive_site_pair_count": 319262,
      "true_site_pair_count": 711360,
      "precision": 0.4468128608359959,
      "recall": 0.3625028115159694
    },
    {
      "name": "ref3/test/4enl_ref3",
      "true_positive_site_pair_count": 418210,
      "false_positive_site_pair_count": 913076,
      "true_site_pair_count": 736208,
      "precision": 0.314139861757729,
      "recall": 0.5680595701214874
    },
    {
      "name": "ref3/test/1sbp_ref3",
      "true_positive_site_pair_count": 3212,
      "false_positive_site_pair_count": 17472,
      "true_site_pair_count": 22050,
      "precision": 0.1552891123573777,
      "recall": 0.1456689342403628
    },
    {
      "name": "ref3/test/1dox_ref3",
      "true_positive_site_pair_count": 6052,
      "false_positive_site_pair_count": 6210,
      "true_site_pair_count": 25392,
      "precision": 0.49355733159354104,
      "recall": 0.23834278512917453
    },
    {
      "name": "ref3/test/1pamA_ref3",
      "true_positive_site_pair_count": 300820,
      "false_positive_site_pair_count": 1445826,
      "true_site_pair_count": 840650,
      "precision": 0.17222722864278164,
      "recall": 0.3578421459584845
    },
    {
      "name": "ref3/test/1pgtA_ref3",
      "true_positive_site_pair_count": 38508,
      "false_positive_site_pair_count": 49218,
      "true_site_pair_count": 160820,
      "precision": 0.43895766363449834,
      "recall": 0.2394478298719065
    },
    {
      "name": "ref3/test/1eft_ref3",
      "true_positive_site_pair_count": 100756,
      "false_positive_site_pair_count": 256466,
      "true_site_pair_count": 278460,
      "precision": 0.2820542967678362,
      "recall": 0.36183293830352653
    },
    {
      "name": "ref3/test/1sesA_ref3",
      "true_positive_site_pair_count": 461654,
      "false_positive_site_pair_count": 700126,
      "true_site_pair_count": 876876,
      "precision": 0.3973678321196784,
      "recall": 0.5264758072977251
    },
    {
      "name": "ref3/test/1ad3_ref3",
      "true_positive_site_pair_count": 360328,
      "false_positive_site_pair_count": 2300914,
      "true_site_pair_count": 1213940,
      "precision": 0.1353984342649034,
      "recall": 0.296825213766743
    },
    {
      "name": "ref3/test/1idy_ref3",
      "true_positive_site_pair_count": 11234,
      "false_positive_site_pair_count": 367948,
      "true_site_pair_count": 37962,
      "precision": 0.02962693376795312,
      "recall": 0.29592750645382226
    },
    {
      "name": "ref3/test/1r69_ref3",
      "true_positive_site_pair_count": 7226,
      "false_positive_site_pair_count": 86972,
      "true_site_pair_count": 22644,
      "precision": 0.07671075819019513,
      "recall": 0.31911323087793675
    },
    {
      "name": "ref3/test/1lci_ref3",
      "true_positive_site_pair_count": 362266,
      "false_positive_site_pair_count": 487248,
      "true_site_pair_count": 605150,
      "precision": 0.42643911695392894,
      "recall": 0.5986383541270759
    },
    {
      "name": "ref3/test/1adj_ref3",
      "true_positive_site_pair_count": 77858,
      "false_positive_site_pair_count": 164758,
      "true_site_pair_count": 239940,
      "precision": 0.32091040986579616,
      "recall": 0.3244894556972576
    },
    {
      "name": "ref3/test/2pia_ref3",
      "true_positive_site_pair_count": 51732,
      "false_positive_site_pair_count": 534746,
      "true_site_pair_count": 234600,
      "precision": 0.08820791231725657,
      "recall": 0.22051150895140664
    },
    {
      "name": "ref3/test/1plc_ref3",
      "true_positive_site_pair_count": 4286,
      "false_positive_site_pair_count": 17144,
      "true_site_pair_count": 18480,
      "precision": 0.2,
      "recall": 0.23192640692640693
    },
    {
      "name": "ref3/test/1csy_ref3",
      "true_positive_site_pair_count": 4166,
      "false_positive_site_pair_count": 14290,
      "true_site_pair_count": 13464,
      "precision": 0.22572605114867794,
      "recall": 0.30941770647653
    },
    {
      "name": "ref3/test/2trx_ref3",
      "true_positive_site_pair_count": 29036,
      "false_positive_site_pair_count": 62074,
      "true_site_pair_count": 167462,
      "precision": 0.3186916913620898,
      "recall": 0.1733885896501893
    },
    {
      "name": "ref3/test/1lvl_ref3",
      "true_positive_site_pair_count": 161854,
      "false_positive_site_pair_count": 560610,
      "true_site_pair_count": 420160,
      "precision": 0.2240305399300173,
      "recall": 0.3852199162223915
    },
    {
      "name": "ref3/test/1ubi_ref3",
      "true_positive_site_pair_count": 9216,
      "false_positive_site_pair_count": 36734,
      "true_site_pair_count": 46200,
      "precision": 0.2005658324265506,
      "recall": 0.19948051948051948
    },
    {
      "name": "ref3/test/1cpt_ref3",
      "true_positive_site_pair_count": 493258,
      "false_positive_site_pair_count": 1679002,
      "true_site_pair_count": 1303568,
      "precision": 0.2270713450507766,
      "recall": 0.37839069384949614
    },
    {
      "name": "ref3/test/1taq_ref3",
      "true_positive_site_pair_count": 24790,
      "false_positive_site_pair_count": 100722,
      "true_site_pair_count": 86394,
      "precision": 0.1975109949646249,
      "recall": 0.28694122277009976
    },
    {
      "name": "ref3/test/1ajsA_ref3",
      "true_positive_site_pair_count": 207912,
      "false_positive_site_pair_count": 2230130,
      "true_site_pair_count": 1121232,
      "precision": 0.08527826838093848,
      "recall": 0.18543173937240465
    },
    {
      "name": "ref3/test/1bucA_ref3",
      "true_positive_site_pair_count": 189516,
      "false_positive_site_pair_count": 371904,
      "true_site_pair_count": 588000,
      "precision": 0.33756545901464147,
      "recall": 0.3223061224489796
    },
    {
      "name": "ref3/test/1uky_ref3",
      "true_positive_site_pair_count": 310708,
      "false_positive_site_pair_count": 658402,
      "true_site_pair_count": 1673560,
      "precision": 0.3206116952667912,
      "recall": 0.1856569229666101
    },
    {
      "name": "ref3/test/451c_ref3",
      "true_positive_site_pair_count": 1368,
      "false_positive_site_pair_count": 3646,
      "true_site_pair_count": 8360,
      "precision": 0.2728360590347028,
      "recall": 0.16363636363636364
    },
    {
      "name": "ref3/test/3grs_ref3",
      "true_positive_site_pair_count": 172178,
      "false_positive_site_pair_count": 923654,
      "true_site_pair_count": 440640,
      "precision": 0.1571207995386154,
      "recall": 0.3907452795933188
    },
    {
      "name": "ref3/test/1ycc_ref3",
      "true_positive_site_pair_count": 57146,
      "false_positive_site_pair_count": 40696,
      "true_site_pair_count": 150150,
      "precision": 0.5840641033502995,
      "recall": 0.3805927405927406
    },
    {
      "name": "ref3/test/glg_ref3",
      "true_positive_site_pair_count": 1024902,
      "false_positive_site_pair_count": 1503900,
      "true_site_pair_count": 2395512,
      "precision": 0.40529151748535475,
      "recall": 0.42784256559766765
    },
    {
      "name": "ref3/test/2hsdA_ref3",
      "true_positive_site_pair_count": 132418,
      "false_positive_site_pair_count": 345406,
      "true_site_pair_count": 532532,
      "precision": 0.27712714304848646,
      "recall": 0.24865735767991407
    },
    {
      "name": "ref3/test/kinase_ref3",
      "true_positive_site_pair_count": 137146,
      "false_positive_site_pair_count": 454988,
      "true_site_pair_count": 434930,
      "precision": 0.23161311459906034,
      "recall": 0.31532890350171294
    }
  ]
}