{
  "path": "./data/bb3_release/RV30",
  "results": [
    {
      "name": "ref3/test/1ldg_ref3",
      "true_positive_site_pair_count": 278186,
      "false_positive_site_pair_count": 382888,
      "true_site_pair_count": 711360,
      "precision": 0.42080916811128555,
      "recall": 0.3910621907332434
    },
    {
      "name": "ref3/test/4enl_ref3",
      "true_positive_site_pair_count": 443844,
      "false_positive_site_pair_count": 1095454,
      "true_site_pair_count": 736208,
      "precision": 0.28834182854781854,
      "recall": 0.6028785343272554
    },
    {
      "name": "ref3/test/1sbp_ref3",
      "true_positive_site_pair_count": 3604,
      "false_positive_site_pair_count": 21154,
      "true_site_pair_count": 22050,
      "precision": 0.14556910897487682,
      "recall": 0.1634467120181406
    },
    {
      "name": "ref3/test/1dox_ref3",
      "true_positive_site_pair_count": 6200,
      "false_positive_site_pair_count": 6626,
      "true_site_pair_count": 25392,
      "precision": 0.48339310774988303,
      "recall": 0.24417139256458728
    },
    {
      "name": "ref3/test/1pamA_ref3",
      "true_positive_site_pair_count": 315770,
      "false_positive_site_pair_count": 1755932,
      "true_site_pair_count": 840650,
      "precision": 0.15242057013991395,
      "recall": 0.37562600368762267
    },
    {
      "name": "ref3/test/1pgtA_ref3",
      "true_positive_site_pair_count": 39830,
      "false_positive_site_pair_count": 65384,
      "true_site_pair_count": 160820,
      "precision": 0.37856178835516185,
      "recall": 0.24766820047257804
    },
    {
      "name": "ref3/test/1eft_ref3",
      "true_positive_site_pair_count": 107018,
      "false_positive_site_pair_count": 304686,
      "true_site_pair_count": 278460,
      "precision": 0.2599391796047646,
      "recall": 0.38432090785031964
    },
    {
      "name": "ref3/test/1sesA_ref3",
      "true_positive_site_pair_count": 502004,
      "false_positive_site_pair_count": 858144,
      "true_site_pair_count": 876876,
      "precision": 0.36908042360096105,
      "recall": 0.5724914355051341
    },
    {
      "name": "ref3/test/1ad3_ref3",
      "true_positive_site_pair_count": 398424,
      "false_positive_site_pair_count": 2852608,
      "true_site_pair_count": 1213940,
      "precision": 0.12255308468203327,
      "recall": 0.3282073249089741
    },
    {
      "name": "ref3/test/1idy_ref3",
      "true_positive_site_pair_count": 12400,
      "false_positive_site_pair_count": 462364,
      "true_site_pair_count": 37962,
      "precision": 0.02611823979914231,
      "recall": 0.3266424319055898
    },
    {
      "name": "ref3/test/1r69_ref3",
      "true_positive_site_pair_count": 7698,
      "false_positive_site_pair_count": 108098,
      "true_site_pair_count": 22644,
      "precision": 0.06647898027565718,
      "recall": 0.339957604663487
    },
    {
      "name": "ref3/test/1lci_ref3",
      "true_positive_site_pair_count": 377296,
      "false_positive_site_pair_count": 615434,
      "true_site_pair_count": 605150,
      "precision": 0.38005902914186135,
      "recall": 0.6234751714450962
    },
    {
      "name": "ref3/test/1adj_ref3",
      "true_positive_site_pair_count": 80126,
      "false_positive_site_pair_count": 199762,
      "true_site_pair_count": 239940,
      "precision": 0.286278797233179,
      "recall": 0.33394181878803036
    },
    {
      "name": "ref3/test/2pia_ref3",
      "true_positive_site_pair_count": 51324,
      "false_positive_site_pair_count": 649600,
      "true_site_pair_count": 234600,
      "precision": 0.07322334518435665,
      "recall": 0.21877237851662404
    },
    {
      "name": "ref3/test/1plc_ref3",
      "true_positive_site_pair_count": 4570,
      "false_positive_site_pair_count": 21054,
      "true_site_pair_count": 18480,
      "precision": 0.17834842335310647,
      "recall": 0.2472943722943723
    },
    {
      "name": "ref3/test/1csy_ref3",
      "true_positive_site_pair_count": 3446,
      "false_positive_site_pair_count": 17530,
      "true_site_pair_count": 13464,
      "precision": 0.16428299008390543,
      "recall": 0.255941770647653
    },
    {
      "name": "ref3/test/2trx_ref3",
      "true_positive_site_pair_count": 32440,
      "false_positive_site_pair_count": 71266,
      "true_site_pair_count": 167462,
      "precision": 0.31280735926561626,
      "recall": 0.193715589208298
    },
    {
      "name": "ref3/test/1lvl_ref3",
      "true_positive_site_pair_count": 165360,
      "false_positive_site_pair_count": 654718,
      "true_site_pair_count": 420160,
      "precision": 0.2016393562563561,
      "recall": 0.3935643564356436
    },
    {
      "name": "ref3/test/1ubi_ref3",
      "true_positive_site_pair_count": 10322,
      "false_positive_site_pair_count": 47194,
      "true_site_pair_count": 46200,
      "precision": 0.17946310591835316,
      "recall": 0.2234199134199134
    },
    {
      "name": "ref3/test/1cpt_ref3",
      "true_positive_site_pair_count": 507824,
      "false_positive_site_pair_count": 2024316,
      "true_site_pair_count": 1303568,
      "precision": 0.2005513123287022,
      "recall": 0.3895646410467271
    },
    {
      "name": "ref3/test/1taq_ref3",
      "true_positive_site_pair_count": 24764,
      "false_positive_site_pair_count": 123216,
      "true_site_pair_count": 86394,
      "precision": 0.1673469387755102,
      "recall": 0.2866402759450888
    },
    {
      "name": "ref3/test/1ajsA_ref3",
      "true_positive_site_pair_count": 221184,
      "false_positive_site_pair_count": 2742148,
      "true_site_pair_count": 1121232,
      "precision": 0.07464030355019283,
      "recall": 0.19726871869514961
    },
    {
      "name": "ref3/test/1bucA_ref3",
      "true_positive_site_pair_count": 215202,
      "false_positive_site_pair_count": 436166,
      "true_site_pair_count": 588000,
      "precision": 0.33038466734626204,
      "recall": 0.36598979591836733
    },
    {
      "name": "ref3/test/1uky_ref3",
      "true_positive_site_pair_count": 319192,
      "false_positive_site_pair_count": 778620,
      "true_site_pair_count": 1673560,
      "precision": 0.2907528793636798,
      "recall": 0.19072635579244246
    },
    {
      "name": "ref3/test/451c_ref3",
      "true_positive_site_pair_count": 1614,
      "false_positive_site_pair_count": 4816,
      "true_site_pair_count": 8360,
      "precision": 0.2510108864696734,
      "recall": 0.1930622009569378
    },
    {
      "name": "ref3/test/3grs_ref3",
      "true_positive_site_pair_count": 169480,
      "false_positive_site_pair_count": 1074272,
      "true_site_pair_count": 440640,
      "precision": 0.13626510751339496,
      "recall": 0.3846223674655047
    },
    {
      "name": "ref3/test/1ycc_ref3",
      "true_positive_site_pair_count": 63810,
      "false_positive_site_pair_count": 46270,
      "true_site_pair_count": 150150,
      "precision": 0.5796693313953488,
      "recall": 0.424975024975025
    },
    {
      "name": "ref3/test/glg_ref3",
      "true_positive_site_pair_count": 1085784,
      "false_positive_site_pair_count": 1789448,
      "true_site_pair_count": 2395512,
      "precision": 0.37763352661628696,
      "recall": 0.4532575916964724
    },
    {
      "name": "ref3/test/2hsdA_ref3",
      "true_positive_site_pair_count": 146942,
      "false_positive_site_pair_count": 395818,
      "true_site_pair_count": 532532,
      "precision": 0.2707310781929398,
      "recall": 0.275930836081212
    },
    {
      "name": "ref3/test/kinase_ref3",
      "true_positive_site_pair_count": 132746,
      "false_positive_site_pair_count": 558210,
      "true_site_pair_count": 434930,
      "precision": 0.19211932453007138,
      "recall": 0.3052123330191065
    }
  ]
}