{
  "path": "./data/bb3_release/RV30",
  "results": [
    {
      "name": "ref3/test/1ldg_ref3",
      "true_positive_site_pair_count": 205128,
      "false_positive_site_pair_count": 211112,
      "true_site_pair_count": 711360,
      "precision": 0.4928118393234672,
      "recall": 0.2883603238866397
    },
    {
      "name": "ref3/test/4enl_ref3",
      "true_positive_site_pair_count": 366620,
      "false_positive_site_pair_count": 598358,
      "true_site_pair_count": 736208,
      "precision": 0.37992575996551214,
      "recall": 0.49798426531632367
    },
    {
      "name": "ref3/test/1sbp_ref3",
      "true_positive_site_pair_count": 2938,
      "false_positive_site_pair_count": 13020,
      "true_site_pair_count": 22050,
      "precision": 0.18410828424614614,
      "recall": 0.13324263038548753
    },
    {
      "name": "ref3/test/1dox_ref3",
      "true_positive_site_pair_count": 5204,
      "false_positive_site_pair_count": 4194,
      "true_site_pair_count": 25392,
      "precision": 0.5537348371994041,
      "recall": 0.20494643982356647
    },
    {
      "name": "ref3/test/1pamA_ref3",
      "true_positive_site_pair_count": 274984,
      "false_positive_site_pair_count": 967940,
      "true_site_pair_count": 840650,
      "precision": 0.2212395930885557,
      "recall": 0.3271087848688515
    },
    {
      "name": "ref3/test/1pgtA_ref3",
      "true_positive_site_pair_count": 34980,
      "false_positive_site_pair_count": 37710,
      "true_site_pair_count": 160820,
      "precision": 0.4812216260833677,
      "recall": 0.21751025991792067
    },
    {
      "name": "ref3/test/1eft_ref3",
      "true_positive_site_pair_count": 93508,
      "false_positive_site_pair_count": 184974,
      "true_site_pair_count": 278460,
      "precision": 0.3357775367887332,
      "recall": 0.3358040652158299
    },
    {
      "name": "ref3/test/1sesA_ref3",
      "true_positive_site_pair_count": 393220,
      "false_positive_site_pair_count": 469330,
      "true_site_pair_count": 876876,
      "precision": 0.45588081850327516,
      "recall": 0.44843284569311964
    },
    {
      "name": "ref3/test/1ad3_ref3",
      "true_positive_site_pair_count": 296968,
      "false_positive_site_pair_count": 1598494,
      "true_site_pair_count": 1213940,
      "precision": 0.15667314881543393,
      "recall": 0.24463153038865182
    },
    {
      "name": "ref3/test/1idy_ref3",
      "true_positive_site_pair_count": 8804,
      "false_positive_site_pair_count": 236984,
      "true_site_pair_count": 37962,
      "precision": 0.0358194867121259,
      "recall": 0.23191612665296876
    },
    {
      "name": "ref3/test/1r69_ref3",
      "true_positive_site_pair_count": 7286,
      "false_positive_site_pair_count": 64084,
      "true_site_pair_count": 22644,
      "precision": 0.1020877119237775,
      "recall": 0.3217629394099982
    },
    {
      "name": "ref3/test/1lci_ref3",
      "true_positive_site_pair_count": 308286,
      "false_positive_site_pair_count": 334888,
      "true_site_pair_count": 605150,
      "precision": 0.47931974862167936,
      "recall": 0.5094373295877055
    },
    {
      "name": "ref3/test/1adj_ref3",
      "true_positive_site_pair_count": 64138,
      "false_positive_site_pair_count": 112742,
      "true_site_pair_count": 239940,
      "precision": 0.3626074174581637,
      "recall": 0.2673084937901142
    },
    {
      "name": "ref3/test/2pia_ref3",
      "true_positive_site_pair_count": 58530,
      "false_positive_site_pair_count": 362750,
      "true_site_pair_count": 234600,
      "precision": 0.13893372578807445,
      "recall": 0.24948849104859336
    },
    {
      "name": "ref3/test/1plc_ref3",
      "true_positive_site_pair_count": 4306,
      "false_positive_site_pair_count": 13226,
      "true_site_pair_count": 18480,
      "precision": 0.24560803102897558,
      "recall": 0.233008658008658
    },
    {
      "name": "ref3/test/1csy_ref3",
      "true_positive_site_pair_count": 3044,
      "false_positive_site_pair_count": 10442,
      "true_site_pair_count": 13464,
      "precision": 0.22571555687379505,
      "recall": 0.22608437314319668
    },
    {
      "name": "ref3/test/2trx_ref3",
      "true_positive_site_pair_count": 22256,
      "false_positive_site_pair_count": 43624,
      "true_site_pair_count": 167462,
      "precision": 0.337826350941105,
      "recall": 0.1329017926454957
    },
    {
      "name": "ref3/test/1lvl_ref3",
      "true_positive_site_pair_count": 139888,
      "false_positive_site_pair_count": 381276,
      "true_site_pair_count": 420160,
      "precision": 0.2684145489711492,
      "recall": 0.3329398324447829
    },
    {
      "name": "ref3/test/1ubi_ref3",
      "true_positive_site_pair_count": 8064,
      "false_positive_site_pair_count": 27882,
      "true_site_pair_count": 46200,
      "precision": 0.2243365047571357,
      "recall": 0.17454545454545456
    },
    {
      "name": "ref3/test/1cpt_ref3",
      "true_positive_site_pair_count": 412272,
      "false_positive_site_pair_count": 1151364,
      "true_site_pair_count": 1303568,
      "precision": 0.2636623868982295,
      "recall": 0.316264283873185
    },
    {
      "name": "ref3/test/1taq_ref3",
      "true_positive_site_pair_count": 18898,
      "false_positive_site_pair_count": 69698,
      "true_site_pair_count": 86394,
      "precision": 0.21330534109892094,
      "recall": 0.21874204227145402
    },
    {
      "name": "ref3/test/1ajsA_ref3",
      "true_positive_site_pair_count": 158868,
      "false_positive_site_pair_count": 1587084,
      "true_site_pair_count": 1121232,
      "precision": 0.09099219222521582,
      "recall": 0.14169056894558843
    },
    {
      "name": "ref3/test/1bucA_ref3",
      "true_positive_site_pair_count": 155226,
      "false_positive_site_pair_count": 259416,
      "true_site_pair_count": 588000,
      "precision": 0.3743614973881083,
      "recall": 0.26398979591836735
    },
    {
      "name": "ref3/test/1uky_ref3",
      "true_positive_site_pair_count": 248948,
      "false_positive_site_pair_count": 457564,
      "true_site_pair_count": 1673560,
      "precision": 0.3523620264057794,
      "recall": 0.14875355529529866
    },
    {
      "name": "ref3/test/451c_ref3",
      "true_positive_site_pair_count": 1506,
      "false_positive_site_pair_count": 2610,
      "true_site_pair_count": 8360,
      "precision": 0.36588921282798836,
      "recall": 0.18014354066985647
    },
    {
      "name": "ref3/test/3grs_ref3",
      "true_positive_site_pair_count": 145488,
      "false_positive_site_pair_count": 625202,
      "true_site_pair_count": 440640,
      "precision": 0.18877629137526114,
      "recall": 0.33017429193899783
    },
    {
      "name": "ref3/test/1ycc_ref3",
      "true_positive_site_pair_count": 52156,
      "false_positive_site_pair_count": 26404,
      "true_site_pair_count": 150150,
      "precision": 0.6639002036659878,
      "recall": 0.34735930735930737
    },
    {
      "name": "ref3/test/glg_ref3",
      "true_positive_site_pair_count": 835424,
      "false_positive_site_pair_count": 1042588,
      "true_site_pair_count": 2395512,
      "precision": 0.4448448678709188,
      "recall": 0.3487454873947615
    },
    {
      "name": "ref3/test/2hsdA_ref3",
      "true_positive_site_pair_count": 108614,
      "false_positive_site_pair_count": 222410,
      "true_site_pair_count": 532532,
      "precision": 0.3281151819807627,
      "recall": 0.20395769643889944
    },
    {
      "name": "ref3/test/kinase_ref3",
      "true_positive_site_pair_count": 116912,
      "false_positive_site_pair_count": 312888,
      "true_site_pair_count": 434930,
      "precision": 0.27201489064681245,
      "recall": 0.26880647460510887
    }
  ]
}