{
  "path": "./data/bb3_release/RV30",
  "results": [
    {
      "name": "ref3/test/1ldg_ref3",
      "true_positive_site_pair_count": 262698,
      "false_positive_site_pair_count": 350356,
      "true_site_pair_count": 711360,
      "precision": 0.42850711356585225,
      "recall": 0.36928981106612685
    },
    {
      "name": "ref3/test/4enl_ref3",
      "true_positive_site_pair_count": 419452,
      "false_positive_site_pair_count": 994842,
      "true_site_pair_count": 736208,
      "precision": 0.29658048467998877,
      "recall": 0.5697465933540521
    },
    {
      "name": "ref3/test/1sbp_ref3",
      "true_positive_site_pair_count": 3512,
      "false_positive_site_pair_count": 19204,
      "true_site_pair_count": 22050,
      "precision": 0.15460468392322593,
      "recall": 0.15927437641723355
    },
    {
      "name": "ref3/test/1dox_ref3",
      "true_positive_site_pair_count": 6270,
      "false_positive_site_pair_count": 6692,
      "true_site_pair_count": 25392,
      "precision": 0.48372164789384353,
      "recall": 0.2469281663516068
    },
    {
      "name": "ref3/test/1pamA_ref3",
      "true_positive_site_pair_count": 295974,
      "false_positive_site_pair_count": 1585006,
      "true_site_pair_count": 840650,
      "precision": 0.15735095535306065,
      "recall": 0.3520775590317017
    },
    {
      "name": "ref3/test/1pgtA_ref3",
      "true_positive_site_pair_count": 38748,
      "false_positive_site_pair_count": 61036,
      "true_site_pair_count": 160820,
      "precision": 0.3883187685400465,
      "recall": 0.24094018156945654
    },
    {
      "name": "ref3/test/1eft_ref3",
      "true_positive_site_pair_count": 103982,
      "false_positive_site_pair_count": 282328,
      "true_site_pair_count": 278460,
      "precision": 0.26916724910046336,
      "recall": 0.37341808518279107
    },
    {
      "name": "ref3/test/1sesA_ref3",
      "true_positive_site_pair_count": 484320,
      "false_positive_site_pair_count": 778854,
      "true_site_pair_count": 876876,
      "precision": 0.3834151114573289,
      "recall": 0.5523243879408263
    },
    {
      "name": "ref3/test/1ad3_ref3",
      "true_positive_site_pair_count": 367310,
      "false_positive_site_pair_count": 2593100,
      "true_site_pair_count": 1213940,
      "precision": 0.12407403028634548,
      "recall": 0.3025767336112164
    },
    {
      "name": "ref3/test/1idy_ref3",
      "true_positive_site_pair_count": 12386,
      "false_positive_site_pair_count": 406988,
      "true_site_pair_count": 37962,
      "precision": 0.029534496654537477,
      "recall": 0.32627364206311577
    },
    {
      "name": "ref3/test/1r69_ref3",
      "true_positive_site_pair_count": 7662,
      "false_positive_site_pair_count": 97546,
      "true_site_pair_count": 22644,
      "precision": 0.07282716143259067,
      "recall": 0.3383677795442501
    },
    {
      "name": "ref3/test/1lci_ref3",
      "true_positive_site_pair_count": 360136,
      "false_positive_site_pair_count": 535300,
      "true_site_pair_count": 605150,
      "precision": 0.4021906646594508,
      "recall": 0.5951185656448814
    },
    {
      "name": "ref3/test/1adj_ref3",
      "true_positive_site_pair_count": 73898,
      "false_positive_site_pair_count": 177850,
      "true_site_pair_count": 239940,
      "precision": 0.2935395713173491,
      "recall": 0.30798532966574976
    },
    {
      "name": "ref3/test/2pia_ref3",
      "true_positive_site_pair_count": 54592,
      "false_positive_site_pair_count": 580280,
      "true_site_pair_count": 234600,
      "precision": 0.08598898675638554,
      "recall": 0.23270247229326513
    },
    {
      "name": "ref3/test/1plc_ref3",
      "true_positive_site_pair_count": 4282,
      "false_positive_site_pair_count": 19398,
      "true_site_pair_count": 18480,
      "precision": 0.1808277027027027,
      "recall": 0.2317099567099567
    },
    {
      "name": "ref3/test/1csy_ref3",
      "true_positive_site_pair_count": 3790,
      "false_positive_site_pair_count": 16170,
      "true_site_pair_count": 13464,
      "precision": 0.18987975951903807,
      "recall": 0.2814913844325609
    },
    {
      "name": "ref3/test/2trx_ref3",
      "true_positive_site_pair_count": 31140,
      "false_positive_site_pair_count": 63324,
      "true_site_pair_count": 167462,
      "precision": 0.32964939024390244,
      "recall": 0.1859526340304069
    },
    {
      "name": "ref3/test/1lvl_ref3",
      "true_positive_site_pair_count": 162592,
      "false_positive_site_pair_count": 603478,
      "true_site_pair_count": 420160,
      "precision": 0.21224170115002544,
      "recall": 0.386976389946687
    },
    {
      "name": "ref3/test/1ubi_ref3",
      "true_positive_site_pair_count": 9204,
      "false_positive_site_pair_count": 43258,
      "true_site_pair_count": 46200,
      "precision": 0.17544127177766763,
      "recall": 0.19922077922077921
    },
    {
      "name": "ref3/test/1cpt_ref3",
      "true_positive_site_pair_count": 488516,
      "false_positive_site_pair_count": 1870468,
      "true_site_pair_count": 1303568,
      "precision": 0.20708745799038908,
      "recall": 0.3747529856516883
    },
    {
      "name": "ref3/test/1taq_ref3",
      "true_positive_site_pair_count": 23186,
      "false_positive_site_pair_count": 112508,
      "true_site_pair_count": 86394,
      "precision": 0.1708697510575265,
      "recall": 0.2683751186424983
    },
    {
      "name": "ref3/test/1ajsA_ref3",
      "true_positive_site_pair_count": 206112,
      "false_positive_site_pair_count": 2456792,
      "true_site_pair_count": 1121232,
      "precision": 0.0774012131117006,
      "recall": 0.18382636242989853
    },
    {
      "name": "ref3/test/1bucA_ref3",
      "true_positive_site_pair_count": 197484,
      "false_positive_site_pair_count": 416726,
      "true_site_pair_count": 588000,
      "precision": 0.32152521124696765,
      "recall": 0.33585714285714285
    },
    {
      "name": "ref3/test/1uky_ref3",
      "true_positive_site_pair_count": 341998,
      "false_positive_site_pair_count": 733968,
      "true_site_pair_count": 1673560,
      "precision": 0.3178520510871161,
      "recall": 0.20435359353713042
    },
    {
      "name": "ref3/test/451c_ref3",
      "true_positive_site_pair_count": 1698,
      "false_positive_site_pair_count": 4210,
      "true_site_pair_count": 8360,
      "precision": 0.2874069058903182,
      "recall": 0.20311004784688996
    },
    {
      "name": "ref3/test/3grs_ref3",
      "true_positive_site_pair_count": 164378,
      "false_positive_site_pair_count": 981618,
      "true_site_pair_count": 440640,
      "precision": 0.14343680082652993,
      "recall": 0.3730437545388526
    },
    {
      "name": "ref3/test/1ycc_ref3",
      "true_positive_site_pair_count": 60364,
      "false_positive_site_pair_count": 38014,
      "true_site_pair_count": 150150,
      "precision": 0.6135924698611478,
      "recall": 0.402024642024642
    },
    {
      "name": "ref3/test/glg_ref3",
      "true_positive_site_pair_count": 1029010,
      "false_positive_site_pair_count": 1612618,
      "true_site_pair_count": 2395512,
      "precision": 0.38953630109917065,
      "recall": 0.429557439077742
    },
    {
      "name": "ref3/test/2hsdA_ref3",
      "true_positive_site_pair_count": 133160,
      "false_positive_site_pair_count": 363016,
      "true_site_pair_count": 532532,
      "precision": 0.2683725129792654,
      "recall": 0.25005070117852074
    },
    {
      "name": "ref3/test/kinase_ref3",
      "true_positive_site_pair_count": 142790,
      "false_positive_site_pair_count": 493748,
      "true_site_pair_count": 434930,
      "precision": 0.22432282126126013,
      "recall": 0.32830570436621986
    }
  ]
}