{
  "path": "./data/bb3_release/RV30",
  "results": [
    {
      "name": "ref3/test/1ldg_ref3",
      "true_positive_site_pair_count": 245260,
      "false_positive_site_pair_count": 273692,
      "true_site_pair_count": 711360,
      "precision": 0.47260632967981625,
      "recall": 0.3447762033288349
    },
    {
      "name": "ref3/test/4enl_ref3",
      "true_positive_site_pair_count": 412230,
      "false_positive_site_pair_count": 855734,
      "true_site_pair_count": 736208,
      "precision": 0.32511175396146896,
      "recall": 0.5599368656683981
    },
    {
      "name": "ref3/test/1sbp_ref3",
      "true_positive_site_pair_count": 3548,
      "false_positive_site_pair_count": 16452,
      "true_site_pair_count": 22050,
      "precision": 0.1774,
      "recall": 0.16090702947845806
    },
    {
      "name": "ref3/test/1dox_ref3",
      "true_positive_site_pair_count": 6218,
      "false_positive_site_pair_count": 5574,
      "true_site_pair_count": 25392,
      "precision": 0.5273066485753053,
      "recall": 0.244880277252678
    },
    {
      "name": "ref3/test/1pamA_ref3",
      "true_positive_site_pair_count": 293450,
      "false_positive_site_pair_count": 1336300,
      "true_site_pair_count": 840650,
      "precision": 0.18005829114894922,
      "recall": 0.3490751204425147
    },
    {
      "name": "ref3/test/1pgtA_ref3",
      "true_positive_site_pair_count": 39168,
      "false_positive_site_pair_count": 46376,
      "true_site_pair_count": 160820,
      "precision": 0.4578696343402226,
      "recall": 0.24355179704016913
    },
    {
      "name": "ref3/test/1eft_ref3",
      "true_positive_site_pair_count": 101846,
      "false_positive_site_pair_count": 237930,
      "true_site_pair_count": 278460,
      "precision": 0.29974453757769826,
      "recall": 0.36574732457085396
    },
    {
      "name": "ref3/test/1sesA_ref3",
      "true_positive_site_pair_count": 457416,
      "false_positive_site_pair_count": 631794,
      "true_site_pair_count": 876876,
      "precision": 0.4199520753573691,
      "recall": 0.521642740820823
    },
    {
      "name": "ref3/test/1ad3_ref3",
      "true_positive_site_pair_count": 354080,
      "false_positive_site_pair_count": 2138934,
      "true_site_pair_count": 1213940,
      "precision": 0.14202888551769063,
      "recall": 0.2916783366558479
    },
    {
      "name": "ref3/test/1idy_ref3",
      "true_positive_site_pair_count": 11270,
      "false_positive_site_pair_count": 329100,
      "true_site_pair_count": 37962,
      "precision": 0.03311102623615477,
      "recall": 0.29687582319161265
    },
    {
      "name": "ref3/test/1r69_ref3",
      "true_positive_site_pair_count": 7690,
      "false_positive_site_pair_count": 82478,
      "true_site_pair_count": 22644,
      "precision": 0.0852852453198474,
      "recall": 0.3396043101925455
    },
    {
      "name": "ref3/test/1lci_ref3",
      "true_positive_site_pair_count": 354116,
      "false_positive_site_pair_count": 460778,
      "true_site_pair_count": 605150,
      "precision": 0.4345546782771747,
      "recall": 0.5851706188548293
    },
    {
      "name": "ref3/test/1adj_ref3",
      "true_positive_site_pair_count": 74916,
      "false_positive_site_pair_count": 143402,
      "true_site_pair_count": 239940,
      "precision": 0.34315081669857733,
      "recall": 0.31222805701425355
    },
    {
      "name": "ref3/test/2pia_ref3",
      "true_positive_site_pair_count": 57822,
      "false_positive_site_pair_count": 490076,
      "true_site_pair_count": 234600,
      "precision": 0.10553424177492891,
      "recall": 0.2464705882352941
    },
    {
      "name": "ref3/test/1plc_ref3",
      "true_positive_site_pair_count": 4362,
      "false_positive_site_pair_count": 17588,
      "true_site_pair_count": 18480,
      "precision": 0.1987243735763098,
      "recall": 0.23603896103896105
    },
    {
      "name": "ref3/test/1csy_ref3",
      "true_positive_site_pair_count": 3226,
      "false_positive_site_pair_count": 13352,
      "true_site_pair_count": 13464,
      "precision": 0.19459524671251055,
      "recall": 0.23960190136660725
    },
    {
      "name": "ref3/test/2trx_ref3",
      "true_positive_site_pair_count": 28222,
      "false_positive_site_pair_count": 56904,
      "true_site_pair_count": 167462,
      "precision": 0.3315320818551324,
      "recall": 0.16852778540803287
    },
    {
      "name": "ref3/test/1lvl_ref3",
      "true_positive_site_pair_count": 162798,
      "false_positive_site_pair_count": 488034,
      "true_site_pair_count": 420160,
      "precision": 0.2501382845342577,
      "recall": 0.3874666793602437
    },
    {
      "name": "ref3/test/1ubi_ref3",
      "true_positive_site_pair_count": 9588,
      "false_positive_site_pair_count": 37198,
      "true_site_pair_count": 46200,
      "precision": 0.20493309964519302,
      "recall": 0.20753246753246754
    },
    {
      "name": "ref3/test/1cpt_ref3",
      "true_positive_site_pair_count": 468552,
      "false_positive_site_pair_count": 1538694,
      "true_site_pair_count": 1303568,
      "precision": 0.23343028208799518,
      "recall": 0.35943809605636223
    },
    {
      "name": "ref3/test/1taq_ref3",
      "true_positive_site_pair_count": 23176,
      "false_positive_site_pair_count": 94300,
      "true_site_pair_count": 86394,
      "precision": 0.19728284926282816,
      "recall": 0.26825936986364796
    },
    {
      "name": "ref3/test/1ajsA_ref3",
      "true_positive_site_pair_count": 197556,
      "false_positive_site_pair_count": 2023818,
      "true_site_pair_count": 1121232,
      "precision": 0.08893414616359065,
      "recall": 0.17619547069651953
    },
    {
      "name": "ref3/test/1bucA_ref3",
      "true_positive_site_pair_count": 179160,
      "false_positive_site_pair_count": 332984,
      "true_site_pair_count": 588000,
      "precision": 0.34982348714424066,
      "recall": 0.3046938775510204
    },
    {
      "name": "ref3/test/1uky_ref3",
      "true_positive_site_pair_count": 317592,
      "false_positive_site_pair_count": 614260,
      "true_site_pair_count": 1673560,
      "precision": 0.34081806982224644,
      "recall": 0.18977030999784888
    },
    {
      "name": "ref3/test/451c_ref3",
      "true_positive_site_pair_count": 1550,
      "false_positive_site_pair_count": 3404,
      "true_site_pair_count": 8360,
      "precision": 0.3128784820347194,
      "recall": 0.1854066985645933
    },
    {
      "name": "ref3/test/3grs_ref3",
      "true_positive_site_pair_count": 170958,
      "false_positive_site_pair_count": 807234,
      "true_site_pair_count": 440640,
      "precision": 0.17476937043034496,
      "recall": 0.38797657952069714
    },
    {
      "name": "ref3/test/1ycc_ref3",
      "true_positive_site_pair_count": 59324,
      "false_positive_site_pair_count": 37938,
      "true_site_pair_count": 150150,
      "precision": 0.6099401616253007,
      "recall": 0.3950982350982351
    },
    {
      "name": "ref3/test/glg_ref3",
      "true_positive_site_pair_count": 990992,
      "false_positive_site_pair_count": 1331550,
      "true_site_pair_count": 2395512,
      "precision": 0.42668421066228296,
      "recall": 0.4136869278884848
    },
    {
      "name": "ref3/test/2hsdA_ref3",
      "true_positive_site_pair_count": 137176,
      "false_positive_site_pair_count": 309922,
      "true_site_pair_count": 532532,
      "precision": 0.30681416602176703,
      "recall": 0.25759203202812225
    },
    {
      "name": "ref3/test/kinase_ref3",
      "true_positive_site_pair_count": 137482,
      "false_positive_site_pair_count": 415974,
      "true_site_pair_count": 434930,
      "precision": 0.24840637738139978,
      "recall": 0.3161014416112938
    }
  ]
}