{
  "path": "./data/bb3_release/RV30",
  "results": [
    {
      "name": "ref3/test/1ldg_ref3",
      "true_positive_site_pair_count": 201032,
      "false_positive_site_pair_count": 30828,
      "true_site_pair_count": 711360,
      "precision": 0.8670404554472526,
      "recall": 0.2826023391812866
    },
    {
      "name": "ref3/test/4enl_ref3",
      "true_positive_site_pair_count": 390336,
      "false_positive_site_pair_count": 107462,
      "true_site_pair_count": 736208,
      "precision": 0.7841252877673273,
      "recall": 0.5301979875252646
    },
    {
      "name": "ref3/test/1sbp_ref3",
      "true_positive_site_pair_count": 2244,
      "false_positive_site_pair_count": 1720,
      "true_site_pair_count": 22050,
      "precision": 0.5660948536831484,
      "recall": 0.1017687074829932
    },
    {
      "name": "ref3/test/1dox_ref3",
      "true_positive_site_pair_count": 4452,
      "false_positive_site_pair_count": 358,
      "true_site_pair_count": 25392,
      "precision": 0.9255717255717256,
      "recall": 0.17533081285444235
    },
    {
      "name": "ref3/test/1pamA_ref3",
      "true_positive_site_pair_count": 253618,
      "false_positive_site_pair_count": 141768,
      "true_site_pair_count": 840650,
      "precision": 0.6414440571997997,
      "recall": 0.3016927377624457
    },
    {
      "name": "ref3/test/1pgtA_ref3",
      "true_positive_site_pair_count": 28932,
      "false_positive_site_pair_count": 5300,
      "true_site_pair_count": 160820,
      "precision": 0.845174106099556,
      "recall": 0.17990299713965924
    },
    {
      "name": "ref3/test/1eft_ref3",
      "true_positive_site_pair_count": 87862,
      "false_positive_site_pair_count": 32464,
      "true_site_pair_count": 278460,
      "precision": 0.7301996243538388,
      "recall": 0.3155282625870861
    },
    {
      "name": "ref3/test/1sesA_ref3",
      "true_positive_site_pair_count": 418780,
      "false_positive_site_pair_count": 78006,
      "true_site_pair_count": 876876,
      "precision": 0.8429786668706445,
      "recall": 0.47758177895164194
    },
    {
      "name": "ref3/test/1ad3_ref3",
      "true_positive_site_pair_count": 299660,
      "false_positive_site_pair_count": 263326,
      "true_site_pair_count": 1213940,
      "precision": 0.5322690084655747,
      "recall": 0.24684910292106693
    },
    {
      "name": "ref3/test/1idy_ref3",
      "true_positive_site_pair_count": 9394,
      "false_positive_site_pair_count": 223146,
      "true_site_pair_count": 37962,
      "precision": 0.04039735099337748,
      "recall": 0.24745798430008956
    },
    {
      "name": "ref3/test/1r69_ref3",
      "true_positive_site_pair_count": 6698,
      "false_positive_site_pair_count": 13822,
      "true_site_pair_count": 22644,
      "precision": 0.32641325536062377,
      "recall": 0.2957957957957958
    },
    {
      "name": "ref3/test/1lci_ref3",
      "true_positive_site_pair_count": 331284,
      "false_positive_site_pair_count": 54296,
      "true_site_pair_count": 605150,
      "precision": 0.859183567612428,
      "recall": 0.5474411302982731
    },
    {
      "name": "ref3/test/1adj_ref3",
      "true_positive_site_pair_count": 61088,
      "false_positive_site_pair_count": 17668,
      "true_site_pair_count": 239940,
      "precision": 0.7756615368987759,
      "recall": 0.25459698257897806
    },
    {
      "name": "ref3/test/2pia_ref3",
      "true_positive_site_pair_count": 29932,
      "false_positive_site_pair_count": 52932,
      "true_site_pair_count": 234600,
      "precision": 0.36121838192701294,
      "recall": 0.12758738277919865
    },
    {
      "name": "ref3/test/1plc_ref3",
      "true_positive_site_pair_count": 3660,
      "false_positive_site_pair_count": 2548,
      "true_site_pair_count": 18480,
      "precision": 0.5895618556701031,
      "recall": 0.19805194805194806
    },
    {
      "name": "ref3/test/1csy_ref3",
      "true_positive_site_pair_count": 2600,
      "false_positive_site_pair_count": 1588,
      "true_site_pair_count": 13464,
      "precision": 0.620821394460363,
      "recall": 0.19310754604872252
    },
    {
      "name": "ref3/test/2trx_ref3",
      "true_positive_site_pair_count": 20844,
      "false_positive_site_pair_count": 5546,
      "true_site_pair_count": 167462,
      "precision": 0.7898446381205002,
      "recall": 0.12447002902150936
    },
    {
      "name": "ref3/test/1lvl_ref3",
      "true_positive_site_pair_count": 103254,
      "false_positive_site_pair_count": 64232,
      "true_site_pair_count": 420160,
      "precision": 0.6164933188445602,
      "recall": 0.245749238385377
    },
    {
      "name": "ref3/test/1ubi_ref3",
      "true_positive_site_pair_count": 7608,
      "false_positive_site_pair_count": 3322,
      "true_site_pair_count": 46200,
      "precision": 0.6960658737419945,
      "recall": 0.16467532467532467
    },
    {
      "name": "ref3/test/1cpt_ref3",
      "true_positive_site_pair_count": 372566,
      "false_positive_site_pair_count": 163346,
      "true_site_pair_count": 1303568,
      "precision": 0.6951999582020929,
      "recall": 0.285804806500313
    },
    {
      "name": "ref3/test/1taq_ref3",
      "true_positive_site_pair_count": 16518,
      "false_positive_site_pair_count": 10424,
      "true_site_pair_count": 86394,
      "precision": 0.6130947962289363,
      "recall": 0.19119383290506284
    },
    {
      "name": "ref3/test/1ajsA_ref3",
      "true_positive_site_pair_count": 154704,
      "false_positive_site_pair_count": 228570,
      "true_site_pair_count": 1121232,
      "precision": 0.40363812833638596,
      "recall": 0.1379767969519243
    },
    {
      "name": "ref3/test/1bucA_ref3",
      "true_positive_site_pair_count": 142226,
      "false_positive_site_pair_count": 34650,
      "true_site_pair_count": 588000,
      "precision": 0.8041000474908976,
      "recall": 0.2418809523809524
    },
    {
      "name": "ref3/test/1uky_ref3",
      "true_positive_site_pair_count": 194216,
      "false_positive_site_pair_count": 70230,
      "true_site_pair_count": 1673560,
      "precision": 0.7344259319482994,
      "recall": 0.1160496187767394
    },
    {
      "name": "ref3/test/451c_ref3",
      "true_positive_site_pair_count": 1010,
      "false_positive_site_pair_count": 610,
      "true_site_pair_count": 8360,
      "precision": 0.6234567901234568,
      "recall": 0.12081339712918661
    },
    {
      "name": "ref3/test/3grs_ref3",
      "true_positive_site_pair_count": 99706,
      "false_positive_site_pair_count": 105106,
      "true_site_pair_count": 440640,
      "precision": 0.48681717868093666,
      "recall": 0.22627541757443717
    },
    {
      "name": "ref3/test/1ycc_ref3",
      "true_positive_site_pair_count": 52986,
      "false_positive_site_pair_count": 3658,
      "true_site_pair_count": 150150,
      "precision": 0.9354212273144552,
      "recall": 0.3528871128871129
    },
    {
      "name": "ref3/test/glg_ref3",
      "true_positive_site_pair_count": 840040,
      "false_positive_site_pair_count": 156486,
      "true_site_pair_count": 2395512,
      "precision": 0.8429684724733725,
      "recall": 0.35067242409973315
    },
    {
      "name": "ref3/test/2hsdA_ref3",
      "true_positive_site_pair_count": 75156,
      "false_positive_site_pair_count": 39242,
      "true_site_pair_count": 532532,
      "precision": 0.6569695274392909,
      "recall": 0.14112954714458473
    },
    {
      "name": "ref3/test/kinase_ref3",
      "true_positive_site_pair_count": 96600,
      "false_positive_site_pair_count": 60482,
      "true_site_pair_count": 434930,
      "precision": 0.6149654320673279,
      "recall": 0.222104706504495
    }
  ]
}