{
  "path": "./data/bb3_release/RV30",
  "results": [
    {
      "name": "ref3/test/1ldg_ref3",
      "true_positive_site_pair_count": 183400,
      "false_positive_site_pair_count": 21508,
      "true_site_pair_count": 711360,
      "precision": 0.8950358209537939,
      "recall": 0.25781601439496177
    },
    {
      "name": "ref3/test/4enl_ref3",
      "true_positive_site_pair_count": 350298,
      "false_positive_site_pair_count": 72400,
      "true_site_pair_count": 736208,
      "precision": 0.8287193220691842,
      "recall": 0.47581390041944666
    },
    {
      "name": "ref3/test/1sbp_ref3",
      "true_positive_site_pair_count": 1998,
      "false_positive_site_pair_count": 1370,
      "true_site_pair_count": 22050,
      "precision": 0.5932304038004751,
      "recall": 0.09061224489795919
    },
    {
      "name": "ref3/test/1dox_ref3",
      "true_positive_site_pair_count": 4514,
      "false_positive_site_pair_count": 672,
      "true_site_pair_count": 25392,
      "precision": 0.870420362514462,
      "recall": 0.17777252678008823
    },
    {
      "name": "ref3/test/1pamA_ref3",
      "true_positive_site_pair_count": 238614,
      "false_positive_site_pair_count": 106216,
      "true_site_pair_count": 840650,
      "precision": 0.6919757561697069,
      "recall": 0.2838446440254565
    },
    {
      "name": "ref3/test/1pgtA_ref3",
      "true_positive_site_pair_count": 27028,
      "false_positive_site_pair_count": 3736,
      "true_site_pair_count": 160820,
      "precision": 0.8785593550903653,
      "recall": 0.1680636736724288
    },
    {
      "name": "ref3/test/1eft_ref3",
      "true_positive_site_pair_count": 84260,
      "false_positive_site_pair_count": 24150,
      "true_site_pair_count": 278460,
      "precision": 0.7772345724564155,
      "recall": 0.3025928320045967
    },
    {
      "name": "ref3/test/1sesA_ref3",
      "true_positive_site_pair_count": 366658,
      "false_positive_site_pair_count": 60590,
      "true_site_pair_count": 876876,
      "precision": 0.8581854098790398,
      "recall": 0.4181412195110825
    },
    {
      "name": "ref3/test/1ad3_ref3",
      "true_positive_site_pair_count": 255340,
      "false_positive_site_pair_count": 196044,
      "true_site_pair_count": 1213940,
      "precision": 0.5656824344682133,
      "recall": 0.21033988500255366
    },
    {
      "name": "ref3/test/1idy_ref3",
      "true_positive_site_pair_count": 8952,
      "false_positive_site_pair_count": 162734,
      "true_site_pair_count": 37962,
      "precision": 0.05214170054634624,
      "recall": 0.2358147621305516
    },
    {
      "name": "ref3/test/1r69_ref3",
      "true_positive_site_pair_count": 7118,
      "false_positive_site_pair_count": 12772,
      "true_site_pair_count": 22644,
      "precision": 0.35786827551533434,
      "recall": 0.3143437555202261
    },
    {
      "name": "ref3/test/1lci_ref3",
      "true_positive_site_pair_count": 296932,
      "false_positive_site_pair_count": 35402,
      "true_site_pair_count": 605150,
      "precision": 0.8934746369616109,
      "recall": 0.4906750392464678
    },
    {
      "name": "ref3/test/1adj_ref3",
      "true_positive_site_pair_count": 55160,
      "false_positive_site_pair_count": 13172,
      "true_site_pair_count": 239940,
      "precision": 0.8072352631270854,
      "recall": 0.22989080603484205
    },
    {
      "name": "ref3/test/2pia_ref3",
      "true_positive_site_pair_count": 34440,
      "false_positive_site_pair_count": 41834,
      "true_site_pair_count": 234600,
      "precision": 0.4515300102262894,
      "recall": 0.14680306905370843
    },
    {
      "name": "ref3/test/1plc_ref3",
      "true_positive_site_pair_count": 3446,
      "false_positive_site_pair_count": 1860,
      "true_site_pair_count": 18480,
      "precision": 0.6494534489257444,
      "recall": 0.18647186147186148
    },
    {
      "name": "ref3/test/1csy_ref3",
      "true_positive_site_pair_count": 2536,
      "false_positive_site_pair_count": 1316,
      "true_site_pair_count": 13464,
      "precision": 0.6583592938733126,
      "recall": 0.18835412953060013
    },
    {
      "name": "ref3/test/2trx_ref3",
      "true_positive_site_pair_count": 18382,
      "false_positive_site_pair_count": 4454,
      "true_site_pair_count": 167462,
      "precision": 0.8049570853039061,
      "recall": 0.1097681862153802
    },
    {
      "name": "ref3/test/1lvl_ref3",
      "true_positive_site_pair_count": 112232,
      "false_positive_site_pair_count": 55322,
      "true_site_pair_count": 420160,
      "precision": 0.6698258471895627,
      "recall": 0.2671172886519421
    },
    {
      "name": "ref3/test/1ubi_ref3",
      "true_positive_site_pair_count": 7264,
      "false_positive_site_pair_count": 3672,
      "true_site_pair_count": 46200,
      "precision": 0.6642282370153622,
      "recall": 0.15722943722943722
    },
    {
      "name": "ref3/test/1cpt_ref3",
      "true_positive_site_pair_count": 339686,
      "false_positive_site_pair_count": 126314,
      "true_site_pair_count": 1303568,
      "precision": 0.7289399141630901,
      "recall": 0.2605817264615271
    },
    {
      "name": "ref3/test/1taq_ref3",
      "true_positive_site_pair_count": 15428,
      "false_positive_site_pair_count": 8102,
      "true_site_pair_count": 86394,
      "precision": 0.655673608159796,
      "recall": 0.1785772160103711
    },
    {
      "name": "ref3/test/1ajsA_ref3",
      "true_positive_site_pair_count": 148058,
      "false_positive_site_pair_count": 171080,
      "true_site_pair_count": 1121232,
      "precision": 0.46393096403436757,
      "recall": 0.13204938852976011
    },
    {
      "name": "ref3/test/1bucA_ref3",
      "true_positive_site_pair_count": 124372,
      "false_positive_site_pair_count": 30806,
      "true_site_pair_count": 588000,
      "precision": 0.801479591179162,
      "recall": 0.2115170068027211
    },
    {
      "name": "ref3/test/1uky_ref3",
      "true_positive_site_pair_count": 189146,
      "false_positive_site_pair_count": 55054,
      "true_site_pair_count": 1673560,
      "precision": 0.7745536445536445,
      "recall": 0.11302014866512106
    },
    {
      "name": "ref3/test/451c_ref3",
      "true_positive_site_pair_count": 778,
      "false_positive_site_pair_count": 472,
      "true_site_pair_count": 8360,
      "precision": 0.6224,
      "recall": 0.0930622009569378
    },
    {
      "name": "ref3/test/3grs_ref3",
      "true_positive_site_pair_count": 114422,
      "false_positive_site_pair_count": 89146,
      "true_site_pair_count": 440640,
      "precision": 0.5620824491079148,
      "recall": 0.25967229484386345
    },
    {
      "name": "ref3/test/1ycc_ref3",
      "true_positive_site_pair_count": 44538,
      "false_positive_site_pair_count": 3280,
      "true_site_pair_count": 150150,
      "precision": 0.9314065832949935,
      "recall": 0.2966233766233766
    },
    {
      "name": "ref3/test/glg_ref3",
      "true_positive_site_pair_count": 741674,
      "false_positive_site_pair_count": 114258,
      "true_site_pair_count": 2395512,
      "precision": 0.8665104237252492,
      "recall": 0.3096098036661891
    },
    {
      "name": "ref3/test/2hsdA_ref3",
      "true_positive_site_pair_count": 77528,
      "false_positive_site_pair_count": 31042,
      "true_site_pair_count": 532532,
      "precision": 0.7140830800405269,
      "recall": 0.14558373956870196
    },
    {
      "name": "ref3/test/kinase_ref3",
      "true_positive_site_pair_count": 93844,
      "false_positive_site_pair_count": 49220,
      "true_site_pair_count": 434930,
      "precision": 0.6559581725661242,
      "recall": 0.2157680546294806
    }
  ]
}