{
  "path": "./data/bb3_release/RV30",
  "results": [
    {
      "name": "ref3/test/1ldg_ref3",
      "true_positive_site_pair_count": 165602,
      "false_positive_site_pair_count": 24012,
      "true_site_pair_count": 711360,
      "precision": 0.8733637811553999,
      "recall": 0.23279633378317588
    },
    {
      "name": "ref3/test/4enl_ref3",
      "true_positive_site_pair_count": 342550,
      "false_positive_site_pair_count": 62394,
      "true_site_pair_count": 736208,
      "precision": 0.8459194357738354,
      "recall": 0.4652897007367483
    },
    {
      "name": "ref3/test/1sbp_ref3",
      "true_positive_site_pair_count": 1870,
      "false_positive_site_pair_count": 1370,
      "true_site_pair_count": 22050,
      "precision": 0.5771604938271605,
      "recall": 0.08480725623582766
    },
    {
      "name": "ref3/test/1dox_ref3",
      "true_positive_site_pair_count": 4048,
      "false_positive_site_pair_count": 636,
      "true_site_pair_count": 25392,
      "precision": 0.8642186165670367,
      "recall": 0.15942028985507245
    },
    {
      "name": "ref3/test/1pamA_ref3",
      "true_positive_site_pair_count": 233810,
      "false_positive_site_pair_count": 93024,
      "true_site_pair_count": 840650,
      "precision": 0.7153784489985742,
      "recall": 0.27813001843811336
    },
    {
      "name": "ref3/test/1pgtA_ref3",
      "true_positive_site_pair_count": 25582,
      "false_positive_site_pair_count": 3510,
      "true_site_pair_count": 160820,
      "precision": 0.8793482744397085,
      "recall": 0.15907225469468972
    },
    {
      "name": "ref3/test/1eft_ref3",
      "true_positive_site_pair_count": 80440,
      "false_positive_site_pair_count": 21788,
      "true_site_pair_count": 278460,
      "precision": 0.7868685682983135,
      "recall": 0.2888745241686418
    },
    {
      "name": "ref3/test/1sesA_ref3",
      "true_positive_site_pair_count": 360104,
      "false_positive_site_pair_count": 52718,
      "true_site_pair_count": 876876,
      "precision": 0.8722984724651303,
      "recall": 0.41066695861216407
    },
    {
      "name": "ref3/test/1ad3_ref3",
      "true_positive_site_pair_count": 242268,
      "false_positive_site_pair_count": 180380,
      "true_site_pair_count": 1213940,
      "precision": 0.5732145899187977,
      "recall": 0.19957164275005354
    },
    {
      "name": "ref3/test/1idy_ref3",
      "true_positive_site_pair_count": 7748,
      "false_positive_site_pair_count": 151958,
      "true_site_pair_count": 37962,
      "precision": 0.048514144740961516,
      "recall": 0.20409883567778306
    },
    {
      "name": "ref3/test/1r69_ref3",
      "true_positive_site_pair_count": 6752,
      "false_positive_site_pair_count": 11684,
      "true_site_pair_count": 22644,
      "precision": 0.36623996528531133,
      "recall": 0.2981805334746511
    },
    {
      "name": "ref3/test/1lci_ref3",
      "true_positive_site_pair_count": 290064,
      "false_positive_site_pair_count": 30800,
      "true_site_pair_count": 605150,
      "precision": 0.9040091752268874,
      "recall": 0.4793257869949599
    },
    {
      "name": "ref3/test/1adj_ref3",
      "true_positive_site_pair_count": 55680,
      "false_positive_site_pair_count": 13544,
      "true_site_pair_count": 239940,
      "precision": 0.8043453137640125,
      "recall": 0.2320580145036259
    },
    {
      "name": "ref3/test/2pia_ref3",
      "true_positive_site_pair_count": 33892,
      "false_positive_site_pair_count": 35540,
      "true_site_pair_count": 234600,
      "precision": 0.48813227330337594,
      "recall": 0.14446717817561808
    },
    {
      "name": "ref3/test/1plc_ref3",
      "true_positive_site_pair_count": 3464,
      "false_positive_site_pair_count": 2108,
      "true_site_pair_count": 18480,
      "precision": 0.6216798277099784,
      "recall": 0.18744588744588744
    },
    {
      "name": "ref3/test/1csy_ref3",
      "true_positive_site_pair_count": 2596,
      "false_positive_site_pair_count": 1094,
      "true_site_pair_count": 13464,
      "precision": 0.7035230352303523,
      "recall": 0.19281045751633988
    },
    {
      "name": "ref3/test/2trx_ref3",
      "true_positive_site_pair_count": 17612,
      "false_positive_site_pair_count": 4062,
      "true_site_pair_count": 167462,
      "precision": 0.8125865091815078,
      "recall": 0.10517012814847547
    },
    {
      "name": "ref3/test/1lvl_ref3",
      "true_positive_site_pair_count": 112188,
      "false_positive_site_pair_count": 47498,
      "true_site_pair_count": 420160,
      "precision": 0.702553761757449,
      "recall": 0.26701256664127954
    },
    {
      "name": "ref3/test/1ubi_ref3",
      "true_positive_site_pair_count": 7302,
      "false_positive_site_pair_count": 3214,
      "true_site_pair_count": 46200,
      "precision": 0.694370483073412,
      "recall": 0.15805194805194805
    },
    {
      "name": "ref3/test/1cpt_ref3",
      "true_positive_site_pair_count": 358662,
      "false_positive_site_pair_count": 117752,
      "true_site_pair_count": 1303568,
      "precision": 0.7528368183974442,
      "recall": 0.2751386962552011
    },
    {
      "name": "ref3/test/1taq_ref3",
      "true_positive_site_pair_count": 15630,
      "false_positive_site_pair_count": 7744,
      "true_site_pair_count": 86394,
      "precision": 0.6686917087362027,
      "recall": 0.18091534134314882
    },
    {
      "name": "ref3/test/1ajsA_ref3",
      "true_positive_site_pair_count": 143328,
      "false_positive_site_pair_count": 163696,
      "true_site_pair_count": 1121232,
      "precision": 0.4668299546615248,
      "recall": 0.12783081467528576
    },
    {
      "name": "ref3/test/1bucA_ref3",
      "true_positive_site_pair_count": 120404,
      "false_positive_site_pair_count": 24752,
      "true_site_pair_count": 588000,
      "precision": 0.8294800077158367,
      "recall": 0.2047687074829932
    },
    {
      "name": "ref3/test/1uky_ref3",
      "true_positive_site_pair_count": 181766,
      "false_positive_site_pair_count": 49086,
      "true_site_pair_count": 1673560,
      "precision": 0.7873702631989327,
      "recall": 0.10861038743755826
    },
    {
      "name": "ref3/test/451c_ref3",
      "true_positive_site_pair_count": 988,
      "false_positive_site_pair_count": 422,
      "true_site_pair_count": 8360,
      "precision": 0.700709219858156,
      "recall": 0.11818181818181818
    },
    {
      "name": "ref3/test/3grs_ref3",
      "true_positive_site_pair_count": 109826,
      "false_positive_site_pair_count": 76950,
      "true_site_pair_count": 440640,
      "precision": 0.5880091660598792,
      "recall": 0.2492420116194626
    },
    {
      "name": "ref3/test/1ycc_ref3",
      "true_positive_site_pair_count": 44736,
      "false_positive_site_pair_count": 2968,
      "true_site_pair_count": 150150,
      "precision": 0.9377829951366762,
      "recall": 0.29794205794205797
    },
    {
      "name": "ref3/test/glg_ref3",
      "true_positive_site_pair_count": 734104,
      "false_positive_site_pair_count": 112058,
      "true_site_pair_count": 2395512,
      "precision": 0.8675690943341818,
      "recall": 0.306449727657386
    },
    {
      "name": "ref3/test/2hsdA_ref3",
      "true_positive_site_pair_count": 72688,
      "false_positive_site_pair_count": 26534,
      "true_site_pair_count": 532532,
      "precision": 0.7325794682630868,
      "recall": 0.13649508386350492
    },
    {
      "name": "ref3/test/kinase_ref3",
      "true_positive_site_pair_count": 94228,
      "false_positive_site_pair_count": 43386,
      "true_site_pair_count": 434930,
      "precision": 0.6847268446524336,
      "recall": 0.21665095532614442
    }
  ]
}