{
  "path": "./data/bb3_release/RV30",
  "results": [
    {
      "name": "ref3/test/1ldg_ref3",
      "true_positive_site_pair_count": 156930,
      "false_positive_site_pair_count": 18986,
      "true_site_pair_count": 711360,
      "precision": 0.892073489620046,
      "recall": 0.22060560053981107
    },
    {
      "name": "ref3/test/4enl_ref3",
      "true_positive_site_pair_count": 331370,
      "false_positive_site_pair_count": 63384,
      "true_site_pair_count": 736208,
      "precision": 0.8394341792610082,
      "recall": 0.450103775020103
    },
    {
      "name": "ref3/test/1sbp_ref3",
      "true_positive_site_pair_count": 1806,
      "false_positive_site_pair_count": 1260,
      "true_site_pair_count": 22050,
      "precision": 0.589041095890411,
      "recall": 0.08190476190476191
    },
    {
      "name": "ref3/test/1dox_ref3",
      "true_positive_site_pair_count": 3866,
      "false_positive_site_pair_count": 460,
      "true_site_pair_count": 25392,
      "precision": 0.893666204345816,
      "recall": 0.15225267800882167
    },
    {
      "name": "ref3/test/1pamA_ref3",
      "true_positive_site_pair_count": 220972,
      "false_positive_site_pair_count": 86108,
      "true_site_pair_count": 840650,
      "precision": 0.7195909860622639,
      "recall": 0.2628585023493725
    },
    {
      "name": "ref3/test/1pgtA_ref3",
      "true_positive_site_pair_count": 25742,
      "false_positive_site_pair_count": 3204,
      "true_site_pair_count": 160820,
      "precision": 0.8893111310716506,
      "recall": 0.16006715582638975
    },
    {
      "name": "ref3/test/1eft_ref3",
      "true_positive_site_pair_count": 79898,
      "false_positive_site_pair_count": 21678,
      "true_site_pair_count": 278460,
      "precision": 0.786583444908246,
      "recall": 0.2869281045751634
    },
    {
      "name": "ref3/test/1sesA_ref3",
      "true_positive_site_pair_count": 335930,
      "false_positive_site_pair_count": 46940,
      "true_site_pair_count": 876876,
      "precision": 0.877399639564343,
      "recall": 0.38309863652329407
    },
    {
      "name": "ref3/test/1ad3_ref3",
      "true_positive_site_pair_count": 229022,
      "false_positive_site_pair_count": 160466,
      "true_site_pair_count": 1213940,
      "precision": 0.5880078461980857,
      "recall": 0.1886600655716098
    },
    {
      "name": "ref3/test/1idy_ref3",
      "true_positive_site_pair_count": 6614,
      "false_positive_site_pair_count": 130454,
      "true_site_pair_count": 37962,
      "precision": 0.04825342165932238,
      "recall": 0.17422685843738475
    },
    {
      "name": "ref3/test/1r69_ref3",
      "true_positive_site_pair_count": 6870,
      "false_positive_site_pair_count": 11570,
      "true_site_pair_count": 22644,
      "precision": 0.3725596529284165,
      "recall": 0.30339162692103866
    },
    {
      "name": "ref3/test/1lci_ref3",
      "true_positive_site_pair_count": 276410,
      "false_positive_site_pair_count": 29482,
      "true_site_pair_count": 605150,
      "precision": 0.903619578151766,
      "recall": 0.45676278608609433
    },
    {
      "name": "ref3/test/1adj_ref3",
      "true_positive_site_pair_count": 51874,
      "false_positive_site_pair_count": 11590,
      "true_site_pair_count": 239940,
      "precision": 0.8173767805369974,
      "recall": 0.21619571559556555
    },
    {
      "name": "ref3/test/2pia_ref3",
      "true_positive_site_pair_count": 34944,
      "false_positive_site_pair_count": 34736,
      "true_site_pair_count": 234600,
      "precision": 0.5014925373134328,
      "recall": 0.14895140664961637
    },
    {
      "name": "ref3/test/1plc_ref3",
      "true_positive_site_pair_count": 3096,
      "false_positive_site_pair_count": 1616,
      "true_site_pair_count": 18480,
      "precision": 0.6570458404074703,
      "recall": 0.16753246753246753
    },
    {
      "name": "ref3/test/1csy_ref3",
      "true_positive_site_pair_count": 1846,
      "false_positive_site_pair_count": 1280,
      "true_site_pair_count": 13464,
      "precision": 0.5905310300703774,
      "recall": 0.13710635769459298
    },
    {
      "name": "ref3/test/2trx_ref3",
      "true_positive_site_pair_count": 16812,
      "false_positive_site_pair_count": 4470,
      "true_site_pair_count": 167462,
      "precision": 0.7899633493092755,
      "recall": 0.10039292496208095
    },
    {
      "name": "ref3/test/1lvl_ref3",
      "true_positive_site_pair_count": 104410,
      "false_positive_site_pair_count": 40878,
      "true_site_pair_count": 420160,
      "precision": 0.7186415946258466,
      "recall": 0.24850057121096725
    },
    {
      "name": "ref3/test/1ubi_ref3",
      "true_positive_site_pair_count": 6556,
      "false_positive_site_pair_count": 2730,
      "true_site_pair_count": 46200,
      "precision": 0.7060090458755115,
      "recall": 0.1419047619047619
    },
    {
      "name": "ref3/test/1cpt_ref3",
      "true_positive_site_pair_count": 321348,
      "false_positive_site_pair_count": 104648,
      "true_site_pair_count": 1303568,
      "precision": 0.7543451112217016,
      "recall": 0.24651418261264468
    },
    {
      "name": "ref3/test/1taq_ref3",
      "true_positive_site_pair_count": 14408,
      "false_positive_site_pair_count": 6456,
      "true_site_pair_count": 86394,
      "precision": 0.6905674846625767,
      "recall": 0.166770840567632
    },
    {
      "name": "ref3/test/1ajsA_ref3",
      "true_positive_site_pair_count": 131464,
      "false_positive_site_pair_count": 146810,
      "true_site_pair_count": 1121232,
      "precision": 0.47242645737654254,
      "recall": 0.11724959687201221
    },
    {
      "name": "ref3/test/1bucA_ref3",
      "true_positive_site_pair_count": 108392,
      "false_positive_site_pair_count": 23764,
      "true_site_pair_count": 588000,
      "precision": 0.8201822089046279,
      "recall": 0.18434013605442176
    },
    {
      "name": "ref3/test/1uky_ref3",
      "true_positive_site_pair_count": 181026,
      "false_positive_site_pair_count": 45178,
      "true_site_pair_count": 1673560,
      "precision": 0.8002776255061803,
      "recall": 0.10816821625755874
    },
    {
      "name": "ref3/test/451c_ref3",
      "true_positive_site_pair_count": 1120,
      "false_positive_site_pair_count": 512,
      "true_site_pair_count": 8360,
      "precision": 0.6862745098039216,
      "recall": 0.1339712918660287
    },
    {
      "name": "ref3/test/3grs_ref3",
      "true_positive_site_pair_count": 107850,
      "false_positive_site_pair_count": 70062,
      "true_site_pair_count": 440640,
      "precision": 0.6061985700795899,
      "recall": 0.24475762527233116
    },
    {
      "name": "ref3/test/1ycc_ref3",
      "true_positive_site_pair_count": 43728,
      "false_positive_site_pair_count": 3982,
      "true_site_pair_count": 150150,
      "precision": 0.9165374135401383,
      "recall": 0.2912287712287712
    },
    {
      "name": "ref3/test/glg_ref3",
      "true_positive_site_pair_count": 686446,
      "false_positive_site_pair_count": 100664,
      "true_site_pair_count": 2395512,
      "precision": 0.8721093620967845,
      "recall": 0.28655502456259874
    },
    {
      "name": "ref3/test/2hsdA_ref3",
      "true_positive_site_pair_count": 72622,
      "false_positive_site_pair_count": 24462,
      "true_site_pair_count": 532532,
      "precision": 0.7480326315355774,
      "recall": 0.13637114764934313
    },
    {
      "name": "ref3/test/kinase_ref3",
      "true_positive_site_pair_count": 90460,
      "false_positive_site_pair_count": 38054,
      "true_site_pair_count": 434930,
      "precision": 0.7038921829528301,
      "recall": 0.2079874922401306
    }
  ]
}