{
  "path": "./data/bb3_release/RV30",
  "results": [
    {
      "name": "ref3/test/1ldg_ref3",
      "true_positive_site_pair_count": 142788,
      "false_positive_site_pair_count": 18342,
      "true_site_pair_count": 711360,
      "precision": 0.8861664494507541,
      "recall": 0.20072537112010796
    },
    {
      "name": "ref3/test/4enl_ref3",
      "true_positive_site_pair_count": 318482,
      "false_positive_site_pair_count": 57544,
      "true_site_pair_count": 736208,
      "precision": 0.8469680288065187,
      "recall": 0.43259785278073587
    },
    {
      "name": "ref3/test/1sbp_ref3",
      "true_positive_site_pair_count": 1728,
      "false_positive_site_pair_count": 998,
      "true_site_pair_count": 22050,
      "precision": 0.6338958180484225,
      "recall": 0.0783673469387755
    },
    {
      "name": "ref3/test/1dox_ref3",
      "true_positive_site_pair_count": 3926,
      "false_positive_site_pair_count": 220,
      "true_site_pair_count": 25392,
      "precision": 0.9469368065605402,
      "recall": 0.15461562696912412
    },
    {
      "name": "ref3/test/1pamA_ref3",
      "true_positive_site_pair_count": 223294,
      "false_positive_site_pair_count": 73006,
      "true_site_pair_count": 840650,
      "precision": 0.7536078299021263,
      "recall": 0.26562065068696844
    },
    {
      "name": "ref3/test/1pgtA_ref3",
      "true_positive_site_pair_count": 23594,
      "false_positive_site_pair_count": 2498,
      "true_site_pair_count": 160820,
      "precision": 0.9042618427104093,
      "recall": 0.14671060813331674
    },
    {
      "name": "ref3/test/1eft_ref3",
      "true_positive_site_pair_count": 77092,
      "false_positive_site_pair_count": 18036,
      "true_site_pair_count": 278460,
      "precision": 0.8104028256664705,
      "recall": 0.2768512533218416
    },
    {
      "name": "ref3/test/1sesA_ref3",
      "true_positive_site_pair_count": 313896,
      "false_positive_site_pair_count": 39068,
      "true_site_pair_count": 876876,
      "precision": 0.8893144909962489,
      "recall": 0.3579707963269607
    },
    {
      "name": "ref3/test/1ad3_ref3",
      "true_positive_site_pair_count": 214426,
      "false_positive_site_pair_count": 145588,
      "true_site_pair_count": 1213940,
      "precision": 0.5956046153760687,
      "recall": 0.1766364070711897
    },
    {
      "name": "ref3/test/1idy_ref3",
      "true_positive_site_pair_count": 6668,
      "false_positive_site_pair_count": 109732,
      "true_site_pair_count": 37962,
      "precision": 0.0572852233676976,
      "recall": 0.1756493335440704
    },
    {
      "name": "ref3/test/1r69_ref3",
      "true_positive_site_pair_count": 6738,
      "false_positive_site_pair_count": 10774,
      "true_site_pair_count": 22644,
      "precision": 0.3847647327546825,
      "recall": 0.29756226815050346
    },
    {
      "name": "ref3/test/1lci_ref3",
      "true_positive_site_pair_count": 255524,
      "false_positive_site_pair_count": 25690,
      "true_site_pair_count": 605150,
      "precision": 0.9086460844765908,
      "recall": 0.4222490291663224
    },
    {
      "name": "ref3/test/1adj_ref3",
      "true_positive_site_pair_count": 46766,
      "false_positive_site_pair_count": 9406,
      "true_site_pair_count": 239940,
      "precision": 0.8325500249234494,
      "recall": 0.19490706009835793
    },
    {
      "name": "ref3/test/2pia_ref3",
      "true_positive_site_pair_count": 35086,
      "false_positive_site_pair_count": 29020,
      "true_site_pair_count": 234600,
      "precision": 0.5473122640626462,
      "recall": 0.14955669224211424
    },
    {
      "name": "ref3/test/1plc_ref3",
      "true_positive_site_pair_count": 3122,
      "false_positive_site_pair_count": 1856,
      "true_site_pair_count": 18480,
      "precision": 0.627159501807955,
      "recall": 0.16893939393939394
    },
    {
      "name": "ref3/test/1csy_ref3",
      "true_positive_site_pair_count": 2142,
      "false_positive_site_pair_count": 1086,
      "true_site_pair_count": 13464,
      "precision": 0.6635687732342007,
      "recall": 0.1590909090909091
    },
    {
      "name": "ref3/test/2trx_ref3",
      "true_positive_site_pair_count": 15738,
      "false_positive_site_pair_count": 3910,
      "true_site_pair_count": 167462,
      "precision": 0.8009975570032574,
      "recall": 0.0939795296843463
    },
    {
      "name": "ref3/test/1lvl_ref3",
      "true_positive_site_pair_count": 99608,
      "false_positive_site_pair_count": 39358,
      "true_site_pair_count": 420160,
      "precision": 0.7167796439416836,
      "recall": 0.23707159177456208
    },
    {
      "name": "ref3/test/1ubi_ref3",
      "true_positive_site_pair_count": 5978,
      "false_positive_site_pair_count": 2892,
      "true_site_pair_count": 46200,
      "precision": 0.673957158962796,
      "recall": 0.1293939393939394
    },
    {
      "name": "ref3/test/1cpt_ref3",
      "true_positive_site_pair_count": 306756,
      "false_positive_site_pair_count": 96262,
      "true_site_pair_count": 1303568,
      "precision": 0.7611471447925403,
      "recall": 0.2353202901574755
    },
    {
      "name": "ref3/test/1taq_ref3",
      "true_positive_site_pair_count": 13392,
      "false_positive_site_pair_count": 5626,
      "true_site_pair_count": 86394,
      "precision": 0.7041749921127353,
      "recall": 0.1550107646364331
    },
    {
      "name": "ref3/test/1ajsA_ref3",
      "true_positive_site_pair_count": 126438,
      "false_positive_site_pair_count": 135820,
      "true_site_pair_count": 1121232,
      "precision": 0.4821130337301436,
      "recall": 0.11276702769810351
    },
    {
      "name": "ref3/test/1bucA_ref3",
      "true_positive_site_pair_count": 102620,
      "false_positive_site_pair_count": 23736,
      "true_site_pair_count": 588000,
      "precision": 0.8121497989806579,
      "recall": 0.17452380952380953
    },
    {
      "name": "ref3/test/1uky_ref3",
      "true_positive_site_pair_count": 156794,
      "false_positive_site_pair_count": 40068,
      "true_site_pair_count": 1673560,
      "precision": 0.7964665603316029,
      "recall": 0.09368890269843926
    },
    {
      "name": "ref3/test/451c_ref3",
      "true_positive_site_pair_count": 994,
      "false_positive_site_pair_count": 496,
      "true_site_pair_count": 8360,
      "precision": 0.6671140939597315,
      "recall": 0.11889952153110048
    },
    {
      "name": "ref3/test/3grs_ref3",
      "true_positive_site_pair_count": 98762,
      "false_positive_site_pair_count": 64584,
      "true_site_pair_count": 440640,
      "precision": 0.6046184173472261,
      "recall": 0.22413307915758895
    },
    {
      "name": "ref3/test/1ycc_ref3",
      "true_positive_site_pair_count": 40618,
      "false_positive_site_pair_count": 3312,
      "true_site_pair_count": 150150,
      "precision": 0.9246073298429319,
      "recall": 0.2705161505161505
    },
    {
      "name": "ref3/test/glg_ref3",
      "true_positive_site_pair_count": 642972,
      "false_positive_site_pair_count": 90762,
      "true_site_pair_count": 2395512,
      "precision": 0.876301220878411,
      "recall": 0.26840692094216184
    },
    {
      "name": "ref3/test/2hsdA_ref3",
      "true_positive_site_pair_count": 65616,
      "false_positive_site_pair_count": 20120,
      "true_site_pair_count": 532532,
      "precision": 0.7653261173835961,
      "recall": 0.12321513073392773
    },
    {
      "name": "ref3/test/kinase_ref3",
      "true_positive_site_pair_count": 85714,
      "false_positive_site_pair_count": 34738,
      "true_site_pair_count": 434930,
      "precision": 0.7116029621758044,
      "recall": 0.19707539144230107
    }
  ]
}