{
  "path": "./data/bb3_release/RV30",
  "results": [
    {
      "name": "ref3/test/1ldg_ref3",
      "true_positive_site_pair_count": 180166,
      "false_positive_site_pair_count": 28150,
      "true_site_pair_count": 711360,
      "precision": 0.8648687570805891,
      "recall": 0.25326979307242464
    },
    {
      "name": "ref3/test/4enl_ref3",
      "true_positive_site_pair_count": 358030,
      "false_positive_site_pair_count": 73626,
      "true_site_pair_count": 736208,
      "precision": 0.8294336230702226,
      "recall": 0.4863163671136418
    },
    {
      "name": "ref3/test/1sbp_ref3",
      "true_positive_site_pair_count": 2232,
      "false_positive_site_pair_count": 1896,
      "true_site_pair_count": 22050,
      "precision": 0.5406976744186046,
      "recall": 0.10122448979591837
    },
    {
      "name": "ref3/test/1dox_ref3",
      "true_positive_site_pair_count": 4214,
      "false_positive_site_pair_count": 528,
      "true_site_pair_count": 25392,
      "precision": 0.888654576128216,
      "recall": 0.16595778197857594
    },
    {
      "name": "ref3/test/1pamA_ref3",
      "true_positive_site_pair_count": 244298,
      "false_positive_site_pair_count": 118644,
      "true_site_pair_count": 840650,
      "precision": 0.6731047936033857,
      "recall": 0.29060607862963184
    },
    {
      "name": "ref3/test/1pgtA_ref3",
      "true_positive_site_pair_count": 26516,
      "false_positive_site_pair_count": 4578,
      "true_site_pair_count": 160820,
      "precision": 0.8527690229626295,
      "recall": 0.1648799900509887
    },
    {
      "name": "ref3/test/1eft_ref3",
      "true_positive_site_pair_count": 83236,
      "false_positive_site_pair_count": 27858,
      "true_site_pair_count": 278460,
      "precision": 0.7492393828649612,
      "recall": 0.29891546362134597
    },
    {
      "name": "ref3/test/1sesA_ref3",
      "true_positive_site_pair_count": 389310,
      "false_positive_site_pair_count": 62864,
      "true_site_pair_count": 876876,
      "precision": 0.8609738728896398,
      "recall": 0.44397383438479326
    },
    {
      "name": "ref3/test/1ad3_ref3",
      "true_positive_site_pair_count": 269064,
      "false_positive_site_pair_count": 218918,
      "true_site_pair_count": 1213940,
      "precision": 0.5513809935612379,
      "recall": 0.22164522134537126
    },
    {
      "name": "ref3/test/1idy_ref3",
      "true_positive_site_pair_count": 10034,
      "false_positive_site_pair_count": 182588,
      "true_site_pair_count": 37962,
      "precision": 0.05209166138862643,
      "recall": 0.26431694852747484
    },
    {
      "name": "ref3/test/1r69_ref3",
      "true_positive_site_pair_count": 7034,
      "false_positive_site_pair_count": 14170,
      "true_site_pair_count": 22644,
      "precision": 0.33172986229013396,
      "recall": 0.31063416357534007
    },
    {
      "name": "ref3/test/1lci_ref3",
      "true_positive_site_pair_count": 305332,
      "false_positive_site_pair_count": 36820,
      "true_site_pair_count": 605150,
      "precision": 0.8923870092824242,
      "recall": 0.5045558952325869
    },
    {
      "name": "ref3/test/1adj_ref3",
      "true_positive_site_pair_count": 56632,
      "false_positive_site_pair_count": 14772,
      "true_site_pair_count": 239940,
      "precision": 0.793120833566747,
      "recall": 0.2360256730849379
    },
    {
      "name": "ref3/test/2pia_ref3",
      "true_positive_site_pair_count": 30722,
      "false_positive_site_pair_count": 43276,
      "true_site_pair_count": 234600,
      "precision": 0.41517338306440715,
      "recall": 0.1309548167092924
    },
    {
      "name": "ref3/test/1plc_ref3",
      "true_positive_site_pair_count": 3434,
      "false_positive_site_pair_count": 2126,
      "true_site_pair_count": 18480,
      "precision": 0.6176258992805755,
      "recall": 0.18582251082251083
    },
    {
      "name": "ref3/test/1csy_ref3",
      "true_positive_site_pair_count": 1968,
      "false_positive_site_pair_count": 1078,
      "true_site_pair_count": 13464,
      "precision": 0.6460932370321734,
      "recall": 0.14616755793226383
    },
    {
      "name": "ref3/test/2trx_ref3",
      "true_positive_site_pair_count": 20772,
      "false_positive_site_pair_count": 6634,
      "true_site_pair_count": 167462,
      "precision": 0.7579362183463475,
      "recall": 0.12404008073473385
    },
    {
      "name": "ref3/test/1lvl_ref3",
      "true_positive_site_pair_count": 107960,
      "false_positive_site_pair_count": 55804,
      "true_site_pair_count": 420160,
      "precision": 0.6592413473046579,
      "recall": 0.256949733434882
    },
    {
      "name": "ref3/test/1ubi_ref3",
      "true_positive_site_pair_count": 7810,
      "false_positive_site_pair_count": 2694,
      "true_site_pair_count": 46200,
      "precision": 0.7435262757044935,
      "recall": 0.16904761904761906
    },
    {
      "name": "ref3/test/1cpt_ref3",
      "true_positive_site_pair_count": 341612,
      "false_positive_site_pair_count": 142884,
      "true_site_pair_count": 1303568,
      "precision": 0.7050873485023612,
      "recall": 0.2620592097995655
    },
    {
      "name": "ref3/test/1taq_ref3",
      "true_positive_site_pair_count": 14948,
      "false_positive_site_pair_count": 8514,
      "true_site_pair_count": 86394,
      "precision": 0.6371153354360242,
      "recall": 0.1730212746255527
    },
    {
      "name": "ref3/test/1ajsA_ref3",
      "true_positive_site_pair_count": 149772,
      "false_positive_site_pair_count": 181566,
      "true_site_pair_count": 1121232,
      "precision": 0.4520218025098238,
      "recall": 0.1335780641294576
    },
    {
      "name": "ref3/test/1bucA_ref3",
      "true_positive_site_pair_count": 126272,
      "false_positive_site_pair_count": 29900,
      "true_site_pair_count": 588000,
      "precision": 0.8085444253771483,
      "recall": 0.2147482993197279
    },
    {
      "name": "ref3/test/1uky_ref3",
      "true_positive_site_pair_count": 191258,
      "false_positive_site_pair_count": 57276,
      "true_site_pair_count": 1673560,
      "precision": 0.7695446095906395,
      "recall": 0.11428212911398455
    },
    {
      "name": "ref3/test/451c_ref3",
      "true_positive_site_pair_count": 900,
      "false_positive_site_pair_count": 636,
      "true_site_pair_count": 8360,
      "precision": 0.5859375,
      "recall": 0.1076555023923445
    },
    {
      "name": "ref3/test/3grs_ref3",
      "true_positive_site_pair_count": 105900,
      "false_positive_site_pair_count": 88606,
      "true_site_pair_count": 440640,
      "precision": 0.5444562121476972,
      "recall": 0.24033224400871459
    },
    {
      "name": "ref3/test/1ycc_ref3",
      "true_positive_site_pair_count": 48250,
      "false_positive_site_pair_count": 2950,
      "true_site_pair_count": 150150,
      "precision": 0.9423828125,
      "recall": 0.32134532134532134
    },
    {
      "name": "ref3/test/glg_ref3",
      "true_positive_site_pair_count": 777374,
      "false_positive_site_pair_count": 122376,
      "true_site_pair_count": 2395512,
      "precision": 0.8639888858016116,
      "recall": 0.3245126720300295
    },
    {
      "name": "ref3/test/2hsdA_ref3",
      "true_positive_site_pair_count": 74192,
      "false_positive_site_pair_count": 30930,
      "true_site_pair_count": 532532,
      "precision": 0.7057704381575693,
      "recall": 0.13931932728925212
    },
    {
      "name": "ref3/test/kinase_ref3",
      "true_positive_site_pair_count": 91854,
      "false_positive_site_pair_count": 51976,
      "true_site_pair_count": 434930,
      "precision": 0.6386289369394424,
      "recall": 0.21119260570666545
    }
  ]
}