{
  "path": "./data/bb3_release/RV30",
  "results": [
    {
      "name": "ref3/test/1ldg_ref3",
      "true_positive_site_pair_count": 200496,
      "false_positive_site_pair_count": 39396,
      "true_site_pair_count": 711360,
      "precision": 0.8357760992446601,
      "recall": 0.2818488529014845
    },
    {
      "name": "ref3/test/4enl_ref3",
      "true_positive_site_pair_count": 400088,
      "false_positive_site_pair_count": 112716,
      "true_site_pair_count": 736208,
      "precision": 0.7801967223344591,
      "recall": 0.543444244017995
    },
    {
      "name": "ref3/test/1sbp_ref3",
      "true_positive_site_pair_count": 2568,
      "false_positive_site_pair_count": 1626,
      "true_site_pair_count": 22050,
      "precision": 0.6123032904148784,
      "recall": 0.1164625850340136
    },
    {
      "name": "ref3/test/1dox_ref3",
      "true_positive_site_pair_count": 4724,
      "false_positive_site_pair_count": 530,
      "true_site_pair_count": 25392,
      "precision": 0.8991244765892653,
      "recall": 0.18604284814114683
    },
    {
      "name": "ref3/test/1pamA_ref3",
      "true_positive_site_pair_count": 256998,
      "false_positive_site_pair_count": 152016,
      "true_site_pair_count": 840650,
      "precision": 0.6283354603998885,
      "recall": 0.3057134360316422
    },
    {
      "name": "ref3/test/1pgtA_ref3",
      "true_positive_site_pair_count": 31016,
      "false_positive_site_pair_count": 4436,
      "true_site_pair_count": 160820,
      "precision": 0.8748730678099966,
      "recall": 0.19286158438005224
    },
    {
      "name": "ref3/test/1eft_ref3",
      "true_positive_site_pair_count": 87946,
      "false_positive_site_pair_count": 33488,
      "true_site_pair_count": 278460,
      "precision": 0.7242287991830954,
      "recall": 0.31582992171227464
    },
    {
      "name": "ref3/test/1sesA_ref3",
      "true_positive_site_pair_count": 427424,
      "false_positive_site_pair_count": 81662,
      "true_site_pair_count": 876876,
      "precision": 0.8395909531984773,
      "recall": 0.4874395011381313
    },
    {
      "name": "ref3/test/1ad3_ref3",
      "true_positive_site_pair_count": 315384,
      "false_positive_site_pair_count": 268354,
      "true_site_pair_count": 1213940,
      "precision": 0.5402834833435548,
      "recall": 0.259801967148294
    },
    {
      "name": "ref3/test/1idy_ref3",
      "true_positive_site_pair_count": 10104,
      "false_positive_site_pair_count": 233220,
      "true_site_pair_count": 37962,
      "precision": 0.04152488040637175,
      "recall": 0.2661608977398451
    },
    {
      "name": "ref3/test/1r69_ref3",
      "true_positive_site_pair_count": 6762,
      "false_positive_site_pair_count": 14596,
      "true_site_pair_count": 22644,
      "precision": 0.31660267815338516,
      "recall": 0.29862215156332805
    },
    {
      "name": "ref3/test/1lci_ref3",
      "true_positive_site_pair_count": 335838,
      "false_positive_site_pair_count": 57958,
      "true_site_pair_count": 605150,
      "precision": 0.8528222734613861,
      "recall": 0.5549665372221764
    },
    {
      "name": "ref3/test/1adj_ref3",
      "true_positive_site_pair_count": 61600,
      "false_positive_site_pair_count": 17096,
      "true_site_pair_count": 239940,
      "precision": 0.7827589712310664,
      "recall": 0.2567308493790114
    },
    {
      "name": "ref3/test/2pia_ref3",
      "true_positive_site_pair_count": 29514,
      "false_positive_site_pair_count": 57990,
      "true_site_pair_count": 234600,
      "precision": 0.33728743828853536,
      "recall": 0.12580562659846548
    },
    {
      "name": "ref3/test/1plc_ref3",
      "true_positive_site_pair_count": 3902,
      "false_positive_site_pair_count": 3094,
      "true_site_pair_count": 18480,
      "precision": 0.5577472841623785,
      "recall": 0.21114718614718614
    },
    {
      "name": "ref3/test/1csy_ref3",
      "true_positive_site_pair_count": 2532,
      "false_positive_site_pair_count": 1882,
      "true_site_pair_count": 13464,
      "precision": 0.5736293611236973,
      "recall": 0.18805704099821746
    },
    {
      "name": "ref3/test/2trx_ref3",
      "true_positive_site_pair_count": 21902,
      "false_positive_site_pair_count": 6518,
      "true_site_pair_count": 167462,
      "precision": 0.7706544686840253,
      "recall": 0.13078788023551613
    },
    {
      "name": "ref3/test/1lvl_ref3",
      "true_positive_site_pair_count": 101028,
      "false_positive_site_pair_count": 71402,
      "true_site_pair_count": 420160,
      "precision": 0.5859073247114771,
      "recall": 0.24045125666412795
    },
    {
      "name": "ref3/test/1ubi_ref3",
      "true_positive_site_pair_count": 8218,
      "false_positive_site_pair_count": 4682,
      "true_site_pair_count": 46200,
      "precision": 0.6370542635658915,
      "recall": 0.1778787878787879
    },
    {
      "name": "ref3/test/1cpt_ref3",
      "true_positive_site_pair_count": 393544,
      "false_positive_site_pair_count": 178176,
      "true_site_pair_count": 1303568,
      "precision": 0.6883509410200798,
      "recall": 0.30189756115522937
    },
    {
      "name": "ref3/test/1taq_ref3",
      "true_positive_site_pair_count": 16474,
      "false_positive_site_pair_count": 11312,
      "true_site_pair_count": 86394,
      "precision": 0.5928885050025192,
      "recall": 0.19068453827812118
    },
    {
      "name": "ref3/test/1ajsA_ref3",
      "true_positive_site_pair_count": 146330,
      "false_positive_site_pair_count": 236136,
      "true_site_pair_count": 1121232,
      "precision": 0.3825961000454942,
      "recall": 0.13050822666495426
    },
    {
      "name": "ref3/test/1bucA_ref3",
      "true_positive_site_pair_count": 147674,
      "false_positive_site_pair_count": 43704,
      "true_site_pair_count": 588000,
      "precision": 0.7716351931778992,
      "recall": 0.2511462585034014
    },
    {
      "name": "ref3/test/1uky_ref3",
      "true_positive_site_pair_count": 193526,
      "false_positive_site_pair_count": 67632,
      "true_site_pair_count": 1673560,
      "precision": 0.7410303341272333,
      "recall": 0.11563732402782093
    },
    {
      "name": "ref3/test/451c_ref3",
      "true_positive_site_pair_count": 960,
      "false_positive_site_pair_count": 786,
      "true_site_pair_count": 8360,
      "precision": 0.5498281786941581,
      "recall": 0.11483253588516747
    },
    {
      "name": "ref3/test/3grs_ref3",
      "true_positive_site_pair_count": 94098,
      "false_positive_site_pair_count": 110970,
      "true_site_pair_count": 440640,
      "precision": 0.45886242612206685,
      "recall": 0.21354847494553378
    },
    {
      "name": "ref3/test/1ycc_ref3",
      "true_positive_site_pair_count": 55568,
      "false_positive_site_pair_count": 4380,
      "true_site_pair_count": 150150,
      "precision": 0.9269366784546607,
      "recall": 0.3700832500832501
    },
    {
      "name": "ref3/test/glg_ref3",
      "true_positive_site_pair_count": 863174,
      "false_positive_site_pair_count": 160362,
      "true_site_pair_count": 2395512,
      "precision": 0.8433254912382173,
      "recall": 0.36032964977841897
    },
    {
      "name": "ref3/test/2hsdA_ref3",
      "true_positive_site_pair_count": 78148,
      "false_positive_site_pair_count": 39222,
      "true_site_pair_count": 532532,
      "precision": 0.6658260202777541,
      "recall": 0.14674798885325202
    },
    {
      "name": "ref3/test/kinase_ref3",
      "true_positive_site_pair_count": 96790,
      "false_positive_site_pair_count": 66780,
      "true_site_pair_count": 434930,
      "precision": 0.5917344256281715,
      "recall": 0.22254155841169843
    }
  ]
}