{
  "path": "./data/bb3_release/RV30",
  "results": [
    {
      "name": "ref3/test/1ldg_ref3",
      "true_positive_site_pair_count": 104396,
      "false_positive_site_pair_count": 602,
      "true_site_pair_count": 711360,
      "precision": 0.9942665574582373,
      "recall": 0.14675551057130004
    },
    {
      "name": "ref3/test/4enl_ref3",
      "true_positive_site_pair_count": 259054,
      "false_positive_site_pair_count": 1472,
      "true_site_pair_count": 736208,
      "precision": 0.9943498921412834,
      "recall": 0.35187610023254295
    },
    {
      "name": "ref3/test/1sbp_ref3",
      "true_positive_site_pair_count": 1202,
      "false_positive_site_pair_count": 0,
      "true_site_pair_count": 22050,
      "precision": 1.0,
      "recall": 0.0545124716553288
    },
    {
      "name": "ref3/test/1dox_ref3",
      "true_positive_site_pair_count": 2884,
      "false_positive_site_pair_count": 14,
      "true_site_pair_count": 25392,
      "precision": 0.9951690821256038,
      "recall": 0.1135790800252048
    },
    {
      "name": "ref3/test/1pamA_ref3",
      "true_positive_site_pair_count": 166194,
      "false_positive_site_pair_count": 4528,
      "true_site_pair_count": 840650,
      "precision": 0.9734773491407083,
      "recall": 0.19769702016296914
    },
    {
      "name": "ref3/test/1pgtA_ref3",
      "true_positive_site_pair_count": 17896,
      "false_positive_site_pair_count": 38,
      "true_site_pair_count": 160820,
      "precision": 0.9978811196609791,
      "recall": 0.11127969158064917
    },
    {
      "name": "ref3/test/1eft_ref3",
      "true_positive_site_pair_count": 62462,
      "false_positive_site_pair_count": 2042,
      "true_site_pair_count": 278460,
      "precision": 0.9683430484931167,
      "recall": 0.22431228901817138
    },
    {
      "name": "ref3/test/1sesA_ref3",
      "true_positive_site_pair_count": 256356,
      "false_positive_site_pair_count": 1314,
      "true_site_pair_count": 876876,
      "precision": 0.9949004540691583,
      "recall": 0.29235148413230605
    },
    {
      "name": "ref3/test/1ad3_ref3",
      "true_positive_site_pair_count": 153756,
      "false_positive_site_pair_count": 3244,
      "true_site_pair_count": 1213940,
      "precision": 0.9793375796178344,
      "recall": 0.12665864869762922
    },
    {
      "name": "ref3/test/1idy_ref3",
      "true_positive_site_pair_count": 5128,
      "false_positive_site_pair_count": 27788,
      "true_site_pair_count": 37962,
      "precision": 0.15579049702272452,
      "recall": 0.13508245087192455
    },
    {
      "name": "ref3/test/1r69_ref3",
      "true_positive_site_pair_count": 6366,
      "false_positive_site_pair_count": 1416,
      "true_site_pair_count": 22644,
      "precision": 0.818041634541249,
      "recall": 0.2811340752517223
    },
    {
      "name": "ref3/test/1lci_ref3",
      "true_positive_site_pair_count": 228600,
      "false_positive_site_pair_count": 1438,
      "true_site_pair_count": 605150,
      "precision": 0.9937488588841844,
      "recall": 0.3777575807650996
    },
    {
      "name": "ref3/test/1adj_ref3",
      "true_positive_site_pair_count": 33856,
      "false_positive_site_pair_count": 1166,
      "true_site_pair_count": 239940,
      "precision": 0.9667066415396037,
      "recall": 0.14110194215220473
    },
    {
      "name": "ref3/test/2pia_ref3",
      "true_positive_site_pair_count": 16046,
      "false_positive_site_pair_count": 1470,
      "true_site_pair_count": 234600,
      "precision": 0.9160767298469971,
      "recall": 0.06839727195225917
    },
    {
      "name": "ref3/test/1plc_ref3",
      "true_positive_site_pair_count": 2676,
      "false_positive_site_pair_count": 356,
      "true_site_pair_count": 18480,
      "precision": 0.8825857519788918,
      "recall": 0.1448051948051948
    },
    {
      "name": "ref3/test/1csy_ref3",
      "true_positive_site_pair_count": 952,
      "false_positive_site_pair_count": 12,
      "true_site_pair_count": 13464,
      "precision": 0.9875518672199171,
      "recall": 0.0707070707070707
    },
    {
      "name": "ref3/test/2trx_ref3",
      "true_positive_site_pair_count": 9324,
      "false_positive_site_pair_count": 102,
      "true_site_pair_count": 167462,
      "precision": 0.9891788669637174,
      "recall": 0.05567830313742819
    },
    {
      "name": "ref3/test/1lvl_ref3",
      "true_positive_site_pair_count": 48416,
      "false_positive_site_pair_count": 972,
      "true_site_pair_count": 420160,
      "precision": 0.9803191058556734,
      "recall": 0.11523229246001523
    },
    {
      "name": "ref3/test/1ubi_ref3",
      "true_positive_site_pair_count": 5814,
      "false_positive_site_pair_count": 160,
      "true_site_pair_count": 46200,
      "precision": 0.9732172748577168,
      "recall": 0.12584415584415584
    },
    {
      "name": "ref3/test/1cpt_ref3",
      "true_positive_site_pair_count": 218976,
      "false_positive_site_pair_count": 3064,
      "true_site_pair_count": 1303568,
      "precision": 0.9862006845613402,
      "recall": 0.1679820308568483
    },
    {
      "name": "ref3/test/1taq_ref3",
      "true_positive_site_pair_count": 7414,
      "false_positive_site_pair_count": 48,
      "true_site_pair_count": 86394,
      "precision": 0.9935674082015545,
      "recall": 0.08581614463967405
    },
    {
      "name": "ref3/test/1ajsA_ref3",
      "true_positive_site_pair_count": 69952,
      "false_positive_site_pair_count": 4032,
      "true_site_pair_count": 1121232,
      "precision": 0.9455017301038062,
      "recall": 0.06238851549010374
    },
    {
      "name": "ref3/test/1bucA_ref3",
      "true_positive_site_pair_count": 65778,
      "false_positive_site_pair_count": 296,
      "true_site_pair_count": 588000,
      "precision": 0.9955201743499712,
      "recall": 0.11186734693877551
    },
    {
      "name": "ref3/test/1uky_ref3",
      "true_positive_site_pair_count": 67640,
      "false_positive_site_pair_count": 532,
      "true_site_pair_count": 1673560,
      "precision": 0.992196209587514,
      "recall": 0.04041683596644279
    },
    {
      "name": "ref3/test/451c_ref3",
      "true_positive_site_pair_count": 470,
      "false_positive_site_pair_count": 80,
      "true_site_pair_count": 8360,
      "precision": 0.8545454545454545,
      "recall": 0.056220095693779906
    },
    {
      "name": "ref3/test/3grs_ref3",
      "true_positive_site_pair_count": 46206,
      "false_positive_site_pair_count": 1716,
      "true_site_pair_count": 440640,
      "precision": 0.9641918116940028,
      "recall": 0.10486111111111111
    },
    {
      "name": "ref3/test/1ycc_ref3",
      "true_positive_site_pair_count": 31856,
      "false_positive_site_pair_count": 76,
      "true_site_pair_count": 150150,
      "precision": 0.9976199423775522,
      "recall": 0.21216117216117217
    },
    {
      "name": "ref3/test/glg_ref3",
      "true_positive_site_pair_count": 455864,
      "false_positive_site_pair_count": 2260,
      "true_site_pair_count": 2395512,
      "precision": 0.9950668377993731,
      "recall": 0.19029919282391405
    },
    {
      "name": "ref3/test/2hsdA_ref3",
      "true_positive_site_pair_count": 21744,
      "false_positive_site_pair_count": 1080,
      "true_site_pair_count": 532532,
      "precision": 0.9526813880126183,
      "recall": 0.040831349102025793
    },
    {
      "name": "ref3/test/kinase_ref3",
      "true_positive_site_pair_count": 60202,
      "false_positive_site_pair_count": 9764,
      "true_site_pair_count": 434930,
      "precision": 0.8604465025869709,
      "recall": 0.13841767640769778
    }
  ]
}