{
  "path": "./data/bb3_release/RV30",
  "results": [
    {
      "name": "ref3/test/1ldg_ref3",
      "true_positive_site_pair_count": 93142,
      "false_positive_site_pair_count": 166,
      "true_site_pair_count": 711360,
      "precision": 0.9982209456852574,
      "recall": 0.130935110211426
    },
    {
      "name": "ref3/test/4enl_ref3",
      "true_positive_site_pair_count": 233760,
      "false_positive_site_pair_count": 1338,
      "true_site_pair_count": 736208,
      "precision": 0.9943087563484164,
      "recall": 0.3175189620324691
    },
    {
      "name": "ref3/test/1sbp_ref3",
      "true_positive_site_pair_count": 1044,
      "false_positive_site_pair_count": 22,
      "true_site_pair_count": 22050,
      "precision": 0.9793621013133208,
      "recall": 0.0473469387755102
    },
    {
      "name": "ref3/test/1dox_ref3",
      "true_positive_site_pair_count": 2738,
      "false_positive_site_pair_count": 0,
      "true_site_pair_count": 25392,
      "precision": 1.0,
      "recall": 0.10782923755513547
    },
    {
      "name": "ref3/test/1pamA_ref3",
      "true_positive_site_pair_count": 153114,
      "false_positive_site_pair_count": 3686,
      "true_site_pair_count": 840650,
      "precision": 0.9764923469387755,
      "recall": 0.18213763159459942
    },
    {
      "name": "ref3/test/1pgtA_ref3",
      "true_positive_site_pair_count": 15282,
      "false_positive_site_pair_count": 42,
      "true_site_pair_count": 160820,
      "precision": 0.9972592012529365,
      "recall": 0.09502549434149982
    },
    {
      "name": "ref3/test/1eft_ref3",
      "true_positive_site_pair_count": 57614,
      "false_positive_site_pair_count": 2094,
      "true_site_pair_count": 278460,
      "precision": 0.9649293227038253,
      "recall": 0.20690224807871865
    },
    {
      "name": "ref3/test/1sesA_ref3",
      "true_positive_site_pair_count": 219880,
      "false_positive_site_pair_count": 1010,
      "true_site_pair_count": 876876,
      "precision": 0.9954275883924125,
      "recall": 0.250753812397648
    },
    {
      "name": "ref3/test/1ad3_ref3",
      "true_positive_site_pair_count": 132026,
      "false_positive_site_pair_count": 3720,
      "true_site_pair_count": 1213940,
      "precision": 0.9725958775949199,
      "recall": 0.1087582582335206
    },
    {
      "name": "ref3/test/1idy_ref3",
      "true_positive_site_pair_count": 4768,
      "false_positive_site_pair_count": 24776,
      "true_site_pair_count": 37962,
      "precision": 0.16138640671540752,
      "recall": 0.12559928349402033
    },
    {
      "name": "ref3/test/1r69_ref3",
      "true_positive_site_pair_count": 6120,
      "false_positive_site_pair_count": 1156,
      "true_site_pair_count": 22644,
      "precision": 0.8411214953271028,
      "recall": 0.2702702702702703
    },
    {
      "name": "ref3/test/1lci_ref3",
      "true_positive_site_pair_count": 209130,
      "false_positive_site_pair_count": 580,
      "true_site_pair_count": 605150,
      "precision": 0.9972342759048209,
      "recall": 0.345583739568702
    },
    {
      "name": "ref3/test/1adj_ref3",
      "true_positive_site_pair_count": 32720,
      "false_positive_site_pair_count": 826,
      "true_site_pair_count": 239940,
      "precision": 0.9753770941393907,
      "recall": 0.13636742518963074
    },
    {
      "name": "ref3/test/2pia_ref3",
      "true_positive_site_pair_count": 15352,
      "false_positive_site_pair_count": 1502,
      "true_site_pair_count": 234600,
      "precision": 0.9108816898065741,
      "recall": 0.0654390451832907
    },
    {
      "name": "ref3/test/1plc_ref3",
      "true_positive_site_pair_count": 2330,
      "false_positive_site_pair_count": 342,
      "true_site_pair_count": 18480,
      "precision": 0.8720059880239521,
      "recall": 0.12608225108225107
    },
    {
      "name": "ref3/test/1csy_ref3",
      "true_positive_site_pair_count": 724,
      "false_positive_site_pair_count": 48,
      "true_site_pair_count": 13464,
      "precision": 0.9378238341968912,
      "recall": 0.05377302436125966
    },
    {
      "name": "ref3/test/2trx_ref3",
      "true_positive_site_pair_count": 7970,
      "false_positive_site_pair_count": 88,
      "true_site_pair_count": 167462,
      "precision": 0.9890791759741872,
      "recall": 0.047592886744455457
    },
    {
      "name": "ref3/test/1lvl_ref3",
      "true_positive_site_pair_count": 44866,
      "false_positive_site_pair_count": 712,
      "true_site_pair_count": 420160,
      "precision": 0.9843784281890385,
      "recall": 0.10678313023610053
    },
    {
      "name": "ref3/test/1ubi_ref3",
      "true_positive_site_pair_count": 5140,
      "false_positive_site_pair_count": 118,
      "true_site_pair_count": 46200,
      "precision": 0.9775580068467098,
      "recall": 0.11125541125541126
    },
    {
      "name": "ref3/test/1cpt_ref3",
      "true_positive_site_pair_count": 207892,
      "false_positive_site_pair_count": 1866,
      "true_site_pair_count": 1303568,
      "precision": 0.9911040341727133,
      "recall": 0.15947921397272716
    },
    {
      "name": "ref3/test/1taq_ref3",
      "true_positive_site_pair_count": 6828,
      "false_positive_site_pair_count": 142,
      "true_site_pair_count": 86394,
      "precision": 0.9796269727403156,
      "recall": 0.0790332661990416
    },
    {
      "name": "ref3/test/1ajsA_ref3",
      "true_positive_site_pair_count": 75364,
      "false_positive_site_pair_count": 3576,
      "true_site_pair_count": 1121232,
      "precision": 0.954699771978718,
      "recall": 0.06721534883057209
    },
    {
      "name": "ref3/test/1bucA_ref3",
      "true_positive_site_pair_count": 58368,
      "false_positive_site_pair_count": 56,
      "true_site_pair_count": 588000,
      "precision": 0.9990414897987129,
      "recall": 0.09926530612244898
    },
    {
      "name": "ref3/test/1uky_ref3",
      "true_positive_site_pair_count": 67080,
      "false_positive_site_pair_count": 644,
      "true_site_pair_count": 1673560,
      "precision": 0.9904908156635757,
      "recall": 0.040082219938335044
    },
    {
      "name": "ref3/test/451c_ref3",
      "true_positive_site_pair_count": 464,
      "false_positive_site_pair_count": 82,
      "true_site_pair_count": 8360,
      "precision": 0.8498168498168498,
      "recall": 0.05550239234449761
    },
    {
      "name": "ref3/test/3grs_ref3",
      "true_positive_site_pair_count": 40052,
      "false_positive_site_pair_count": 1564,
      "true_site_pair_count": 440640,
      "precision": 0.9624183006535948,
      "recall": 0.09089506172839507
    },
    {
      "name": "ref3/test/1ycc_ref3",
      "true_positive_site_pair_count": 30978,
      "false_positive_site_pair_count": 48,
      "true_site_pair_count": 150150,
      "precision": 0.998452910462193,
      "recall": 0.20631368631368632
    },
    {
      "name": "ref3/test/glg_ref3",
      "true_positive_site_pair_count": 429586,
      "false_positive_site_pair_count": 1584,
      "true_site_pair_count": 2395512,
      "precision": 0.996326275019134,
      "recall": 0.17932951285570684
    },
    {
      "name": "ref3/test/2hsdA_ref3",
      "true_positive_site_pair_count": 20566,
      "false_positive_site_pair_count": 796,
      "true_site_pair_count": 532532,
      "precision": 0.9627375713884467,
      "recall": 0.03861927546138073
    },
    {
      "name": "ref3/test/kinase_ref3",
      "true_positive_site_pair_count": 51662,
      "false_positive_site_pair_count": 8322,
      "true_site_pair_count": 434930,
      "precision": 0.8612630034675913,
      "recall": 0.11878233278918447
    }
  ]
}