{
  "path": "./data/bb3_release/RV30",
  "results": [
    {
      "name": "ref3/test/1ldg_ref3",
      "true_positive_site_pair_count": 89912,
      "false_positive_site_pair_count": 324,
      "true_site_pair_count": 711360,
      "precision": 0.9964094153109624,
      "recall": 0.1263945119208277
    },
    {
      "name": "ref3/test/4enl_ref3",
      "true_positive_site_pair_count": 244526,
      "false_positive_site_pair_count": 1098,
      "true_site_pair_count": 736208,
      "precision": 0.9955297527928867,
      "recall": 0.3321425466715928
    },
    {
      "name": "ref3/test/1sbp_ref3",
      "true_positive_site_pair_count": 916,
      "false_positive_site_pair_count": 16,
      "true_site_pair_count": 22050,
      "precision": 0.9828326180257511,
      "recall": 0.04154195011337868
    },
    {
      "name": "ref3/test/1dox_ref3",
      "true_positive_site_pair_count": 2628,
      "false_positive_site_pair_count": 0,
      "true_site_pair_count": 25392,
      "precision": 1.0,
      "recall": 0.10349716446124764
    },
    {
      "name": "ref3/test/1pamA_ref3",
      "true_positive_site_pair_count": 155522,
      "false_positive_site_pair_count": 4030,
      "true_site_pair_count": 840650,
      "precision": 0.9747417769755314,
      "recall": 0.18500208172247665
    },
    {
      "name": "ref3/test/1pgtA_ref3",
      "true_positive_site_pair_count": 15140,
      "false_positive_site_pair_count": 84,
      "true_site_pair_count": 160820,
      "precision": 0.9944823962165003,
      "recall": 0.09414251958711603
    },
    {
      "name": "ref3/test/1eft_ref3",
      "true_positive_site_pair_count": 56240,
      "false_positive_site_pair_count": 1672,
      "true_site_pair_count": 278460,
      "precision": 0.9711286089238845,
      "recall": 0.20196796667384903
    },
    {
      "name": "ref3/test/1sesA_ref3",
      "true_positive_site_pair_count": 223966,
      "false_positive_site_pair_count": 1136,
      "true_site_pair_count": 876876,
      "precision": 0.9949533989036081,
      "recall": 0.25541353623545404
    },
    {
      "name": "ref3/test/1ad3_ref3",
      "true_positive_site_pair_count": 128018,
      "false_positive_site_pair_count": 3196,
      "true_site_pair_count": 1213940,
      "precision": 0.9756428429893151,
      "recall": 0.10545661235316407
    },
    {
      "name": "ref3/test/1idy_ref3",
      "true_positive_site_pair_count": 4974,
      "false_positive_site_pair_count": 26192,
      "true_site_pair_count": 37962,
      "precision": 0.15959699672720273,
      "recall": 0.13102576260470997
    },
    {
      "name": "ref3/test/1r69_ref3",
      "true_positive_site_pair_count": 6072,
      "false_positive_site_pair_count": 1538,
      "true_site_pair_count": 22644,
      "precision": 0.7978975032851511,
      "recall": 0.2681505034446211
    },
    {
      "name": "ref3/test/1lci_ref3",
      "true_positive_site_pair_count": 207654,
      "false_positive_site_pair_count": 458,
      "true_site_pair_count": 605150,
      "precision": 0.9977992619358806,
      "recall": 0.3431446748739982
    },
    {
      "name": "ref3/test/1adj_ref3",
      "true_positive_site_pair_count": 31508,
      "false_positive_site_pair_count": 792,
      "true_site_pair_count": 239940,
      "precision": 0.9754798761609907,
      "recall": 0.13131616237392682
    },
    {
      "name": "ref3/test/2pia_ref3",
      "true_positive_site_pair_count": 16168,
      "false_positive_site_pair_count": 1378,
      "true_site_pair_count": 234600,
      "precision": 0.921463581443064,
      "recall": 0.06891730605285593
    },
    {
      "name": "ref3/test/1plc_ref3",
      "true_positive_site_pair_count": 2430,
      "false_positive_site_pair_count": 352,
      "true_site_pair_count": 18480,
      "precision": 0.8734723220704529,
      "recall": 0.1314935064935065
    },
    {
      "name": "ref3/test/1csy_ref3",
      "true_positive_site_pair_count": 948,
      "false_positive_site_pair_count": 16,
      "true_site_pair_count": 13464,
      "precision": 0.983402489626556,
      "recall": 0.07040998217468805
    },
    {
      "name": "ref3/test/2trx_ref3",
      "true_positive_site_pair_count": 8460,
      "false_positive_site_pair_count": 124,
      "true_site_pair_count": 167462,
      "precision": 0.9855545200372786,
      "recall": 0.050518923696122105
    },
    {
      "name": "ref3/test/1lvl_ref3",
      "true_positive_site_pair_count": 47878,
      "false_positive_site_pair_count": 680,
      "true_site_pair_count": 420160,
      "precision": 0.985996128341365,
      "recall": 0.1139518278750952
    },
    {
      "name": "ref3/test/1ubi_ref3",
      "true_positive_site_pair_count": 5180,
      "false_positive_site_pair_count": 126,
      "true_site_pair_count": 46200,
      "precision": 0.9762532981530343,
      "recall": 0.11212121212121212
    },
    {
      "name": "ref3/test/1cpt_ref3",
      "true_positive_site_pair_count": 203206,
      "false_positive_site_pair_count": 2034,
      "true_site_pair_count": 1303568,
      "precision": 0.9900896511401286,
      "recall": 0.15588446479201698
    },
    {
      "name": "ref3/test/1taq_ref3",
      "true_positive_site_pair_count": 6630,
      "false_positive_site_pair_count": 158,
      "true_site_pair_count": 86394,
      "precision": 0.9767236299351797,
      "recall": 0.07674144037780402
    },
    {
      "name": "ref3/test/1ajsA_ref3",
      "true_positive_site_pair_count": 81880,
      "false_positive_site_pair_count": 3578,
      "true_site_pair_count": 1121232,
      "precision": 0.9581314797912425,
      "recall": 0.07302681336244417
    },
    {
      "name": "ref3/test/1bucA_ref3",
      "true_positive_site_pair_count": 54826,
      "false_positive_site_pair_count": 74,
      "true_site_pair_count": 588000,
      "precision": 0.9986520947176685,
      "recall": 0.09324149659863945
    },
    {
      "name": "ref3/test/1uky_ref3",
      "true_positive_site_pair_count": 66176,
      "false_positive_site_pair_count": 562,
      "true_site_pair_count": 1673560,
      "precision": 0.991579010458809,
      "recall": 0.03954205406438968
    },
    {
      "name": "ref3/test/451c_ref3",
      "true_positive_site_pair_count": 406,
      "false_positive_site_pair_count": 114,
      "true_site_pair_count": 8360,
      "precision": 0.7807692307692308,
      "recall": 0.04856459330143541
    },
    {
      "name": "ref3/test/3grs_ref3",
      "true_positive_site_pair_count": 42322,
      "false_positive_site_pair_count": 1362,
      "true_site_pair_count": 440640,
      "precision": 0.9688215364893324,
      "recall": 0.09604665940450254
    },
    {
      "name": "ref3/test/1ycc_ref3",
      "true_positive_site_pair_count": 26500,
      "false_positive_site_pair_count": 130,
      "true_site_pair_count": 150150,
      "precision": 0.9951182876455126,
      "recall": 0.17649017649017648
    },
    {
      "name": "ref3/test/glg_ref3",
      "true_positive_site_pair_count": 422730,
      "false_positive_site_pair_count": 1424,
      "true_site_pair_count": 2395512,
      "precision": 0.9966427288201927,
      "recall": 0.1764674942141805
    },
    {
      "name": "ref3/test/2hsdA_ref3",
      "true_positive_site_pair_count": 21342,
      "false_positive_site_pair_count": 652,
      "true_site_pair_count": 532532,
      "precision": 0.9703555515140493,
      "recall": 0.040076464888494964
    },
    {
      "name": "ref3/test/kinase_ref3",
      "true_positive_site_pair_count": 54752,
      "false_positive_site_pair_count": 7648,
      "true_site_pair_count": 434930,
      "precision": 0.8774358974358974,
      "recall": 0.12588692433265122
    }
  ]
}