{
  "path": "./data/bb3_release/RV30",
  "results": [
    {
      "name": "ref3/test/1ldg_ref3",
      "true_positive_site_pair_count": 102480,
      "false_positive_site_pair_count": 630,
      "true_site_pair_count": 711360,
      "precision": 0.9938900203665988,
      "recall": 0.1440620782726046
    },
    {
      "name": "ref3/test/4enl_ref3",
      "true_positive_site_pair_count": 267222,
      "false_positive_site_pair_count": 5072,
      "true_site_pair_count": 736208,
      "precision": 0.9813730746913263,
      "recall": 0.36297079086345163
    },
    {
      "name": "ref3/test/1sbp_ref3",
      "true_positive_site_pair_count": 1156,
      "false_positive_site_pair_count": 0,
      "true_site_pair_count": 22050,
      "precision": 1.0,
      "recall": 0.05242630385487528
    },
    {
      "name": "ref3/test/1dox_ref3",
      "true_positive_site_pair_count": 2968,
      "false_positive_site_pair_count": 0,
      "true_site_pair_count": 25392,
      "precision": 1.0,
      "recall": 0.11688720856962823
    },
    {
      "name": "ref3/test/1pamA_ref3",
      "true_positive_site_pair_count": 178554,
      "false_positive_site_pair_count": 5094,
      "true_site_pair_count": 840650,
      "precision": 0.972262153685311,
      "recall": 0.21239992862665794
    },
    {
      "name": "ref3/test/1pgtA_ref3",
      "true_positive_site_pair_count": 17632,
      "false_positive_site_pair_count": 86,
      "true_site_pair_count": 160820,
      "precision": 0.9951461790269782,
      "recall": 0.1096381047133441
    },
    {
      "name": "ref3/test/1eft_ref3",
      "true_positive_site_pair_count": 64444,
      "false_positive_site_pair_count": 2388,
      "true_site_pair_count": 278460,
      "precision": 0.9642686138376826,
      "recall": 0.23143000790059615
    },
    {
      "name": "ref3/test/1sesA_ref3",
      "true_positive_site_pair_count": 281214,
      "false_positive_site_pair_count": 1116,
      "true_site_pair_count": 876876,
      "precision": 0.9960471788332802,
      "recall": 0.3206998480971084
    },
    {
      "name": "ref3/test/1ad3_ref3",
      "true_positive_site_pair_count": 162050,
      "false_positive_site_pair_count": 4664,
      "true_site_pair_count": 1213940,
      "precision": 0.9720239451995634,
      "recall": 0.13349094683427518
    },
    {
      "name": "ref3/test/1idy_ref3",
      "true_positive_site_pair_count": 5702,
      "false_positive_site_pair_count": 32126,
      "true_site_pair_count": 37962,
      "precision": 0.15073490536110817,
      "recall": 0.15020283441336074
    },
    {
      "name": "ref3/test/1r69_ref3",
      "true_positive_site_pair_count": 6376,
      "false_positive_site_pair_count": 1530,
      "true_site_pair_count": 22644,
      "precision": 0.8064760941057425,
      "recall": 0.2815756933403992
    },
    {
      "name": "ref3/test/1lci_ref3",
      "true_positive_site_pair_count": 238608,
      "false_positive_site_pair_count": 746,
      "true_site_pair_count": 605150,
      "precision": 0.9968832774885734,
      "recall": 0.3942956291828472
    },
    {
      "name": "ref3/test/1adj_ref3",
      "true_positive_site_pair_count": 34550,
      "false_positive_site_pair_count": 972,
      "true_site_pair_count": 239940,
      "precision": 0.9726366758628455,
      "recall": 0.14399433191631242
    },
    {
      "name": "ref3/test/2pia_ref3",
      "true_positive_site_pair_count": 15346,
      "false_positive_site_pair_count": 1330,
      "true_site_pair_count": 234600,
      "precision": 0.9202446629887263,
      "recall": 0.06541346973572038
    },
    {
      "name": "ref3/test/1plc_ref3",
      "true_positive_site_pair_count": 2452,
      "false_positive_site_pair_count": 328,
      "true_site_pair_count": 18480,
      "precision": 0.8820143884892087,
      "recall": 0.13268398268398268
    },
    {
      "name": "ref3/test/1csy_ref3",
      "true_positive_site_pair_count": 938,
      "false_positive_site_pair_count": 84,
      "true_site_pair_count": 13464,
      "precision": 0.9178082191780822,
      "recall": 0.06966726084373143
    },
    {
      "name": "ref3/test/2trx_ref3",
      "true_positive_site_pair_count": 8288,
      "false_positive_site_pair_count": 170,
      "true_site_pair_count": 167462,
      "precision": 0.97990068574131,
      "recall": 0.049491825011047284
    },
    {
      "name": "ref3/test/1lvl_ref3",
      "true_positive_site_pair_count": 44006,
      "false_positive_site_pair_count": 1898,
      "true_site_pair_count": 420160,
      "precision": 0.9586528407110492,
      "recall": 0.10473629093678599
    },
    {
      "name": "ref3/test/1ubi_ref3",
      "true_positive_site_pair_count": 5930,
      "false_positive_site_pair_count": 274,
      "true_site_pair_count": 46200,
      "precision": 0.9558349451966474,
      "recall": 0.12835497835497836
    },
    {
      "name": "ref3/test/1cpt_ref3",
      "true_positive_site_pair_count": 226894,
      "false_positive_site_pair_count": 3068,
      "true_site_pair_count": 1303568,
      "precision": 0.9866586653447091,
      "recall": 0.17405612902433934
    },
    {
      "name": "ref3/test/1taq_ref3",
      "true_positive_site_pair_count": 7924,
      "false_positive_site_pair_count": 162,
      "true_site_pair_count": 86394,
      "precision": 0.9799653722483305,
      "recall": 0.09171933236104358
    },
    {
      "name": "ref3/test/1ajsA_ref3",
      "true_positive_site_pair_count": 62206,
      "false_positive_site_pair_count": 4712,
      "true_site_pair_count": 1121232,
      "precision": 0.9295854628052242,
      "recall": 0.05548004338085249
    },
    {
      "name": "ref3/test/1bucA_ref3",
      "true_positive_site_pair_count": 72560,
      "false_positive_site_pair_count": 206,
      "true_site_pair_count": 588000,
      "precision": 0.9971690075035043,
      "recall": 0.12340136054421769
    },
    {
      "name": "ref3/test/1uky_ref3",
      "true_positive_site_pair_count": 62024,
      "false_positive_site_pair_count": 718,
      "true_site_pair_count": 1673560,
      "precision": 0.9885563099678046,
      "recall": 0.037061115227419394
    },
    {
      "name": "ref3/test/451c_ref3",
      "true_positive_site_pair_count": 598,
      "false_positive_site_pair_count": 172,
      "true_site_pair_count": 8360,
      "precision": 0.7766233766233767,
      "recall": 0.0715311004784689
    },
    {
      "name": "ref3/test/3grs_ref3",
      "true_positive_site_pair_count": 37874,
      "false_positive_site_pair_count": 2374,
      "true_site_pair_count": 440640,
      "precision": 0.9410157026436097,
      "recall": 0.08595225127087872
    },
    {
      "name": "ref3/test/1ycc_ref3",
      "true_positive_site_pair_count": 34642,
      "false_positive_site_pair_count": 106,
      "true_site_pair_count": 150150,
      "precision": 0.9969494647173938,
      "recall": 0.23071595071595072
    },
    {
      "name": "ref3/test/glg_ref3",
      "true_positive_site_pair_count": 508338,
      "false_positive_site_pair_count": 1842,
      "true_site_pair_count": 2395512,
      "precision": 0.9963895095848524,
      "recall": 0.2122043220822939
    },
    {
      "name": "ref3/test/2hsdA_ref3",
      "true_positive_site_pair_count": 21074,
      "false_positive_site_pair_count": 850,
      "true_site_pair_count": 532532,
      "precision": 0.961229702609013,
      "recall": 0.03957320874614108
    },
    {
      "name": "ref3/test/kinase_ref3",
      "true_positive_site_pair_count": 64088,
      "false_positive_site_pair_count": 10518,
      "true_site_pair_count": 434930,
      "precision": 0.8590193818191566,
      "recall": 0.1473524475202906
    }
  ]
}