{
  "path": "./data/bb3_release/RV30",
  "results": [
    {
      "name": "ref3/test/1ldg_ref3",
      "true_positive_site_pair_count": 73504,
      "false_positive_site_pair_count": 176,
      "true_site_pair_count": 711360,
      "precision": 0.9976112920738328,
      "recall": 0.10332883490778227
    },
    {
      "name": "ref3/test/4enl_ref3",
      "true_positive_site_pair_count": 212484,
      "false_positive_site_pair_count": 868,
      "true_site_pair_count": 736208,
      "precision": 0.9959316059844764,
      "recall": 0.2886195205702736
    },
    {
      "name": "ref3/test/1sbp_ref3",
      "true_positive_site_pair_count": 750,
      "false_positive_site_pair_count": 18,
      "true_site_pair_count": 22050,
      "precision": 0.9765625,
      "recall": 0.034013605442176874
    },
    {
      "name": "ref3/test/1dox_ref3",
      "true_positive_site_pair_count": 2276,
      "false_positive_site_pair_count": 20,
      "true_site_pair_count": 25392,
      "precision": 0.9912891986062717,
      "recall": 0.08963453056080656
    },
    {
      "name": "ref3/test/1pamA_ref3",
      "true_positive_site_pair_count": 131830,
      "false_positive_site_pair_count": 2708,
      "true_site_pair_count": 840650,
      "precision": 0.9798718577650923,
      "recall": 0.15681912805567122
    },
    {
      "name": "ref3/test/1pgtA_ref3",
      "true_positive_site_pair_count": 13372,
      "false_positive_site_pair_count": 18,
      "true_site_pair_count": 160820,
      "precision": 0.99865571321882,
      "recall": 0.08314886208183062
    },
    {
      "name": "ref3/test/1eft_ref3",
      "true_positive_site_pair_count": 50468,
      "false_positive_site_pair_count": 1672,
      "true_site_pair_count": 278460,
      "precision": 0.9679324894514768,
      "recall": 0.1812396753573224
    },
    {
      "name": "ref3/test/1sesA_ref3",
      "true_positive_site_pair_count": 180258,
      "false_positive_site_pair_count": 620,
      "true_site_pair_count": 876876,
      "precision": 0.9965722752352414,
      "recall": 0.2055684041985412
    },
    {
      "name": "ref3/test/1ad3_ref3",
      "true_positive_site_pair_count": 99562,
      "false_positive_site_pair_count": 2480,
      "true_site_pair_count": 1213940,
      "precision": 0.9756962819231297,
      "recall": 0.08201558561378651
    },
    {
      "name": "ref3/test/1idy_ref3",
      "true_positive_site_pair_count": 3946,
      "false_positive_site_pair_count": 20520,
      "true_site_pair_count": 37962,
      "precision": 0.16128504863892748,
      "recall": 0.10394605131447236
    },
    {
      "name": "ref3/test/1r69_ref3",
      "true_positive_site_pair_count": 5652,
      "false_positive_site_pair_count": 1748,
      "true_site_pair_count": 22644,
      "precision": 0.7637837837837838,
      "recall": 0.24960254372019078
    },
    {
      "name": "ref3/test/1lci_ref3",
      "true_positive_site_pair_count": 178190,
      "false_positive_site_pair_count": 314,
      "true_site_pair_count": 605150,
      "precision": 0.9982409357773495,
      "recall": 0.2944559200198298
    },
    {
      "name": "ref3/test/1adj_ref3",
      "true_positive_site_pair_count": 26570,
      "false_positive_site_pair_count": 650,
      "true_site_pair_count": 239940,
      "precision": 0.976120499632623,
      "recall": 0.11073601733766775
    },
    {
      "name": "ref3/test/2pia_ref3",
      "true_positive_site_pair_count": 16520,
      "false_positive_site_pair_count": 1068,
      "true_site_pair_count": 234600,
      "precision": 0.9392767796224699,
      "recall": 0.07041773231031544
    },
    {
      "name": "ref3/test/1plc_ref3",
      "true_positive_site_pair_count": 1944,
      "false_positive_site_pair_count": 352,
      "true_site_pair_count": 18480,
      "precision": 0.8466898954703833,
      "recall": 0.10519480519480519
    },
    {
      "name": "ref3/test/1csy_ref3",
      "true_positive_site_pair_count": 692,
      "false_positive_site_pair_count": 32,
      "true_site_pair_count": 13464,
      "precision": 0.9558011049723757,
      "recall": 0.051396316102198455
    },
    {
      "name": "ref3/test/2trx_ref3",
      "true_positive_site_pair_count": 8024,
      "false_positive_site_pair_count": 144,
      "true_site_pair_count": 167462,
      "precision": 0.9823702252693438,
      "recall": 0.047915347959537086
    },
    {
      "name": "ref3/test/1lvl_ref3",
      "true_positive_site_pair_count": 40524,
      "false_positive_site_pair_count": 1132,
      "true_site_pair_count": 420160,
      "precision": 0.972825043211062,
      "recall": 0.09644897182025895
    },
    {
      "name": "ref3/test/1ubi_ref3",
      "true_positive_site_pair_count": 3798,
      "false_positive_site_pair_count": 166,
      "true_site_pair_count": 46200,
      "precision": 0.9581231079717457,
      "recall": 0.0822077922077922
    },
    {
      "name": "ref3/test/1cpt_ref3",
      "true_positive_site_pair_count": 164654,
      "false_positive_site_pair_count": 1222,
      "true_site_pair_count": 1303568,
      "precision": 0.9926330511948684,
      "recall": 0.1263102500214795
    },
    {
      "name": "ref3/test/1taq_ref3",
      "true_positive_site_pair_count": 6484,
      "false_positive_site_pair_count": 120,
      "true_site_pair_count": 86394,
      "precision": 0.9818291944276196,
      "recall": 0.07505150820658842
    },
    {
      "name": "ref3/test/1ajsA_ref3",
      "true_positive_site_pair_count": 67458,
      "false_positive_site_pair_count": 2780,
      "true_site_pair_count": 1121232,
      "precision": 0.960420285315641,
      "recall": 0.06016417654865362
    },
    {
      "name": "ref3/test/1bucA_ref3",
      "true_positive_site_pair_count": 50962,
      "false_positive_site_pair_count": 292,
      "true_site_pair_count": 588000,
      "precision": 0.9943028836773715,
      "recall": 0.08667006802721089
    },
    {
      "name": "ref3/test/1uky_ref3",
      "true_positive_site_pair_count": 61166,
      "false_positive_site_pair_count": 352,
      "true_site_pair_count": 1673560,
      "precision": 0.9942780974674079,
      "recall": 0.036548435670068595
    },
    {
      "name": "ref3/test/451c_ref3",
      "true_positive_site_pair_count": 488,
      "false_positive_site_pair_count": 44,
      "true_site_pair_count": 8360,
      "precision": 0.9172932330827067,
      "recall": 0.05837320574162679
    },
    {
      "name": "ref3/test/3grs_ref3",
      "true_positive_site_pair_count": 37812,
      "false_positive_site_pair_count": 1502,
      "true_site_pair_count": 440640,
      "precision": 0.9617947804853233,
      "recall": 0.08581154684095861
    },
    {
      "name": "ref3/test/1ycc_ref3",
      "true_positive_site_pair_count": 23872,
      "false_positive_site_pair_count": 34,
      "true_site_pair_count": 150150,
      "precision": 0.9985777629047101,
      "recall": 0.158987678987679
    },
    {
      "name": "ref3/test/glg_ref3",
      "true_positive_site_pair_count": 331928,
      "false_positive_site_pair_count": 2232,
      "true_site_pair_count": 2395512,
      "precision": 0.993320564998803,
      "recall": 0.13856244510568097
    },
    {
      "name": "ref3/test/2hsdA_ref3",
      "true_positive_site_pair_count": 19502,
      "false_positive_site_pair_count": 420,
      "true_site_pair_count": 532532,
      "precision": 0.9789177793394237,
      "recall": 0.03662127346337873
    },
    {
      "name": "ref3/test/kinase_ref3",
      "true_positive_site_pair_count": 49528,
      "false_positive_site_pair_count": 4744,
      "true_site_pair_count": 434930,
      "precision": 0.9125884433962265,
      "recall": 0.11387579610512036
    }
  ]
}