{
  "path": "./data/bb3_release/RV30",
  "results": [
    {
      "name": "ref3/test/1ldg_ref3",
      "true_positive_site_pair_count": 102744,
      "false_positive_site_pair_count": 342,
      "true_site_pair_count": 711360,
      "precision": 0.9966823817007159,
      "recall": 0.1444331983805668
    },
    {
      "name": "ref3/test/4enl_ref3",
      "true_positive_site_pair_count": 254334,
      "false_positive_site_pair_count": 1654,
      "true_site_pair_count": 736208,
      "precision": 0.9935387596293577,
      "recall": 0.3454648686240845
    },
    {
      "name": "ref3/test/1sbp_ref3",
      "true_positive_site_pair_count": 1234,
      "false_positive_site_pair_count": 74,
      "true_site_pair_count": 22050,
      "precision": 0.9434250764525994,
      "recall": 0.05596371882086168
    },
    {
      "name": "ref3/test/1dox_ref3",
      "true_positive_site_pair_count": 2862,
      "false_positive_site_pair_count": 0,
      "true_site_pair_count": 25392,
      "precision": 1.0,
      "recall": 0.11271266540642721
    },
    {
      "name": "ref3/test/1pamA_ref3",
      "true_positive_site_pair_count": 178198,
      "false_positive_site_pair_count": 5072,
      "true_site_pair_count": 840650,
      "precision": 0.9723249849948163,
      "recall": 0.21197644679712127
    },
    {
      "name": "ref3/test/1pgtA_ref3",
      "true_positive_site_pair_count": 18880,
      "false_positive_site_pair_count": 86,
      "true_site_pair_count": 160820,
      "precision": 0.99546556996731,
      "recall": 0.1173983335406044
    },
    {
      "name": "ref3/test/1eft_ref3",
      "true_positive_site_pair_count": 63430,
      "false_positive_site_pair_count": 2368,
      "true_site_pair_count": 278460,
      "precision": 0.9640110641660841,
      "recall": 0.22778855131796308
    },
    {
      "name": "ref3/test/1sesA_ref3",
      "true_positive_site_pair_count": 270728,
      "false_positive_site_pair_count": 1442,
      "true_site_pair_count": 876876,
      "precision": 0.9947018407612889,
      "recall": 0.3087414868236786
    },
    {
      "name": "ref3/test/1ad3_ref3",
      "true_positive_site_pair_count": 161894,
      "false_positive_site_pair_count": 3828,
      "true_site_pair_count": 1213940,
      "precision": 0.9769010752947708,
      "recall": 0.13336243965929123
    },
    {
      "name": "ref3/test/1idy_ref3",
      "true_positive_site_pair_count": 5336,
      "false_positive_site_pair_count": 31544,
      "true_site_pair_count": 37962,
      "precision": 0.14468546637744034,
      "recall": 0.14056161424582478
    },
    {
      "name": "ref3/test/1r69_ref3",
      "true_positive_site_pair_count": 6238,
      "false_positive_site_pair_count": 1440,
      "true_site_pair_count": 22644,
      "precision": 0.8124511591560302,
      "recall": 0.2754813637166578
    },
    {
      "name": "ref3/test/1lci_ref3",
      "true_positive_site_pair_count": 240486,
      "false_positive_site_pair_count": 664,
      "true_site_pair_count": 605150,
      "precision": 0.9972465270578478,
      "recall": 0.39739899198545814
    },
    {
      "name": "ref3/test/1adj_ref3",
      "true_positive_site_pair_count": 33752,
      "false_positive_site_pair_count": 1036,
      "true_site_pair_count": 239940,
      "precision": 0.9702196159595263,
      "recall": 0.14066850045844795
    },
    {
      "name": "ref3/test/2pia_ref3",
      "true_positive_site_pair_count": 16170,
      "false_positive_site_pair_count": 1144,
      "true_site_pair_count": 234600,
      "precision": 0.9339263024142312,
      "recall": 0.06892583120204604
    },
    {
      "name": "ref3/test/1plc_ref3",
      "true_positive_site_pair_count": 2450,
      "false_positive_site_pair_count": 382,
      "true_site_pair_count": 18480,
      "precision": 0.8651129943502824,
      "recall": 0.13257575757575757
    },
    {
      "name": "ref3/test/1csy_ref3",
      "true_positive_site_pair_count": 840,
      "false_positive_site_pair_count": 16,
      "true_site_pair_count": 13464,
      "precision": 0.9813084112149533,
      "recall": 0.062388591800356503
    },
    {
      "name": "ref3/test/2trx_ref3",
      "true_positive_site_pair_count": 8854,
      "false_positive_site_pair_count": 256,
      "true_site_pair_count": 167462,
      "precision": 0.9718990120746432,
      "recall": 0.05287169626542141
    },
    {
      "name": "ref3/test/1lvl_ref3",
      "true_positive_site_pair_count": 43928,
      "false_positive_site_pair_count": 1518,
      "true_site_pair_count": 420160,
      "precision": 0.9665977203714299,
      "recall": 0.10455064737242956
    },
    {
      "name": "ref3/test/1ubi_ref3",
      "true_positive_site_pair_count": 6062,
      "false_positive_site_pair_count": 206,
      "true_site_pair_count": 46200,
      "precision": 0.9671346522016592,
      "recall": 0.13121212121212122
    },
    {
      "name": "ref3/test/1cpt_ref3",
      "true_positive_site_pair_count": 223534,
      "false_positive_site_pair_count": 3352,
      "true_site_pair_count": 1303568,
      "precision": 0.9852260606648273,
      "recall": 0.171478587998478
    },
    {
      "name": "ref3/test/1taq_ref3",
      "true_positive_site_pair_count": 7510,
      "false_positive_site_pair_count": 104,
      "true_site_pair_count": 86394,
      "precision": 0.986340950879958,
      "recall": 0.08692733291663773
    },
    {
      "name": "ref3/test/1ajsA_ref3",
      "true_positive_site_pair_count": 63190,
      "false_positive_site_pair_count": 4202,
      "true_site_pair_count": 1121232,
      "precision": 0.9376483855650523,
      "recall": 0.05635764944275583
    },
    {
      "name": "ref3/test/1bucA_ref3",
      "true_positive_site_pair_count": 64796,
      "false_positive_site_pair_count": 746,
      "true_site_pair_count": 588000,
      "precision": 0.9886179854139331,
      "recall": 0.11019727891156463
    },
    {
      "name": "ref3/test/1uky_ref3",
      "true_positive_site_pair_count": 66380,
      "false_positive_site_pair_count": 616,
      "true_site_pair_count": 1673560,
      "precision": 0.9908054212191773,
      "recall": 0.039663949903200366
    },
    {
      "name": "ref3/test/451c_ref3",
      "true_positive_site_pair_count": 510,
      "false_positive_site_pair_count": 96,
      "true_site_pair_count": 8360,
      "precision": 0.8415841584158416,
      "recall": 0.061004784688995214
    },
    {
      "name": "ref3/test/3grs_ref3",
      "true_positive_site_pair_count": 39430,
      "false_positive_site_pair_count": 2122,
      "true_site_pair_count": 440640,
      "precision": 0.9489314593762033,
      "recall": 0.08948347857661583
    },
    {
      "name": "ref3/test/1ycc_ref3",
      "true_positive_site_pair_count": 34310,
      "false_positive_site_pair_count": 212,
      "true_site_pair_count": 150150,
      "precision": 0.9938589884711199,
      "recall": 0.2285048285048285
    },
    {
      "name": "ref3/test/glg_ref3",
      "true_positive_site_pair_count": 497348,
      "false_positive_site_pair_count": 5118,
      "true_site_pair_count": 2395512,
      "precision": 0.989814236187125,
      "recall": 0.20761657633107244
    },
    {
      "name": "ref3/test/2hsdA_ref3",
      "true_positive_site_pair_count": 22464,
      "false_positive_site_pair_count": 774,
      "true_site_pair_count": 532532,
      "precision": 0.9666924864446166,
      "recall": 0.04218338052924519
    },
    {
      "name": "ref3/test/kinase_ref3",
      "true_positive_site_pair_count": 62012,
      "false_positive_site_pair_count": 10742,
      "true_site_pair_count": 434930,
      "precision": 0.8523517607279325,
      "recall": 0.1425792656289518
    }
  ]
}