{
  "path": "./data/bb3_release/RV30",
  "results": [
    {
      "name": "ref3/test/1ldg_ref3",
      "true_positive_site_pair_count": 100888,
      "false_positive_site_pair_count": 608,
      "true_site_pair_count": 711360,
      "precision": 0.994009616142508,
      "recall": 0.14182411156095368
    },
    {
      "name": "ref3/test/4enl_ref3",
      "true_positive_site_pair_count": 256032,
      "false_positive_site_pair_count": 1370,
      "true_site_pair_count": 736208,
      "precision": 0.9946775860327426,
      "recall": 0.3477712820289918
    },
    {
      "name": "ref3/test/1sbp_ref3",
      "true_positive_site_pair_count": 1240,
      "false_positive_site_pair_count": 58,
      "true_site_pair_count": 22050,
      "precision": 0.9553158705701078,
      "recall": 0.05623582766439909
    },
    {
      "name": "ref3/test/1dox_ref3",
      "true_positive_site_pair_count": 2986,
      "false_positive_site_pair_count": 18,
      "true_site_pair_count": 25392,
      "precision": 0.9940079893475366,
      "recall": 0.11759609325771897
    },
    {
      "name": "ref3/test/1pamA_ref3",
      "true_positive_site_pair_count": 172988,
      "false_positive_site_pair_count": 4624,
      "true_site_pair_count": 840650,
      "precision": 0.9739657230367318,
      "recall": 0.2057788615951942
    },
    {
      "name": "ref3/test/1pgtA_ref3",
      "true_positive_site_pair_count": 18132,
      "false_positive_site_pair_count": 204,
      "true_site_pair_count": 160820,
      "precision": 0.9888743455497382,
      "recall": 0.11274717074990673
    },
    {
      "name": "ref3/test/1eft_ref3",
      "true_positive_site_pair_count": 64488,
      "false_positive_site_pair_count": 2146,
      "true_site_pair_count": 278460,
      "precision": 0.9677942191673921,
      "recall": 0.23158801982331395
    },
    {
      "name": "ref3/test/1sesA_ref3",
      "true_positive_site_pair_count": 251402,
      "false_positive_site_pair_count": 1174,
      "true_site_pair_count": 876876,
      "precision": 0.995351894083365,
      "recall": 0.28670188259229357
    },
    {
      "name": "ref3/test/1ad3_ref3",
      "true_positive_site_pair_count": 159602,
      "false_positive_site_pair_count": 4000,
      "true_site_pair_count": 1213940,
      "precision": 0.9755504211439958,
      "recall": 0.131474372703758
    },
    {
      "name": "ref3/test/1idy_ref3",
      "true_positive_site_pair_count": 5664,
      "false_positive_site_pair_count": 32618,
      "true_site_pair_count": 37962,
      "precision": 0.14795465231701582,
      "recall": 0.14920183341235974
    },
    {
      "name": "ref3/test/1r69_ref3",
      "true_positive_site_pair_count": 6206,
      "false_positive_site_pair_count": 1280,
      "true_site_pair_count": 22644,
      "precision": 0.8290141597648945,
      "recall": 0.2740681858328917
    },
    {
      "name": "ref3/test/1lci_ref3",
      "true_positive_site_pair_count": 231010,
      "false_positive_site_pair_count": 738,
      "true_site_pair_count": 605150,
      "precision": 0.996815506498438,
      "recall": 0.38174006444683134
    },
    {
      "name": "ref3/test/1adj_ref3",
      "true_positive_site_pair_count": 30656,
      "false_positive_site_pair_count": 970,
      "true_site_pair_count": 239940,
      "precision": 0.969329033074053,
      "recall": 0.12776527465199633
    },
    {
      "name": "ref3/test/2pia_ref3",
      "true_positive_site_pair_count": 15720,
      "false_positive_site_pair_count": 1342,
      "true_site_pair_count": 234600,
      "precision": 0.9213456804595006,
      "recall": 0.0670076726342711
    },
    {
      "name": "ref3/test/1plc_ref3",
      "true_positive_site_pair_count": 2400,
      "false_positive_site_pair_count": 462,
      "true_site_pair_count": 18480,
      "precision": 0.8385744234800838,
      "recall": 0.12987012987012986
    },
    {
      "name": "ref3/test/1csy_ref3",
      "true_positive_site_pair_count": 902,
      "false_positive_site_pair_count": 12,
      "true_site_pair_count": 13464,
      "precision": 0.986870897155361,
      "recall": 0.06699346405228758
    },
    {
      "name": "ref3/test/2trx_ref3",
      "true_positive_site_pair_count": 8586,
      "false_positive_site_pair_count": 70,
      "true_site_pair_count": 167462,
      "precision": 0.991913123844732,
      "recall": 0.051271333197979246
    },
    {
      "name": "ref3/test/1lvl_ref3",
      "true_positive_site_pair_count": 43708,
      "false_positive_site_pair_count": 1254,
      "true_site_pair_count": 420160,
      "precision": 0.9721097815933455,
      "recall": 0.10402703731911653
    },
    {
      "name": "ref3/test/1ubi_ref3",
      "true_positive_site_pair_count": 6112,
      "false_positive_site_pair_count": 196,
      "true_site_pair_count": 46200,
      "precision": 0.9689283449587826,
      "recall": 0.1322943722943723
    },
    {
      "name": "ref3/test/1cpt_ref3",
      "true_positive_site_pair_count": 217224,
      "false_positive_site_pair_count": 2942,
      "true_site_pair_count": 1303568,
      "precision": 0.9866373554499787,
      "recall": 0.16663802732193486
    },
    {
      "name": "ref3/test/1taq_ref3",
      "true_positive_site_pair_count": 7740,
      "false_positive_site_pair_count": 78,
      "true_site_pair_count": 86394,
      "precision": 0.990023023791251,
      "recall": 0.08958955483019654
    },
    {
      "name": "ref3/test/1ajsA_ref3",
      "true_positive_site_pair_count": 65516,
      "false_positive_site_pair_count": 4348,
      "true_site_pair_count": 1121232,
      "precision": 0.9377648001832131,
      "recall": 0.058432153202905374
    },
    {
      "name": "ref3/test/1bucA_ref3",
      "true_positive_site_pair_count": 65336,
      "false_positive_site_pair_count": 466,
      "true_site_pair_count": 588000,
      "precision": 0.9929181483845476,
      "recall": 0.1111156462585034
    },
    {
      "name": "ref3/test/1uky_ref3",
      "true_positive_site_pair_count": 62764,
      "false_positive_site_pair_count": 744,
      "true_site_pair_count": 1673560,
      "precision": 0.9882849404799395,
      "recall": 0.037503286407418915
    },
    {
      "name": "ref3/test/451c_ref3",
      "true_positive_site_pair_count": 540,
      "false_positive_site_pair_count": 46,
      "true_site_pair_count": 8360,
      "precision": 0.9215017064846417,
      "recall": 0.0645933014354067
    },
    {
      "name": "ref3/test/3grs_ref3",
      "true_positive_site_pair_count": 38422,
      "false_positive_site_pair_count": 1828,
      "true_site_pair_count": 440640,
      "precision": 0.954583850931677,
      "recall": 0.08719589687726943
    },
    {
      "name": "ref3/test/1ycc_ref3",
      "true_positive_site_pair_count": 34684,
      "false_positive_site_pair_count": 78,
      "true_site_pair_count": 150150,
      "precision": 0.9977561705310396,
      "recall": 0.230995670995671
    },
    {
      "name": "ref3/test/glg_ref3",
      "true_positive_site_pair_count": 466766,
      "false_positive_site_pair_count": 2248,
      "true_site_pair_count": 2395512,
      "precision": 0.9952069661033572,
      "recall": 0.1948502032133423
    },
    {
      "name": "ref3/test/2hsdA_ref3",
      "true_positive_site_pair_count": 21798,
      "false_positive_site_pair_count": 918,
      "true_site_pair_count": 532532,
      "precision": 0.9595879556259905,
      "recall": 0.040932751459067246
    },
    {
      "name": "ref3/test/kinase_ref3",
      "true_positive_site_pair_count": 59620,
      "false_positive_site_pair_count": 9368,
      "true_site_pair_count": 434930,
      "precision": 0.8642082681045979,
      "recall": 0.13707953003931667
    }
  ]
}