{
  "path": "./data/bb3_release/RV11",
  "results": [
    {
      "name": "ref1/v1/1r69_ref1",
      "true_positive_site_pair_count": 12,
      "false_positive_site_pair_count": 1188,
      "true_site_pair_count": 396,
      "precision": 0.01,
      "recall": 0.030303030303030304
    },
    {
      "name": "ref1/v1/1wit_ref1",
      "true_positive_site_pair_count": 372,
      "false_positive_site_pair_count": 16306,
      "true_site_pair_count": 1800,
      "precision": 0.022304832713754646,
      "recall": 0.20666666666666667
    },
    {
      "name": "ref1/v1/1sesA_ref1",
      "true_positive_site_pair_count": 182,
      "false_positive_site_pair_count": 13876,
      "true_site_pair_count": 1236,
      "precision": 0.012946365059041115,
      "recall": 0.14724919093851133
    },
    {
      "name": "ref1/v1/1ycc_ref1",
      "true_positive_site_pair_count": 72,
      "false_positive_site_pair_count": 1028,
      "true_site_pair_count": 612,
      "precision": 0.06545454545454546,
      "recall": 0.11764705882352941
    },
    {
      "name": "ref1/v1/kinase_ref1",
      "true_positive_site_pair_count": 2170,
      "false_positive_site_pair_count": 48310,
      "true_site_pair_count": 7560,
      "precision": 0.04298732171156894,
      "recall": 0.28703703703703703
    },
    {
      "name": "ref1/v1/1ldg_ref1",
      "true_positive_site_pair_count": 424,
      "false_positive_site_pair_count": 10038,
      "true_site_pair_count": 2376,
      "precision": 0.040527623781303763,
      "recall": 0.17845117845117844
    },
    {
      "name": "ref1/v1/1pgtA_ref1",
      "true_positive_site_pair_count": 1248,
      "false_positive_site_pair_count": 26060,
      "true_site_pair_count": 5400,
      "precision": 0.04570089351105903,
      "recall": 0.2311111111111111
    },
    {
      "name": "ref1/v1/1hleA_ref1",
      "true_positive_site_pair_count": 714,
      "false_positive_site_pair_count": 11064,
      "true_site_pair_count": 3012,
      "precision": 0.06062149770759042,
      "recall": 0.23705179282868527
    },
    {
      "name": "ref1/v1/2pia_ref1",
      "true_positive_site_pair_count": 1374,
      "false_positive_site_pair_count": 31870,
      "true_site_pair_count": 4256,
      "precision": 0.04133076645409698,
      "recall": 0.32283834586466165
    },
    {
      "name": "ref1/v1/1mrj_ref1",
      "true_positive_site_pair_count": 596,
      "false_positive_site_pair_count": 5146,
      "true_site_pair_count": 1812,
      "precision": 0.10379658655520725,
      "recall": 0.32891832229580575
    },
    {
      "name": "ref1/v1/451c_ref1",
      "true_positive_site_pair_count": 144,
      "false_positive_site_pair_count": 2154,
      "true_site_pair_count": 740,
      "precision": 0.06266318537859007,
      "recall": 0.1945945945945946
    },
    {
      "name": "ref1/v1/3grs_ref1",
      "true_positive_site_pair_count": 1442,
      "false_positive_site_pair_count": 99690,
      "true_site_pair_count": 5600,
      "precision": 0.014258592730293082,
      "recall": 0.2575
    },
    {
      "name": "ref1/v1/1bbt3_ref1",
      "true_positive_site_pair_count": 398,
      "false_positive_site_pair_count": 23450,
      "true_site_pair_count": 2688,
      "precision": 0.016689030526668903,
      "recall": 0.1480654761904762
    },
    {
      "name": "ref1/v1/1cpt_ref1",
      "true_positive_site_pair_count": 2202,
      "false_positive_site_pair_count": 94066,
      "true_site_pair_count": 10224,
      "precision": 0.02287364440935721,
      "recall": 0.2153755868544601
    },
    {
      "name": "ref1/v1/1idy_ref1",
      "true_positive_site_pair_count": 56,
      "false_positive_site_pair_count": 936,
      "true_site_pair_count": 580,
      "precision": 0.056451612903225805,
      "recall": 0.09655172413793103
    },
    {
      "name": "ref1/v1/1uky_ref1",
      "true_positive_site_pair_count": 728,
      "false_positive_site_pair_count": 15634,
      "true_site_pair_count": 2940,
      "precision": 0.04449333822271116,
      "recall": 0.24761904761904763
    },
    {
      "name": "ref1/v1/1plc_ref1",
      "true_positive_site_pair_count": 90,
      "false_positive_site_pair_count": 1374,
      "true_site_pair_count": 588,
      "precision": 0.06147540983606557,
      "recall": 0.15306122448979592
    },
    {
      "name": "ref1/v1/1aab_ref1",
      "true_positive_site_pair_count": 194,
      "false_positive_site_pair_count": 774,
      "true_site_pair_count": 684,
      "precision": 0.20041322314049587,
      "recall": 0.28362573099415206
    },
    {
      "name": "ref1/v1/gal4_ref1",
      "true_positive_site_pair_count": 544,
      "false_positive_site_pair_count": 33928,
      "true_site_pair_count": 4060,
      "precision": 0.015780923648178232,
      "recall": 0.13399014778325122
    },
    {
      "name": "ref1/v1/1dox_ref1",
      "true_positive_site_pair_count": 198,
      "false_positive_site_pair_count": 3986,
      "true_site_pair_count": 720,
      "precision": 0.04732313575525813,
      "recall": 0.275
    },
    {
      "name": "ref1/v1/1adj_ref1",
      "true_positive_site_pair_count": 454,
      "false_positive_site_pair_count": 14280,
      "true_site_pair_count": 2208,
      "precision": 0.030813085380752003,
      "recall": 0.2056159420289855
    },
    {
      "name": "ref1/v1/2myr_ref1",
      "true_positive_site_pair_count": 1534,
      "false_positive_site_pair_count": 93154,
      "true_site_pair_count": 11660,
      "precision": 0.016200574518418383,
      "recall": 0.13156089193825043
    },
    {
      "name": "ref1/v1/1ajsA_ref1",
      "true_positive_site_pair_count": 1538,
      "false_positive_site_pair_count": 200538,
      "true_site_pair_count": 16016,
      "precision": 0.00761099784239593,
      "recall": 0.09602897102897102
    },
    {
      "name": "ref1/v1/2trx_ref1",
      "true_positive_site_pair_count": 352,
      "false_positive_site_pair_count": 18494,
      "true_site_pair_count": 1980,
      "precision": 0.018677703491457073,
      "recall": 0.17777777777777778
    },
    {
      "name": "ref1/v1/1pamA_ref1",
      "true_positive_site_pair_count": 5394,
      "false_positive_site_pair_count": 318488,
      "true_site_pair_count": 18382,
      "precision": 0.016654213571609414,
      "recall": 0.2934392340332934
    },
    {
      "name": "ref1/v1/4enl_ref1",
      "true_positive_site_pair_count": 824,
      "false_positive_site_pair_count": 64072,
      "true_site_pair_count": 5152,
      "precision": 0.012697238658777121,
      "recall": 0.15993788819875776
    },
    {
      "name": "ref1/v1/1ad3_ref1",
      "true_positive_site_pair_count": 478,
      "false_positive_site_pair_count": 20398,
      "true_site_pair_count": 2964,
      "precision": 0.022897106725426327,
      "recall": 0.1612685560053981
    },
    {
      "name": "ref1/v1/1csy_ref1",
      "true_positive_site_pair_count": 152,
      "false_positive_site_pair_count": 6994,
      "true_site_pair_count": 588,
      "precision": 0.021270640917996082,
      "recall": 0.2585034013605442
    },
    {
      "name": "ref1/v1/1havA_ref1",
      "true_positive_site_pair_count": 134,
      "false_positive_site_pair_count": 6920,
      "true_site_pair_count": 920,
      "precision": 0.018996314148001132,
      "recall": 0.14565217391304347
    },
    {
      "name": "ref1/v1/1aboA_ref1",
      "true_positive_site_pair_count": 198,
      "false_positive_site_pair_count": 3184,
      "true_site_pair_count": 952,
      "precision": 0.058545239503252515,
      "recall": 0.20798319327731093
    },
    {
      "name": "ref1/v1/1ped_ref1",
      "true_positive_site_pair_count": 1596,
      "false_positive_site_pair_count": 88952,
      "true_site_pair_count": 8730,
      "precision": 0.017626010513760657,
      "recall": 0.18281786941580755
    },
    {
      "name": "ref1/v1/1tvxA_ref1",
      "true_positive_site_pair_count": 18,
      "false_positive_site_pair_count": 474,
      "true_site_pair_count": 228,
      "precision": 0.036585365853658534,
      "recall": 0.07894736842105263
    },
    {
      "name": "ref1/v1/1ubi_ref1",
      "true_positive_site_pair_count": 54,
      "false_positive_site_pair_count": 12696,
      "true_site_pair_count": 546,
      "precision": 0.0042352941176470585,
      "recall": 0.0989010989010989
    },
    {
      "name": "ref1/v1/1gdoA_ref1",
      "true_positive_site_pair_count": 284,
      "false_positive_site_pair_count": 21456,
      "true_site_pair_count": 936,
      "precision": 0.013063477460901564,
      "recall": 0.3034188034188034
    },
    {
      "name": "ref1/v1/2hsdA_ref1",
      "true_positive_site_pair_count": 2152,
      "false_positive_site_pair_count": 120064,
      "true_site_pair_count": 12558,
      "precision": 0.01760816914315638,
      "recall": 0.17136486701704093
    },
    {
      "name": "ref1/v1/1sbp_ref1",
      "true_positive_site_pair_count": 542,
      "false_positive_site_pair_count": 33934,
      "true_site_pair_count": 3444,
      "precision": 0.01572108133194106,
      "recall": 0.15737514518002324
    },
    {
      "name": "ref1/v1/1lci_ref1",
      "true_positive_site_pair_count": 2340,
      "false_positive_site_pair_count": 59902,
      "true_site_pair_count": 8310,
      "precision": 0.03759519295652453,
      "recall": 0.2815884476534296
    },
    {
      "name": "ref1/v1/1lvl_ref1",
      "true_positive_site_pair_count": 1570,
      "false_positive_site_pair_count": 92770,
      "true_site_pair_count": 6160,
      "precision": 0.016641933432266273,
      "recall": 0.25487012987012986
    }
  ]
}