{
  "path": "./data/bb3_release/RV11",
  "results": [
    {
      "name": "ref1/v1/1r69_ref1",
      "true_positive_site_pair_count": 28,
      "false_positive_site_pair_count": 1010,
      "true_site_pair_count": 396,
      "precision": 0.02697495183044316,
      "recall": 0.0707070707070707
    },
    {
      "name": "ref1/v1/1wit_ref1",
      "true_positive_site_pair_count": 272,
      "false_positive_site_pair_count": 14328,
      "true_site_pair_count": 1800,
      "precision": 0.01863013698630137,
      "recall": 0.1511111111111111
    },
    {
      "name": "ref1/v1/1sesA_ref1",
      "true_positive_site_pair_count": 114,
      "false_positive_site_pair_count": 12820,
      "true_site_pair_count": 1236,
      "precision": 0.008813978660893769,
      "recall": 0.09223300970873786
    },
    {
      "name": "ref1/v1/1ycc_ref1",
      "true_positive_site_pair_count": 114,
      "false_positive_site_pair_count": 812,
      "true_site_pair_count": 612,
      "precision": 0.12311015118790497,
      "recall": 0.18627450980392157
    },
    {
      "name": "ref1/v1/kinase_ref1",
      "true_positive_site_pair_count": 2098,
      "false_positive_site_pair_count": 43702,
      "true_site_pair_count": 7560,
      "precision": 0.04580786026200873,
      "recall": 0.2775132275132275
    },
    {
      "name": "ref1/v1/1ldg_ref1",
      "true_positive_site_pair_count": 444,
      "false_positive_site_pair_count": 8890,
      "true_site_pair_count": 2376,
      "precision": 0.047568030854938936,
      "recall": 0.18686868686868688
    },
    {
      "name": "ref1/v1/1pgtA_ref1",
      "true_positive_site_pair_count": 1250,
      "false_positive_site_pair_count": 22804,
      "true_site_pair_count": 5400,
      "precision": 0.05196640891327846,
      "recall": 0.23148148148148148
    },
    {
      "name": "ref1/v1/1hleA_ref1",
      "true_positive_site_pair_count": 692,
      "false_positive_site_pair_count": 10362,
      "true_site_pair_count": 3012,
      "precision": 0.06260177311380495,
      "recall": 0.2297476759628154
    },
    {
      "name": "ref1/v1/2pia_ref1",
      "true_positive_site_pair_count": 1046,
      "false_positive_site_pair_count": 27546,
      "true_site_pair_count": 4256,
      "precision": 0.036583659764969224,
      "recall": 0.24577067669172933
    },
    {
      "name": "ref1/v1/1mrj_ref1",
      "true_positive_site_pair_count": 542,
      "false_positive_site_pair_count": 4678,
      "true_site_pair_count": 1812,
      "precision": 0.10383141762452107,
      "recall": 0.29911699779249445
    },
    {
      "name": "ref1/v1/451c_ref1",
      "true_positive_site_pair_count": 124,
      "false_positive_site_pair_count": 1740,
      "true_site_pair_count": 740,
      "precision": 0.06652360515021459,
      "recall": 0.16756756756756758
    },
    {
      "name": "ref1/v1/3grs_ref1",
      "true_positive_site_pair_count": 1474,
      "false_positive_site_pair_count": 90402,
      "true_site_pair_count": 5600,
      "precision": 0.01604336279333014,
      "recall": 0.26321428571428573
    },
    {
      "name": "ref1/v1/1bbt3_ref1",
      "true_positive_site_pair_count": 256,
      "false_positive_site_pair_count": 20812,
      "true_site_pair_count": 2688,
      "precision": 0.012151129675337003,
      "recall": 0.09523809523809523
    },
    {
      "name": "ref1/v1/1cpt_ref1",
      "true_positive_site_pair_count": 2066,
      "false_positive_site_pair_count": 83112,
      "true_site_pair_count": 10224,
      "precision": 0.024255089342318438,
      "recall": 0.2020735524256651
    },
    {
      "name": "ref1/v1/1idy_ref1",
      "true_positive_site_pair_count": 16,
      "false_positive_site_pair_count": 826,
      "true_site_pair_count": 580,
      "precision": 0.019002375296912115,
      "recall": 0.027586206896551724
    },
    {
      "name": "ref1/v1/1uky_ref1",
      "true_positive_site_pair_count": 564,
      "false_positive_site_pair_count": 14250,
      "true_site_pair_count": 2940,
      "precision": 0.038072093965168086,
      "recall": 0.19183673469387755
    },
    {
      "name": "ref1/v1/1plc_ref1",
      "true_positive_site_pair_count": 154,
      "false_positive_site_pair_count": 1302,
      "true_site_pair_count": 588,
      "precision": 0.10576923076923077,
      "recall": 0.2619047619047619
    },
    {
      "name": "ref1/v1/1aab_ref1",
      "true_positive_site_pair_count": 134,
      "false_positive_site_pair_count": 906,
      "true_site_pair_count": 684,
      "precision": 0.12884615384615383,
      "recall": 0.195906432748538
    },
    {
      "name": "ref1/v1/gal4_ref1",
      "true_positive_site_pair_count": 526,
      "false_positive_site_pair_count": 28854,
      "true_site_pair_count": 4060,
      "precision": 0.017903335602450648,
      "recall": 0.12955665024630542
    },
    {
      "name": "ref1/v1/1dox_ref1",
      "true_positive_site_pair_count": 184,
      "false_positive_site_pair_count": 3372,
      "true_site_pair_count": 720,
      "precision": 0.05174353205849269,
      "recall": 0.25555555555555554
    },
    {
      "name": "ref1/v1/1adj_ref1",
      "true_positive_site_pair_count": 272,
      "false_positive_site_pair_count": 12826,
      "true_site_pair_count": 2208,
      "precision": 0.020766529241105513,
      "recall": 0.12318840579710146
    },
    {
      "name": "ref1/v1/2myr_ref1",
      "true_positive_site_pair_count": 1592,
      "false_positive_site_pair_count": 82634,
      "true_site_pair_count": 11660,
      "precision": 0.018901526844442334,
      "recall": 0.13653516295025728
    },
    {
      "name": "ref1/v1/1ajsA_ref1",
      "true_positive_site_pair_count": 1672,
      "false_positive_site_pair_count": 180980,
      "true_site_pair_count": 16016,
      "precision": 0.009154019665812583,
      "recall": 0.1043956043956044
    },
    {
      "name": "ref1/v1/2trx_ref1",
      "true_positive_site_pair_count": 328,
      "false_positive_site_pair_count": 16316,
      "true_site_pair_count": 1980,
      "precision": 0.01970680124969959,
      "recall": 0.16565656565656567
    },
    {
      "name": "ref1/v1/1pamA_ref1",
      "true_positive_site_pair_count": 5242,
      "false_positive_site_pair_count": 284360,
      "true_site_pair_count": 18382,
      "precision": 0.018100703724421793,
      "recall": 0.2851702752692852
    },
    {
      "name": "ref1/v1/4enl_ref1",
      "true_positive_site_pair_count": 854,
      "false_positive_site_pair_count": 56992,
      "true_site_pair_count": 5152,
      "precision": 0.014763337136534938,
      "recall": 0.16576086956521738
    },
    {
      "name": "ref1/v1/1ad3_ref1",
      "true_positive_site_pair_count": 446,
      "false_positive_site_pair_count": 18190,
      "true_site_pair_count": 2964,
      "precision": 0.02393217428632754,
      "recall": 0.150472334682861
    },
    {
      "name": "ref1/v1/1csy_ref1",
      "true_positive_site_pair_count": 160,
      "false_positive_site_pair_count": 6322,
      "true_site_pair_count": 588,
      "precision": 0.024683739586547362,
      "recall": 0.272108843537415
    },
    {
      "name": "ref1/v1/1havA_ref1",
      "true_positive_site_pair_count": 94,
      "false_positive_site_pair_count": 6102,
      "true_site_pair_count": 920,
      "precision": 0.015171078114912848,
      "recall": 0.10217391304347827
    },
    {
      "name": "ref1/v1/1aboA_ref1",
      "true_positive_site_pair_count": 184,
      "false_positive_site_pair_count": 2802,
      "true_site_pair_count": 952,
      "precision": 0.061620897521768254,
      "recall": 0.19327731092436976
    },
    {
      "name": "ref1/v1/1ped_ref1",
      "true_positive_site_pair_count": 1856,
      "false_positive_site_pair_count": 78722,
      "true_site_pair_count": 8730,
      "precision": 0.023033582367395566,
      "recall": 0.21260022909507445
    },
    {
      "name": "ref1/v1/1tvxA_ref1",
      "true_positive_site_pair_count": 10,
      "false_positive_site_pair_count": 330,
      "true_site_pair_count": 228,
      "precision": 0.029411764705882353,
      "recall": 0.043859649122807015
    },
    {
      "name": "ref1/v1/1ubi_ref1",
      "true_positive_site_pair_count": 48,
      "false_positive_site_pair_count": 11500,
      "true_site_pair_count": 546,
      "precision": 0.004156563907170073,
      "recall": 0.08791208791208792
    },
    {
      "name": "ref1/v1/1gdoA_ref1",
      "true_positive_site_pair_count": 270,
      "false_positive_site_pair_count": 18846,
      "true_site_pair_count": 936,
      "precision": 0.014124293785310734,
      "recall": 0.28846153846153844
    },
    {
      "name": "ref1/v1/2hsdA_ref1",
      "true_positive_site_pair_count": 2340,
      "false_positive_site_pair_count": 105740,
      "true_site_pair_count": 12558,
      "precision": 0.02165062916358253,
      "recall": 0.18633540372670807
    },
    {
      "name": "ref1/v1/1sbp_ref1",
      "true_positive_site_pair_count": 510,
      "false_positive_site_pair_count": 30992,
      "true_site_pair_count": 3444,
      "precision": 0.016189448288997522,
      "recall": 0.1480836236933798
    },
    {
      "name": "ref1/v1/1lci_ref1",
      "true_positive_site_pair_count": 2408,
      "false_positive_site_pair_count": 54706,
      "true_site_pair_count": 8310,
      "precision": 0.04216129145218335,
      "recall": 0.2897713598074609
    },
    {
      "name": "ref1/v1/1lvl_ref1",
      "true_positive_site_pair_count": 1492,
      "false_positive_site_pair_count": 82846,
      "true_site_pair_count": 6160,
      "precision": 0.01769072067158339,
      "recall": 0.2422077922077922
    }
  ]
}