{
  "path": "./data/bb3_release/RV11",
  "results": [
    {
      "name": "ref1/v1/1r69_ref1",
      "true_positive_site_pair_count": 6,
      "false_positive_site_pair_count": 734,
      "true_site_pair_count": 396,
      "precision": 0.008108108108108109,
      "recall": 0.015151515151515152
    },
    {
      "name": "ref1/v1/1wit_ref1",
      "true_positive_site_pair_count": 204,
      "false_positive_site_pair_count": 9398,
      "true_site_pair_count": 1800,
      "precision": 0.021245573838783588,
      "recall": 0.11333333333333333
    },
    {
      "name": "ref1/v1/1sesA_ref1",
      "true_positive_site_pair_count": 80,
      "false_positive_site_pair_count": 7658,
      "true_site_pair_count": 1236,
      "precision": 0.010338588782631171,
      "recall": 0.06472491909385113
    },
    {
      "name": "ref1/v1/1ycc_ref1",
      "true_positive_site_pair_count": 68,
      "false_positive_site_pair_count": 586,
      "true_site_pair_count": 612,
      "precision": 0.10397553516819572,
      "recall": 0.1111111111111111
    },
    {
      "name": "ref1/v1/kinase_ref1",
      "true_positive_site_pair_count": 1932,
      "false_positive_site_pair_count": 27358,
      "true_site_pair_count": 7560,
      "precision": 0.06596107886650734,
      "recall": 0.25555555555555554
    },
    {
      "name": "ref1/v1/1ldg_ref1",
      "true_positive_site_pair_count": 328,
      "false_positive_site_pair_count": 5676,
      "true_site_pair_count": 2376,
      "precision": 0.05463024650233178,
      "recall": 0.13804713804713806
    },
    {
      "name": "ref1/v1/1pgtA_ref1",
      "true_positive_site_pair_count": 808,
      "false_positive_site_pair_count": 14994,
      "true_site_pair_count": 5400,
      "precision": 0.05113276800405012,
      "recall": 0.14962962962962964
    },
    {
      "name": "ref1/v1/1hleA_ref1",
      "true_positive_site_pair_count": 432,
      "false_positive_site_pair_count": 6530,
      "true_site_pair_count": 3012,
      "precision": 0.062051134731399026,
      "recall": 0.14342629482071714
    },
    {
      "name": "ref1/v1/2pia_ref1",
      "true_positive_site_pair_count": 1092,
      "false_positive_site_pair_count": 17278,
      "true_site_pair_count": 4256,
      "precision": 0.05944474686989657,
      "recall": 0.2565789473684211
    },
    {
      "name": "ref1/v1/1mrj_ref1",
      "true_positive_site_pair_count": 406,
      "false_positive_site_pair_count": 2972,
      "true_site_pair_count": 1812,
      "precision": 0.1201894612196566,
      "recall": 0.2240618101545254
    },
    {
      "name": "ref1/v1/451c_ref1",
      "true_positive_site_pair_count": 126,
      "false_positive_site_pair_count": 1118,
      "true_site_pair_count": 740,
      "precision": 0.10128617363344052,
      "recall": 0.17027027027027028
    },
    {
      "name": "ref1/v1/3grs_ref1",
      "true_positive_site_pair_count": 1178,
      "false_positive_site_pair_count": 55796,
      "true_site_pair_count": 5600,
      "precision": 0.020676097869203495,
      "recall": 0.21035714285714285
    },
    {
      "name": "ref1/v1/1bbt3_ref1",
      "true_positive_site_pair_count": 270,
      "false_positive_site_pair_count": 12730,
      "true_site_pair_count": 2688,
      "precision": 0.02076923076923077,
      "recall": 0.10044642857142858
    },
    {
      "name": "ref1/v1/1cpt_ref1",
      "true_positive_site_pair_count": 1376,
      "false_positive_site_pair_count": 52060,
      "true_site_pair_count": 10224,
      "precision": 0.02575043042143873,
      "recall": 0.13458528951486698
    },
    {
      "name": "ref1/v1/1idy_ref1",
      "true_positive_site_pair_count": 22,
      "false_positive_site_pair_count": 432,
      "true_site_pair_count": 580,
      "precision": 0.048458149779735685,
      "recall": 0.03793103448275862
    },
    {
      "name": "ref1/v1/1uky_ref1",
      "true_positive_site_pair_count": 512,
      "false_positive_site_pair_count": 9238,
      "true_site_pair_count": 2940,
      "precision": 0.05251282051282051,
      "recall": 0.17414965986394557
    },
    {
      "name": "ref1/v1/1plc_ref1",
      "true_positive_site_pair_count": 94,
      "false_positive_site_pair_count": 820,
      "true_site_pair_count": 588,
      "precision": 0.10284463894967177,
      "recall": 0.1598639455782313
    },
    {
      "name": "ref1/v1/1aab_ref1",
      "true_positive_site_pair_count": 78,
      "false_positive_site_pair_count": 566,
      "true_site_pair_count": 684,
      "precision": 0.12111801242236025,
      "recall": 0.11403508771929824
    },
    {
      "name": "ref1/v1/gal4_ref1",
      "true_positive_site_pair_count": 326,
      "false_positive_site_pair_count": 18200,
      "true_site_pair_count": 4060,
      "precision": 0.017596890856094137,
      "recall": 0.08029556650246306
    },
    {
      "name": "ref1/v1/1dox_ref1",
      "true_positive_site_pair_count": 136,
      "false_positive_site_pair_count": 1914,
      "true_site_pair_count": 720,
      "precision": 0.06634146341463415,
      "recall": 0.18888888888888888
    },
    {
      "name": "ref1/v1/1adj_ref1",
      "true_positive_site_pair_count": 208,
      "false_positive_site_pair_count": 7826,
      "true_site_pair_count": 2208,
      "precision": 0.025889967637540454,
      "recall": 0.09420289855072464
    },
    {
      "name": "ref1/v1/2myr_ref1",
      "true_positive_site_pair_count": 1460,
      "false_positive_site_pair_count": 51864,
      "true_site_pair_count": 11660,
      "precision": 0.027379791463506113,
      "recall": 0.12521440823327615
    },
    {
      "name": "ref1/v1/1ajsA_ref1",
      "true_positive_site_pair_count": 1282,
      "false_positive_site_pair_count": 113880,
      "true_site_pair_count": 16016,
      "precision": 0.011132144283704693,
      "recall": 0.08004495504495504
    },
    {
      "name": "ref1/v1/2trx_ref1",
      "true_positive_site_pair_count": 282,
      "false_positive_site_pair_count": 10112,
      "true_site_pair_count": 1980,
      "precision": 0.0271310371368097,
      "recall": 0.14242424242424243
    },
    {
      "name": "ref1/v1/1pamA_ref1",
      "true_positive_site_pair_count": 4778,
      "false_positive_site_pair_count": 177396,
      "true_site_pair_count": 18382,
      "precision": 0.026227672445025087,
      "recall": 0.25992819062125994
    },
    {
      "name": "ref1/v1/4enl_ref1",
      "true_positive_site_pair_count": 584,
      "false_positive_site_pair_count": 35452,
      "true_site_pair_count": 5152,
      "precision": 0.016206016206016208,
      "recall": 0.11335403726708075
    },
    {
      "name": "ref1/v1/1ad3_ref1",
      "true_positive_site_pair_count": 368,
      "false_positive_site_pair_count": 11592,
      "true_site_pair_count": 2964,
      "precision": 0.03076923076923077,
      "recall": 0.1241565452091768
    },
    {
      "name": "ref1/v1/1csy_ref1",
      "true_positive_site_pair_count": 180,
      "false_positive_site_pair_count": 3872,
      "true_site_pair_count": 588,
      "precision": 0.044422507403751234,
      "recall": 0.30612244897959184
    },
    {
      "name": "ref1/v1/1havA_ref1",
      "true_positive_site_pair_count": 116,
      "false_positive_site_pair_count": 3588,
      "true_site_pair_count": 920,
      "precision": 0.03131749460043196,
      "recall": 0.12608695652173912
    },
    {
      "name": "ref1/v1/1aboA_ref1",
      "true_positive_site_pair_count": 162,
      "false_positive_site_pair_count": 1868,
      "true_site_pair_count": 952,
      "precision": 0.07980295566502463,
      "recall": 0.17016806722689076
    },
    {
      "name": "ref1/v1/1ped_ref1",
      "true_positive_site_pair_count": 1316,
      "false_positive_site_pair_count": 47908,
      "true_site_pair_count": 8730,
      "precision": 0.026734926052332197,
      "recall": 0.15074455899198166
    },
    {
      "name": "ref1/v1/1tvxA_ref1",
      "true_positive_site_pair_count": 10,
      "false_positive_site_pair_count": 430,
      "true_site_pair_count": 228,
      "precision": 0.022727272727272728,
      "recall": 0.043859649122807015
    },
    {
      "name": "ref1/v1/1ubi_ref1",
      "true_positive_site_pair_count": 18,
      "false_positive_site_pair_count": 6934,
      "true_site_pair_count": 546,
      "precision": 0.002589182968929804,
      "recall": 0.03296703296703297
    },
    {
      "name": "ref1/v1/1gdoA_ref1",
      "true_positive_site_pair_count": 190,
      "false_positive_site_pair_count": 11892,
      "true_site_pair_count": 936,
      "precision": 0.015725873199801357,
      "recall": 0.202991452991453
    },
    {
      "name": "ref1/v1/2hsdA_ref1",
      "true_positive_site_pair_count": 1582,
      "false_positive_site_pair_count": 69216,
      "true_site_pair_count": 12558,
      "precision": 0.022345263990508207,
      "recall": 0.12597547380156077
    },
    {
      "name": "ref1/v1/1sbp_ref1",
      "true_positive_site_pair_count": 536,
      "false_positive_site_pair_count": 19028,
      "true_site_pair_count": 3444,
      "precision": 0.0273972602739726,
      "recall": 0.15563298490127758
    },
    {
      "name": "ref1/v1/1lci_ref1",
      "true_positive_site_pair_count": 1438,
      "false_positive_site_pair_count": 32368,
      "true_site_pair_count": 8310,
      "precision": 0.04253682778205052,
      "recall": 0.1730445246690734
    },
    {
      "name": "ref1/v1/1lvl_ref1",
      "true_positive_site_pair_count": 1192,
      "false_positive_site_pair_count": 51410,
      "true_site_pair_count": 6160,
      "precision": 0.02266073533325729,
      "recall": 0.19350649350649352
    }
  ]
}