{
  "path": "./data/bb3_release/RV11",
  "results": [
    {
      "name": "ref1/v1/1r69_ref1",
      "true_positive_site_pair_count": 16,
      "false_positive_site_pair_count": 932,
      "true_site_pair_count": 396,
      "precision": 0.016877637130801686,
      "recall": 0.04040404040404041
    },
    {
      "name": "ref1/v1/1wit_ref1",
      "true_positive_site_pair_count": 244,
      "false_positive_site_pair_count": 12626,
      "true_site_pair_count": 1800,
      "precision": 0.01895881895881896,
      "recall": 0.13555555555555557
    },
    {
      "name": "ref1/v1/1sesA_ref1",
      "true_positive_site_pair_count": 116,
      "false_positive_site_pair_count": 11032,
      "true_site_pair_count": 1236,
      "precision": 0.010405453893074991,
      "recall": 0.09385113268608414
    },
    {
      "name": "ref1/v1/1ycc_ref1",
      "true_positive_site_pair_count": 136,
      "false_positive_site_pair_count": 728,
      "true_site_pair_count": 612,
      "precision": 0.1574074074074074,
      "recall": 0.2222222222222222
    },
    {
      "name": "ref1/v1/kinase_ref1",
      "true_positive_site_pair_count": 1772,
      "false_positive_site_pair_count": 37674,
      "true_site_pair_count": 7560,
      "precision": 0.04492217208335446,
      "recall": 0.2343915343915344
    },
    {
      "name": "ref1/v1/1ldg_ref1",
      "true_positive_site_pair_count": 348,
      "false_positive_site_pair_count": 7964,
      "true_site_pair_count": 2376,
      "precision": 0.04186717998075072,
      "recall": 0.14646464646464646
    },
    {
      "name": "ref1/v1/1pgtA_ref1",
      "true_positive_site_pair_count": 940,
      "false_positive_site_pair_count": 19928,
      "true_site_pair_count": 5400,
      "precision": 0.04504504504504504,
      "recall": 0.17407407407407408
    },
    {
      "name": "ref1/v1/1hleA_ref1",
      "true_positive_site_pair_count": 656,
      "false_positive_site_pair_count": 8346,
      "true_site_pair_count": 3012,
      "precision": 0.0728726949566763,
      "recall": 0.21779548472775564
    },
    {
      "name": "ref1/v1/2pia_ref1",
      "true_positive_site_pair_count": 1074,
      "false_positive_site_pair_count": 24844,
      "true_site_pair_count": 4256,
      "precision": 0.04143838259124932,
      "recall": 0.2523496240601504
    },
    {
      "name": "ref1/v1/1mrj_ref1",
      "true_positive_site_pair_count": 422,
      "false_positive_site_pair_count": 4392,
      "true_site_pair_count": 1812,
      "precision": 0.08766098878271708,
      "recall": 0.23289183222958057
    },
    {
      "name": "ref1/v1/451c_ref1",
      "true_positive_site_pair_count": 110,
      "false_positive_site_pair_count": 1508,
      "true_site_pair_count": 740,
      "precision": 0.06798516687268233,
      "recall": 0.14864864864864866
    },
    {
      "name": "ref1/v1/3grs_ref1",
      "true_positive_site_pair_count": 1254,
      "false_positive_site_pair_count": 78244,
      "true_site_pair_count": 5600,
      "precision": 0.015773981735389568,
      "recall": 0.22392857142857142
    },
    {
      "name": "ref1/v1/1bbt3_ref1",
      "true_positive_site_pair_count": 280,
      "false_positive_site_pair_count": 17626,
      "true_site_pair_count": 2688,
      "precision": 0.01563721657544957,
      "recall": 0.10416666666666667
    },
    {
      "name": "ref1/v1/1cpt_ref1",
      "true_positive_site_pair_count": 1766,
      "false_positive_site_pair_count": 72310,
      "true_site_pair_count": 10224,
      "precision": 0.023840380150116098,
      "recall": 0.17273082942097026
    },
    {
      "name": "ref1/v1/1idy_ref1",
      "true_positive_site_pair_count": 20,
      "false_positive_site_pair_count": 520,
      "true_site_pair_count": 580,
      "precision": 0.037037037037037035,
      "recall": 0.034482758620689655
    },
    {
      "name": "ref1/v1/1uky_ref1",
      "true_positive_site_pair_count": 590,
      "false_positive_site_pair_count": 12248,
      "true_site_pair_count": 2940,
      "precision": 0.045957314223399284,
      "recall": 0.20068027210884354
    },
    {
      "name": "ref1/v1/1plc_ref1",
      "true_positive_site_pair_count": 180,
      "false_positive_site_pair_count": 1198,
      "true_site_pair_count": 588,
      "precision": 0.13062409288824384,
      "recall": 0.30612244897959184
    },
    {
      "name": "ref1/v1/1aab_ref1",
      "true_positive_site_pair_count": 38,
      "false_positive_site_pair_count": 768,
      "true_site_pair_count": 684,
      "precision": 0.04714640198511166,
      "recall": 0.05555555555555555
    },
    {
      "name": "ref1/v1/gal4_ref1",
      "true_positive_site_pair_count": 386,
      "false_positive_site_pair_count": 25712,
      "true_site_pair_count": 4060,
      "precision": 0.014790405395049428,
      "recall": 0.09507389162561576
    },
    {
      "name": "ref1/v1/1dox_ref1",
      "true_positive_site_pair_count": 164,
      "false_positive_site_pair_count": 2994,
      "true_site_pair_count": 720,
      "precision": 0.051931602279924,
      "recall": 0.22777777777777777
    },
    {
      "name": "ref1/v1/1adj_ref1",
      "true_positive_site_pair_count": 246,
      "false_positive_site_pair_count": 11556,
      "true_site_pair_count": 2208,
      "precision": 0.020843924758515507,
      "recall": 0.11141304347826086
    },
    {
      "name": "ref1/v1/2myr_ref1",
      "true_positive_site_pair_count": 1462,
      "false_positive_site_pair_count": 70516,
      "true_site_pair_count": 11660,
      "precision": 0.02031176192725555,
      "recall": 0.12538593481989707
    },
    {
      "name": "ref1/v1/1ajsA_ref1",
      "true_positive_site_pair_count": 1468,
      "false_positive_site_pair_count": 157304,
      "true_site_pair_count": 16016,
      "precision": 0.009245962764215352,
      "recall": 0.09165834165834166
    },
    {
      "name": "ref1/v1/2trx_ref1",
      "true_positive_site_pair_count": 338,
      "false_positive_site_pair_count": 13696,
      "true_site_pair_count": 1980,
      "precision": 0.024084366538406725,
      "recall": 0.1707070707070707
    },
    {
      "name": "ref1/v1/1pamA_ref1",
      "true_positive_site_pair_count": 4658,
      "false_positive_site_pair_count": 245946,
      "true_site_pair_count": 18382,
      "precision": 0.018587093581906116,
      "recall": 0.2534000652812534
    },
    {
      "name": "ref1/v1/4enl_ref1",
      "true_positive_site_pair_count": 670,
      "false_positive_site_pair_count": 49908,
      "true_site_pair_count": 5152,
      "precision": 0.013246866226422556,
      "recall": 0.13004658385093168
    },
    {
      "name": "ref1/v1/1ad3_ref1",
      "true_positive_site_pair_count": 400,
      "false_positive_site_pair_count": 14716,
      "true_site_pair_count": 2964,
      "precision": 0.02646202699126753,
      "recall": 0.1349527665317139
    },
    {
      "name": "ref1/v1/1csy_ref1",
      "true_positive_site_pair_count": 122,
      "false_positive_site_pair_count": 5040,
      "true_site_pair_count": 588,
      "precision": 0.023634250290585045,
      "recall": 0.20748299319727892
    },
    {
      "name": "ref1/v1/1havA_ref1",
      "true_positive_site_pair_count": 146,
      "false_positive_site_pair_count": 5012,
      "true_site_pair_count": 920,
      "precision": 0.02830554478480031,
      "recall": 0.15869565217391304
    },
    {
      "name": "ref1/v1/1aboA_ref1",
      "true_positive_site_pair_count": 134,
      "false_positive_site_pair_count": 2574,
      "true_site_pair_count": 952,
      "precision": 0.04948301329394387,
      "recall": 0.1407563025210084
    },
    {
      "name": "ref1/v1/1ped_ref1",
      "true_positive_site_pair_count": 1510,
      "false_positive_site_pair_count": 68546,
      "true_site_pair_count": 8730,
      "precision": 0.02155418522324997,
      "recall": 0.1729667812142039
    },
    {
      "name": "ref1/v1/1tvxA_ref1",
      "true_positive_site_pair_count": 22,
      "false_positive_site_pair_count": 360,
      "true_site_pair_count": 228,
      "precision": 0.05759162303664921,
      "recall": 0.09649122807017543
    },
    {
      "name": "ref1/v1/1ubi_ref1",
      "true_positive_site_pair_count": 46,
      "false_positive_site_pair_count": 9872,
      "true_site_pair_count": 546,
      "precision": 0.004638031861262351,
      "recall": 0.08424908424908426
    },
    {
      "name": "ref1/v1/1gdoA_ref1",
      "true_positive_site_pair_count": 166,
      "false_positive_site_pair_count": 15068,
      "true_site_pair_count": 936,
      "precision": 0.01089667848234213,
      "recall": 0.17735042735042736
    },
    {
      "name": "ref1/v1/2hsdA_ref1",
      "true_positive_site_pair_count": 2046,
      "false_positive_site_pair_count": 93110,
      "true_site_pair_count": 12558,
      "precision": 0.021501534322586068,
      "recall": 0.1629240324892499
    },
    {
      "name": "ref1/v1/1sbp_ref1",
      "true_positive_site_pair_count": 578,
      "false_positive_site_pair_count": 26430,
      "true_site_pair_count": 3444,
      "precision": 0.0214010663507109,
      "recall": 0.1678281068524971
    },
    {
      "name": "ref1/v1/1lci_ref1",
      "true_positive_site_pair_count": 1944,
      "false_positive_site_pair_count": 46986,
      "true_site_pair_count": 8310,
      "precision": 0.039730226854690374,
      "recall": 0.2339350180505415
    },
    {
      "name": "ref1/v1/1lvl_ref1",
      "true_positive_site_pair_count": 1344,
      "false_positive_site_pair_count": 72794,
      "true_site_pair_count": 6160,
      "precision": 0.018128355229436996,
      "recall": 0.21818181818181817
    }
  ]
}