{
  "path": "./data/bb3_release/RV11",
  "results": [
    {
      "name": "ref1/v1/1r69_ref1",
      "true_positive_site_pair_count": 12,
      "false_positive_site_pair_count": 54,
      "true_site_pair_count": 396,
      "precision": 0.18181818181818182,
      "recall": 0.030303030303030304
    },
    {
      "name": "ref1/v1/1wit_ref1",
      "true_positive_site_pair_count": 124,
      "false_positive_site_pair_count": 1424,
      "true_site_pair_count": 1800,
      "precision": 0.08010335917312661,
      "recall": 0.06888888888888889
    },
    {
      "name": "ref1/v1/1sesA_ref1",
      "true_positive_site_pair_count": 74,
      "false_positive_site_pair_count": 952,
      "true_site_pair_count": 1236,
      "precision": 0.07212475633528265,
      "recall": 0.059870550161812294
    },
    {
      "name": "ref1/v1/1ycc_ref1",
      "true_positive_site_pair_count": 52,
      "false_positive_site_pair_count": 90,
      "true_site_pair_count": 612,
      "precision": 0.36619718309859156,
      "recall": 0.08496732026143791
    },
    {
      "name": "ref1/v1/kinase_ref1",
      "true_positive_site_pair_count": 1168,
      "false_positive_site_pair_count": 3594,
      "true_site_pair_count": 7560,
      "precision": 0.24527509449811002,
      "recall": 0.1544973544973545
    },
    {
      "name": "ref1/v1/1ldg_ref1",
      "true_positive_site_pair_count": 226,
      "false_positive_site_pair_count": 850,
      "true_site_pair_count": 2376,
      "precision": 0.2100371747211896,
      "recall": 0.09511784511784512
    },
    {
      "name": "ref1/v1/1pgtA_ref1",
      "true_positive_site_pair_count": 456,
      "false_positive_site_pair_count": 1704,
      "true_site_pair_count": 5400,
      "precision": 0.2111111111111111,
      "recall": 0.08444444444444445
    },
    {
      "name": "ref1/v1/1hleA_ref1",
      "true_positive_site_pair_count": 324,
      "false_positive_site_pair_count": 884,
      "true_site_pair_count": 3012,
      "precision": 0.2682119205298013,
      "recall": 0.10756972111553785
    },
    {
      "name": "ref1/v1/2pia_ref1",
      "true_positive_site_pair_count": 696,
      "false_positive_site_pair_count": 2360,
      "true_site_pair_count": 4256,
      "precision": 0.22774869109947643,
      "recall": 0.16353383458646617
    },
    {
      "name": "ref1/v1/1mrj_ref1",
      "true_positive_site_pair_count": 278,
      "false_positive_site_pair_count": 490,
      "true_site_pair_count": 1812,
      "precision": 0.3619791666666667,
      "recall": 0.1534216335540839
    },
    {
      "name": "ref1/v1/451c_ref1",
      "true_positive_site_pair_count": 20,
      "false_positive_site_pair_count": 162,
      "true_site_pair_count": 740,
      "precision": 0.10989010989010989,
      "recall": 0.02702702702702703
    },
    {
      "name": "ref1/v1/3grs_ref1",
      "true_positive_site_pair_count": 698,
      "false_positive_site_pair_count": 8682,
      "true_site_pair_count": 5600,
      "precision": 0.0744136460554371,
      "recall": 0.12464285714285714
    },
    {
      "name": "ref1/v1/1bbt3_ref1",
      "true_positive_site_pair_count": 182,
      "false_positive_site_pair_count": 1802,
      "true_site_pair_count": 2688,
      "precision": 0.09173387096774194,
      "recall": 0.06770833333333333
    },
    {
      "name": "ref1/v1/1cpt_ref1",
      "true_positive_site_pair_count": 808,
      "false_positive_site_pair_count": 7874,
      "true_site_pair_count": 10224,
      "precision": 0.0930661137986639,
      "recall": 0.07902973395931143
    },
    {
      "name": "ref1/v1/1idy_ref1",
      "true_positive_site_pair_count": 0,
      "false_positive_site_pair_count": 54,
      "true_site_pair_count": 580,
      "precision": 0.0,
      "recall": 0.0
    },
    {
      "name": "ref1/v1/1uky_ref1",
      "true_positive_site_pair_count": 284,
      "false_positive_site_pair_count": 1388,
      "true_site_pair_count": 2940,
      "precision": 0.16985645933014354,
      "recall": 0.09659863945578231
    },
    {
      "name": "ref1/v1/1plc_ref1",
      "true_positive_site_pair_count": 74,
      "false_positive_site_pair_count": 144,
      "true_site_pair_count": 588,
      "precision": 0.3394495412844037,
      "recall": 0.12585034013605442
    },
    {
      "name": "ref1/v1/1aab_ref1",
      "true_positive_site_pair_count": 20,
      "false_positive_site_pair_count": 72,
      "true_site_pair_count": 684,
      "precision": 0.21739130434782608,
      "recall": 0.029239766081871343
    },
    {
      "name": "ref1/v1/gal4_ref1",
      "true_positive_site_pair_count": 136,
      "false_positive_site_pair_count": 2548,
      "true_site_pair_count": 4060,
      "precision": 0.05067064083457526,
      "recall": 0.033497536945812804
    },
    {
      "name": "ref1/v1/1dox_ref1",
      "true_positive_site_pair_count": 100,
      "false_positive_site_pair_count": 480,
      "true_site_pair_count": 720,
      "precision": 0.1724137931034483,
      "recall": 0.1388888888888889
    },
    {
      "name": "ref1/v1/1adj_ref1",
      "true_positive_site_pair_count": 122,
      "false_positive_site_pair_count": 1318,
      "true_site_pair_count": 2208,
      "precision": 0.08472222222222223,
      "recall": 0.0552536231884058
    },
    {
      "name": "ref1/v1/2myr_ref1",
      "true_positive_site_pair_count": 522,
      "false_positive_site_pair_count": 6850,
      "true_site_pair_count": 11660,
      "precision": 0.07080846446011937,
      "recall": 0.04476843910806175
    },
    {
      "name": "ref1/v1/1ajsA_ref1",
      "true_positive_site_pair_count": 648,
      "false_positive_site_pair_count": 16300,
      "true_site_pair_count": 16016,
      "precision": 0.03823459995279679,
      "recall": 0.040459540459540456
    },
    {
      "name": "ref1/v1/2trx_ref1",
      "true_positive_site_pair_count": 184,
      "false_positive_site_pair_count": 1438,
      "true_site_pair_count": 1980,
      "precision": 0.11344019728729964,
      "recall": 0.09292929292929293
    },
    {
      "name": "ref1/v1/1pamA_ref1",
      "true_positive_site_pair_count": 2626,
      "false_positive_site_pair_count": 24656,
      "true_site_pair_count": 18382,
      "precision": 0.0962539403269555,
      "recall": 0.14285714285714285
    },
    {
      "name": "ref1/v1/4enl_ref1",
      "true_positive_site_pair_count": 240,
      "false_positive_site_pair_count": 6118,
      "true_site_pair_count": 5152,
      "precision": 0.03774771940861906,
      "recall": 0.046583850931677016
    },
    {
      "name": "ref1/v1/1ad3_ref1",
      "true_positive_site_pair_count": 170,
      "false_positive_site_pair_count": 1796,
      "true_site_pair_count": 2964,
      "precision": 0.08646998982706001,
      "recall": 0.05735492577597841
    },
    {
      "name": "ref1/v1/1csy_ref1",
      "true_positive_site_pair_count": 106,
      "false_positive_site_pair_count": 540,
      "true_site_pair_count": 588,
      "precision": 0.16408668730650156,
      "recall": 0.18027210884353742
    },
    {
      "name": "ref1/v1/1havA_ref1",
      "true_positive_site_pair_count": 20,
      "false_positive_site_pair_count": 496,
      "true_site_pair_count": 920,
      "precision": 0.03875968992248062,
      "recall": 0.021739130434782608
    },
    {
      "name": "ref1/v1/1aboA_ref1",
      "true_positive_site_pair_count": 38,
      "false_positive_site_pair_count": 312,
      "true_site_pair_count": 952,
      "precision": 0.10857142857142857,
      "recall": 0.03991596638655462
    },
    {
      "name": "ref1/v1/1ped_ref1",
      "true_positive_site_pair_count": 760,
      "false_positive_site_pair_count": 7842,
      "true_site_pair_count": 8730,
      "precision": 0.08835154615205766,
      "recall": 0.08705612829324169
    },
    {
      "name": "ref1/v1/1tvxA_ref1",
      "true_positive_site_pair_count": 8,
      "false_positive_site_pair_count": 36,
      "true_site_pair_count": 228,
      "precision": 0.18181818181818182,
      "recall": 0.03508771929824561
    },
    {
      "name": "ref1/v1/1ubi_ref1",
      "true_positive_site_pair_count": 16,
      "false_positive_site_pair_count": 1054,
      "true_site_pair_count": 546,
      "precision": 0.014953271028037384,
      "recall": 0.029304029304029304
    },
    {
      "name": "ref1/v1/1gdoA_ref1",
      "true_positive_site_pair_count": 118,
      "false_positive_site_pair_count": 2058,
      "true_site_pair_count": 936,
      "precision": 0.05422794117647059,
      "recall": 0.12606837606837606
    },
    {
      "name": "ref1/v1/2hsdA_ref1",
      "true_positive_site_pair_count": 900,
      "false_positive_site_pair_count": 10060,
      "true_site_pair_count": 12558,
      "precision": 0.08211678832116788,
      "recall": 0.0716674629718108
    },
    {
      "name": "ref1/v1/1sbp_ref1",
      "true_positive_site_pair_count": 266,
      "false_positive_site_pair_count": 2896,
      "true_site_pair_count": 3444,
      "precision": 0.08412397216951296,
      "recall": 0.07723577235772358
    },
    {
      "name": "ref1/v1/1lci_ref1",
      "true_positive_site_pair_count": 856,
      "false_positive_site_pair_count": 5412,
      "true_site_pair_count": 8310,
      "precision": 0.13656668793873644,
      "recall": 0.10300842358604091
    },
    {
      "name": "ref1/v1/1lvl_ref1",
      "true_positive_site_pair_count": 766,
      "false_positive_site_pair_count": 7978,
      "true_site_pair_count": 6160,
      "precision": 0.08760292772186642,
      "recall": 0.12435064935064935
    }
  ]
}