{
  "path": "./data/bb3_release/RV11",
  "results": [
    {
      "name": "ref1/v1/1r69_ref1",
      "true_positive_site_pair_count": 2,
      "false_positive_site_pair_count": 136,
      "true_site_pair_count": 396,
      "precision": 0.014492753623188406,
      "recall": 0.005050505050505051
    },
    {
      "name": "ref1/v1/1wit_ref1",
      "true_positive_site_pair_count": 50,
      "false_positive_site_pair_count": 1154,
      "true_site_pair_count": 1800,
      "precision": 0.04152823920265781,
      "recall": 0.027777777777777776
    },
    {
      "name": "ref1/v1/1sesA_ref1",
      "true_positive_site_pair_count": 46,
      "false_positive_site_pair_count": 918,
      "true_site_pair_count": 1236,
      "precision": 0.04771784232365145,
      "recall": 0.0372168284789644
    },
    {
      "name": "ref1/v1/1ycc_ref1",
      "true_positive_site_pair_count": 28,
      "false_positive_site_pair_count": 126,
      "true_site_pair_count": 612,
      "precision": 0.18181818181818182,
      "recall": 0.0457516339869281
    },
    {
      "name": "ref1/v1/kinase_ref1",
      "true_positive_site_pair_count": 1032,
      "false_positive_site_pair_count": 2968,
      "true_site_pair_count": 7560,
      "precision": 0.258,
      "recall": 0.1365079365079365
    },
    {
      "name": "ref1/v1/1ldg_ref1",
      "true_positive_site_pair_count": 136,
      "false_positive_site_pair_count": 744,
      "true_site_pair_count": 2376,
      "precision": 0.15454545454545454,
      "recall": 0.05723905723905724
    },
    {
      "name": "ref1/v1/1pgtA_ref1",
      "true_positive_site_pair_count": 358,
      "false_positive_site_pair_count": 1320,
      "true_site_pair_count": 5400,
      "precision": 0.2133492252681764,
      "recall": 0.0662962962962963
    },
    {
      "name": "ref1/v1/1hleA_ref1",
      "true_positive_site_pair_count": 214,
      "false_positive_site_pair_count": 712,
      "true_site_pair_count": 3012,
      "precision": 0.23110151187904968,
      "recall": 0.07104913678618859
    },
    {
      "name": "ref1/v1/2pia_ref1",
      "true_positive_site_pair_count": 454,
      "false_positive_site_pair_count": 1828,
      "true_site_pair_count": 4256,
      "precision": 0.19894829097283084,
      "recall": 0.10667293233082707
    },
    {
      "name": "ref1/v1/1mrj_ref1",
      "true_positive_site_pair_count": 118,
      "false_positive_site_pair_count": 360,
      "true_site_pair_count": 1812,
      "precision": 0.24686192468619247,
      "recall": 0.06512141280353201
    },
    {
      "name": "ref1/v1/451c_ref1",
      "true_positive_site_pair_count": 50,
      "false_positive_site_pair_count": 102,
      "true_site_pair_count": 740,
      "precision": 0.32894736842105265,
      "recall": 0.06756756756756757
    },
    {
      "name": "ref1/v1/3grs_ref1",
      "true_positive_site_pair_count": 602,
      "false_positive_site_pair_count": 6894,
      "true_site_pair_count": 5600,
      "precision": 0.08030949839914621,
      "recall": 0.1075
    },
    {
      "name": "ref1/v1/1bbt3_ref1",
      "true_positive_site_pair_count": 74,
      "false_positive_site_pair_count": 1042,
      "true_site_pair_count": 2688,
      "precision": 0.06630824372759857,
      "recall": 0.027529761904761904
    },
    {
      "name": "ref1/v1/1cpt_ref1",
      "true_positive_site_pair_count": 676,
      "false_positive_site_pair_count": 5816,
      "true_site_pair_count": 10224,
      "precision": 0.10412815773259396,
      "recall": 0.0661189358372457
    },
    {
      "name": "ref1/v1/1idy_ref1",
      "true_positive_site_pair_count": 0,
      "false_positive_site_pair_count": 14,
      "true_site_pair_count": 580,
      "precision": 0.0,
      "recall": 0.0
    },
    {
      "name": "ref1/v1/1uky_ref1",
      "true_positive_site_pair_count": 256,
      "false_positive_site_pair_count": 918,
      "true_site_pair_count": 2940,
      "precision": 0.21805792163543442,
      "recall": 0.08707482993197278
    },
    {
      "name": "ref1/v1/1plc_ref1",
      "true_positive_site_pair_count": 64,
      "false_positive_site_pair_count": 104,
      "true_site_pair_count": 588,
      "precision": 0.38095238095238093,
      "recall": 0.10884353741496598
    },
    {
      "name": "ref1/v1/1aab_ref1",
      "true_positive_site_pair_count": 14,
      "false_positive_site_pair_count": 48,
      "true_site_pair_count": 684,
      "precision": 0.22580645161290322,
      "recall": 0.02046783625730994
    },
    {
      "name": "ref1/v1/gal4_ref1",
      "true_positive_site_pair_count": 100,
      "false_positive_site_pair_count": 2316,
      "true_site_pair_count": 4060,
      "precision": 0.041390728476821195,
      "recall": 0.024630541871921183
    },
    {
      "name": "ref1/v1/1dox_ref1",
      "true_positive_site_pair_count": 42,
      "false_positive_site_pair_count": 278,
      "true_site_pair_count": 720,
      "precision": 0.13125,
      "recall": 0.058333333333333334
    },
    {
      "name": "ref1/v1/1adj_ref1",
      "true_positive_site_pair_count": 42,
      "false_positive_site_pair_count": 930,
      "true_site_pair_count": 2208,
      "precision": 0.043209876543209874,
      "recall": 0.019021739130434784
    },
    {
      "name": "ref1/v1/2myr_ref1",
      "true_positive_site_pair_count": 536,
      "false_positive_site_pair_count": 4614,
      "true_site_pair_count": 11660,
      "precision": 0.10407766990291262,
      "recall": 0.045969125214408234
    },
    {
      "name": "ref1/v1/1ajsA_ref1",
      "true_positive_site_pair_count": 486,
      "false_positive_site_pair_count": 12348,
      "true_site_pair_count": 16016,
      "precision": 0.037868162692847124,
      "recall": 0.030344655344655344
    },
    {
      "name": "ref1/v1/2trx_ref1",
      "true_positive_site_pair_count": 94,
      "false_positive_site_pair_count": 1278,
      "true_site_pair_count": 1980,
      "precision": 0.06851311953352769,
      "recall": 0.047474747474747475
    },
    {
      "name": "ref1/v1/1pamA_ref1",
      "true_positive_site_pair_count": 2268,
      "false_positive_site_pair_count": 18050,
      "true_site_pair_count": 18382,
      "precision": 0.11162515995668865,
      "recall": 0.12338156892612338
    },
    {
      "name": "ref1/v1/4enl_ref1",
      "true_positive_site_pair_count": 192,
      "false_positive_site_pair_count": 4416,
      "true_site_pair_count": 5152,
      "precision": 0.041666666666666664,
      "recall": 0.037267080745341616
    },
    {
      "name": "ref1/v1/1ad3_ref1",
      "true_positive_site_pair_count": 148,
      "false_positive_site_pair_count": 1142,
      "true_site_pair_count": 2964,
      "precision": 0.11472868217054263,
      "recall": 0.04993252361673414
    },
    {
      "name": "ref1/v1/1csy_ref1",
      "true_positive_site_pair_count": 76,
      "false_positive_site_pair_count": 416,
      "true_site_pair_count": 588,
      "precision": 0.15447154471544716,
      "recall": 0.1292517006802721
    },
    {
      "name": "ref1/v1/1havA_ref1",
      "true_positive_site_pair_count": 26,
      "false_positive_site_pair_count": 322,
      "true_site_pair_count": 920,
      "precision": 0.07471264367816093,
      "recall": 0.02826086956521739
    },
    {
      "name": "ref1/v1/1aboA_ref1",
      "true_positive_site_pair_count": 30,
      "false_positive_site_pair_count": 198,
      "true_site_pair_count": 952,
      "precision": 0.13157894736842105,
      "recall": 0.031512605042016806
    },
    {
      "name": "ref1/v1/1ped_ref1",
      "true_positive_site_pair_count": 672,
      "false_positive_site_pair_count": 5586,
      "true_site_pair_count": 8730,
      "precision": 0.10738255033557047,
      "recall": 0.07697594501718213
    },
    {
      "name": "ref1/v1/1tvxA_ref1",
      "true_positive_site_pair_count": 0,
      "false_positive_site_pair_count": 14,
      "true_site_pair_count": 228,
      "precision": 0.0,
      "recall": 0.0
    },
    {
      "name": "ref1/v1/1ubi_ref1",
      "true_positive_site_pair_count": 6,
      "false_positive_site_pair_count": 672,
      "true_site_pair_count": 546,
      "precision": 0.008849557522123894,
      "recall": 0.01098901098901099
    },
    {
      "name": "ref1/v1/1gdoA_ref1",
      "true_positive_site_pair_count": 66,
      "false_positive_site_pair_count": 1476,
      "true_site_pair_count": 936,
      "precision": 0.042801556420233464,
      "recall": 0.07051282051282051
    },
    {
      "name": "ref1/v1/2hsdA_ref1",
      "true_positive_site_pair_count": 726,
      "false_positive_site_pair_count": 7068,
      "true_site_pair_count": 12558,
      "precision": 0.09314857582755966,
      "recall": 0.057811753463927376
    },
    {
      "name": "ref1/v1/1sbp_ref1",
      "true_positive_site_pair_count": 316,
      "false_positive_site_pair_count": 2282,
      "true_site_pair_count": 3444,
      "precision": 0.1216320246343341,
      "recall": 0.09175377468060394
    },
    {
      "name": "ref1/v1/1lci_ref1",
      "true_positive_site_pair_count": 744,
      "false_positive_site_pair_count": 3624,
      "true_site_pair_count": 8310,
      "precision": 0.17032967032967034,
      "recall": 0.08953068592057761
    },
    {
      "name": "ref1/v1/1lvl_ref1",
      "true_positive_site_pair_count": 692,
      "false_positive_site_pair_count": 6178,
      "true_site_pair_count": 6160,
      "precision": 0.1007278020378457,
      "recall": 0.11233766233766233
    }
  ]
}