{
  "path": "./data/bb3_release/RV11",
  "results": [
    {
      "name": "ref1/v1/1r69_ref1",
      "true_positive_site_pair_count": 18,
      "false_positive_site_pair_count": 172,
      "true_site_pair_count": 396,
      "precision": 0.09473684210526316,
      "recall": 0.045454545454545456
    },
    {
      "name": "ref1/v1/1wit_ref1",
      "true_positive_site_pair_count": 110,
      "false_positive_site_pair_count": 1576,
      "true_site_pair_count": 1800,
      "precision": 0.06524317912218268,
      "recall": 0.06111111111111111
    },
    {
      "name": "ref1/v1/1sesA_ref1",
      "true_positive_site_pair_count": 40,
      "false_positive_site_pair_count": 1428,
      "true_site_pair_count": 1236,
      "precision": 0.027247956403269755,
      "recall": 0.032362459546925564
    },
    {
      "name": "ref1/v1/1ycc_ref1",
      "true_positive_site_pair_count": 42,
      "false_positive_site_pair_count": 136,
      "true_site_pair_count": 612,
      "precision": 0.23595505617977527,
      "recall": 0.06862745098039216
    },
    {
      "name": "ref1/v1/kinase_ref1",
      "true_positive_site_pair_count": 1078,
      "false_positive_site_pair_count": 4520,
      "true_site_pair_count": 7560,
      "precision": 0.1925687745623437,
      "recall": 0.1425925925925926
    },
    {
      "name": "ref1/v1/1ldg_ref1",
      "true_positive_site_pair_count": 178,
      "false_positive_site_pair_count": 1068,
      "true_site_pair_count": 2376,
      "precision": 0.14285714285714285,
      "recall": 0.07491582491582492
    },
    {
      "name": "ref1/v1/1pgtA_ref1",
      "true_positive_site_pair_count": 514,
      "false_positive_site_pair_count": 2432,
      "true_site_pair_count": 5400,
      "precision": 0.17447386286490157,
      "recall": 0.09518518518518519
    },
    {
      "name": "ref1/v1/1hleA_ref1",
      "true_positive_site_pair_count": 348,
      "false_positive_site_pair_count": 1050,
      "true_site_pair_count": 3012,
      "precision": 0.24892703862660945,
      "recall": 0.11553784860557768
    },
    {
      "name": "ref1/v1/2pia_ref1",
      "true_positive_site_pair_count": 552,
      "false_positive_site_pair_count": 2944,
      "true_site_pair_count": 4256,
      "precision": 0.15789473684210525,
      "recall": 0.12969924812030076
    },
    {
      "name": "ref1/v1/1mrj_ref1",
      "true_positive_site_pair_count": 252,
      "false_positive_site_pair_count": 516,
      "true_site_pair_count": 1812,
      "precision": 0.328125,
      "recall": 0.1390728476821192
    },
    {
      "name": "ref1/v1/451c_ref1",
      "true_positive_site_pair_count": 118,
      "false_positive_site_pair_count": 144,
      "true_site_pair_count": 740,
      "precision": 0.45038167938931295,
      "recall": 0.15945945945945947
    },
    {
      "name": "ref1/v1/3grs_ref1",
      "true_positive_site_pair_count": 728,
      "false_positive_site_pair_count": 10724,
      "true_site_pair_count": 5600,
      "precision": 0.06356968215158924,
      "recall": 0.13
    },
    {
      "name": "ref1/v1/1bbt3_ref1",
      "true_positive_site_pair_count": 136,
      "false_positive_site_pair_count": 1882,
      "true_site_pair_count": 2688,
      "precision": 0.06739345887016848,
      "recall": 0.050595238095238096
    },
    {
      "name": "ref1/v1/1cpt_ref1",
      "true_positive_site_pair_count": 862,
      "false_positive_site_pair_count": 9502,
      "true_site_pair_count": 10224,
      "precision": 0.08317252026244693,
      "recall": 0.08431142410015649
    },
    {
      "name": "ref1/v1/1idy_ref1",
      "true_positive_site_pair_count": 0,
      "false_positive_site_pair_count": 66,
      "true_site_pair_count": 580,
      "precision": 0.0,
      "recall": 0.0
    },
    {
      "name": "ref1/v1/1uky_ref1",
      "true_positive_site_pair_count": 318,
      "false_positive_site_pair_count": 1334,
      "true_site_pair_count": 2940,
      "precision": 0.19249394673123488,
      "recall": 0.10816326530612246
    },
    {
      "name": "ref1/v1/1plc_ref1",
      "true_positive_site_pair_count": 16,
      "false_positive_site_pair_count": 88,
      "true_site_pair_count": 588,
      "precision": 0.15384615384615385,
      "recall": 0.027210884353741496
    },
    {
      "name": "ref1/v1/1aab_ref1",
      "true_positive_site_pair_count": 22,
      "false_positive_site_pair_count": 66,
      "true_site_pair_count": 684,
      "precision": 0.25,
      "recall": 0.03216374269005848
    },
    {
      "name": "ref1/v1/gal4_ref1",
      "true_positive_site_pair_count": 264,
      "false_positive_site_pair_count": 3326,
      "true_site_pair_count": 4060,
      "precision": 0.07353760445682452,
      "recall": 0.06502463054187192
    },
    {
      "name": "ref1/v1/1dox_ref1",
      "true_positive_site_pair_count": 60,
      "false_positive_site_pair_count": 614,
      "true_site_pair_count": 720,
      "precision": 0.08902077151335312,
      "recall": 0.08333333333333333
    },
    {
      "name": "ref1/v1/1adj_ref1",
      "true_positive_site_pair_count": 122,
      "false_positive_site_pair_count": 1604,
      "true_site_pair_count": 2208,
      "precision": 0.07068366164542295,
      "recall": 0.0552536231884058
    },
    {
      "name": "ref1/v1/2myr_ref1",
      "true_positive_site_pair_count": 386,
      "false_positive_site_pair_count": 7128,
      "true_site_pair_count": 11660,
      "precision": 0.051370774554165555,
      "recall": 0.03310463121783876
    },
    {
      "name": "ref1/v1/1ajsA_ref1",
      "true_positive_site_pair_count": 502,
      "false_positive_site_pair_count": 18924,
      "true_site_pair_count": 16016,
      "precision": 0.025841655513229693,
      "recall": 0.031343656343656344
    },
    {
      "name": "ref1/v1/2trx_ref1",
      "true_positive_site_pair_count": 144,
      "false_positive_site_pair_count": 1382,
      "true_site_pair_count": 1980,
      "precision": 0.09436435124508519,
      "recall": 0.07272727272727272
    },
    {
      "name": "ref1/v1/1pamA_ref1",
      "true_positive_site_pair_count": 2402,
      "false_positive_site_pair_count": 27026,
      "true_site_pair_count": 18382,
      "precision": 0.08162294413483757,
      "recall": 0.13067130888913067
    },
    {
      "name": "ref1/v1/4enl_ref1",
      "true_positive_site_pair_count": 300,
      "false_positive_site_pair_count": 7026,
      "true_site_pair_count": 5152,
      "precision": 0.04095004095004095,
      "recall": 0.05822981366459627
    },
    {
      "name": "ref1/v1/1ad3_ref1",
      "true_positive_site_pair_count": 242,
      "false_positive_site_pair_count": 2116,
      "true_site_pair_count": 2964,
      "precision": 0.10262934690415607,
      "recall": 0.0816464237516869
    },
    {
      "name": "ref1/v1/1csy_ref1",
      "true_positive_site_pair_count": 44,
      "false_positive_site_pair_count": 506,
      "true_site_pair_count": 588,
      "precision": 0.08,
      "recall": 0.07482993197278912
    },
    {
      "name": "ref1/v1/1havA_ref1",
      "true_positive_site_pair_count": 0,
      "false_positive_site_pair_count": 720,
      "true_site_pair_count": 920,
      "precision": 0.0,
      "recall": 0.0
    },
    {
      "name": "ref1/v1/1aboA_ref1",
      "true_positive_site_pair_count": 12,
      "false_positive_site_pair_count": 310,
      "true_site_pair_count": 952,
      "precision": 0.037267080745341616,
      "recall": 0.012605042016806723
    },
    {
      "name": "ref1/v1/1ped_ref1",
      "true_positive_site_pair_count": 814,
      "false_positive_site_pair_count": 9392,
      "true_site_pair_count": 8730,
      "precision": 0.0797570056829316,
      "recall": 0.09324169530355098
    },
    {
      "name": "ref1/v1/1tvxA_ref1",
      "true_positive_site_pair_count": 0,
      "false_positive_site_pair_count": 22,
      "true_site_pair_count": 228,
      "precision": 0.0,
      "recall": 0.0
    },
    {
      "name": "ref1/v1/1ubi_ref1",
      "true_positive_site_pair_count": 0,
      "false_positive_site_pair_count": 1100,
      "true_site_pair_count": 546,
      "precision": 0.0,
      "recall": 0.0
    },
    {
      "name": "ref1/v1/1gdoA_ref1",
      "true_positive_site_pair_count": 82,
      "false_positive_site_pair_count": 2418,
      "true_site_pair_count": 936,
      "precision": 0.0328,
      "recall": 0.0876068376068376
    },
    {
      "name": "ref1/v1/2hsdA_ref1",
      "true_positive_site_pair_count": 902,
      "false_positive_site_pair_count": 13168,
      "true_site_pair_count": 12558,
      "precision": 0.06410803127221038,
      "recall": 0.07182672400063704
    },
    {
      "name": "ref1/v1/1sbp_ref1",
      "true_positive_site_pair_count": 194,
      "false_positive_site_pair_count": 3294,
      "true_site_pair_count": 3444,
      "precision": 0.05561926605504587,
      "recall": 0.056329849012775844
    },
    {
      "name": "ref1/v1/1lci_ref1",
      "true_positive_site_pair_count": 1150,
      "false_positive_site_pair_count": 6358,
      "true_site_pair_count": 8310,
      "precision": 0.15316995205114545,
      "recall": 0.13838748495788206
    },
    {
      "name": "ref1/v1/1lvl_ref1",
      "true_positive_site_pair_count": 690,
      "false_positive_site_pair_count": 10460,
      "true_site_pair_count": 6160,
      "precision": 0.06188340807174888,
      "recall": 0.11201298701298701
    }
  ]
}