{
  "path": "./data/bb3_release/RV11",
  "results": [
    {
      "name": "ref1/v1/1r69_ref1",
      "true_positive_site_pair_count": 0,
      "false_positive_site_pair_count": 220,
      "true_site_pair_count": 396,
      "precision": 0.0,
      "recall": 0.0
    },
    {
      "name": "ref1/v1/1wit_ref1",
      "true_positive_site_pair_count": 108,
      "false_positive_site_pair_count": 1874,
      "true_site_pair_count": 1800,
      "precision": 0.054490413723511606,
      "recall": 0.06
    },
    {
      "name": "ref1/v1/1sesA_ref1",
      "true_positive_site_pair_count": 24,
      "false_positive_site_pair_count": 1512,
      "true_site_pair_count": 1236,
      "precision": 0.015625,
      "recall": 0.019417475728155338
    },
    {
      "name": "ref1/v1/1ycc_ref1",
      "true_positive_site_pair_count": 26,
      "false_positive_site_pair_count": 80,
      "true_site_pair_count": 612,
      "precision": 0.24528301886792453,
      "recall": 0.042483660130718956
    },
    {
      "name": "ref1/v1/kinase_ref1",
      "true_positive_site_pair_count": 908,
      "false_positive_site_pair_count": 4186,
      "true_site_pair_count": 7560,
      "precision": 0.17824892029839026,
      "recall": 0.1201058201058201
    },
    {
      "name": "ref1/v1/1ldg_ref1",
      "true_positive_site_pair_count": 224,
      "false_positive_site_pair_count": 1240,
      "true_site_pair_count": 2376,
      "precision": 0.15300546448087432,
      "recall": 0.09427609427609428
    },
    {
      "name": "ref1/v1/1pgtA_ref1",
      "true_positive_site_pair_count": 544,
      "false_positive_site_pair_count": 2218,
      "true_site_pair_count": 5400,
      "precision": 0.19695872556118754,
      "recall": 0.10074074074074074
    },
    {
      "name": "ref1/v1/1hleA_ref1",
      "true_positive_site_pair_count": 264,
      "false_positive_site_pair_count": 882,
      "true_site_pair_count": 3012,
      "precision": 0.23036649214659685,
      "recall": 0.08764940239043825
    },
    {
      "name": "ref1/v1/2pia_ref1",
      "true_positive_site_pair_count": 496,
      "false_positive_site_pair_count": 2718,
      "true_site_pair_count": 4256,
      "precision": 0.15432482887367766,
      "recall": 0.11654135338345864
    },
    {
      "name": "ref1/v1/1mrj_ref1",
      "true_positive_site_pair_count": 200,
      "false_positive_site_pair_count": 452,
      "true_site_pair_count": 1812,
      "precision": 0.3067484662576687,
      "recall": 0.11037527593818984
    },
    {
      "name": "ref1/v1/451c_ref1",
      "true_positive_site_pair_count": 30,
      "false_positive_site_pair_count": 260,
      "true_site_pair_count": 740,
      "precision": 0.10344827586206896,
      "recall": 0.04054054054054054
    },
    {
      "name": "ref1/v1/3grs_ref1",
      "true_positive_site_pair_count": 760,
      "false_positive_site_pair_count": 10962,
      "true_site_pair_count": 5600,
      "precision": 0.0648353523289541,
      "recall": 0.1357142857142857
    },
    {
      "name": "ref1/v1/1bbt3_ref1",
      "true_positive_site_pair_count": 106,
      "false_positive_site_pair_count": 1620,
      "true_site_pair_count": 2688,
      "precision": 0.06141367323290846,
      "recall": 0.03943452380952381
    },
    {
      "name": "ref1/v1/1cpt_ref1",
      "true_positive_site_pair_count": 1008,
      "false_positive_site_pair_count": 8046,
      "true_site_pair_count": 10224,
      "precision": 0.11133200795228629,
      "recall": 0.09859154929577464
    },
    {
      "name": "ref1/v1/1idy_ref1",
      "true_positive_site_pair_count": 0,
      "false_positive_site_pair_count": 120,
      "true_site_pair_count": 580,
      "precision": 0.0,
      "recall": 0.0
    },
    {
      "name": "ref1/v1/1uky_ref1",
      "true_positive_site_pair_count": 364,
      "false_positive_site_pair_count": 1350,
      "true_site_pair_count": 2940,
      "precision": 0.21236872812135357,
      "recall": 0.12380952380952381
    },
    {
      "name": "ref1/v1/1plc_ref1",
      "true_positive_site_pair_count": 62,
      "false_positive_site_pair_count": 174,
      "true_site_pair_count": 588,
      "precision": 0.2627118644067797,
      "recall": 0.1054421768707483
    },
    {
      "name": "ref1/v1/1aab_ref1",
      "true_positive_site_pair_count": 0,
      "false_positive_site_pair_count": 40,
      "true_site_pair_count": 684,
      "precision": 0.0,
      "recall": 0.0
    },
    {
      "name": "ref1/v1/gal4_ref1",
      "true_positive_site_pair_count": 196,
      "false_positive_site_pair_count": 3022,
      "true_site_pair_count": 4060,
      "precision": 0.060907395898073334,
      "recall": 0.04827586206896552
    },
    {
      "name": "ref1/v1/1dox_ref1",
      "true_positive_site_pair_count": 122,
      "false_positive_site_pair_count": 284,
      "true_site_pair_count": 720,
      "precision": 0.30049261083743845,
      "recall": 0.16944444444444445
    },
    {
      "name": "ref1/v1/1adj_ref1",
      "true_positive_site_pair_count": 118,
      "false_positive_site_pair_count": 1272,
      "true_site_pair_count": 2208,
      "precision": 0.08489208633093526,
      "recall": 0.05344202898550725
    },
    {
      "name": "ref1/v1/2myr_ref1",
      "true_positive_site_pair_count": 656,
      "false_positive_site_pair_count": 7724,
      "true_site_pair_count": 11660,
      "precision": 0.0782816229116945,
      "recall": 0.05626072041166381
    },
    {
      "name": "ref1/v1/1ajsA_ref1",
      "true_positive_site_pair_count": 484,
      "false_positive_site_pair_count": 18112,
      "true_site_pair_count": 16016,
      "precision": 0.02602710260271026,
      "recall": 0.03021978021978022
    },
    {
      "name": "ref1/v1/2trx_ref1",
      "true_positive_site_pair_count": 174,
      "false_positive_site_pair_count": 1580,
      "true_site_pair_count": 1980,
      "precision": 0.09920182440136831,
      "recall": 0.08787878787878788
    },
    {
      "name": "ref1/v1/1pamA_ref1",
      "true_positive_site_pair_count": 2242,
      "false_positive_site_pair_count": 26428,
      "true_site_pair_count": 18382,
      "precision": 0.07820020927799093,
      "recall": 0.12196714176912196
    },
    {
      "name": "ref1/v1/4enl_ref1",
      "true_positive_site_pair_count": 242,
      "false_positive_site_pair_count": 7276,
      "true_site_pair_count": 5152,
      "precision": 0.03218941207768023,
      "recall": 0.04697204968944099
    },
    {
      "name": "ref1/v1/1ad3_ref1",
      "true_positive_site_pair_count": 180,
      "false_positive_site_pair_count": 2038,
      "true_site_pair_count": 2964,
      "precision": 0.0811541929666366,
      "recall": 0.06072874493927125
    },
    {
      "name": "ref1/v1/1csy_ref1",
      "true_positive_site_pair_count": 84,
      "false_positive_site_pair_count": 436,
      "true_site_pair_count": 588,
      "precision": 0.16153846153846155,
      "recall": 0.14285714285714285
    },
    {
      "name": "ref1/v1/1havA_ref1",
      "true_positive_site_pair_count": 0,
      "false_positive_site_pair_count": 620,
      "true_site_pair_count": 920,
      "precision": 0.0,
      "recall": 0.0
    },
    {
      "name": "ref1/v1/1aboA_ref1",
      "true_positive_site_pair_count": 52,
      "false_positive_site_pair_count": 342,
      "true_site_pair_count": 952,
      "precision": 0.1319796954314721,
      "recall": 0.0546218487394958
    },
    {
      "name": "ref1/v1/1ped_ref1",
      "true_positive_site_pair_count": 894,
      "false_positive_site_pair_count": 8668,
      "true_site_pair_count": 8730,
      "precision": 0.09349508471031165,
      "recall": 0.10240549828178694
    },
    {
      "name": "ref1/v1/1tvxA_ref1",
      "true_positive_site_pair_count": 0,
      "false_positive_site_pair_count": 20,
      "true_site_pair_count": 228,
      "precision": 0.0,
      "recall": 0.0
    },
    {
      "name": "ref1/v1/1ubi_ref1",
      "true_positive_site_pair_count": 12,
      "false_positive_site_pair_count": 884,
      "true_site_pair_count": 546,
      "precision": 0.013392857142857142,
      "recall": 0.02197802197802198
    },
    {
      "name": "ref1/v1/1gdoA_ref1",
      "true_positive_site_pair_count": 78,
      "false_positive_site_pair_count": 2076,
      "true_site_pair_count": 936,
      "precision": 0.036211699164345405,
      "recall": 0.08333333333333333
    },
    {
      "name": "ref1/v1/2hsdA_ref1",
      "true_positive_site_pair_count": 836,
      "false_positive_site_pair_count": 10560,
      "true_site_pair_count": 12558,
      "precision": 0.07335907335907337,
      "recall": 0.06657111004937091
    },
    {
      "name": "ref1/v1/1sbp_ref1",
      "true_positive_site_pair_count": 236,
      "false_positive_site_pair_count": 3216,
      "true_site_pair_count": 3444,
      "precision": 0.06836616454229433,
      "recall": 0.06852497096399536
    },
    {
      "name": "ref1/v1/1lci_ref1",
      "true_positive_site_pair_count": 1164,
      "false_positive_site_pair_count": 5586,
      "true_site_pair_count": 8310,
      "precision": 0.17244444444444446,
      "recall": 0.14007220216606497
    },
    {
      "name": "ref1/v1/1lvl_ref1",
      "true_positive_site_pair_count": 752,
      "false_positive_site_pair_count": 9892,
      "true_site_pair_count": 6160,
      "precision": 0.07065013152950018,
      "recall": 0.12207792207792208
    }
  ]
}