{
  "path": "./data/bb3_release/RV11",
  "results": [
    {
      "name": "ref1/v1/1r69_ref1",
      "true_positive_site_pair_count": 0,
      "false_positive_site_pair_count": 0,
      "true_site_pair_count": 396,
      "precision": null,
      "recall": 0.0
    },
    {
      "name": "ref1/v1/1wit_ref1",
      "true_positive_site_pair_count": 42,
      "false_positive_site_pair_count": 120,
      "true_site_pair_count": 1800,
      "precision": 0.25925925925925924,
      "recall": 0.023333333333333334
    },
    {
      "name": "ref1/v1/1sesA_ref1",
      "true_positive_site_pair_count": 20,
      "false_positive_site_pair_count": 114,
      "true_site_pair_count": 1236,
      "precision": 0.14925373134328357,
      "recall": 0.016181229773462782
    },
    {
      "name": "ref1/v1/1ycc_ref1",
      "true_positive_site_pair_count": 8,
      "false_positive_site_pair_count": 20,
      "true_site_pair_count": 612,
      "precision": 0.2857142857142857,
      "recall": 0.013071895424836602
    },
    {
      "name": "ref1/v1/kinase_ref1",
      "true_positive_site_pair_count": 446,
      "false_positive_site_pair_count": 220,
      "true_site_pair_count": 7560,
      "precision": 0.6696696696696697,
      "recall": 0.058994708994708996
    },
    {
      "name": "ref1/v1/1ldg_ref1",
      "true_positive_site_pair_count": 84,
      "false_positive_site_pair_count": 100,
      "true_site_pair_count": 2376,
      "precision": 0.45652173913043476,
      "recall": 0.03535353535353535
    },
    {
      "name": "ref1/v1/1pgtA_ref1",
      "true_positive_site_pair_count": 204,
      "false_positive_site_pair_count": 106,
      "true_site_pair_count": 5400,
      "precision": 0.6580645161290323,
      "recall": 0.03777777777777778
    },
    {
      "name": "ref1/v1/1hleA_ref1",
      "true_positive_site_pair_count": 70,
      "false_positive_site_pair_count": 20,
      "true_site_pair_count": 3012,
      "precision": 0.7777777777777778,
      "recall": 0.023240371845949535
    },
    {
      "name": "ref1/v1/2pia_ref1",
      "true_positive_site_pair_count": 256,
      "false_positive_site_pair_count": 220,
      "true_site_pair_count": 4256,
      "precision": 0.5378151260504201,
      "recall": 0.06015037593984962
    },
    {
      "name": "ref1/v1/1mrj_ref1",
      "true_positive_site_pair_count": 54,
      "false_positive_site_pair_count": 20,
      "true_site_pair_count": 1812,
      "precision": 0.7297297297297297,
      "recall": 0.029801324503311258
    },
    {
      "name": "ref1/v1/451c_ref1",
      "true_positive_site_pair_count": 14,
      "false_positive_site_pair_count": 0,
      "true_site_pair_count": 740,
      "precision": 1.0,
      "recall": 0.01891891891891892
    },
    {
      "name": "ref1/v1/3grs_ref1",
      "true_positive_site_pair_count": 280,
      "false_positive_site_pair_count": 634,
      "true_site_pair_count": 5600,
      "precision": 0.3063457330415755,
      "recall": 0.05
    },
    {
      "name": "ref1/v1/1bbt3_ref1",
      "true_positive_site_pair_count": 44,
      "false_positive_site_pair_count": 70,
      "true_site_pair_count": 2688,
      "precision": 0.38596491228070173,
      "recall": 0.01636904761904762
    },
    {
      "name": "ref1/v1/1cpt_ref1",
      "true_positive_site_pair_count": 346,
      "false_positive_site_pair_count": 602,
      "true_site_pair_count": 10224,
      "precision": 0.3649789029535865,
      "recall": 0.03384194053208138
    },
    {
      "name": "ref1/v1/1idy_ref1",
      "true_positive_site_pair_count": 0,
      "false_positive_site_pair_count": 20,
      "true_site_pair_count": 580,
      "precision": 0.0,
      "recall": 0.0
    },
    {
      "name": "ref1/v1/1uky_ref1",
      "true_positive_site_pair_count": 134,
      "false_positive_site_pair_count": 100,
      "true_site_pair_count": 2940,
      "precision": 0.5726495726495726,
      "recall": 0.04557823129251701
    },
    {
      "name": "ref1/v1/1plc_ref1",
      "true_positive_site_pair_count": 46,
      "false_positive_site_pair_count": 20,
      "true_site_pair_count": 588,
      "precision": 0.696969696969697,
      "recall": 0.0782312925170068
    },
    {
      "name": "ref1/v1/1aab_ref1",
      "true_positive_site_pair_count": 0,
      "false_positive_site_pair_count": 0,
      "true_site_pair_count": 684,
      "precision": null,
      "recall": 0.0
    },
    {
      "name": "ref1/v1/gal4_ref1",
      "true_positive_site_pair_count": 20,
      "false_positive_site_pair_count": 240,
      "true_site_pair_count": 4060,
      "precision": 0.07692307692307693,
      "recall": 0.0049261083743842365
    },
    {
      "name": "ref1/v1/1dox_ref1",
      "true_positive_site_pair_count": 68,
      "false_positive_site_pair_count": 44,
      "true_site_pair_count": 720,
      "precision": 0.6071428571428571,
      "recall": 0.09444444444444444
    },
    {
      "name": "ref1/v1/1adj_ref1",
      "true_positive_site_pair_count": 50,
      "false_positive_site_pair_count": 82,
      "true_site_pair_count": 2208,
      "precision": 0.3787878787878788,
      "recall": 0.022644927536231884
    },
    {
      "name": "ref1/v1/2myr_ref1",
      "true_positive_site_pair_count": 220,
      "false_positive_site_pair_count": 340,
      "true_site_pair_count": 11660,
      "precision": 0.39285714285714285,
      "recall": 0.018867924528301886
    },
    {
      "name": "ref1/v1/1ajsA_ref1",
      "true_positive_site_pair_count": 170,
      "false_positive_site_pair_count": 1302,
      "true_site_pair_count": 16016,
      "precision": 0.11548913043478261,
      "recall": 0.010614385614385614
    },
    {
      "name": "ref1/v1/2trx_ref1",
      "true_positive_site_pair_count": 86,
      "false_positive_site_pair_count": 98,
      "true_site_pair_count": 1980,
      "precision": 0.4673913043478261,
      "recall": 0.043434343434343436
    },
    {
      "name": "ref1/v1/1pamA_ref1",
      "true_positive_site_pair_count": 1004,
      "false_positive_site_pair_count": 1592,
      "true_site_pair_count": 18382,
      "precision": 0.386748844375963,
      "recall": 0.05461864867805462
    },
    {
      "name": "ref1/v1/4enl_ref1",
      "true_positive_site_pair_count": 32,
      "false_positive_site_pair_count": 834,
      "true_site_pair_count": 5152,
      "precision": 0.03695150115473441,
      "recall": 0.006211180124223602
    },
    {
      "name": "ref1/v1/1ad3_ref1",
      "true_positive_site_pair_count": 48,
      "false_positive_site_pair_count": 140,
      "true_site_pair_count": 2964,
      "precision": 0.2553191489361702,
      "recall": 0.016194331983805668
    },
    {
      "name": "ref1/v1/1csy_ref1",
      "true_positive_site_pair_count": 60,
      "false_positive_site_pair_count": 0,
      "true_site_pair_count": 588,
      "precision": 1.0,
      "recall": 0.10204081632653061
    },
    {
      "name": "ref1/v1/1havA_ref1",
      "true_positive_site_pair_count": 0,
      "false_positive_site_pair_count": 40,
      "true_site_pair_count": 920,
      "precision": 0.0,
      "recall": 0.0
    },
    {
      "name": "ref1/v1/1aboA_ref1",
      "true_positive_site_pair_count": 0,
      "false_positive_site_pair_count": 60,
      "true_site_pair_count": 952,
      "precision": 0.0,
      "recall": 0.0
    },
    {
      "name": "ref1/v1/1ped_ref1",
      "true_positive_site_pair_count": 316,
      "false_positive_site_pair_count": 768,
      "true_site_pair_count": 8730,
      "precision": 0.2915129151291513,
      "recall": 0.03619702176403208
    },
    {
      "name": "ref1/v1/1tvxA_ref1",
      "true_positive_site_pair_count": 0,
      "false_positive_site_pair_count": 0,
      "true_site_pair_count": 228,
      "precision": null,
      "recall": 0.0
    },
    {
      "name": "ref1/v1/1ubi_ref1",
      "true_positive_site_pair_count": 4,
      "false_positive_site_pair_count": 56,
      "true_site_pair_count": 546,
      "precision": 0.06666666666666667,
      "recall": 0.007326007326007326
    },
    {
      "name": "ref1/v1/1gdoA_ref1",
      "true_positive_site_pair_count": 36,
      "false_positive_site_pair_count": 214,
      "true_site_pair_count": 936,
      "precision": 0.144,
      "recall": 0.038461538461538464
    },
    {
      "name": "ref1/v1/2hsdA_ref1",
      "true_positive_site_pair_count": 312,
      "false_positive_site_pair_count": 904,
      "true_site_pair_count": 12558,
      "precision": 0.2565789473684211,
      "recall": 0.024844720496894408
    },
    {
      "name": "ref1/v1/1sbp_ref1",
      "true_positive_site_pair_count": 74,
      "false_positive_site_pair_count": 242,
      "true_site_pair_count": 3444,
      "precision": 0.23417721518987342,
      "recall": 0.02148664343786295
    },
    {
      "name": "ref1/v1/1lci_ref1",
      "true_positive_site_pair_count": 348,
      "false_positive_site_pair_count": 488,
      "true_site_pair_count": 8310,
      "precision": 0.41626794258373206,
      "recall": 0.04187725631768953
    },
    {
      "name": "ref1/v1/1lvl_ref1",
      "true_positive_site_pair_count": 320,
      "false_positive_site_pair_count": 586,
      "true_site_pair_count": 6160,
      "precision": 0.35320088300220753,
      "recall": 0.05194805194805195
    }
  ]
}