{
  "path": "./data/bb3_release/RV11",
  "results": [
    {
      "name": "ref1/v1/1r69_ref1",
      "true_positive_site_pair_count": 0,
      "false_positive_site_pair_count": 0,
      "true_site_pair_count": 396,
      "precision": null,
      "recall": 0.0
    },
    {
      "name": "ref1/v1/1wit_ref1",
      "true_positive_site_pair_count": 18,
      "false_positive_site_pair_count": 216,
      "true_site_pair_count": 1800,
      "precision": 0.07692307692307693,
      "recall": 0.01
    },
    {
      "name": "ref1/v1/1sesA_ref1",
      "true_positive_site_pair_count": 0,
      "false_positive_site_pair_count": 126,
      "true_site_pair_count": 1236,
      "precision": 0.0,
      "recall": 0.0
    },
    {
      "name": "ref1/v1/1ycc_ref1",
      "true_positive_site_pair_count": 22,
      "false_positive_site_pair_count": 18,
      "true_site_pair_count": 612,
      "precision": 0.55,
      "recall": 0.03594771241830065
    },
    {
      "name": "ref1/v1/kinase_ref1",
      "true_positive_site_pair_count": 510,
      "false_positive_site_pair_count": 188,
      "true_site_pair_count": 7560,
      "precision": 0.7306590257879656,
      "recall": 0.06746031746031746
    },
    {
      "name": "ref1/v1/1ldg_ref1",
      "true_positive_site_pair_count": 54,
      "false_positive_site_pair_count": 90,
      "true_site_pair_count": 2376,
      "precision": 0.375,
      "recall": 0.022727272727272728
    },
    {
      "name": "ref1/v1/1pgtA_ref1",
      "true_positive_site_pair_count": 104,
      "false_positive_site_pair_count": 156,
      "true_site_pair_count": 5400,
      "precision": 0.4,
      "recall": 0.01925925925925926
    },
    {
      "name": "ref1/v1/1hleA_ref1",
      "true_positive_site_pair_count": 122,
      "false_positive_site_pair_count": 56,
      "true_site_pair_count": 3012,
      "precision": 0.6853932584269663,
      "recall": 0.04050464807436919
    },
    {
      "name": "ref1/v1/2pia_ref1",
      "true_positive_site_pair_count": 228,
      "false_positive_site_pair_count": 164,
      "true_site_pair_count": 4256,
      "precision": 0.5816326530612245,
      "recall": 0.05357142857142857
    },
    {
      "name": "ref1/v1/1mrj_ref1",
      "true_positive_site_pair_count": 104,
      "false_positive_site_pair_count": 0,
      "true_site_pair_count": 1812,
      "precision": 1.0,
      "recall": 0.05739514348785872
    },
    {
      "name": "ref1/v1/451c_ref1",
      "true_positive_site_pair_count": 20,
      "false_positive_site_pair_count": 18,
      "true_site_pair_count": 740,
      "precision": 0.5263157894736842,
      "recall": 0.02702702702702703
    },
    {
      "name": "ref1/v1/3grs_ref1",
      "true_positive_site_pair_count": 222,
      "false_positive_site_pair_count": 704,
      "true_site_pair_count": 5600,
      "precision": 0.23974082073434125,
      "recall": 0.03964285714285714
    },
    {
      "name": "ref1/v1/1bbt3_ref1",
      "true_positive_site_pair_count": 72,
      "false_positive_site_pair_count": 112,
      "true_site_pair_count": 2688,
      "precision": 0.391304347826087,
      "recall": 0.026785714285714284
    },
    {
      "name": "ref1/v1/1cpt_ref1",
      "true_positive_site_pair_count": 316,
      "false_positive_site_pair_count": 686,
      "true_site_pair_count": 10224,
      "precision": 0.3153692614770459,
      "recall": 0.030907668231611892
    },
    {
      "name": "ref1/v1/1idy_ref1",
      "true_positive_site_pair_count": 0,
      "false_positive_site_pair_count": 0,
      "true_site_pair_count": 580,
      "precision": null,
      "recall": 0.0
    },
    {
      "name": "ref1/v1/1uky_ref1",
      "true_positive_site_pair_count": 118,
      "false_positive_site_pair_count": 126,
      "true_site_pair_count": 2940,
      "precision": 0.48360655737704916,
      "recall": 0.04013605442176871
    },
    {
      "name": "ref1/v1/1plc_ref1",
      "true_positive_site_pair_count": 36,
      "false_positive_site_pair_count": 0,
      "true_site_pair_count": 588,
      "precision": 1.0,
      "recall": 0.061224489795918366
    },
    {
      "name": "ref1/v1/1aab_ref1",
      "true_positive_site_pair_count": 0,
      "false_positive_site_pair_count": 18,
      "true_site_pair_count": 684,
      "precision": 0.0,
      "recall": 0.0
    },
    {
      "name": "ref1/v1/gal4_ref1",
      "true_positive_site_pair_count": 66,
      "false_positive_site_pair_count": 162,
      "true_site_pair_count": 4060,
      "precision": 0.2894736842105263,
      "recall": 0.01625615763546798
    },
    {
      "name": "ref1/v1/1dox_ref1",
      "true_positive_site_pair_count": 54,
      "false_positive_site_pair_count": 72,
      "true_site_pair_count": 720,
      "precision": 0.42857142857142855,
      "recall": 0.075
    },
    {
      "name": "ref1/v1/1adj_ref1",
      "true_positive_site_pair_count": 18,
      "false_positive_site_pair_count": 110,
      "true_site_pair_count": 2208,
      "precision": 0.140625,
      "recall": 0.008152173913043478
    },
    {
      "name": "ref1/v1/2myr_ref1",
      "true_positive_site_pair_count": 82,
      "false_positive_site_pair_count": 414,
      "true_site_pair_count": 11660,
      "precision": 0.16532258064516128,
      "recall": 0.007032590051457976
    },
    {
      "name": "ref1/v1/1ajsA_ref1",
      "true_positive_site_pair_count": 150,
      "false_positive_site_pair_count": 1272,
      "true_site_pair_count": 16016,
      "precision": 0.10548523206751055,
      "recall": 0.009365634365634366
    },
    {
      "name": "ref1/v1/2trx_ref1",
      "true_positive_site_pair_count": 60,
      "false_positive_site_pair_count": 150,
      "true_site_pair_count": 1980,
      "precision": 0.2857142857142857,
      "recall": 0.030303030303030304
    },
    {
      "name": "ref1/v1/1pamA_ref1",
      "true_positive_site_pair_count": 1148,
      "false_positive_site_pair_count": 1618,
      "true_site_pair_count": 18382,
      "precision": 0.4150397686189443,
      "recall": 0.062452399086062454
    },
    {
      "name": "ref1/v1/4enl_ref1",
      "true_positive_site_pair_count": 80,
      "false_positive_site_pair_count": 492,
      "true_site_pair_count": 5152,
      "precision": 0.13986013986013987,
      "recall": 0.015527950310559006
    },
    {
      "name": "ref1/v1/1ad3_ref1",
      "true_positive_site_pair_count": 76,
      "false_positive_site_pair_count": 168,
      "true_site_pair_count": 2964,
      "precision": 0.3114754098360656,
      "recall": 0.02564102564102564
    },
    {
      "name": "ref1/v1/1csy_ref1",
      "true_positive_site_pair_count": 52,
      "false_positive_site_pair_count": 54,
      "true_site_pair_count": 588,
      "precision": 0.49056603773584906,
      "recall": 0.08843537414965986
    },
    {
      "name": "ref1/v1/1havA_ref1",
      "true_positive_site_pair_count": 0,
      "false_positive_site_pair_count": 0,
      "true_site_pair_count": 920,
      "precision": null,
      "recall": 0.0
    },
    {
      "name": "ref1/v1/1aboA_ref1",
      "true_positive_site_pair_count": 18,
      "false_positive_site_pair_count": 36,
      "true_site_pair_count": 952,
      "precision": 0.3333333333333333,
      "recall": 0.018907563025210083
    },
    {
      "name": "ref1/v1/1ped_ref1",
      "true_positive_site_pair_count": 314,
      "false_positive_site_pair_count": 348,
      "true_site_pair_count": 8730,
      "precision": 0.4743202416918429,
      "recall": 0.03596792668957617
    },
    {
      "name": "ref1/v1/1tvxA_ref1",
      "true_positive_site_pair_count": 0,
      "false_positive_site_pair_count": 0,
      "true_site_pair_count": 228,
      "precision": null,
      "recall": 0.0
    },
    {
      "name": "ref1/v1/1ubi_ref1",
      "true_positive_site_pair_count": 0,
      "false_positive_site_pair_count": 72,
      "true_site_pair_count": 546,
      "precision": 0.0,
      "recall": 0.0
    },
    {
      "name": "ref1/v1/1gdoA_ref1",
      "true_positive_site_pair_count": 36,
      "false_positive_site_pair_count": 330,
      "true_site_pair_count": 936,
      "precision": 0.09836065573770492,
      "recall": 0.038461538461538464
    },
    {
      "name": "ref1/v1/2hsdA_ref1",
      "true_positive_site_pair_count": 272,
      "false_positive_site_pair_count": 738,
      "true_site_pair_count": 12558,
      "precision": 0.2693069306930693,
      "recall": 0.021659499920369484
    },
    {
      "name": "ref1/v1/1sbp_ref1",
      "true_positive_site_pair_count": 96,
      "false_positive_site_pair_count": 198,
      "true_site_pair_count": 3444,
      "precision": 0.32653061224489793,
      "recall": 0.027874564459930314
    },
    {
      "name": "ref1/v1/1lci_ref1",
      "true_positive_site_pair_count": 306,
      "false_positive_site_pair_count": 396,
      "true_site_pair_count": 8310,
      "precision": 0.4358974358974359,
      "recall": 0.0368231046931408
    },
    {
      "name": "ref1/v1/1lvl_ref1",
      "true_positive_site_pair_count": 314,
      "false_positive_site_pair_count": 738,
      "true_site_pair_count": 6160,
      "precision": 0.2984790874524715,
      "recall": 0.05097402597402598
    }
  ]
}