{
  "path": "./data/bb3_release/RV11",
  "results": [
    {
      "name": "ref1/v1/1r69_ref1",
      "true_positive_site_pair_count": 0,
      "false_positive_site_pair_count": 32,
      "true_site_pair_count": 396,
      "precision": 0.0,
      "recall": 0.0
    },
    {
      "name": "ref1/v1/1wit_ref1",
      "true_positive_site_pair_count": 34,
      "false_positive_site_pair_count": 208,
      "true_site_pair_count": 1800,
      "precision": 0.14049586776859505,
      "recall": 0.01888888888888889
    },
    {
      "name": "ref1/v1/1sesA_ref1",
      "true_positive_site_pair_count": 10,
      "false_positive_site_pair_count": 114,
      "true_site_pair_count": 1236,
      "precision": 0.08064516129032258,
      "recall": 0.008090614886731391
    },
    {
      "name": "ref1/v1/1ycc_ref1",
      "true_positive_site_pair_count": 24,
      "false_positive_site_pair_count": 8,
      "true_site_pair_count": 612,
      "precision": 0.75,
      "recall": 0.0392156862745098
    },
    {
      "name": "ref1/v1/kinase_ref1",
      "true_positive_site_pair_count": 488,
      "false_positive_site_pair_count": 192,
      "true_site_pair_count": 7560,
      "precision": 0.7176470588235294,
      "recall": 0.06455026455026455
    },
    {
      "name": "ref1/v1/1ldg_ref1",
      "true_positive_site_pair_count": 58,
      "false_positive_site_pair_count": 96,
      "true_site_pair_count": 2376,
      "precision": 0.37662337662337664,
      "recall": 0.02441077441077441
    },
    {
      "name": "ref1/v1/1pgtA_ref1",
      "true_positive_site_pair_count": 88,
      "false_positive_site_pair_count": 80,
      "true_site_pair_count": 5400,
      "precision": 0.5238095238095238,
      "recall": 0.016296296296296295
    },
    {
      "name": "ref1/v1/1hleA_ref1",
      "true_positive_site_pair_count": 64,
      "false_positive_site_pair_count": 98,
      "true_site_pair_count": 3012,
      "precision": 0.3950617283950617,
      "recall": 0.021248339973439574
    },
    {
      "name": "ref1/v1/2pia_ref1",
      "true_positive_site_pair_count": 224,
      "false_positive_site_pair_count": 80,
      "true_site_pair_count": 4256,
      "precision": 0.7368421052631579,
      "recall": 0.05263157894736842
    },
    {
      "name": "ref1/v1/1mrj_ref1",
      "true_positive_site_pair_count": 58,
      "false_positive_site_pair_count": 0,
      "true_site_pair_count": 1812,
      "precision": 1.0,
      "recall": 0.03200883002207505
    },
    {
      "name": "ref1/v1/451c_ref1",
      "true_positive_site_pair_count": 28,
      "false_positive_site_pair_count": 16,
      "true_site_pair_count": 740,
      "precision": 0.6363636363636364,
      "recall": 0.03783783783783784
    },
    {
      "name": "ref1/v1/3grs_ref1",
      "true_positive_site_pair_count": 294,
      "false_positive_site_pair_count": 608,
      "true_site_pair_count": 5600,
      "precision": 0.3259423503325942,
      "recall": 0.0525
    },
    {
      "name": "ref1/v1/1bbt3_ref1",
      "true_positive_site_pair_count": 26,
      "false_positive_site_pair_count": 128,
      "true_site_pair_count": 2688,
      "precision": 0.16883116883116883,
      "recall": 0.009672619047619048
    },
    {
      "name": "ref1/v1/1cpt_ref1",
      "true_positive_site_pair_count": 338,
      "false_positive_site_pair_count": 450,
      "true_site_pair_count": 10224,
      "precision": 0.4289340101522843,
      "recall": 0.03305946791862285
    },
    {
      "name": "ref1/v1/1idy_ref1",
      "true_positive_site_pair_count": 0,
      "false_positive_site_pair_count": 0,
      "true_site_pair_count": 580,
      "precision": null,
      "recall": 0.0
    },
    {
      "name": "ref1/v1/1uky_ref1",
      "true_positive_site_pair_count": 66,
      "false_positive_site_pair_count": 176,
      "true_site_pair_count": 2940,
      "precision": 0.2727272727272727,
      "recall": 0.022448979591836733
    },
    {
      "name": "ref1/v1/1plc_ref1",
      "true_positive_site_pair_count": 32,
      "false_positive_site_pair_count": 16,
      "true_site_pair_count": 588,
      "precision": 0.6666666666666666,
      "recall": 0.05442176870748299
    },
    {
      "name": "ref1/v1/1aab_ref1",
      "true_positive_site_pair_count": 0,
      "false_positive_site_pair_count": 0,
      "true_site_pair_count": 684,
      "precision": null,
      "recall": 0.0
    },
    {
      "name": "ref1/v1/gal4_ref1",
      "true_positive_site_pair_count": 32,
      "false_positive_site_pair_count": 176,
      "true_site_pair_count": 4060,
      "precision": 0.15384615384615385,
      "recall": 0.007881773399014778
    },
    {
      "name": "ref1/v1/1dox_ref1",
      "true_positive_site_pair_count": 24,
      "false_positive_site_pair_count": 24,
      "true_site_pair_count": 720,
      "precision": 0.5,
      "recall": 0.03333333333333333
    },
    {
      "name": "ref1/v1/1adj_ref1",
      "true_positive_site_pair_count": 4,
      "false_positive_site_pair_count": 96,
      "true_site_pair_count": 2208,
      "precision": 0.04,
      "recall": 0.0018115942028985507
    },
    {
      "name": "ref1/v1/2myr_ref1",
      "true_positive_site_pair_count": 132,
      "false_positive_site_pair_count": 288,
      "true_site_pair_count": 11660,
      "precision": 0.3142857142857143,
      "recall": 0.011320754716981131
    },
    {
      "name": "ref1/v1/1ajsA_ref1",
      "true_positive_site_pair_count": 164,
      "false_positive_site_pair_count": 888,
      "true_site_pair_count": 16016,
      "precision": 0.155893536121673,
      "recall": 0.01023976023976024
    },
    {
      "name": "ref1/v1/2trx_ref1",
      "true_positive_site_pair_count": 54,
      "false_positive_site_pair_count": 118,
      "true_site_pair_count": 1980,
      "precision": 0.313953488372093,
      "recall": 0.02727272727272727
    },
    {
      "name": "ref1/v1/1pamA_ref1",
      "true_positive_site_pair_count": 1162,
      "false_positive_site_pair_count": 1232,
      "true_site_pair_count": 18382,
      "precision": 0.4853801169590643,
      "recall": 0.06321401370906321
    },
    {
      "name": "ref1/v1/4enl_ref1",
      "true_positive_site_pair_count": 56,
      "false_positive_site_pair_count": 280,
      "true_site_pair_count": 5152,
      "precision": 0.16666666666666666,
      "recall": 0.010869565217391304
    },
    {
      "name": "ref1/v1/1ad3_ref1",
      "true_positive_site_pair_count": 58,
      "false_positive_site_pair_count": 80,
      "true_site_pair_count": 2964,
      "precision": 0.42028985507246375,
      "recall": 0.019568151147098516
    },
    {
      "name": "ref1/v1/1csy_ref1",
      "true_positive_site_pair_count": 20,
      "false_positive_site_pair_count": 16,
      "true_site_pair_count": 588,
      "precision": 0.5555555555555556,
      "recall": 0.034013605442176874
    },
    {
      "name": "ref1/v1/1havA_ref1",
      "true_positive_site_pair_count": 0,
      "false_positive_site_pair_count": 32,
      "true_site_pair_count": 920,
      "precision": 0.0,
      "recall": 0.0
    },
    {
      "name": "ref1/v1/1aboA_ref1",
      "true_positive_site_pair_count": 14,
      "false_positive_site_pair_count": 0,
      "true_site_pair_count": 952,
      "precision": 1.0,
      "recall": 0.014705882352941176
    },
    {
      "name": "ref1/v1/1ped_ref1",
      "true_positive_site_pair_count": 258,
      "false_positive_site_pair_count": 478,
      "true_site_pair_count": 8730,
      "precision": 0.35054347826086957,
      "recall": 0.029553264604810996
    },
    {
      "name": "ref1/v1/1tvxA_ref1",
      "true_positive_site_pair_count": 10,
      "false_positive_site_pair_count": 0,
      "true_site_pair_count": 228,
      "precision": 1.0,
      "recall": 0.043859649122807015
    },
    {
      "name": "ref1/v1/1ubi_ref1",
      "true_positive_site_pair_count": 0,
      "false_positive_site_pair_count": 12,
      "true_site_pair_count": 546,
      "precision": 0.0,
      "recall": 0.0
    },
    {
      "name": "ref1/v1/1gdoA_ref1",
      "true_positive_site_pair_count": 40,
      "false_positive_site_pair_count": 184,
      "true_site_pair_count": 936,
      "precision": 0.17857142857142858,
      "recall": 0.042735042735042736
    },
    {
      "name": "ref1/v1/2hsdA_ref1",
      "true_positive_site_pair_count": 216,
      "false_positive_site_pair_count": 650,
      "true_site_pair_count": 12558,
      "precision": 0.24942263279445728,
      "recall": 0.017200191113234592
    },
    {
      "name": "ref1/v1/1sbp_ref1",
      "true_positive_site_pair_count": 82,
      "false_positive_site_pair_count": 112,
      "true_site_pair_count": 3444,
      "precision": 0.422680412371134,
      "recall": 0.023809523809523808
    },
    {
      "name": "ref1/v1/1lci_ref1",
      "true_positive_site_pair_count": 354,
      "false_positive_site_pair_count": 432,
      "true_site_pair_count": 8310,
      "precision": 0.45038167938931295,
      "recall": 0.04259927797833935
    },
    {
      "name": "ref1/v1/1lvl_ref1",
      "true_positive_site_pair_count": 288,
      "false_positive_site_pair_count": 498,
      "true_site_pair_count": 6160,
      "precision": 0.366412213740458,
      "recall": 0.046753246753246755
    }
  ]
}