{
  "path": "./data/bb3_release/RV11",
  "results": [
    {
      "name": "ref1/v1/1r69_ref1",
      "true_positive_site_pair_count": 0,
      "false_positive_site_pair_count": 28,
      "true_site_pair_count": 396,
      "precision": 0.0,
      "recall": 0.0
    },
    {
      "name": "ref1/v1/1wit_ref1",
      "true_positive_site_pair_count": 54,
      "false_positive_site_pair_count": 326,
      "true_site_pair_count": 1800,
      "precision": 0.14210526315789473,
      "recall": 0.03
    },
    {
      "name": "ref1/v1/1sesA_ref1",
      "true_positive_site_pair_count": 0,
      "false_positive_site_pair_count": 280,
      "true_site_pair_count": 1236,
      "precision": 0.0,
      "recall": 0.0
    },
    {
      "name": "ref1/v1/1ycc_ref1",
      "true_positive_site_pair_count": 0,
      "false_positive_site_pair_count": 28,
      "true_site_pair_count": 612,
      "precision": 0.0,
      "recall": 0.0
    },
    {
      "name": "ref1/v1/kinase_ref1",
      "true_positive_site_pair_count": 402,
      "false_positive_site_pair_count": 422,
      "true_site_pair_count": 7560,
      "precision": 0.4878640776699029,
      "recall": 0.05317460317460317
    },
    {
      "name": "ref1/v1/1ldg_ref1",
      "true_positive_site_pair_count": 58,
      "false_positive_site_pair_count": 0,
      "true_site_pair_count": 2376,
      "precision": 1.0,
      "recall": 0.02441077441077441
    },
    {
      "name": "ref1/v1/1pgtA_ref1",
      "true_positive_site_pair_count": 104,
      "false_positive_site_pair_count": 64,
      "true_site_pair_count": 5400,
      "precision": 0.6190476190476191,
      "recall": 0.01925925925925926
    },
    {
      "name": "ref1/v1/1hleA_ref1",
      "true_positive_site_pair_count": 96,
      "false_positive_site_pair_count": 28,
      "true_site_pair_count": 3012,
      "precision": 0.7741935483870968,
      "recall": 0.03187250996015936
    },
    {
      "name": "ref1/v1/2pia_ref1",
      "true_positive_site_pair_count": 224,
      "false_positive_site_pair_count": 228,
      "true_site_pair_count": 4256,
      "precision": 0.49557522123893805,
      "recall": 0.05263157894736842
    },
    {
      "name": "ref1/v1/1mrj_ref1",
      "true_positive_site_pair_count": 42,
      "false_positive_site_pair_count": 56,
      "true_site_pair_count": 1812,
      "precision": 0.42857142857142855,
      "recall": 0.023178807947019868
    },
    {
      "name": "ref1/v1/451c_ref1",
      "true_positive_site_pair_count": 0,
      "false_positive_site_pair_count": 0,
      "true_site_pair_count": 740,
      "precision": null,
      "recall": 0.0
    },
    {
      "name": "ref1/v1/3grs_ref1",
      "true_positive_site_pair_count": 284,
      "false_positive_site_pair_count": 860,
      "true_site_pair_count": 5600,
      "precision": 0.24825174825174826,
      "recall": 0.05071428571428571
    },
    {
      "name": "ref1/v1/1bbt3_ref1",
      "true_positive_site_pair_count": 38,
      "false_positive_site_pair_count": 112,
      "true_site_pair_count": 2688,
      "precision": 0.25333333333333335,
      "recall": 0.014136904761904762
    },
    {
      "name": "ref1/v1/1cpt_ref1",
      "true_positive_site_pair_count": 344,
      "false_positive_site_pair_count": 1040,
      "true_site_pair_count": 10224,
      "precision": 0.24855491329479767,
      "recall": 0.033646322378716745
    },
    {
      "name": "ref1/v1/1idy_ref1",
      "true_positive_site_pair_count": 0,
      "false_positive_site_pair_count": 0,
      "true_site_pair_count": 580,
      "precision": null,
      "recall": 0.0
    },
    {
      "name": "ref1/v1/1uky_ref1",
      "true_positive_site_pair_count": 0,
      "false_positive_site_pair_count": 112,
      "true_site_pair_count": 2940,
      "precision": 0.0,
      "recall": 0.0
    },
    {
      "name": "ref1/v1/1plc_ref1",
      "true_positive_site_pair_count": 0,
      "false_positive_site_pair_count": 0,
      "true_site_pair_count": 588,
      "precision": null,
      "recall": 0.0
    },
    {
      "name": "ref1/v1/1aab_ref1",
      "true_positive_site_pair_count": 0,
      "false_positive_site_pair_count": 0,
      "true_site_pair_count": 684,
      "precision": null,
      "recall": 0.0
    },
    {
      "name": "ref1/v1/gal4_ref1",
      "true_positive_site_pair_count": 56,
      "false_positive_site_pair_count": 196,
      "true_site_pair_count": 4060,
      "precision": 0.2222222222222222,
      "recall": 0.013793103448275862
    },
    {
      "name": "ref1/v1/1dox_ref1",
      "true_positive_site_pair_count": 84,
      "false_positive_site_pair_count": 28,
      "true_site_pair_count": 720,
      "precision": 0.75,
      "recall": 0.11666666666666667
    },
    {
      "name": "ref1/v1/1adj_ref1",
      "true_positive_site_pair_count": 20,
      "false_positive_site_pair_count": 56,
      "true_site_pair_count": 2208,
      "precision": 0.2631578947368421,
      "recall": 0.009057971014492754
    },
    {
      "name": "ref1/v1/2myr_ref1",
      "true_positive_site_pair_count": 126,
      "false_positive_site_pair_count": 422,
      "true_site_pair_count": 11660,
      "precision": 0.22992700729927007,
      "recall": 0.010806174957118353
    },
    {
      "name": "ref1/v1/1ajsA_ref1",
      "true_positive_site_pair_count": 156,
      "false_positive_site_pair_count": 2070,
      "true_site_pair_count": 16016,
      "precision": 0.07008086253369272,
      "recall": 0.00974025974025974
    },
    {
      "name": "ref1/v1/2trx_ref1",
      "true_positive_site_pair_count": 22,
      "false_positive_site_pair_count": 28,
      "true_site_pair_count": 1980,
      "precision": 0.44,
      "recall": 0.011111111111111112
    },
    {
      "name": "ref1/v1/1pamA_ref1",
      "true_positive_site_pair_count": 998,
      "false_positive_site_pair_count": 2070,
      "true_site_pair_count": 18382,
      "precision": 0.32529335071707954,
      "recall": 0.05429224241105429
    },
    {
      "name": "ref1/v1/4enl_ref1",
      "true_positive_site_pair_count": 94,
      "false_positive_site_pair_count": 626,
      "true_site_pair_count": 5152,
      "precision": 0.13055555555555556,
      "recall": 0.018245341614906832
    },
    {
      "name": "ref1/v1/1ad3_ref1",
      "true_positive_site_pair_count": 88,
      "false_positive_site_pair_count": 290,
      "true_site_pair_count": 2964,
      "precision": 0.2328042328042328,
      "recall": 0.029689608636977057
    },
    {
      "name": "ref1/v1/1csy_ref1",
      "true_positive_site_pair_count": 28,
      "false_positive_site_pair_count": 0,
      "true_site_pair_count": 588,
      "precision": 1.0,
      "recall": 0.047619047619047616
    },
    {
      "name": "ref1/v1/1havA_ref1",
      "true_positive_site_pair_count": 0,
      "false_positive_site_pair_count": 28,
      "true_site_pair_count": 920,
      "precision": 0.0,
      "recall": 0.0
    },
    {
      "name": "ref1/v1/1aboA_ref1",
      "true_positive_site_pair_count": 12,
      "false_positive_site_pair_count": 56,
      "true_site_pair_count": 952,
      "precision": 0.17647058823529413,
      "recall": 0.012605042016806723
    },
    {
      "name": "ref1/v1/1ped_ref1",
      "true_positive_site_pair_count": 496,
      "false_positive_site_pair_count": 916,
      "true_site_pair_count": 8730,
      "precision": 0.35127478753541075,
      "recall": 0.056815578465063
    },
    {
      "name": "ref1/v1/1tvxA_ref1",
      "true_positive_site_pair_count": 0,
      "false_positive_site_pair_count": 0,
      "true_site_pair_count": 228,
      "precision": null,
      "recall": 0.0
    },
    {
      "name": "ref1/v1/1ubi_ref1",
      "true_positive_site_pair_count": 0,
      "false_positive_site_pair_count": 164,
      "true_site_pair_count": 546,
      "precision": 0.0,
      "recall": 0.0
    },
    {
      "name": "ref1/v1/1gdoA_ref1",
      "true_positive_site_pair_count": 0,
      "false_positive_site_pair_count": 350,
      "true_site_pair_count": 936,
      "precision": 0.0,
      "recall": 0.0
    },
    {
      "name": "ref1/v1/2hsdA_ref1",
      "true_positive_site_pair_count": 270,
      "false_positive_site_pair_count": 1066,
      "true_site_pair_count": 12558,
      "precision": 0.20209580838323354,
      "recall": 0.02150023889154324
    },
    {
      "name": "ref1/v1/1sbp_ref1",
      "true_positive_site_pair_count": 102,
      "false_positive_site_pair_count": 268,
      "true_site_pair_count": 3444,
      "precision": 0.2756756756756757,
      "recall": 0.029616724738675958
    },
    {
      "name": "ref1/v1/1lci_ref1",
      "true_positive_site_pair_count": 406,
      "false_positive_site_pair_count": 496,
      "true_site_pair_count": 8310,
      "precision": 0.4501108647450111,
      "recall": 0.04885679903730445
    },
    {
      "name": "ref1/v1/1lvl_ref1",
      "true_positive_site_pair_count": 230,
      "false_positive_site_pair_count": 696,
      "true_site_pair_count": 6160,
      "precision": 0.24838012958963282,
      "recall": 0.037337662337662336
    }
  ]
}