{
  "path": "./data/bb3_release/RV11",
  "results": [
    {
      "name": "ref1/v1/1r69_ref1",
      "true_positive_site_pair_count": 0,
      "false_positive_site_pair_count": 0,
      "true_site_pair_count": 396,
      "precision": null,
      "recall": 0.0
    },
    {
      "name": "ref1/v1/1wit_ref1",
      "true_positive_site_pair_count": 16,
      "false_positive_site_pair_count": 204,
      "true_site_pair_count": 1800,
      "precision": 0.07272727272727272,
      "recall": 0.008888888888888889
    },
    {
      "name": "ref1/v1/1sesA_ref1",
      "true_positive_site_pair_count": 4,
      "false_positive_site_pair_count": 88,
      "true_site_pair_count": 1236,
      "precision": 0.043478260869565216,
      "recall": 0.003236245954692557
    },
    {
      "name": "ref1/v1/1ycc_ref1",
      "true_positive_site_pair_count": 20,
      "false_positive_site_pair_count": 0,
      "true_site_pair_count": 612,
      "precision": 1.0,
      "recall": 0.032679738562091505
    },
    {
      "name": "ref1/v1/kinase_ref1",
      "true_positive_site_pair_count": 428,
      "false_positive_site_pair_count": 356,
      "true_site_pair_count": 7560,
      "precision": 0.5459183673469388,
      "recall": 0.056613756613756616
    },
    {
      "name": "ref1/v1/1ldg_ref1",
      "true_positive_site_pair_count": 40,
      "false_positive_site_pair_count": 88,
      "true_site_pair_count": 2376,
      "precision": 0.3125,
      "recall": 0.016835016835016835
    },
    {
      "name": "ref1/v1/1pgtA_ref1",
      "true_positive_site_pair_count": 100,
      "false_positive_site_pair_count": 250,
      "true_site_pair_count": 5400,
      "precision": 0.2857142857142857,
      "recall": 0.018518518518518517
    },
    {
      "name": "ref1/v1/1hleA_ref1",
      "true_positive_site_pair_count": 58,
      "false_positive_site_pair_count": 88,
      "true_site_pair_count": 3012,
      "precision": 0.3972602739726027,
      "recall": 0.019256308100929615
    },
    {
      "name": "ref1/v1/2pia_ref1",
      "true_positive_site_pair_count": 210,
      "false_positive_site_pair_count": 188,
      "true_site_pair_count": 4256,
      "precision": 0.5276381909547738,
      "recall": 0.049342105263157895
    },
    {
      "name": "ref1/v1/1mrj_ref1",
      "true_positive_site_pair_count": 96,
      "false_positive_site_pair_count": 0,
      "true_site_pair_count": 1812,
      "precision": 1.0,
      "recall": 0.052980132450331126
    },
    {
      "name": "ref1/v1/451c_ref1",
      "true_positive_site_pair_count": 20,
      "false_positive_site_pair_count": 0,
      "true_site_pair_count": 740,
      "precision": 1.0,
      "recall": 0.02702702702702703
    },
    {
      "name": "ref1/v1/3grs_ref1",
      "true_positive_site_pair_count": 254,
      "false_positive_site_pair_count": 956,
      "true_site_pair_count": 5600,
      "precision": 0.20991735537190082,
      "recall": 0.04535714285714286
    },
    {
      "name": "ref1/v1/1bbt3_ref1",
      "true_positive_site_pair_count": 78,
      "false_positive_site_pair_count": 192,
      "true_site_pair_count": 2688,
      "precision": 0.28888888888888886,
      "recall": 0.029017857142857144
    },
    {
      "name": "ref1/v1/1cpt_ref1",
      "true_positive_site_pair_count": 446,
      "false_positive_site_pair_count": 530,
      "true_site_pair_count": 10224,
      "precision": 0.4569672131147541,
      "recall": 0.04362284820031299
    },
    {
      "name": "ref1/v1/1idy_ref1",
      "true_positive_site_pair_count": 0,
      "false_positive_site_pair_count": 0,
      "true_site_pair_count": 580,
      "precision": null,
      "recall": 0.0
    },
    {
      "name": "ref1/v1/1uky_ref1",
      "true_positive_site_pair_count": 132,
      "false_positive_site_pair_count": 154,
      "true_site_pair_count": 2940,
      "precision": 0.46153846153846156,
      "recall": 0.044897959183673466
    },
    {
      "name": "ref1/v1/1plc_ref1",
      "true_positive_site_pair_count": 0,
      "false_positive_site_pair_count": 44,
      "true_site_pair_count": 588,
      "precision": 0.0,
      "recall": 0.0
    },
    {
      "name": "ref1/v1/1aab_ref1",
      "true_positive_site_pair_count": 0,
      "false_positive_site_pair_count": 0,
      "true_site_pair_count": 684,
      "precision": null,
      "recall": 0.0
    },
    {
      "name": "ref1/v1/gal4_ref1",
      "true_positive_site_pair_count": 24,
      "false_positive_site_pair_count": 242,
      "true_site_pair_count": 4060,
      "precision": 0.09022556390977443,
      "recall": 0.005911330049261084
    },
    {
      "name": "ref1/v1/1dox_ref1",
      "true_positive_site_pair_count": 16,
      "false_positive_site_pair_count": 46,
      "true_site_pair_count": 720,
      "precision": 0.25806451612903225,
      "recall": 0.022222222222222223
    },
    {
      "name": "ref1/v1/1adj_ref1",
      "true_positive_site_pair_count": 0,
      "false_positive_site_pair_count": 110,
      "true_site_pair_count": 2208,
      "precision": 0.0,
      "recall": 0.0
    },
    {
      "name": "ref1/v1/2myr_ref1",
      "true_positive_site_pair_count": 70,
      "false_positive_site_pair_count": 500,
      "true_site_pair_count": 11660,
      "precision": 0.12280701754385964,
      "recall": 0.006003430531732418
    },
    {
      "name": "ref1/v1/1ajsA_ref1",
      "true_positive_site_pair_count": 136,
      "false_positive_site_pair_count": 1604,
      "true_site_pair_count": 16016,
      "precision": 0.07816091954022988,
      "recall": 0.008491508491508492
    },
    {
      "name": "ref1/v1/2trx_ref1",
      "true_positive_site_pair_count": 94,
      "false_positive_site_pair_count": 136,
      "true_site_pair_count": 1980,
      "precision": 0.40869565217391307,
      "recall": 0.047474747474747475
    },
    {
      "name": "ref1/v1/1pamA_ref1",
      "true_positive_site_pair_count": 934,
      "false_positive_site_pair_count": 1896,
      "true_site_pair_count": 18382,
      "precision": 0.3300353356890459,
      "recall": 0.05081057556305081
    },
    {
      "name": "ref1/v1/4enl_ref1",
      "true_positive_site_pair_count": 38,
      "false_positive_site_pair_count": 552,
      "true_site_pair_count": 5152,
      "precision": 0.06440677966101695,
      "recall": 0.007375776397515528
    },
    {
      "name": "ref1/v1/1ad3_ref1",
      "true_positive_site_pair_count": 112,
      "false_positive_site_pair_count": 186,
      "true_site_pair_count": 2964,
      "precision": 0.37583892617449666,
      "recall": 0.037786774628879895
    },
    {
      "name": "ref1/v1/1csy_ref1",
      "true_positive_site_pair_count": 22,
      "false_positive_site_pair_count": 44,
      "true_site_pair_count": 588,
      "precision": 0.3333333333333333,
      "recall": 0.03741496598639456
    },
    {
      "name": "ref1/v1/1havA_ref1",
      "true_positive_site_pair_count": 0,
      "false_positive_site_pair_count": 22,
      "true_site_pair_count": 920,
      "precision": 0.0,
      "recall": 0.0
    },
    {
      "name": "ref1/v1/1aboA_ref1",
      "true_positive_site_pair_count": 0,
      "false_positive_site_pair_count": 0,
      "true_site_pair_count": 952,
      "precision": null,
      "recall": 0.0
    },
    {
      "name": "ref1/v1/1ped_ref1",
      "true_positive_site_pair_count": 320,
      "false_positive_site_pair_count": 682,
      "true_site_pair_count": 8730,
      "precision": 0.3193612774451098,
      "recall": 0.03665521191294387
    },
    {
      "name": "ref1/v1/1tvxA_ref1",
      "true_positive_site_pair_count": 0,
      "false_positive_site_pair_count": 0,
      "true_site_pair_count": 228,
      "precision": null,
      "recall": 0.0
    },
    {
      "name": "ref1/v1/1ubi_ref1",
      "true_positive_site_pair_count": 4,
      "false_positive_site_pair_count": 40,
      "true_site_pair_count": 546,
      "precision": 0.09090909090909091,
      "recall": 0.007326007326007326
    },
    {
      "name": "ref1/v1/1gdoA_ref1",
      "true_positive_site_pair_count": 22,
      "false_positive_site_pair_count": 290,
      "true_site_pair_count": 936,
      "precision": 0.07051282051282051,
      "recall": 0.023504273504273504
    },
    {
      "name": "ref1/v1/2hsdA_ref1",
      "true_positive_site_pair_count": 382,
      "false_positive_site_pair_count": 718,
      "true_site_pair_count": 12558,
      "precision": 0.3472727272727273,
      "recall": 0.030418856505813028
    },
    {
      "name": "ref1/v1/1sbp_ref1",
      "true_positive_site_pair_count": 76,
      "false_positive_site_pair_count": 222,
      "true_site_pair_count": 3444,
      "precision": 0.2550335570469799,
      "recall": 0.022067363530778164
    },
    {
      "name": "ref1/v1/1lci_ref1",
      "true_positive_site_pair_count": 266,
      "false_positive_site_pair_count": 508,
      "true_site_pair_count": 8310,
      "precision": 0.34366925064599485,
      "recall": 0.03200962695547533
    },
    {
      "name": "ref1/v1/1lvl_ref1",
      "true_positive_site_pair_count": 332,
      "false_positive_site_pair_count": 760,
      "true_site_pair_count": 6160,
      "precision": 0.304029304029304,
      "recall": 0.05389610389610389
    }
  ]
}