{
  "path": "./data/bb3_release/RV11",
  "results": [
    {
      "name": "ref1/v1/1r69_ref1",
      "true_positive_site_pair_count": 0,
      "false_positive_site_pair_count": 30,
      "true_site_pair_count": 396,
      "precision": 0.0,
      "recall": 0.0
    },
    {
      "name": "ref1/v1/1wit_ref1",
      "true_positive_site_pair_count": 26,
      "false_positive_site_pair_count": 160,
      "true_site_pair_count": 1800,
      "precision": 0.13978494623655913,
      "recall": 0.014444444444444444
    },
    {
      "name": "ref1/v1/1sesA_ref1",
      "true_positive_site_pair_count": 34,
      "false_positive_site_pair_count": 240,
      "true_site_pair_count": 1236,
      "precision": 0.12408759124087591,
      "recall": 0.02750809061488673
    },
    {
      "name": "ref1/v1/1ycc_ref1",
      "true_positive_site_pair_count": 0,
      "false_positive_site_pair_count": 0,
      "true_site_pair_count": 612,
      "precision": null,
      "recall": 0.0
    },
    {
      "name": "ref1/v1/kinase_ref1",
      "true_positive_site_pair_count": 352,
      "false_positive_site_pair_count": 372,
      "true_site_pair_count": 7560,
      "precision": 0.4861878453038674,
      "recall": 0.04656084656084656
    },
    {
      "name": "ref1/v1/1ldg_ref1",
      "true_positive_site_pair_count": 40,
      "false_positive_site_pair_count": 70,
      "true_site_pair_count": 2376,
      "precision": 0.36363636363636365,
      "recall": 0.016835016835016835
    },
    {
      "name": "ref1/v1/1pgtA_ref1",
      "true_positive_site_pair_count": 132,
      "false_positive_site_pair_count": 274,
      "true_site_pair_count": 5400,
      "precision": 0.3251231527093596,
      "recall": 0.024444444444444446
    },
    {
      "name": "ref1/v1/1hleA_ref1",
      "true_positive_site_pair_count": 184,
      "false_positive_site_pair_count": 2,
      "true_site_pair_count": 3012,
      "precision": 0.989247311827957,
      "recall": 0.06108897742363878
    },
    {
      "name": "ref1/v1/2pia_ref1",
      "true_positive_site_pair_count": 192,
      "false_positive_site_pair_count": 210,
      "true_site_pair_count": 4256,
      "precision": 0.47761194029850745,
      "recall": 0.045112781954887216
    },
    {
      "name": "ref1/v1/1mrj_ref1",
      "true_positive_site_pair_count": 120,
      "false_positive_site_pair_count": 6,
      "true_site_pair_count": 1812,
      "precision": 0.9523809523809523,
      "recall": 0.06622516556291391
    },
    {
      "name": "ref1/v1/451c_ref1",
      "true_positive_site_pair_count": 24,
      "false_positive_site_pair_count": 0,
      "true_site_pair_count": 740,
      "precision": 1.0,
      "recall": 0.032432432432432434
    },
    {
      "name": "ref1/v1/3grs_ref1",
      "true_positive_site_pair_count": 284,
      "false_positive_site_pair_count": 798,
      "true_site_pair_count": 5600,
      "precision": 0.26247689463955637,
      "recall": 0.05071428571428571
    },
    {
      "name": "ref1/v1/1bbt3_ref1",
      "true_positive_site_pair_count": 34,
      "false_positive_site_pair_count": 120,
      "true_site_pair_count": 2688,
      "precision": 0.22077922077922077,
      "recall": 0.012648809523809524
    },
    {
      "name": "ref1/v1/1cpt_ref1",
      "true_positive_site_pair_count": 340,
      "false_positive_site_pair_count": 752,
      "true_site_pair_count": 10224,
      "precision": 0.31135531135531136,
      "recall": 0.03325508607198748
    },
    {
      "name": "ref1/v1/1idy_ref1",
      "true_positive_site_pair_count": 0,
      "false_positive_site_pair_count": 0,
      "true_site_pair_count": 580,
      "precision": null,
      "recall": 0.0
    },
    {
      "name": "ref1/v1/1uky_ref1",
      "true_positive_site_pair_count": 38,
      "false_positive_site_pair_count": 270,
      "true_site_pair_count": 2940,
      "precision": 0.12337662337662338,
      "recall": 0.01292517006802721
    },
    {
      "name": "ref1/v1/1plc_ref1",
      "true_positive_site_pair_count": 14,
      "false_positive_site_pair_count": 12,
      "true_site_pair_count": 588,
      "precision": 0.5384615384615384,
      "recall": 0.023809523809523808
    },
    {
      "name": "ref1/v1/1aab_ref1",
      "true_positive_site_pair_count": 0,
      "false_positive_site_pair_count": 0,
      "true_site_pair_count": 684,
      "precision": null,
      "recall": 0.0
    },
    {
      "name": "ref1/v1/gal4_ref1",
      "true_positive_site_pair_count": 22,
      "false_positive_site_pair_count": 180,
      "true_site_pair_count": 4060,
      "precision": 0.10891089108910891,
      "recall": 0.00541871921182266
    },
    {
      "name": "ref1/v1/1dox_ref1",
      "true_positive_site_pair_count": 46,
      "false_positive_site_pair_count": 32,
      "true_site_pair_count": 720,
      "precision": 0.5897435897435898,
      "recall": 0.06388888888888888
    },
    {
      "name": "ref1/v1/1adj_ref1",
      "true_positive_site_pair_count": 18,
      "false_positive_site_pair_count": 90,
      "true_site_pair_count": 2208,
      "precision": 0.16666666666666666,
      "recall": 0.008152173913043478
    },
    {
      "name": "ref1/v1/2myr_ref1",
      "true_positive_site_pair_count": 100,
      "false_positive_site_pair_count": 786,
      "true_site_pair_count": 11660,
      "precision": 0.11286681715575621,
      "recall": 0.008576329331046312
    },
    {
      "name": "ref1/v1/1ajsA_ref1",
      "true_positive_site_pair_count": 102,
      "false_positive_site_pair_count": 1508,
      "true_site_pair_count": 16016,
      "precision": 0.06335403726708075,
      "recall": 0.006368631368631369
    },
    {
      "name": "ref1/v1/2trx_ref1",
      "true_positive_site_pair_count": 64,
      "false_positive_site_pair_count": 78,
      "true_site_pair_count": 1980,
      "precision": 0.4507042253521127,
      "recall": 0.03232323232323232
    },
    {
      "name": "ref1/v1/1pamA_ref1",
      "true_positive_site_pair_count": 978,
      "false_positive_site_pair_count": 2644,
      "true_site_pair_count": 18382,
      "precision": 0.2700165654334622,
      "recall": 0.053204221521053204
    },
    {
      "name": "ref1/v1/4enl_ref1",
      "true_positive_site_pair_count": 142,
      "false_positive_site_pair_count": 560,
      "true_site_pair_count": 5152,
      "precision": 0.2022792022792023,
      "recall": 0.027562111801242236
    },
    {
      "name": "ref1/v1/1ad3_ref1",
      "true_positive_site_pair_count": 90,
      "false_positive_site_pair_count": 110,
      "true_site_pair_count": 2964,
      "precision": 0.45,
      "recall": 0.030364372469635626
    },
    {
      "name": "ref1/v1/1csy_ref1",
      "true_positive_site_pair_count": 22,
      "false_positive_site_pair_count": 30,
      "true_site_pair_count": 588,
      "precision": 0.4230769230769231,
      "recall": 0.03741496598639456
    },
    {
      "name": "ref1/v1/1havA_ref1",
      "true_positive_site_pair_count": 6,
      "false_positive_site_pair_count": 82,
      "true_site_pair_count": 920,
      "precision": 0.06818181818181818,
      "recall": 0.006521739130434782
    },
    {
      "name": "ref1/v1/1aboA_ref1",
      "true_positive_site_pair_count": 12,
      "false_positive_site_pair_count": 60,
      "true_site_pair_count": 952,
      "precision": 0.16666666666666666,
      "recall": 0.012605042016806723
    },
    {
      "name": "ref1/v1/1ped_ref1",
      "true_positive_site_pair_count": 546,
      "false_positive_site_pair_count": 836,
      "true_site_pair_count": 8730,
      "precision": 0.3950795947901592,
      "recall": 0.06254295532646048
    },
    {
      "name": "ref1/v1/1tvxA_ref1",
      "true_positive_site_pair_count": 0,
      "false_positive_site_pair_count": 0,
      "true_site_pair_count": 228,
      "precision": null,
      "recall": 0.0
    },
    {
      "name": "ref1/v1/1ubi_ref1",
      "true_positive_site_pair_count": 8,
      "false_positive_site_pair_count": 120,
      "true_site_pair_count": 546,
      "precision": 0.0625,
      "recall": 0.014652014652014652
    },
    {
      "name": "ref1/v1/1gdoA_ref1",
      "true_positive_site_pair_count": 0,
      "false_positive_site_pair_count": 360,
      "true_site_pair_count": 936,
      "precision": 0.0,
      "recall": 0.0
    },
    {
      "name": "ref1/v1/2hsdA_ref1",
      "true_positive_site_pair_count": 214,
      "false_positive_site_pair_count": 1338,
      "true_site_pair_count": 12558,
      "precision": 0.13788659793814434,
      "recall": 0.017040930084408344
    },
    {
      "name": "ref1/v1/1sbp_ref1",
      "true_positive_site_pair_count": 18,
      "false_positive_site_pair_count": 308,
      "true_site_pair_count": 3444,
      "precision": 0.05521472392638037,
      "recall": 0.005226480836236934
    },
    {
      "name": "ref1/v1/1lci_ref1",
      "true_positive_site_pair_count": 378,
      "false_positive_site_pair_count": 632,
      "true_site_pair_count": 8310,
      "precision": 0.37425742574257426,
      "recall": 0.04548736462093863
    },
    {
      "name": "ref1/v1/1lvl_ref1",
      "true_positive_site_pair_count": 324,
      "false_positive_site_pair_count": 902,
      "true_site_pair_count": 6160,
      "precision": 0.2642740619902121,
      "recall": 0.052597402597402594
    }
  ]
}