{
  "path": "./data/bb3_release/RV11",
  "results": [
    {
      "name": "ref1/v1/1r69_ref1",
      "true_positive_site_pair_count": 0,
      "false_positive_site_pair_count": 0,
      "true_site_pair_count": 396,
      "precision": null,
      "recall": 0.0
    },
    {
      "name": "ref1/v1/1wit_ref1",
      "true_positive_site_pair_count": 30,
      "false_positive_site_pair_count": 114,
      "true_site_pair_count": 1800,
      "precision": 0.20833333333333334,
      "recall": 0.016666666666666666
    },
    {
      "name": "ref1/v1/1sesA_ref1",
      "true_positive_site_pair_count": 0,
      "false_positive_site_pair_count": 96,
      "true_site_pair_count": 1236,
      "precision": 0.0,
      "recall": 0.0
    },
    {
      "name": "ref1/v1/1ycc_ref1",
      "true_positive_site_pair_count": 8,
      "false_positive_site_pair_count": 24,
      "true_site_pair_count": 612,
      "precision": 0.25,
      "recall": 0.013071895424836602
    },
    {
      "name": "ref1/v1/kinase_ref1",
      "true_positive_site_pair_count": 296,
      "false_positive_site_pair_count": 374,
      "true_site_pair_count": 7560,
      "precision": 0.4417910447761194,
      "recall": 0.039153439153439155
    },
    {
      "name": "ref1/v1/1ldg_ref1",
      "true_positive_site_pair_count": 94,
      "false_positive_site_pair_count": 74,
      "true_site_pair_count": 2376,
      "precision": 0.5595238095238095,
      "recall": 0.03956228956228956
    },
    {
      "name": "ref1/v1/1pgtA_ref1",
      "true_positive_site_pair_count": 158,
      "false_positive_site_pair_count": 194,
      "true_site_pair_count": 5400,
      "precision": 0.44886363636363635,
      "recall": 0.02925925925925926
    },
    {
      "name": "ref1/v1/1hleA_ref1",
      "true_positive_site_pair_count": 162,
      "false_positive_site_pair_count": 48,
      "true_site_pair_count": 3012,
      "precision": 0.7714285714285715,
      "recall": 0.053784860557768925
    },
    {
      "name": "ref1/v1/2pia_ref1",
      "true_positive_site_pair_count": 206,
      "false_positive_site_pair_count": 342,
      "true_site_pair_count": 4256,
      "precision": 0.3759124087591241,
      "recall": 0.048402255639097745
    },
    {
      "name": "ref1/v1/1mrj_ref1",
      "true_positive_site_pair_count": 86,
      "false_positive_site_pair_count": 96,
      "true_site_pair_count": 1812,
      "precision": 0.4725274725274725,
      "recall": 0.04746136865342163
    },
    {
      "name": "ref1/v1/451c_ref1",
      "true_positive_site_pair_count": 0,
      "false_positive_site_pair_count": 0,
      "true_site_pair_count": 740,
      "precision": null,
      "recall": 0.0
    },
    {
      "name": "ref1/v1/3grs_ref1",
      "true_positive_site_pair_count": 278,
      "false_positive_site_pair_count": 876,
      "true_site_pair_count": 5600,
      "precision": 0.24090121317157712,
      "recall": 0.04964285714285714
    },
    {
      "name": "ref1/v1/1bbt3_ref1",
      "true_positive_site_pair_count": 58,
      "false_positive_site_pair_count": 96,
      "true_site_pair_count": 2688,
      "precision": 0.37662337662337664,
      "recall": 0.021577380952380952
    },
    {
      "name": "ref1/v1/1cpt_ref1",
      "true_positive_site_pair_count": 256,
      "false_positive_site_pair_count": 710,
      "true_site_pair_count": 10224,
      "precision": 0.2650103519668737,
      "recall": 0.025039123630672927
    },
    {
      "name": "ref1/v1/1idy_ref1",
      "true_positive_site_pair_count": 0,
      "false_positive_site_pair_count": 0,
      "true_site_pair_count": 580,
      "precision": null,
      "recall": 0.0
    },
    {
      "name": "ref1/v1/1uky_ref1",
      "true_positive_site_pair_count": 112,
      "false_positive_site_pair_count": 136,
      "true_site_pair_count": 2940,
      "precision": 0.45161290322580644,
      "recall": 0.0380952380952381
    },
    {
      "name": "ref1/v1/1plc_ref1",
      "true_positive_site_pair_count": 18,
      "false_positive_site_pair_count": 0,
      "true_site_pair_count": 588,
      "precision": 1.0,
      "recall": 0.030612244897959183
    },
    {
      "name": "ref1/v1/1aab_ref1",
      "true_positive_site_pair_count": 24,
      "false_positive_site_pair_count": 24,
      "true_site_pair_count": 684,
      "precision": 0.5,
      "recall": 0.03508771929824561
    },
    {
      "name": "ref1/v1/gal4_ref1",
      "true_positive_site_pair_count": 24,
      "false_positive_site_pair_count": 168,
      "true_site_pair_count": 4060,
      "precision": 0.125,
      "recall": 0.005911330049261084
    },
    {
      "name": "ref1/v1/1dox_ref1",
      "true_positive_site_pair_count": 48,
      "false_positive_site_pair_count": 96,
      "true_site_pair_count": 720,
      "precision": 0.3333333333333333,
      "recall": 0.06666666666666667
    },
    {
      "name": "ref1/v1/1adj_ref1",
      "true_positive_site_pair_count": 46,
      "false_positive_site_pair_count": 98,
      "true_site_pair_count": 2208,
      "precision": 0.3194444444444444,
      "recall": 0.020833333333333332
    },
    {
      "name": "ref1/v1/2myr_ref1",
      "true_positive_site_pair_count": 40,
      "false_positive_site_pair_count": 528,
      "true_site_pair_count": 11660,
      "precision": 0.07042253521126761,
      "recall": 0.003430531732418525
    },
    {
      "name": "ref1/v1/1ajsA_ref1",
      "true_positive_site_pair_count": 170,
      "false_positive_site_pair_count": 1222,
      "true_site_pair_count": 16016,
      "precision": 0.1221264367816092,
      "recall": 0.010614385614385614
    },
    {
      "name": "ref1/v1/2trx_ref1",
      "true_positive_site_pair_count": 110,
      "false_positive_site_pair_count": 82,
      "true_site_pair_count": 1980,
      "precision": 0.5729166666666666,
      "recall": 0.05555555555555555
    },
    {
      "name": "ref1/v1/1pamA_ref1",
      "true_positive_site_pair_count": 1070,
      "false_positive_site_pair_count": 1650,
      "true_site_pair_count": 18382,
      "precision": 0.39338235294117646,
      "recall": 0.05820911761505821
    },
    {
      "name": "ref1/v1/4enl_ref1",
      "true_positive_site_pair_count": 56,
      "false_positive_site_pair_count": 692,
      "true_site_pair_count": 5152,
      "precision": 0.0748663101604278,
      "recall": 0.010869565217391304
    },
    {
      "name": "ref1/v1/1ad3_ref1",
      "true_positive_site_pair_count": 58,
      "false_positive_site_pair_count": 154,
      "true_site_pair_count": 2964,
      "precision": 0.27358490566037735,
      "recall": 0.019568151147098516
    },
    {
      "name": "ref1/v1/1csy_ref1",
      "true_positive_site_pair_count": 72,
      "false_positive_site_pair_count": 0,
      "true_site_pair_count": 588,
      "precision": 1.0,
      "recall": 0.12244897959183673
    },
    {
      "name": "ref1/v1/1havA_ref1",
      "true_positive_site_pair_count": 0,
      "false_positive_site_pair_count": 24,
      "true_site_pair_count": 920,
      "precision": 0.0,
      "recall": 0.0
    },
    {
      "name": "ref1/v1/1aboA_ref1",
      "true_positive_site_pair_count": 0,
      "false_positive_site_pair_count": 0,
      "true_site_pair_count": 952,
      "precision": null,
      "recall": 0.0
    },
    {
      "name": "ref1/v1/1ped_ref1",
      "true_positive_site_pair_count": 438,
      "false_positive_site_pair_count": 772,
      "true_site_pair_count": 8730,
      "precision": 0.36198347107438017,
      "recall": 0.05017182130584193
    },
    {
      "name": "ref1/v1/1tvxA_ref1",
      "true_positive_site_pair_count": 0,
      "false_positive_site_pair_count": 0,
      "true_site_pair_count": 228,
      "precision": null,
      "recall": 0.0
    },
    {
      "name": "ref1/v1/1ubi_ref1",
      "true_positive_site_pair_count": 0,
      "false_positive_site_pair_count": 98,
      "true_site_pair_count": 546,
      "precision": 0.0,
      "recall": 0.0
    },
    {
      "name": "ref1/v1/1gdoA_ref1",
      "true_positive_site_pair_count": 24,
      "false_positive_site_pair_count": 372,
      "true_site_pair_count": 936,
      "precision": 0.06060606060606061,
      "recall": 0.02564102564102564
    },
    {
      "name": "ref1/v1/2hsdA_ref1",
      "true_positive_site_pair_count": 352,
      "false_positive_site_pair_count": 990,
      "true_site_pair_count": 12558,
      "precision": 0.26229508196721313,
      "recall": 0.028029941073419336
    },
    {
      "name": "ref1/v1/1sbp_ref1",
      "true_positive_site_pair_count": 78,
      "false_positive_site_pair_count": 320,
      "true_site_pair_count": 3444,
      "precision": 0.19597989949748743,
      "recall": 0.02264808362369338
    },
    {
      "name": "ref1/v1/1lci_ref1",
      "true_positive_site_pair_count": 294,
      "false_positive_site_pair_count": 672,
      "true_site_pair_count": 8310,
      "precision": 0.30434782608695654,
      "recall": 0.03537906137184116
    },
    {
      "name": "ref1/v1/1lvl_ref1",
      "true_positive_site_pair_count": 420,
      "false_positive_site_pair_count": 706,
      "true_site_pair_count": 6160,
      "precision": 0.37300177619893427,
      "recall": 0.06818181818181818
    }
  ]
}