{
  "path": "./data/bb3_release/RV11",
  "results": [
    {
      "name": "ref1/v1/1r69_ref1",
      "true_positive_site_pair_count": 10,
      "false_positive_site_pair_count": 10,
      "true_site_pair_count": 396,
      "precision": 0.5,
      "recall": 0.025252525252525252
    },
    {
      "name": "ref1/v1/1wit_ref1",
      "true_positive_site_pair_count": 32,
      "false_positive_site_pair_count": 114,
      "true_site_pair_count": 1800,
      "precision": 0.2191780821917808,
      "recall": 0.017777777777777778
    },
    {
      "name": "ref1/v1/1sesA_ref1",
      "true_positive_site_pair_count": 38,
      "false_positive_site_pair_count": 52,
      "true_site_pair_count": 1236,
      "precision": 0.4222222222222222,
      "recall": 0.030744336569579287
    },
    {
      "name": "ref1/v1/1ycc_ref1",
      "true_positive_site_pair_count": 0,
      "false_positive_site_pair_count": 0,
      "true_site_pair_count": 612,
      "precision": null,
      "recall": 0.0
    },
    {
      "name": "ref1/v1/kinase_ref1",
      "true_positive_site_pair_count": 442,
      "false_positive_site_pair_count": 270,
      "true_site_pair_count": 7560,
      "precision": 0.6207865168539326,
      "recall": 0.058465608465608464
    },
    {
      "name": "ref1/v1/1ldg_ref1",
      "true_positive_site_pair_count": 36,
      "false_positive_site_pair_count": 156,
      "true_site_pair_count": 2376,
      "precision": 0.1875,
      "recall": 0.015151515151515152
    },
    {
      "name": "ref1/v1/1pgtA_ref1",
      "true_positive_site_pair_count": 152,
      "false_positive_site_pair_count": 208,
      "true_site_pair_count": 5400,
      "precision": 0.4222222222222222,
      "recall": 0.028148148148148148
    },
    {
      "name": "ref1/v1/1hleA_ref1",
      "true_positive_site_pair_count": 52,
      "false_positive_site_pair_count": 152,
      "true_site_pair_count": 3012,
      "precision": 0.2549019607843137,
      "recall": 0.017264276228419653
    },
    {
      "name": "ref1/v1/2pia_ref1",
      "true_positive_site_pair_count": 206,
      "false_positive_site_pair_count": 354,
      "true_site_pair_count": 4256,
      "precision": 0.3678571428571429,
      "recall": 0.048402255639097745
    },
    {
      "name": "ref1/v1/1mrj_ref1",
      "true_positive_site_pair_count": 92,
      "false_positive_site_pair_count": 52,
      "true_site_pair_count": 1812,
      "precision": 0.6388888888888888,
      "recall": 0.05077262693156733
    },
    {
      "name": "ref1/v1/451c_ref1",
      "true_positive_site_pair_count": 20,
      "false_positive_site_pair_count": 0,
      "true_site_pair_count": 740,
      "precision": 1.0,
      "recall": 0.02702702702702703
    },
    {
      "name": "ref1/v1/3grs_ref1",
      "true_positive_site_pair_count": 312,
      "false_positive_site_pair_count": 844,
      "true_site_pair_count": 5600,
      "precision": 0.2698961937716263,
      "recall": 0.055714285714285716
    },
    {
      "name": "ref1/v1/1bbt3_ref1",
      "true_positive_site_pair_count": 24,
      "false_positive_site_pair_count": 142,
      "true_site_pair_count": 2688,
      "precision": 0.14457831325301204,
      "recall": 0.008928571428571428
    },
    {
      "name": "ref1/v1/1cpt_ref1",
      "true_positive_site_pair_count": 504,
      "false_positive_site_pair_count": 664,
      "true_site_pair_count": 10224,
      "precision": 0.4315068493150685,
      "recall": 0.04929577464788732
    },
    {
      "name": "ref1/v1/1idy_ref1",
      "true_positive_site_pair_count": 0,
      "false_positive_site_pair_count": 0,
      "true_site_pair_count": 580,
      "precision": null,
      "recall": 0.0
    },
    {
      "name": "ref1/v1/1uky_ref1",
      "true_positive_site_pair_count": 170,
      "false_positive_site_pair_count": 78,
      "true_site_pair_count": 2940,
      "precision": 0.6854838709677419,
      "recall": 0.05782312925170068
    },
    {
      "name": "ref1/v1/1plc_ref1",
      "true_positive_site_pair_count": 16,
      "false_positive_site_pair_count": 6,
      "true_site_pair_count": 588,
      "precision": 0.7272727272727273,
      "recall": 0.027210884353741496
    },
    {
      "name": "ref1/v1/1aab_ref1",
      "true_positive_site_pair_count": 0,
      "false_positive_site_pair_count": 0,
      "true_site_pair_count": 684,
      "precision": null,
      "recall": 0.0
    },
    {
      "name": "ref1/v1/gal4_ref1",
      "true_positive_site_pair_count": 24,
      "false_positive_site_pair_count": 208,
      "true_site_pair_count": 4060,
      "precision": 0.10344827586206896,
      "recall": 0.005911330049261084
    },
    {
      "name": "ref1/v1/1dox_ref1",
      "true_positive_site_pair_count": 56,
      "false_positive_site_pair_count": 26,
      "true_site_pair_count": 720,
      "precision": 0.6829268292682927,
      "recall": 0.07777777777777778
    },
    {
      "name": "ref1/v1/1adj_ref1",
      "true_positive_site_pair_count": 0,
      "false_positive_site_pair_count": 104,
      "true_site_pair_count": 2208,
      "precision": 0.0,
      "recall": 0.0
    },
    {
      "name": "ref1/v1/2myr_ref1",
      "true_positive_site_pair_count": 112,
      "false_positive_site_pair_count": 548,
      "true_site_pair_count": 11660,
      "precision": 0.1696969696969697,
      "recall": 0.00960548885077187
    },
    {
      "name": "ref1/v1/1ajsA_ref1",
      "true_positive_site_pair_count": 146,
      "false_positive_site_pair_count": 1216,
      "true_site_pair_count": 16016,
      "precision": 0.10719530102790015,
      "recall": 0.009115884115884116
    },
    {
      "name": "ref1/v1/2trx_ref1",
      "true_positive_site_pair_count": 64,
      "false_positive_site_pair_count": 130,
      "true_site_pair_count": 1980,
      "precision": 0.32989690721649484,
      "recall": 0.03232323232323232
    },
    {
      "name": "ref1/v1/1pamA_ref1",
      "true_positive_site_pair_count": 790,
      "false_positive_site_pair_count": 1990,
      "true_site_pair_count": 18382,
      "precision": 0.2841726618705036,
      "recall": 0.042976825155042975
    },
    {
      "name": "ref1/v1/4enl_ref1",
      "true_positive_site_pair_count": 48,
      "false_positive_site_pair_count": 618,
      "true_site_pair_count": 5152,
      "precision": 0.07207207207207207,
      "recall": 0.009316770186335404
    },
    {
      "name": "ref1/v1/1ad3_ref1",
      "true_positive_site_pair_count": 94,
      "false_positive_site_pair_count": 182,
      "true_site_pair_count": 2964,
      "precision": 0.34057971014492755,
      "recall": 0.03171390013495277
    },
    {
      "name": "ref1/v1/1csy_ref1",
      "true_positive_site_pair_count": 26,
      "false_positive_site_pair_count": 52,
      "true_site_pair_count": 588,
      "precision": 0.3333333333333333,
      "recall": 0.04421768707482993
    },
    {
      "name": "ref1/v1/1havA_ref1",
      "true_positive_site_pair_count": 0,
      "false_positive_site_pair_count": 78,
      "true_site_pair_count": 920,
      "precision": 0.0,
      "recall": 0.0
    },
    {
      "name": "ref1/v1/1aboA_ref1",
      "true_positive_site_pair_count": 52,
      "false_positive_site_pair_count": 0,
      "true_site_pair_count": 952,
      "precision": 1.0,
      "recall": 0.0546218487394958
    },
    {
      "name": "ref1/v1/1ped_ref1",
      "true_positive_site_pair_count": 526,
      "false_positive_site_pair_count": 768,
      "true_site_pair_count": 8730,
      "precision": 0.40649149922720246,
      "recall": 0.06025200458190149
    },
    {
      "name": "ref1/v1/1tvxA_ref1",
      "true_positive_site_pair_count": 0,
      "false_positive_site_pair_count": 0,
      "true_site_pair_count": 228,
      "precision": null,
      "recall": 0.0
    },
    {
      "name": "ref1/v1/1ubi_ref1",
      "true_positive_site_pair_count": 8,
      "false_positive_site_pair_count": 74,
      "true_site_pair_count": 546,
      "precision": 0.0975609756097561,
      "recall": 0.014652014652014652
    },
    {
      "name": "ref1/v1/1gdoA_ref1",
      "true_positive_site_pair_count": 52,
      "false_positive_site_pair_count": 234,
      "true_site_pair_count": 936,
      "precision": 0.18181818181818182,
      "recall": 0.05555555555555555
    },
    {
      "name": "ref1/v1/2hsdA_ref1",
      "true_positive_site_pair_count": 284,
      "false_positive_site_pair_count": 1094,
      "true_site_pair_count": 12558,
      "precision": 0.20609579100145137,
      "recall": 0.022615066093326964
    },
    {
      "name": "ref1/v1/1sbp_ref1",
      "true_positive_site_pair_count": 82,
      "false_positive_site_pair_count": 372,
      "true_site_pair_count": 3444,
      "precision": 0.18061674008810572,
      "recall": 0.023809523809523808
    },
    {
      "name": "ref1/v1/1lci_ref1",
      "true_positive_site_pair_count": 560,
      "false_positive_site_pair_count": 530,
      "true_site_pair_count": 8310,
      "precision": 0.5137614678899083,
      "recall": 0.06738868832731648
    },
    {
      "name": "ref1/v1/1lvl_ref1",
      "true_positive_site_pair_count": 302,
      "false_positive_site_pair_count": 828,
      "true_site_pair_count": 6160,
      "precision": 0.2672566371681416,
      "recall": 0.04902597402597403
    }
  ]
}