{
  "path": "./data/bb3_release/RV11",
  "results": [
    {
      "name": "ref1/v1/1r69_ref1",
      "true_positive_site_pair_count": 0,
      "false_positive_site_pair_count": 0,
      "true_site_pair_count": 396,
      "precision": null,
      "recall": 0.0
    },
    {
      "name": "ref1/v1/1wit_ref1",
      "true_positive_site_pair_count": 24,
      "false_positive_site_pair_count": 66,
      "true_site_pair_count": 1800,
      "precision": 0.26666666666666666,
      "recall": 0.013333333333333334
    },
    {
      "name": "ref1/v1/1sesA_ref1",
      "true_positive_site_pair_count": 8,
      "false_positive_site_pair_count": 202,
      "true_site_pair_count": 1236,
      "precision": 0.0380952380952381,
      "recall": 0.006472491909385114
    },
    {
      "name": "ref1/v1/1ycc_ref1",
      "true_positive_site_pair_count": 0,
      "false_positive_site_pair_count": 32,
      "true_site_pair_count": 612,
      "precision": 0.0,
      "recall": 0.0
    },
    {
      "name": "ref1/v1/kinase_ref1",
      "true_positive_site_pair_count": 388,
      "false_positive_site_pair_count": 552,
      "true_site_pair_count": 7560,
      "precision": 0.4127659574468085,
      "recall": 0.051322751322751325
    },
    {
      "name": "ref1/v1/1ldg_ref1",
      "true_positive_site_pair_count": 30,
      "false_positive_site_pair_count": 224,
      "true_site_pair_count": 2376,
      "precision": 0.11811023622047244,
      "recall": 0.012626262626262626
    },
    {
      "name": "ref1/v1/1pgtA_ref1",
      "true_positive_site_pair_count": 92,
      "false_positive_site_pair_count": 194,
      "true_site_pair_count": 5400,
      "precision": 0.32167832167832167,
      "recall": 0.017037037037037038
    },
    {
      "name": "ref1/v1/1hleA_ref1",
      "true_positive_site_pair_count": 134,
      "false_positive_site_pair_count": 160,
      "true_site_pair_count": 3012,
      "precision": 0.4557823129251701,
      "recall": 0.04448871181938911
    },
    {
      "name": "ref1/v1/2pia_ref1",
      "true_positive_site_pair_count": 106,
      "false_positive_site_pair_count": 310,
      "true_site_pair_count": 4256,
      "precision": 0.2548076923076923,
      "recall": 0.024906015037593984
    },
    {
      "name": "ref1/v1/1mrj_ref1",
      "true_positive_site_pair_count": 108,
      "false_positive_site_pair_count": 32,
      "true_site_pair_count": 1812,
      "precision": 0.7714285714285715,
      "recall": 0.059602649006622516
    },
    {
      "name": "ref1/v1/451c_ref1",
      "true_positive_site_pair_count": 0,
      "false_positive_site_pair_count": 64,
      "true_site_pair_count": 740,
      "precision": 0.0,
      "recall": 0.0
    },
    {
      "name": "ref1/v1/3grs_ref1",
      "true_positive_site_pair_count": 306,
      "false_positive_site_pair_count": 1298,
      "true_site_pair_count": 5600,
      "precision": 0.19077306733167082,
      "recall": 0.054642857142857146
    },
    {
      "name": "ref1/v1/1bbt3_ref1",
      "true_positive_site_pair_count": 44,
      "false_positive_site_pair_count": 192,
      "true_site_pair_count": 2688,
      "precision": 0.1864406779661017,
      "recall": 0.01636904761904762
    },
    {
      "name": "ref1/v1/1cpt_ref1",
      "true_positive_site_pair_count": 350,
      "false_positive_site_pair_count": 1072,
      "true_site_pair_count": 10224,
      "precision": 0.24613220815752462,
      "recall": 0.03423317683881064
    },
    {
      "name": "ref1/v1/1idy_ref1",
      "true_positive_site_pair_count": 0,
      "false_positive_site_pair_count": 0,
      "true_site_pair_count": 580,
      "precision": null,
      "recall": 0.0
    },
    {
      "name": "ref1/v1/1uky_ref1",
      "true_positive_site_pair_count": 92,
      "false_positive_site_pair_count": 170,
      "true_site_pair_count": 2940,
      "precision": 0.3511450381679389,
      "recall": 0.031292517006802724
    },
    {
      "name": "ref1/v1/1plc_ref1",
      "true_positive_site_pair_count": 0,
      "false_positive_site_pair_count": 0,
      "true_site_pair_count": 588,
      "precision": null,
      "recall": 0.0
    },
    {
      "name": "ref1/v1/1aab_ref1",
      "true_positive_site_pair_count": 0,
      "false_positive_site_pair_count": 32,
      "true_site_pair_count": 684,
      "precision": 0.0,
      "recall": 0.0
    },
    {
      "name": "ref1/v1/gal4_ref1",
      "true_positive_site_pair_count": 30,
      "false_positive_site_pair_count": 128,
      "true_site_pair_count": 4060,
      "precision": 0.189873417721519,
      "recall": 0.007389162561576354
    },
    {
      "name": "ref1/v1/1dox_ref1",
      "true_positive_site_pair_count": 32,
      "false_positive_site_pair_count": 0,
      "true_site_pair_count": 720,
      "precision": 1.0,
      "recall": 0.044444444444444446
    },
    {
      "name": "ref1/v1/1adj_ref1",
      "true_positive_site_pair_count": 16,
      "false_positive_site_pair_count": 130,
      "true_site_pair_count": 2208,
      "precision": 0.1095890410958904,
      "recall": 0.007246376811594203
    },
    {
      "name": "ref1/v1/2myr_ref1",
      "true_positive_site_pair_count": 82,
      "false_positive_site_pair_count": 828,
      "true_site_pair_count": 11660,
      "precision": 0.09010989010989011,
      "recall": 0.007032590051457976
    },
    {
      "name": "ref1/v1/1ajsA_ref1",
      "true_positive_site_pair_count": 142,
      "false_positive_site_pair_count": 2108,
      "true_site_pair_count": 16016,
      "precision": 0.06311111111111112,
      "recall": 0.008866133866133866
    },
    {
      "name": "ref1/v1/2trx_ref1",
      "true_positive_site_pair_count": 92,
      "false_positive_site_pair_count": 224,
      "true_site_pair_count": 1980,
      "precision": 0.2911392405063291,
      "recall": 0.046464646464646465
    },
    {
      "name": "ref1/v1/1pamA_ref1",
      "true_positive_site_pair_count": 952,
      "false_positive_site_pair_count": 2622,
      "true_site_pair_count": 18382,
      "precision": 0.2663682148852826,
      "recall": 0.05178979436405179
    },
    {
      "name": "ref1/v1/4enl_ref1",
      "true_positive_site_pair_count": 56,
      "false_positive_site_pair_count": 608,
      "true_site_pair_count": 5152,
      "precision": 0.08433734939759036,
      "recall": 0.010869565217391304
    },
    {
      "name": "ref1/v1/1ad3_ref1",
      "true_positive_site_pair_count": 104,
      "false_positive_site_pair_count": 366,
      "true_site_pair_count": 2964,
      "precision": 0.22127659574468084,
      "recall": 0.03508771929824561
    },
    {
      "name": "ref1/v1/1csy_ref1",
      "true_positive_site_pair_count": 32,
      "false_positive_site_pair_count": 192,
      "true_site_pair_count": 588,
      "precision": 0.14285714285714285,
      "recall": 0.05442176870748299
    },
    {
      "name": "ref1/v1/1havA_ref1",
      "true_positive_site_pair_count": 0,
      "false_positive_site_pair_count": 32,
      "true_site_pair_count": 920,
      "precision": 0.0,
      "recall": 0.0
    },
    {
      "name": "ref1/v1/1aboA_ref1",
      "true_positive_site_pair_count": 0,
      "false_positive_site_pair_count": 0,
      "true_site_pair_count": 952,
      "precision": null,
      "recall": 0.0
    },
    {
      "name": "ref1/v1/1ped_ref1",
      "true_positive_site_pair_count": 404,
      "false_positive_site_pair_count": 1006,
      "true_site_pair_count": 8730,
      "precision": 0.2865248226950355,
      "recall": 0.04627720504009164
    },
    {
      "name": "ref1/v1/1tvxA_ref1",
      "true_positive_site_pair_count": 0,
      "false_positive_site_pair_count": 0,
      "true_site_pair_count": 228,
      "precision": null,
      "recall": 0.0
    },
    {
      "name": "ref1/v1/1ubi_ref1",
      "true_positive_site_pair_count": 0,
      "false_positive_site_pair_count": 134,
      "true_site_pair_count": 546,
      "precision": 0.0,
      "recall": 0.0
    },
    {
      "name": "ref1/v1/1gdoA_ref1",
      "true_positive_site_pair_count": 0,
      "false_positive_site_pair_count": 320,
      "true_site_pair_count": 936,
      "precision": 0.0,
      "recall": 0.0
    },
    {
      "name": "ref1/v1/2hsdA_ref1",
      "true_positive_site_pair_count": 316,
      "false_positive_site_pair_count": 940,
      "true_site_pair_count": 12558,
      "precision": 0.2515923566878981,
      "recall": 0.025163242554546904
    },
    {
      "name": "ref1/v1/1sbp_ref1",
      "true_positive_site_pair_count": 140,
      "false_positive_site_pair_count": 184,
      "true_site_pair_count": 3444,
      "precision": 0.43209876543209874,
      "recall": 0.04065040650406504
    },
    {
      "name": "ref1/v1/1lci_ref1",
      "true_positive_site_pair_count": 544,
      "false_positive_site_pair_count": 812,
      "true_site_pair_count": 8310,
      "precision": 0.40117994100294985,
      "recall": 0.0654632972322503
    },
    {
      "name": "ref1/v1/1lvl_ref1",
      "true_positive_site_pair_count": 264,
      "false_positive_site_pair_count": 946,
      "true_site_pair_count": 6160,
      "precision": 0.21818181818181817,
      "recall": 0.04285714285714286
    }
  ]
}