{
  "path": "./data/bb3_release/RV11",
  "results": [
    {
      "name": "ref1/v1/1r69_ref1",
      "true_positive_site_pair_count": 0,
      "false_positive_site_pair_count": 0,
      "true_site_pair_count": 396,
      "precision": null,
      "recall": 0.0
    },
    {
      "name": "ref1/v1/1wit_ref1",
      "true_positive_site_pair_count": 8,
      "false_positive_site_pair_count": 0,
      "true_site_pair_count": 1800,
      "precision": 1.0,
      "recall": 0.0044444444444444444
    },
    {
      "name": "ref1/v1/1sesA_ref1",
      "true_positive_site_pair_count": 0,
      "false_positive_site_pair_count": 0,
      "true_site_pair_count": 1236,
      "precision": null,
      "recall": 0.0
    },
    {
      "name": "ref1/v1/1ycc_ref1",
      "true_positive_site_pair_count": 0,
      "false_positive_site_pair_count": 0,
      "true_site_pair_count": 612,
      "precision": null,
      "recall": 0.0
    },
    {
      "name": "ref1/v1/kinase_ref1",
      "true_positive_site_pair_count": 0,
      "false_positive_site_pair_count": 0,
      "true_site_pair_count": 7560,
      "precision": null,
      "recall": 0.0
    },
    {
      "name": "ref1/v1/1ldg_ref1",
      "true_positive_site_pair_count": 0,
      "false_positive_site_pair_count": 0,
      "true_site_pair_count": 2376,
      "precision": null,
      "recall": 0.0
    },
    {
      "name": "ref1/v1/1pgtA_ref1",
      "true_positive_site_pair_count": 0,
      "false_positive_site_pair_count": 0,
      "true_site_pair_count": 5400,
      "precision": null,
      "recall": 0.0
    },
    {
      "name": "ref1/v1/1hleA_ref1",
      "true_positive_site_pair_count": 0,
      "false_positive_site_pair_count": 0,
      "true_site_pair_count": 3012,
      "precision": null,
      "recall": 0.0
    },
    {
      "name": "ref1/v1/2pia_ref1",
      "true_positive_site_pair_count": 60,
      "false_positive_site_pair_count": 0,
      "true_site_pair_count": 4256,
      "precision": 1.0,
      "recall": 0.014097744360902255
    },
    {
      "name": "ref1/v1/1mrj_ref1",
      "true_positive_site_pair_count": 30,
      "false_positive_site_pair_count": 0,
      "true_site_pair_count": 1812,
      "precision": 1.0,
      "recall": 0.016556291390728478
    },
    {
      "name": "ref1/v1/451c_ref1",
      "true_positive_site_pair_count": 0,
      "false_positive_site_pair_count": 0,
      "true_site_pair_count": 740,
      "precision": null,
      "recall": 0.0
    },
    {
      "name": "ref1/v1/3grs_ref1",
      "true_positive_site_pair_count": 0,
      "false_positive_site_pair_count": 0,
      "true_site_pair_count": 5600,
      "precision": null,
      "recall": 0.0
    },
    {
      "name": "ref1/v1/1bbt3_ref1",
      "true_positive_site_pair_count": 14,
      "false_positive_site_pair_count": 0,
      "true_site_pair_count": 2688,
      "precision": 1.0,
      "recall": 0.005208333333333333
    },
    {
      "name": "ref1/v1/1cpt_ref1",
      "true_positive_site_pair_count": 26,
      "false_positive_site_pair_count": 0,
      "true_site_pair_count": 10224,
      "precision": 1.0,
      "recall": 0.002543035993740219
    },
    {
      "name": "ref1/v1/1idy_ref1",
      "true_positive_site_pair_count": 0,
      "false_positive_site_pair_count": 0,
      "true_site_pair_count": 580,
      "precision": null,
      "recall": 0.0
    },
    {
      "name": "ref1/v1/1uky_ref1",
      "true_positive_site_pair_count": 0,
      "false_positive_site_pair_count": 0,
      "true_site_pair_count": 2940,
      "precision": null,
      "recall": 0.0
    },
    {
      "name": "ref1/v1/1plc_ref1",
      "true_positive_site_pair_count": 0,
      "false_positive_site_pair_count": 0,
      "true_site_pair_count": 588,
      "precision": null,
      "recall": 0.0
    },
    {
      "name": "ref1/v1/1aab_ref1",
      "true_positive_site_pair_count": 0,
      "false_positive_site_pair_count": 0,
      "true_site_pair_count": 684,
      "precision": null,
      "recall": 0.0
    },
    {
      "name": "ref1/v1/gal4_ref1",
      "true_positive_site_pair_count": 0,
      "false_positive_site_pair_count": 0,
      "true_site_pair_count": 4060,
      "precision": null,
      "recall": 0.0
    },
    {
      "name": "ref1/v1/1dox_ref1",
      "true_positive_site_pair_count": 0,
      "false_positive_site_pair_count": 0,
      "true_site_pair_count": 720,
      "precision": null,
      "recall": 0.0
    },
    {
      "name": "ref1/v1/1adj_ref1",
      "true_positive_site_pair_count": 0,
      "false_positive_site_pair_count": 0,
      "true_site_pair_count": 2208,
      "precision": null,
      "recall": 0.0
    },
    {
      "name": "ref1/v1/2myr_ref1",
      "true_positive_site_pair_count": 0,
      "false_positive_site_pair_count": 0,
      "true_site_pair_count": 11660,
      "precision": null,
      "recall": 0.0
    },
    {
      "name": "ref1/v1/1ajsA_ref1",
      "true_positive_site_pair_count": 12,
      "false_positive_site_pair_count": 0,
      "true_site_pair_count": 16016,
      "precision": 1.0,
      "recall": 0.0007492507492507493
    },
    {
      "name": "ref1/v1/2trx_ref1",
      "true_positive_site_pair_count": 16,
      "false_positive_site_pair_count": 4,
      "true_site_pair_count": 1980,
      "precision": 0.8,
      "recall": 0.00808080808080808
    },
    {
      "name": "ref1/v1/1pamA_ref1",
      "true_positive_site_pair_count": 96,
      "false_positive_site_pair_count": 0,
      "true_site_pair_count": 18382,
      "precision": 1.0,
      "recall": 0.005222500272005223
    },
    {
      "name": "ref1/v1/4enl_ref1",
      "true_positive_site_pair_count": 0,
      "false_positive_site_pair_count": 0,
      "true_site_pair_count": 5152,
      "precision": null,
      "recall": 0.0
    },
    {
      "name": "ref1/v1/1ad3_ref1",
      "true_positive_site_pair_count": 14,
      "false_positive_site_pair_count": 0,
      "true_site_pair_count": 2964,
      "precision": 1.0,
      "recall": 0.004723346828609987
    },
    {
      "name": "ref1/v1/1csy_ref1",
      "true_positive_site_pair_count": 0,
      "false_positive_site_pair_count": 0,
      "true_site_pair_count": 588,
      "precision": null,
      "recall": 0.0
    },
    {
      "name": "ref1/v1/1havA_ref1",
      "true_positive_site_pair_count": 0,
      "false_positive_site_pair_count": 0,
      "true_site_pair_count": 920,
      "precision": null,
      "recall": 0.0
    },
    {
      "name": "ref1/v1/1aboA_ref1",
      "true_positive_site_pair_count": 0,
      "false_positive_site_pair_count": 0,
      "true_site_pair_count": 952,
      "precision": null,
      "recall": 0.0
    },
    {
      "name": "ref1/v1/1ped_ref1",
      "true_positive_site_pair_count": 22,
      "false_positive_site_pair_count": 30,
      "true_site_pair_count": 8730,
      "precision": 0.4230769230769231,
      "recall": 0.0025200458190148913
    },
    {
      "name": "ref1/v1/1tvxA_ref1",
      "true_positive_site_pair_count": 0,
      "false_positive_site_pair_count": 0,
      "true_site_pair_count": 228,
      "precision": null,
      "recall": 0.0
    },
    {
      "name": "ref1/v1/1ubi_ref1",
      "true_positive_site_pair_count": 0,
      "false_positive_site_pair_count": 0,
      "true_site_pair_count": 546,
      "precision": null,
      "recall": 0.0
    },
    {
      "name": "ref1/v1/1gdoA_ref1",
      "true_positive_site_pair_count": 0,
      "false_positive_site_pair_count": 0,
      "true_site_pair_count": 936,
      "precision": null,
      "recall": 0.0
    },
    {
      "name": "ref1/v1/2hsdA_ref1",
      "true_positive_site_pair_count": 34,
      "false_positive_site_pair_count": 0,
      "true_site_pair_count": 12558,
      "precision": 1.0,
      "recall": 0.0027074374900461855
    },
    {
      "name": "ref1/v1/1sbp_ref1",
      "true_positive_site_pair_count": 0,
      "false_positive_site_pair_count": 0,
      "true_site_pair_count": 3444,
      "precision": null,
      "recall": 0.0
    },
    {
      "name": "ref1/v1/1lci_ref1",
      "true_positive_site_pair_count": 56,
      "false_positive_site_pair_count": 0,
      "true_site_pair_count": 8310,
      "precision": 1.0,
      "recall": 0.006738868832731649
    },
    {
      "name": "ref1/v1/1lvl_ref1",
      "true_positive_site_pair_count": 0,
      "false_positive_site_pair_count": 0,
      "true_site_pair_count": 6160,
      "precision": null,
      "recall": 0.0
    }
  ]
}