{
  "path": "./data/bb3_release/RV11",
  "results": [
    {
      "name": "ref1/v1/1r69_ref1",
      "true_positive_site_pair_count": 0,
      "false_positive_site_pair_count": 0,
      "true_site_pair_count": 396,
      "precision": null,
      "recall": 0.0
    },
    {
      "name": "ref1/v1/1wit_ref1",
      "true_positive_site_pair_count": 0,
      "false_positive_site_pair_count": 0,
      "true_site_pair_count": 1800,
      "precision": null,
      "recall": 0.0
    },
    {
      "name": "ref1/v1/1sesA_ref1",
      "true_positive_site_pair_count": 0,
      "false_positive_site_pair_count": 0,
      "true_site_pair_count": 1236,
      "precision": null,
      "recall": 0.0
    },
    {
      "name": "ref1/v1/1ycc_ref1",
      "true_positive_site_pair_count": 0,
      "false_positive_site_pair_count": 0,
      "true_site_pair_count": 612,
      "precision": null,
      "recall": 0.0
    },
    {
      "name": "ref1/v1/kinase_ref1",
      "true_positive_site_pair_count": 10,
      "false_positive_site_pair_count": 0,
      "true_site_pair_count": 7560,
      "precision": 1.0,
      "recall": 0.0013227513227513227
    },
    {
      "name": "ref1/v1/1ldg_ref1",
      "true_positive_site_pair_count": 0,
      "false_positive_site_pair_count": 0,
      "true_site_pair_count": 2376,
      "precision": null,
      "recall": 0.0
    },
    {
      "name": "ref1/v1/1pgtA_ref1",
      "true_positive_site_pair_count": 0,
      "false_positive_site_pair_count": 0,
      "true_site_pair_count": 5400,
      "precision": null,
      "recall": 0.0
    },
    {
      "name": "ref1/v1/1hleA_ref1",
      "true_positive_site_pair_count": 0,
      "false_positive_site_pair_count": 0,
      "true_site_pair_count": 3012,
      "precision": null,
      "recall": 0.0
    },
    {
      "name": "ref1/v1/2pia_ref1",
      "true_positive_site_pair_count": 24,
      "false_positive_site_pair_count": 0,
      "true_site_pair_count": 4256,
      "precision": 1.0,
      "recall": 0.005639097744360902
    },
    {
      "name": "ref1/v1/1mrj_ref1",
      "true_positive_site_pair_count": 46,
      "false_positive_site_pair_count": 0,
      "true_site_pair_count": 1812,
      "precision": 1.0,
      "recall": 0.025386313465783666
    },
    {
      "name": "ref1/v1/451c_ref1",
      "true_positive_site_pair_count": 0,
      "false_positive_site_pair_count": 0,
      "true_site_pair_count": 740,
      "precision": null,
      "recall": 0.0
    },
    {
      "name": "ref1/v1/3grs_ref1",
      "true_positive_site_pair_count": 54,
      "false_positive_site_pair_count": 0,
      "true_site_pair_count": 5600,
      "precision": 1.0,
      "recall": 0.009642857142857142
    },
    {
      "name": "ref1/v1/1bbt3_ref1",
      "true_positive_site_pair_count": 12,
      "false_positive_site_pair_count": 0,
      "true_site_pair_count": 2688,
      "precision": 1.0,
      "recall": 0.004464285714285714
    },
    {
      "name": "ref1/v1/1cpt_ref1",
      "true_positive_site_pair_count": 58,
      "false_positive_site_pair_count": 0,
      "true_site_pair_count": 10224,
      "precision": 1.0,
      "recall": 0.005672926447574335
    },
    {
      "name": "ref1/v1/1idy_ref1",
      "true_positive_site_pair_count": 0,
      "false_positive_site_pair_count": 0,
      "true_site_pair_count": 580,
      "precision": null,
      "recall": 0.0
    },
    {
      "name": "ref1/v1/1uky_ref1",
      "true_positive_site_pair_count": 0,
      "false_positive_site_pair_count": 0,
      "true_site_pair_count": 2940,
      "precision": null,
      "recall": 0.0
    },
    {
      "name": "ref1/v1/1plc_ref1",
      "true_positive_site_pair_count": 0,
      "false_positive_site_pair_count": 0,
      "true_site_pair_count": 588,
      "precision": null,
      "recall": 0.0
    },
    {
      "name": "ref1/v1/1aab_ref1",
      "true_positive_site_pair_count": 0,
      "false_positive_site_pair_count": 0,
      "true_site_pair_count": 684,
      "precision": null,
      "recall": 0.0
    },
    {
      "name": "ref1/v1/gal4_ref1",
      "true_positive_site_pair_count": 24,
      "false_positive_site_pair_count": 0,
      "true_site_pair_count": 4060,
      "precision": 1.0,
      "recall": 0.005911330049261084
    },
    {
      "name": "ref1/v1/1dox_ref1",
      "true_positive_site_pair_count": 24,
      "false_positive_site_pair_count": 24,
      "true_site_pair_count": 720,
      "precision": 0.5,
      "recall": 0.03333333333333333
    },
    {
      "name": "ref1/v1/1adj_ref1",
      "true_positive_site_pair_count": 0,
      "false_positive_site_pair_count": 0,
      "true_site_pair_count": 2208,
      "precision": null,
      "recall": 0.0
    },
    {
      "name": "ref1/v1/2myr_ref1",
      "true_positive_site_pair_count": 0,
      "false_positive_site_pair_count": 0,
      "true_site_pair_count": 11660,
      "precision": null,
      "recall": 0.0
    },
    {
      "name": "ref1/v1/1ajsA_ref1",
      "true_positive_site_pair_count": 12,
      "false_positive_site_pair_count": 26,
      "true_site_pair_count": 16016,
      "precision": 0.3157894736842105,
      "recall": 0.0007492507492507493
    },
    {
      "name": "ref1/v1/2trx_ref1",
      "true_positive_site_pair_count": 30,
      "false_positive_site_pair_count": 0,
      "true_site_pair_count": 1980,
      "precision": 1.0,
      "recall": 0.015151515151515152
    },
    {
      "name": "ref1/v1/1pamA_ref1",
      "true_positive_site_pair_count": 170,
      "false_positive_site_pair_count": 0,
      "true_site_pair_count": 18382,
      "precision": 1.0,
      "recall": 0.009248177565009248
    },
    {
      "name": "ref1/v1/4enl_ref1",
      "true_positive_site_pair_count": 18,
      "false_positive_site_pair_count": 0,
      "true_site_pair_count": 5152,
      "precision": 1.0,
      "recall": 0.0034937888198757765
    },
    {
      "name": "ref1/v1/1ad3_ref1",
      "true_positive_site_pair_count": 0,
      "false_positive_site_pair_count": 0,
      "true_site_pair_count": 2964,
      "precision": null,
      "recall": 0.0
    },
    {
      "name": "ref1/v1/1csy_ref1",
      "true_positive_site_pair_count": 0,
      "false_positive_site_pair_count": 0,
      "true_site_pair_count": 588,
      "precision": null,
      "recall": 0.0
    },
    {
      "name": "ref1/v1/1havA_ref1",
      "true_positive_site_pair_count": 0,
      "false_positive_site_pair_count": 0,
      "true_site_pair_count": 920,
      "precision": null,
      "recall": 0.0
    },
    {
      "name": "ref1/v1/1aboA_ref1",
      "true_positive_site_pair_count": 0,
      "false_positive_site_pair_count": 0,
      "true_site_pair_count": 952,
      "precision": null,
      "recall": 0.0
    },
    {
      "name": "ref1/v1/1ped_ref1",
      "true_positive_site_pair_count": 34,
      "false_positive_site_pair_count": 0,
      "true_site_pair_count": 8730,
      "precision": 1.0,
      "recall": 0.0038946162657502864
    },
    {
      "name": "ref1/v1/1tvxA_ref1",
      "true_positive_site_pair_count": 0,
      "false_positive_site_pair_count": 0,
      "true_site_pair_count": 228,
      "precision": null,
      "recall": 0.0
    },
    {
      "name": "ref1/v1/1ubi_ref1",
      "true_positive_site_pair_count": 0,
      "false_positive_site_pair_count": 0,
      "true_site_pair_count": 546,
      "precision": null,
      "recall": 0.0
    },
    {
      "name": "ref1/v1/1gdoA_ref1",
      "true_positive_site_pair_count": 0,
      "false_positive_site_pair_count": 24,
      "true_site_pair_count": 936,
      "precision": 0.0,
      "recall": 0.0
    },
    {
      "name": "ref1/v1/2hsdA_ref1",
      "true_positive_site_pair_count": 26,
      "false_positive_site_pair_count": 28,
      "true_site_pair_count": 12558,
      "precision": 0.48148148148148145,
      "recall": 0.002070393374741201
    },
    {
      "name": "ref1/v1/1sbp_ref1",
      "true_positive_site_pair_count": 24,
      "false_positive_site_pair_count": 0,
      "true_site_pair_count": 3444,
      "precision": 1.0,
      "recall": 0.006968641114982578
    },
    {
      "name": "ref1/v1/1lci_ref1",
      "true_positive_site_pair_count": 26,
      "false_positive_site_pair_count": 0,
      "true_site_pair_count": 8310,
      "precision": 1.0,
      "recall": 0.003128760529482551
    },
    {
      "name": "ref1/v1/1lvl_ref1",
      "true_positive_site_pair_count": 72,
      "false_positive_site_pair_count": 0,
      "true_site_pair_count": 6160,
      "precision": 1.0,
      "recall": 0.011688311688311689
    }
  ]
}