{
  "path": "./data/bb3_release/RV11",
  "results": [
    {
      "name": "ref1/v1/1r69_ref1",
      "true_positive_site_pair_count": 0,
      "false_positive_site_pair_count": 0,
      "true_site_pair_count": 396,
      "precision": null,
      "recall": 0.0
    },
    {
      "name": "ref1/v1/1wit_ref1",
      "true_positive_site_pair_count": 0,
      "false_positive_site_pair_count": 0,
      "true_site_pair_count": 1800,
      "precision": null,
      "recall": 0.0
    },
    {
      "name": "ref1/v1/1sesA_ref1",
      "true_positive_site_pair_count": 0,
      "false_positive_site_pair_count": 0,
      "true_site_pair_count": 1236,
      "precision": null,
      "recall": 0.0
    },
    {
      "name": "ref1/v1/1ycc_ref1",
      "true_positive_site_pair_count": 0,
      "false_positive_site_pair_count": 0,
      "true_site_pair_count": 612,
      "precision": null,
      "recall": 0.0
    },
    {
      "name": "ref1/v1/kinase_ref1",
      "true_positive_site_pair_count": 66,
      "false_positive_site_pair_count": 0,
      "true_site_pair_count": 7560,
      "precision": 1.0,
      "recall": 0.00873015873015873
    },
    {
      "name": "ref1/v1/1ldg_ref1",
      "true_positive_site_pair_count": 18,
      "false_positive_site_pair_count": 0,
      "true_site_pair_count": 2376,
      "precision": 1.0,
      "recall": 0.007575757575757576
    },
    {
      "name": "ref1/v1/1pgtA_ref1",
      "true_positive_site_pair_count": 0,
      "false_positive_site_pair_count": 0,
      "true_site_pair_count": 5400,
      "precision": null,
      "recall": 0.0
    },
    {
      "name": "ref1/v1/1hleA_ref1",
      "true_positive_site_pair_count": 0,
      "false_positive_site_pair_count": 0,
      "true_site_pair_count": 3012,
      "precision": null,
      "recall": 0.0
    },
    {
      "name": "ref1/v1/2pia_ref1",
      "true_positive_site_pair_count": 40,
      "false_positive_site_pair_count": 0,
      "true_site_pair_count": 4256,
      "precision": 1.0,
      "recall": 0.009398496240601503
    },
    {
      "name": "ref1/v1/1mrj_ref1",
      "true_positive_site_pair_count": 20,
      "false_positive_site_pair_count": 0,
      "true_site_pair_count": 1812,
      "precision": 1.0,
      "recall": 0.011037527593818985
    },
    {
      "name": "ref1/v1/451c_ref1",
      "true_positive_site_pair_count": 0,
      "false_positive_site_pair_count": 0,
      "true_site_pair_count": 740,
      "precision": null,
      "recall": 0.0
    },
    {
      "name": "ref1/v1/3grs_ref1",
      "true_positive_site_pair_count": 54,
      "false_positive_site_pair_count": 0,
      "true_site_pair_count": 5600,
      "precision": 1.0,
      "recall": 0.009642857142857142
    },
    {
      "name": "ref1/v1/1bbt3_ref1",
      "true_positive_site_pair_count": 10,
      "false_positive_site_pair_count": 0,
      "true_site_pair_count": 2688,
      "precision": 1.0,
      "recall": 0.003720238095238095
    },
    {
      "name": "ref1/v1/1cpt_ref1",
      "true_positive_site_pair_count": 34,
      "false_positive_site_pair_count": 0,
      "true_site_pair_count": 10224,
      "precision": 1.0,
      "recall": 0.003325508607198748
    },
    {
      "name": "ref1/v1/1idy_ref1",
      "true_positive_site_pair_count": 0,
      "false_positive_site_pair_count": 0,
      "true_site_pair_count": 580,
      "precision": null,
      "recall": 0.0
    },
    {
      "name": "ref1/v1/1uky_ref1",
      "true_positive_site_pair_count": 20,
      "false_positive_site_pair_count": 0,
      "true_site_pair_count": 2940,
      "precision": 1.0,
      "recall": 0.006802721088435374
    },
    {
      "name": "ref1/v1/1plc_ref1",
      "true_positive_site_pair_count": 0,
      "false_positive_site_pair_count": 0,
      "true_site_pair_count": 588,
      "precision": null,
      "recall": 0.0
    },
    {
      "name": "ref1/v1/1aab_ref1",
      "true_positive_site_pair_count": 0,
      "false_positive_site_pair_count": 0,
      "true_site_pair_count": 684,
      "precision": null,
      "recall": 0.0
    },
    {
      "name": "ref1/v1/gal4_ref1",
      "true_positive_site_pair_count": 0,
      "false_positive_site_pair_count": 0,
      "true_site_pair_count": 4060,
      "precision": null,
      "recall": 0.0
    },
    {
      "name": "ref1/v1/1dox_ref1",
      "true_positive_site_pair_count": 0,
      "false_positive_site_pair_count": 20,
      "true_site_pair_count": 720,
      "precision": 0.0,
      "recall": 0.0
    },
    {
      "name": "ref1/v1/1adj_ref1",
      "true_positive_site_pair_count": 0,
      "false_positive_site_pair_count": 0,
      "true_site_pair_count": 2208,
      "precision": null,
      "recall": 0.0
    },
    {
      "name": "ref1/v1/2myr_ref1",
      "true_positive_site_pair_count": 0,
      "false_positive_site_pair_count": 0,
      "true_site_pair_count": 11660,
      "precision": null,
      "recall": 0.0
    },
    {
      "name": "ref1/v1/1ajsA_ref1",
      "true_positive_site_pair_count": 20,
      "false_positive_site_pair_count": 2,
      "true_site_pair_count": 16016,
      "precision": 0.9090909090909091,
      "recall": 0.0012487512487512488
    },
    {
      "name": "ref1/v1/2trx_ref1",
      "true_positive_site_pair_count": 26,
      "false_positive_site_pair_count": 0,
      "true_site_pair_count": 1980,
      "precision": 1.0,
      "recall": 0.013131313131313131
    },
    {
      "name": "ref1/v1/1pamA_ref1",
      "true_positive_site_pair_count": 154,
      "false_positive_site_pair_count": 0,
      "true_site_pair_count": 18382,
      "precision": 1.0,
      "recall": 0.008377760853008377
    },
    {
      "name": "ref1/v1/4enl_ref1",
      "true_positive_site_pair_count": 0,
      "false_positive_site_pair_count": 0,
      "true_site_pair_count": 5152,
      "precision": null,
      "recall": 0.0
    },
    {
      "name": "ref1/v1/1ad3_ref1",
      "true_positive_site_pair_count": 0,
      "false_positive_site_pair_count": 0,
      "true_site_pair_count": 2964,
      "precision": null,
      "recall": 0.0
    },
    {
      "name": "ref1/v1/1csy_ref1",
      "true_positive_site_pair_count": 20,
      "false_positive_site_pair_count": 0,
      "true_site_pair_count": 588,
      "precision": 1.0,
      "recall": 0.034013605442176874
    },
    {
      "name": "ref1/v1/1havA_ref1",
      "true_positive_site_pair_count": 0,
      "false_positive_site_pair_count": 0,
      "true_site_pair_count": 920,
      "precision": null,
      "recall": 0.0
    },
    {
      "name": "ref1/v1/1aboA_ref1",
      "true_positive_site_pair_count": 0,
      "false_positive_site_pair_count": 0,
      "true_site_pair_count": 952,
      "precision": null,
      "recall": 0.0
    },
    {
      "name": "ref1/v1/1ped_ref1",
      "true_positive_site_pair_count": 28,
      "false_positive_site_pair_count": 0,
      "true_site_pair_count": 8730,
      "precision": 1.0,
      "recall": 0.0032073310423825887
    },
    {
      "name": "ref1/v1/1tvxA_ref1",
      "true_positive_site_pair_count": 0,
      "false_positive_site_pair_count": 0,
      "true_site_pair_count": 228,
      "precision": null,
      "recall": 0.0
    },
    {
      "name": "ref1/v1/1ubi_ref1",
      "true_positive_site_pair_count": 0,
      "false_positive_site_pair_count": 0,
      "true_site_pair_count": 546,
      "precision": null,
      "recall": 0.0
    },
    {
      "name": "ref1/v1/1gdoA_ref1",
      "true_positive_site_pair_count": 0,
      "false_positive_site_pair_count": 20,
      "true_site_pair_count": 936,
      "precision": 0.0,
      "recall": 0.0
    },
    {
      "name": "ref1/v1/2hsdA_ref1",
      "true_positive_site_pair_count": 38,
      "false_positive_site_pair_count": 40,
      "true_site_pair_count": 12558,
      "precision": 0.48717948717948717,
      "recall": 0.003025959547698678
    },
    {
      "name": "ref1/v1/1sbp_ref1",
      "true_positive_site_pair_count": 20,
      "false_positive_site_pair_count": 0,
      "true_site_pair_count": 3444,
      "precision": 1.0,
      "recall": 0.005807200929152149
    },
    {
      "name": "ref1/v1/1lci_ref1",
      "true_positive_site_pair_count": 46,
      "false_positive_site_pair_count": 0,
      "true_site_pair_count": 8310,
      "precision": 1.0,
      "recall": 0.005535499398315283
    },
    {
      "name": "ref1/v1/1lvl_ref1",
      "true_positive_site_pair_count": 44,
      "false_positive_site_pair_count": 0,
      "true_site_pair_count": 6160,
      "precision": 1.0,
      "recall": 0.007142857142857143
    }
  ]
}