{
  "path": "./data/bb3_release/RV12",
  "results": [
    {
      "name": "ref1/v2/1bgl_ref1",
      "true_positive_site_pair_count": 20338,
      "false_positive_site_pair_count": 217044,
      "true_site_pair_count": 44408,
      "precision": 0.08567625177983167,
      "recall": 0.4579805440461178
    },
    {
      "name": "ref1/v2/5ptp_ref1",
      "true_positive_site_pair_count": 35550,
      "false_positive_site_pair_count": 531248,
      "true_site_pair_count": 78540,
      "precision": 0.06272075765969534,
      "recall": 0.45263559969442324
    },
    {
      "name": "ref1/v2/2fxb_ref1",
      "true_positive_site_pair_count": 1386,
      "false_positive_site_pair_count": 6636,
      "true_site_pair_count": 3850,
      "precision": 0.17277486910994763,
      "recall": 0.36
    },
    {
      "name": "ref1/v2/1tis_ref1",
      "true_positive_site_pair_count": 910,
      "false_positive_site_pair_count": 4040,
      "true_site_pair_count": 2604,
      "precision": 0.18383838383838383,
      "recall": 0.34946236559139787
    },
    {
      "name": "ref1/v2/1gowA_ref1",
      "true_positive_site_pair_count": 4952,
      "false_positive_site_pair_count": 41930,
      "true_site_pair_count": 11256,
      "precision": 0.10562689305063777,
      "recall": 0.43994314143567875
    },
    {
      "name": "ref1/v2/1aho_ref1",
      "true_positive_site_pair_count": 952,
      "false_positive_site_pair_count": 1932,
      "true_site_pair_count": 2072,
      "precision": 0.3300970873786408,
      "recall": 0.4594594594594595
    },
    {
      "name": "ref1/v2/1rthA_ref1",
      "true_positive_site_pair_count": 2614,
      "false_positive_site_pair_count": 79228,
      "true_site_pair_count": 5310,
      "precision": 0.031939590919088,
      "recall": 0.49227871939736345
    },
    {
      "name": "ref1/v2/1aym3_ref1",
      "true_positive_site_pair_count": 914,
      "false_positive_site_pair_count": 2802,
      "true_site_pair_count": 1992,
      "precision": 0.24596340150699678,
      "recall": 0.45883534136546184
    },
    {
      "name": "ref1/v2/1led_ref1",
      "true_positive_site_pair_count": 1230,
      "false_positive_site_pair_count": 3192,
      "true_site_pair_count": 2016,
      "precision": 0.2781546811397558,
      "recall": 0.6101190476190477
    },
    {
      "name": "ref1/v2/glg_ref1",
      "true_positive_site_pair_count": 21848,
      "false_positive_site_pair_count": 190118,
      "true_site_pair_count": 49720,
      "precision": 0.10307313437060661,
      "recall": 0.4394207562349155
    },
    {
      "name": "ref1/v2/1fjlA_ref1",
      "true_positive_site_pair_count": 1498,
      "false_positive_site_pair_count": 3694,
      "true_site_pair_count": 3096,
      "precision": 0.28852080123266566,
      "recall": 0.4838501291989664
    },
    {
      "name": "ref1/v2/1ad2_ref1",
      "true_positive_site_pair_count": 972,
      "false_positive_site_pair_count": 8572,
      "true_site_pair_count": 4110,
      "precision": 0.10184409052808047,
      "recall": 0.2364963503649635
    },
    {
      "name": "ref1/v2/2cba_ref1",
      "true_positive_site_pair_count": 5402,
      "false_positive_site_pair_count": 77612,
      "true_site_pair_count": 10710,
      "precision": 0.06507336111981112,
      "recall": 0.5043884220354808
    },
    {
      "name": "ref1/v2/1ac5_ref1",
      "true_positive_site_pair_count": 11080,
      "false_positive_site_pair_count": 105774,
      "true_site_pair_count": 26840,
      "precision": 0.09481917606585996,
      "recall": 0.4128166915052161
    },
    {
      "name": "ref1/v2/1fieA_ref1",
      "true_positive_site_pair_count": 14184,
      "false_positive_site_pair_count": 119604,
      "true_site_pair_count": 27048,
      "precision": 0.10601847699345232,
      "recall": 0.5244010647737356
    },
    {
      "name": "ref1/v2/1ezm_ref1",
      "true_positive_site_pair_count": 826,
      "false_positive_site_pair_count": 8614,
      "true_site_pair_count": 1968,
      "precision": 0.0875,
      "recall": 0.41971544715447157
    },
    {
      "name": "ref1/v2/1thm_ref1",
      "true_positive_site_pair_count": 3144,
      "false_positive_site_pair_count": 48256,
      "true_site_pair_count": 6762,
      "precision": 0.06116731517509728,
      "recall": 0.4649511978704525
    },
    {
      "name": "ref1/v2/1ar5A_ref1",
      "true_positive_site_pair_count": 4294,
      "false_positive_site_pair_count": 15888,
      "true_site_pair_count": 9864,
      "precision": 0.21276384897433356,
      "recall": 0.4353203568532036
    },
    {
      "name": "ref1/v2/1gtr_ref1",
      "true_positive_site_pair_count": 4760,
      "false_positive_site_pair_count": 48132,
      "true_site_pair_count": 8120,
      "precision": 0.08999470619375331,
      "recall": 0.5862068965517241
    },
    {
      "name": "ref1/v2/2ack_ref1",
      "true_positive_site_pair_count": 16826,
      "false_positive_site_pair_count": 313146,
      "true_site_pair_count": 39000,
      "precision": 0.050992205399245996,
      "recall": 0.43143589743589744
    },
    {
      "name": "ref1/v2/1pysA_ref1",
      "true_positive_site_pair_count": 14776,
      "false_positive_site_pair_count": 144168,
      "true_site_pair_count": 25740,
      "precision": 0.0929635594926515,
      "recall": 0.5740481740481741
    },
    {
      "name": "ref1/v2/1ton_ref1",
      "true_positive_site_pair_count": 28982,
      "false_positive_site_pair_count": 245430,
      "true_site_pair_count": 60372,
      "precision": 0.10561491479964433,
      "recall": 0.48005698005698005
    },
    {
      "name": "ref1/v2/1hfh_ref1",
      "true_positive_site_pair_count": 280,
      "false_positive_site_pair_count": 1034,
      "true_site_pair_count": 828,
      "precision": 0.213089802130898,
      "recall": 0.33816425120772947
    },
    {
      "name": "ref1/v2/2mhr_ref1",
      "true_positive_site_pair_count": 604,
      "false_positive_site_pair_count": 2066,
      "true_site_pair_count": 1920,
      "precision": 0.22621722846441947,
      "recall": 0.3145833333333333
    },
    {
      "name": "ref1/v2/1ppn_ref1",
      "true_positive_site_pair_count": 3328,
      "false_positive_site_pair_count": 20476,
      "true_site_pair_count": 6944,
      "precision": 0.13980843555704925,
      "recall": 0.4792626728110599
    },
    {
      "name": "ref1/v2/1lcf_ref1",
      "true_positive_site_pair_count": 3614,
      "false_positive_site_pair_count": 44174,
      "true_site_pair_count": 9920,
      "precision": 0.07562568008705114,
      "recall": 0.36431451612903226
    },
    {
      "name": "ref1/v2/1csp_ref1",
      "true_positive_site_pair_count": 460,
      "false_positive_site_pair_count": 1240,
      "true_site_pair_count": 1280,
      "precision": 0.27058823529411763,
      "recall": 0.359375
    },
    {
      "name": "ref1/v2/1pkm_ref1",
      "true_positive_site_pair_count": 8206,
      "false_positive_site_pair_count": 187106,
      "true_site_pair_count": 19188,
      "precision": 0.042014827557958545,
      "recall": 0.427663122785074
    },
    {
      "name": "ref1/v2/1krn_ref1",
      "true_positive_site_pair_count": 552,
      "false_positive_site_pair_count": 5522,
      "true_site_pair_count": 1020,
      "precision": 0.09087915706289101,
      "recall": 0.5411764705882353
    },
    {
      "name": "ref1/v2/1fkj_ref1",
      "true_positive_site_pair_count": 3160,
      "false_positive_site_pair_count": 29522,
      "true_site_pair_count": 7920,
      "precision": 0.0966893090998103,
      "recall": 0.398989898989899
    },
    {
      "name": "ref1/v2/1gpb_ref1",
      "true_positive_site_pair_count": 4660,
      "false_positive_site_pair_count": 34884,
      "true_site_pair_count": 8040,
      "precision": 0.11784341493020432,
      "recall": 0.5796019900497512
    },
    {
      "name": "ref1/v2/1fmb_ref1",
      "true_positive_site_pair_count": 600,
      "false_positive_site_pair_count": 17480,
      "true_site_pair_count": 1460,
      "precision": 0.033185840707964605,
      "recall": 0.410958904109589
    },
    {
      "name": "ref1/v2/1dlc_ref1",
      "true_positive_site_pair_count": 18052,
      "false_positive_site_pair_count": 454990,
      "true_site_pair_count": 46464,
      "precision": 0.03816151631356201,
      "recall": 0.38851584022038566
    },
    {
      "name": "ref1/v2/1zin_ref1",
      "true_positive_site_pair_count": 3194,
      "false_positive_site_pair_count": 10454,
      "true_site_pair_count": 6804,
      "precision": 0.23402696365767878,
      "recall": 0.469429747207525
    },
    {
      "name": "ref1/v2/3pmg_ref1",
      "true_positive_site_pair_count": 780,
      "false_positive_site_pair_count": 16894,
      "true_site_pair_count": 3480,
      "precision": 0.0441326241937309,
      "recall": 0.22413793103448276
    },
    {
      "name": "ref1/v2/1tgxA_ref1",
      "true_positive_site_pair_count": 832,
      "false_positive_site_pair_count": 1598,
      "true_site_pair_count": 1944,
      "precision": 0.34238683127572017,
      "recall": 0.4279835390946502
    },
    {
      "name": "ref1/v2/3cyr_ref1",
      "true_positive_site_pair_count": 642,
      "false_positive_site_pair_count": 3422,
      "true_site_pair_count": 1932,
      "precision": 0.1579724409448819,
      "recall": 0.33229813664596275
    },
    {
      "name": "ref1/v2/1amk_ref1",
      "true_positive_site_pair_count": 13862,
      "false_positive_site_pair_count": 72364,
      "true_site_pair_count": 31920,
      "precision": 0.16076357479182612,
      "recall": 0.4342731829573935
    },
    {
      "name": "ref1/v2/1hpi_ref1",
      "true_positive_site_pair_count": 554,
      "false_positive_site_pair_count": 966,
      "true_site_pair_count": 1170,
      "precision": 0.36447368421052634,
      "recall": 0.4735042735042735
    },
    {
      "name": "ref1/v2/1pfc_ref1",
      "true_positive_site_pair_count": 314,
      "false_positive_site_pair_count": 3156,
      "true_site_pair_count": 768,
      "precision": 0.0904899135446686,
      "recall": 0.4088541666666667
    },
    {
      "name": "ref1/v2/1pii_ref1",
      "true_positive_site_pair_count": 26346,
      "false_positive_site_pair_count": 150414,
      "true_site_pair_count": 48042,
      "precision": 0.14904955872369313,
      "recall": 0.5483951542400399
    },
    {
      "name": "ref1/v2/1daaA_ref1",
      "true_positive_site_pair_count": 3452,
      "false_positive_site_pair_count": 24670,
      "true_site_pair_count": 8652,
      "precision": 0.12275087120403955,
      "recall": 0.3989828941285252
    },
    {
      "name": "ref1/v2/1bucA_ref1",
      "true_positive_site_pair_count": 15560,
      "false_positive_site_pair_count": 169534,
      "true_site_pair_count": 42276,
      "precision": 0.08406539379990707,
      "recall": 0.36805752672911346
    },
    {
      "name": "ref1/v2/1taq_ref1",
      "true_positive_site_pair_count": 30644,
      "false_positive_site_pair_count": 358356,
      "true_site_pair_count": 60390,
      "precision": 0.07877634961439589,
      "recall": 0.5074350057956616
    }
  ]
}