{
  "path": "./data/bb3_release/RV12",
  "results": [
    {
      "name": "ref1/v2/1bgl_ref1",
      "true_positive_site_pair_count": 14898,
      "false_positive_site_pair_count": 19192,
      "true_site_pair_count": 44408,
      "precision": 0.4370196538574362,
      "recall": 0.33548009367681497
    },
    {
      "name": "ref1/v2/5ptp_ref1",
      "true_positive_site_pair_count": 23598,
      "false_positive_site_pair_count": 46846,
      "true_site_pair_count": 78540,
      "precision": 0.3349894952018625,
      "recall": 0.3004583651642475
    },
    {
      "name": "ref1/v2/2fxb_ref1",
      "true_positive_site_pair_count": 836,
      "false_positive_site_pair_count": 1038,
      "true_site_pair_count": 3850,
      "precision": 0.44610458911419426,
      "recall": 0.21714285714285714
    },
    {
      "name": "ref1/v2/1tis_ref1",
      "true_positive_site_pair_count": 418,
      "false_positive_site_pair_count": 218,
      "true_site_pair_count": 2604,
      "precision": 0.6572327044025157,
      "recall": 0.16052227342549924
    },
    {
      "name": "ref1/v2/1gowA_ref1",
      "true_positive_site_pair_count": 3594,
      "false_positive_site_pair_count": 3834,
      "true_site_pair_count": 11256,
      "precision": 0.48384491114701134,
      "recall": 0.31929637526652455
    },
    {
      "name": "ref1/v2/1aho_ref1",
      "true_positive_site_pair_count": 574,
      "false_positive_site_pair_count": 220,
      "true_site_pair_count": 2072,
      "precision": 0.7229219143576826,
      "recall": 0.27702702702702703
    },
    {
      "name": "ref1/v2/1rthA_ref1",
      "true_positive_site_pair_count": 2026,
      "false_positive_site_pair_count": 8028,
      "true_site_pair_count": 5310,
      "precision": 0.20151183608514026,
      "recall": 0.3815442561205273
    },
    {
      "name": "ref1/v2/1aym3_ref1",
      "true_positive_site_pair_count": 460,
      "false_positive_site_pair_count": 272,
      "true_site_pair_count": 1992,
      "precision": 0.6284153005464481,
      "recall": 0.23092369477911648
    },
    {
      "name": "ref1/v2/1led_ref1",
      "true_positive_site_pair_count": 856,
      "false_positive_site_pair_count": 202,
      "true_site_pair_count": 2016,
      "precision": 0.8090737240075614,
      "recall": 0.4246031746031746
    },
    {
      "name": "ref1/v2/glg_ref1",
      "true_positive_site_pair_count": 15100,
      "false_positive_site_pair_count": 21072,
      "true_site_pair_count": 49720,
      "precision": 0.41744996129603007,
      "recall": 0.30370072405470633
    },
    {
      "name": "ref1/v2/1fjlA_ref1",
      "true_positive_site_pair_count": 938,
      "false_positive_site_pair_count": 370,
      "true_site_pair_count": 3096,
      "precision": 0.7171253822629969,
      "recall": 0.3029715762273902
    },
    {
      "name": "ref1/v2/1ad2_ref1",
      "true_positive_site_pair_count": 478,
      "false_positive_site_pair_count": 660,
      "true_site_pair_count": 4110,
      "precision": 0.4200351493848858,
      "recall": 0.11630170316301704
    },
    {
      "name": "ref1/v2/2cba_ref1",
      "true_positive_site_pair_count": 3702,
      "false_positive_site_pair_count": 7934,
      "true_site_pair_count": 10710,
      "precision": 0.31815056720522517,
      "recall": 0.3456582633053221
    },
    {
      "name": "ref1/v2/1ac5_ref1",
      "true_positive_site_pair_count": 8028,
      "false_positive_site_pair_count": 9286,
      "true_site_pair_count": 26840,
      "precision": 0.46367101767355895,
      "recall": 0.2991058122205663
    },
    {
      "name": "ref1/v2/1fieA_ref1",
      "true_positive_site_pair_count": 10028,
      "false_positive_site_pair_count": 10400,
      "true_site_pair_count": 27048,
      "precision": 0.49089485020560014,
      "recall": 0.3707482993197279
    },
    {
      "name": "ref1/v2/1ezm_ref1",
      "true_positive_site_pair_count": 600,
      "false_positive_site_pair_count": 992,
      "true_site_pair_count": 1968,
      "precision": 0.3768844221105528,
      "recall": 0.3048780487804878
    },
    {
      "name": "ref1/v2/1thm_ref1",
      "true_positive_site_pair_count": 2006,
      "false_positive_site_pair_count": 4478,
      "true_site_pair_count": 6762,
      "precision": 0.3093769278223319,
      "recall": 0.2966577935522035
    },
    {
      "name": "ref1/v2/1ar5A_ref1",
      "true_positive_site_pair_count": 2984,
      "false_positive_site_pair_count": 1482,
      "true_site_pair_count": 9864,
      "precision": 0.6681594267801164,
      "recall": 0.30251419302514193
    },
    {
      "name": "ref1/v2/1gtr_ref1",
      "true_positive_site_pair_count": 3824,
      "false_positive_site_pair_count": 4916,
      "true_site_pair_count": 8120,
      "precision": 0.43752860411899314,
      "recall": 0.470935960591133
    },
    {
      "name": "ref1/v2/2ack_ref1",
      "true_positive_site_pair_count": 12538,
      "false_positive_site_pair_count": 30206,
      "true_site_pair_count": 39000,
      "precision": 0.2933277185102003,
      "recall": 0.3214871794871795
    },
    {
      "name": "ref1/v2/1pysA_ref1",
      "true_positive_site_pair_count": 11422,
      "false_positive_site_pair_count": 15952,
      "true_site_pair_count": 25740,
      "precision": 0.4172572514064441,
      "recall": 0.44374514374514373
    },
    {
      "name": "ref1/v2/1ton_ref1",
      "true_positive_site_pair_count": 17984,
      "false_positive_site_pair_count": 21346,
      "true_site_pair_count": 60372,
      "precision": 0.45725908975336893,
      "recall": 0.29788643742132115
    },
    {
      "name": "ref1/v2/1hfh_ref1",
      "true_positive_site_pair_count": 170,
      "false_positive_site_pair_count": 196,
      "true_site_pair_count": 828,
      "precision": 0.4644808743169399,
      "recall": 0.20531400966183574
    },
    {
      "name": "ref1/v2/2mhr_ref1",
      "true_positive_site_pair_count": 366,
      "false_positive_site_pair_count": 160,
      "true_site_pair_count": 1920,
      "precision": 0.6958174904942965,
      "recall": 0.190625
    },
    {
      "name": "ref1/v2/1ppn_ref1",
      "true_positive_site_pair_count": 2374,
      "false_positive_site_pair_count": 1686,
      "true_site_pair_count": 6944,
      "precision": 0.5847290640394088,
      "recall": 0.3418778801843318
    },
    {
      "name": "ref1/v2/1lcf_ref1",
      "true_positive_site_pair_count": 2618,
      "false_positive_site_pair_count": 6442,
      "true_site_pair_count": 9920,
      "precision": 0.288962472406181,
      "recall": 0.26391129032258065
    },
    {
      "name": "ref1/v2/1csp_ref1",
      "true_positive_site_pair_count": 310,
      "false_positive_site_pair_count": 92,
      "true_site_pair_count": 1280,
      "precision": 0.7711442786069652,
      "recall": 0.2421875
    },
    {
      "name": "ref1/v2/1pkm_ref1",
      "true_positive_site_pair_count": 5096,
      "false_positive_site_pair_count": 18040,
      "true_site_pair_count": 19188,
      "precision": 0.2202627939142462,
      "recall": 0.26558265582655827
    },
    {
      "name": "ref1/v2/1krn_ref1",
      "true_positive_site_pair_count": 228,
      "false_positive_site_pair_count": 510,
      "true_site_pair_count": 1020,
      "precision": 0.3089430894308943,
      "recall": 0.2235294117647059
    },
    {
      "name": "ref1/v2/1fkj_ref1",
      "true_positive_site_pair_count": 1796,
      "false_positive_site_pair_count": 2960,
      "true_site_pair_count": 7920,
      "precision": 0.3776282590412111,
      "recall": 0.22676767676767676
    },
    {
      "name": "ref1/v2/1gpb_ref1",
      "true_positive_site_pair_count": 3814,
      "false_positive_site_pair_count": 3510,
      "true_site_pair_count": 8040,
      "precision": 0.5207536865101038,
      "recall": 0.47437810945273634
    },
    {
      "name": "ref1/v2/1fmb_ref1",
      "true_positive_site_pair_count": 390,
      "false_positive_site_pair_count": 1532,
      "true_site_pair_count": 1460,
      "precision": 0.20291363163371487,
      "recall": 0.2671232876712329
    },
    {
      "name": "ref1/v2/1dlc_ref1",
      "true_positive_site_pair_count": 13446,
      "false_positive_site_pair_count": 46092,
      "true_site_pair_count": 46464,
      "precision": 0.22583895999193793,
      "recall": 0.2893853305785124
    },
    {
      "name": "ref1/v2/1zin_ref1",
      "true_positive_site_pair_count": 2326,
      "false_positive_site_pair_count": 1006,
      "true_site_pair_count": 6804,
      "precision": 0.698079231692677,
      "recall": 0.3418577307466196
    },
    {
      "name": "ref1/v2/3pmg_ref1",
      "true_positive_site_pair_count": 412,
      "false_positive_site_pair_count": 1730,
      "true_site_pair_count": 3480,
      "precision": 0.19234360410831,
      "recall": 0.11839080459770115
    },
    {
      "name": "ref1/v2/1tgxA_ref1",
      "true_positive_site_pair_count": 512,
      "false_positive_site_pair_count": 198,
      "true_site_pair_count": 1944,
      "precision": 0.7211267605633803,
      "recall": 0.26337448559670784
    },
    {
      "name": "ref1/v2/3cyr_ref1",
      "true_positive_site_pair_count": 372,
      "false_positive_site_pair_count": 518,
      "true_site_pair_count": 1932,
      "precision": 0.41797752808988764,
      "recall": 0.19254658385093168
    },
    {
      "name": "ref1/v2/1amk_ref1",
      "true_positive_site_pair_count": 10480,
      "false_positive_site_pair_count": 6066,
      "true_site_pair_count": 31920,
      "precision": 0.6333857125589266,
      "recall": 0.3283208020050125
    },
    {
      "name": "ref1/v2/1hpi_ref1",
      "true_positive_site_pair_count": 286,
      "false_positive_site_pair_count": 76,
      "true_site_pair_count": 1170,
      "precision": 0.7900552486187845,
      "recall": 0.24444444444444444
    },
    {
      "name": "ref1/v2/1pfc_ref1",
      "true_positive_site_pair_count": 140,
      "false_positive_site_pair_count": 324,
      "true_site_pair_count": 768,
      "precision": 0.3017241379310345,
      "recall": 0.18229166666666666
    },
    {
      "name": "ref1/v2/1pii_ref1",
      "true_positive_site_pair_count": 20026,
      "false_positive_site_pair_count": 16596,
      "true_site_pair_count": 48042,
      "precision": 0.5468297744525149,
      "recall": 0.4168435951875442
    },
    {
      "name": "ref1/v2/1daaA_ref1",
      "true_positive_site_pair_count": 2216,
      "false_positive_site_pair_count": 1950,
      "true_site_pair_count": 8652,
      "precision": 0.5319251080172828,
      "recall": 0.2561257512713823
    },
    {
      "name": "ref1/v2/1bucA_ref1",
      "true_positive_site_pair_count": 9042,
      "false_positive_site_pair_count": 17236,
      "true_site_pair_count": 42276,
      "precision": 0.3440901134028465,
      "recall": 0.21388021572523416
    },
    {
      "name": "ref1/v2/1taq_ref1",
      "true_positive_site_pair_count": 22514,
      "false_positive_site_pair_count": 43664,
      "true_site_pair_count": 60390,
      "precision": 0.3402036930702046,
      "recall": 0.3728100678920351
    }
  ]
}