{
  "path": "./data/bb3_release/RV12",
  "results": [
    {
      "name": "ref1/v2/1bgl_ref1",
      "true_positive_site_pair_count": 16964,
      "false_positive_site_pair_count": 28758,
      "true_site_pair_count": 44408,
      "precision": 0.37102488954988844,
      "recall": 0.3820032426589804
    },
    {
      "name": "ref1/v2/5ptp_ref1",
      "true_positive_site_pair_count": 22404,
      "false_positive_site_pair_count": 65788,
      "true_site_pair_count": 78540,
      "precision": 0.2540366473149492,
      "recall": 0.2852559205500382
    },
    {
      "name": "ref1/v2/2fxb_ref1",
      "true_positive_site_pair_count": 962,
      "false_positive_site_pair_count": 1536,
      "true_site_pair_count": 3850,
      "precision": 0.3851080864691753,
      "recall": 0.24987012987012988
    },
    {
      "name": "ref1/v2/1tis_ref1",
      "true_positive_site_pair_count": 618,
      "false_positive_site_pair_count": 248,
      "true_site_pair_count": 2604,
      "precision": 0.7136258660508084,
      "recall": 0.23732718894009217
    },
    {
      "name": "ref1/v2/1gowA_ref1",
      "true_positive_site_pair_count": 4138,
      "false_positive_site_pair_count": 5042,
      "true_site_pair_count": 11256,
      "precision": 0.4507625272331155,
      "recall": 0.3676261549395878
    },
    {
      "name": "ref1/v2/1aho_ref1",
      "true_positive_site_pair_count": 632,
      "false_positive_site_pair_count": 210,
      "true_site_pair_count": 2072,
      "precision": 0.7505938242280285,
      "recall": 0.305019305019305
    },
    {
      "name": "ref1/v2/1rthA_ref1",
      "true_positive_site_pair_count": 2216,
      "false_positive_site_pair_count": 11428,
      "true_site_pair_count": 5310,
      "precision": 0.1624157138669012,
      "recall": 0.41732580037664785
    },
    {
      "name": "ref1/v2/1aym3_ref1",
      "true_positive_site_pair_count": 748,
      "false_positive_site_pair_count": 286,
      "true_site_pair_count": 1992,
      "precision": 0.723404255319149,
      "recall": 0.3755020080321285
    },
    {
      "name": "ref1/v2/1led_ref1",
      "true_positive_site_pair_count": 818,
      "false_positive_site_pair_count": 398,
      "true_site_pair_count": 2016,
      "precision": 0.6726973684210527,
      "recall": 0.40575396825396826
    },
    {
      "name": "ref1/v2/glg_ref1",
      "true_positive_site_pair_count": 17048,
      "false_positive_site_pair_count": 27758,
      "true_site_pair_count": 49720,
      "precision": 0.38048475650582514,
      "recall": 0.3428801287208367
    },
    {
      "name": "ref1/v2/1fjlA_ref1",
      "true_positive_site_pair_count": 1266,
      "false_positive_site_pair_count": 342,
      "true_site_pair_count": 3096,
      "precision": 0.7873134328358209,
      "recall": 0.40891472868217055
    },
    {
      "name": "ref1/v2/1ad2_ref1",
      "true_positive_site_pair_count": 758,
      "false_positive_site_pair_count": 1302,
      "true_site_pair_count": 4110,
      "precision": 0.3679611650485437,
      "recall": 0.18442822384428223
    },
    {
      "name": "ref1/v2/2cba_ref1",
      "true_positive_site_pair_count": 3968,
      "false_positive_site_pair_count": 10946,
      "true_site_pair_count": 10710,
      "precision": 0.26605873675740915,
      "recall": 0.3704948646125117
    },
    {
      "name": "ref1/v2/1ac5_ref1",
      "true_positive_site_pair_count": 9356,
      "false_positive_site_pair_count": 13666,
      "true_site_pair_count": 26840,
      "precision": 0.4063938841108505,
      "recall": 0.34858420268256335
    },
    {
      "name": "ref1/v2/1fieA_ref1",
      "true_positive_site_pair_count": 11518,
      "false_positive_site_pair_count": 16282,
      "true_site_pair_count": 27048,
      "precision": 0.41431654676258994,
      "recall": 0.42583555161194914
    },
    {
      "name": "ref1/v2/1ezm_ref1",
      "true_positive_site_pair_count": 792,
      "false_positive_site_pair_count": 1258,
      "true_site_pair_count": 1968,
      "precision": 0.38634146341463416,
      "recall": 0.4024390243902439
    },
    {
      "name": "ref1/v2/1thm_ref1",
      "true_positive_site_pair_count": 2516,
      "false_positive_site_pair_count": 6794,
      "true_site_pair_count": 6762,
      "precision": 0.2702470461868958,
      "recall": 0.37207926648920436
    },
    {
      "name": "ref1/v2/1ar5A_ref1",
      "true_positive_site_pair_count": 3604,
      "false_positive_site_pair_count": 1978,
      "true_site_pair_count": 9864,
      "precision": 0.6456467216051595,
      "recall": 0.3653690186536902
    },
    {
      "name": "ref1/v2/1gtr_ref1",
      "true_positive_site_pair_count": 4574,
      "false_positive_site_pair_count": 7198,
      "true_site_pair_count": 8120,
      "precision": 0.3885490995582739,
      "recall": 0.5633004926108375
    },
    {
      "name": "ref1/v2/2ack_ref1",
      "true_positive_site_pair_count": 12322,
      "false_positive_site_pair_count": 40580,
      "true_site_pair_count": 39000,
      "precision": 0.23292125061434352,
      "recall": 0.3159487179487179
    },
    {
      "name": "ref1/v2/1pysA_ref1",
      "true_positive_site_pair_count": 12864,
      "false_positive_site_pair_count": 21642,
      "true_site_pair_count": 25740,
      "precision": 0.37280472961224137,
      "recall": 0.49976689976689975
    },
    {
      "name": "ref1/v2/1ton_ref1",
      "true_positive_site_pair_count": 19504,
      "false_positive_site_pair_count": 30136,
      "true_site_pair_count": 60372,
      "precision": 0.39290894439967766,
      "recall": 0.3230636719008812
    },
    {
      "name": "ref1/v2/1hfh_ref1",
      "true_positive_site_pair_count": 158,
      "false_positive_site_pair_count": 168,
      "true_site_pair_count": 828,
      "precision": 0.48466257668711654,
      "recall": 0.19082125603864733
    },
    {
      "name": "ref1/v2/2mhr_ref1",
      "true_positive_site_pair_count": 400,
      "false_positive_site_pair_count": 242,
      "true_site_pair_count": 1920,
      "precision": 0.6230529595015576,
      "recall": 0.20833333333333334
    },
    {
      "name": "ref1/v2/1ppn_ref1",
      "true_positive_site_pair_count": 2256,
      "false_positive_site_pair_count": 2542,
      "true_site_pair_count": 6944,
      "precision": 0.4701959149645686,
      "recall": 0.3248847926267281
    },
    {
      "name": "ref1/v2/1lcf_ref1",
      "true_positive_site_pair_count": 2954,
      "false_positive_site_pair_count": 8136,
      "true_site_pair_count": 9920,
      "precision": 0.26636609558160507,
      "recall": 0.29778225806451614
    },
    {
      "name": "ref1/v2/1csp_ref1",
      "true_positive_site_pair_count": 456,
      "false_positive_site_pair_count": 164,
      "true_site_pair_count": 1280,
      "precision": 0.7354838709677419,
      "recall": 0.35625
    },
    {
      "name": "ref1/v2/1pkm_ref1",
      "true_positive_site_pair_count": 5002,
      "false_positive_site_pair_count": 27108,
      "true_site_pair_count": 19188,
      "precision": 0.15577701650576145,
      "recall": 0.2606837606837607
    },
    {
      "name": "ref1/v2/1krn_ref1",
      "true_positive_site_pair_count": 366,
      "false_positive_site_pair_count": 564,
      "true_site_pair_count": 1020,
      "precision": 0.3935483870967742,
      "recall": 0.3588235294117647
    },
    {
      "name": "ref1/v2/1fkj_ref1",
      "true_positive_site_pair_count": 2054,
      "false_positive_site_pair_count": 4536,
      "true_site_pair_count": 7920,
      "precision": 0.31168437025796664,
      "recall": 0.2593434343434343
    },
    {
      "name": "ref1/v2/1gpb_ref1",
      "true_positive_site_pair_count": 4478,
      "false_positive_site_pair_count": 4232,
      "true_site_pair_count": 8040,
      "precision": 0.5141216991963261,
      "recall": 0.5569651741293532
    },
    {
      "name": "ref1/v2/1fmb_ref1",
      "true_positive_site_pair_count": 356,
      "false_positive_site_pair_count": 2256,
      "true_site_pair_count": 1460,
      "precision": 0.1362940275650842,
      "recall": 0.24383561643835616
    },
    {
      "name": "ref1/v2/1dlc_ref1",
      "true_positive_site_pair_count": 13872,
      "false_positive_site_pair_count": 61898,
      "true_site_pair_count": 46464,
      "precision": 0.18308037481852976,
      "recall": 0.29855371900826444
    },
    {
      "name": "ref1/v2/1zin_ref1",
      "true_positive_site_pair_count": 2332,
      "false_positive_site_pair_count": 1314,
      "true_site_pair_count": 6804,
      "precision": 0.6396050466264399,
      "recall": 0.3427395649617872
    },
    {
      "name": "ref1/v2/3pmg_ref1",
      "true_positive_site_pair_count": 466,
      "false_positive_site_pair_count": 2104,
      "true_site_pair_count": 3480,
      "precision": 0.18132295719844357,
      "recall": 0.1339080459770115
    },
    {
      "name": "ref1/v2/1tgxA_ref1",
      "true_positive_site_pair_count": 182,
      "false_positive_site_pair_count": 260,
      "true_site_pair_count": 1944,
      "precision": 0.4117647058823529,
      "recall": 0.09362139917695474
    },
    {
      "name": "ref1/v2/3cyr_ref1",
      "true_positive_site_pair_count": 408,
      "false_positive_site_pair_count": 696,
      "true_site_pair_count": 1932,
      "precision": 0.3695652173913043,
      "recall": 0.2111801242236025
    },
    {
      "name": "ref1/v2/1amk_ref1",
      "true_positive_site_pair_count": 11132,
      "false_positive_site_pair_count": 8940,
      "true_site_pair_count": 31920,
      "precision": 0.5546034276604225,
      "recall": 0.3487468671679198
    },
    {
      "name": "ref1/v2/1hpi_ref1",
      "true_positive_site_pair_count": 360,
      "false_positive_site_pair_count": 76,
      "true_site_pair_count": 1170,
      "precision": 0.8256880733944955,
      "recall": 0.3076923076923077
    },
    {
      "name": "ref1/v2/1pfc_ref1",
      "true_positive_site_pair_count": 164,
      "false_positive_site_pair_count": 380,
      "true_site_pair_count": 768,
      "precision": 0.3014705882352941,
      "recall": 0.21354166666666666
    },
    {
      "name": "ref1/v2/1pii_ref1",
      "true_positive_site_pair_count": 20308,
      "false_positive_site_pair_count": 25020,
      "true_site_pair_count": 48042,
      "precision": 0.44802329685845393,
      "recall": 0.42271345905665875
    },
    {
      "name": "ref1/v2/1daaA_ref1",
      "true_positive_site_pair_count": 2434,
      "false_positive_site_pair_count": 2468,
      "true_site_pair_count": 8652,
      "precision": 0.496532027743778,
      "recall": 0.28132223763291725
    },
    {
      "name": "ref1/v2/1bucA_ref1",
      "true_positive_site_pair_count": 10884,
      "false_positive_site_pair_count": 24868,
      "true_site_pair_count": 42276,
      "precision": 0.3044305213694339,
      "recall": 0.257451036048822
    },
    {
      "name": "ref1/v2/1taq_ref1",
      "true_positive_site_pair_count": 27626,
      "false_positive_site_pair_count": 60568,
      "true_site_pair_count": 60390,
      "precision": 0.3132412635780212,
      "recall": 0.45745984434509024
    }
  ]
}