{
  "path": "./data/bb3_release/RV12",
  "results": [
    {
      "name": "ref1/v2/1bgl_ref1",
      "true_positive_site_pair_count": 18450,
      "false_positive_site_pair_count": 31070,
      "true_site_pair_count": 44408,
      "precision": 0.3725767366720517,
      "recall": 0.41546568185912447
    },
    {
      "name": "ref1/v2/5ptp_ref1",
      "true_positive_site_pair_count": 24054,
      "false_positive_site_pair_count": 75714,
      "true_site_pair_count": 78540,
      "precision": 0.2410993504931441,
      "recall": 0.30626432391138275
    },
    {
      "name": "ref1/v2/2fxb_ref1",
      "true_positive_site_pair_count": 1202,
      "false_positive_site_pair_count": 2062,
      "true_site_pair_count": 3850,
      "precision": 0.36825980392156865,
      "recall": 0.3122077922077922
    },
    {
      "name": "ref1/v2/1tis_ref1",
      "true_positive_site_pair_count": 688,
      "false_positive_site_pair_count": 500,
      "true_site_pair_count": 2604,
      "precision": 0.5791245791245792,
      "recall": 0.2642089093701997
    },
    {
      "name": "ref1/v2/1gowA_ref1",
      "true_positive_site_pair_count": 3800,
      "false_positive_site_pair_count": 5360,
      "true_site_pair_count": 11256,
      "precision": 0.4148471615720524,
      "recall": 0.33759772565742713
    },
    {
      "name": "ref1/v2/1aho_ref1",
      "true_positive_site_pair_count": 484,
      "false_positive_site_pair_count": 390,
      "true_site_pair_count": 2072,
      "precision": 0.5537757437070938,
      "recall": 0.2335907335907336
    },
    {
      "name": "ref1/v2/1rthA_ref1",
      "true_positive_site_pair_count": 2230,
      "false_positive_site_pair_count": 12140,
      "true_site_pair_count": 5310,
      "precision": 0.15518441196938065,
      "recall": 0.4199623352165725
    },
    {
      "name": "ref1/v2/1aym3_ref1",
      "true_positive_site_pair_count": 868,
      "false_positive_site_pair_count": 288,
      "true_site_pair_count": 1992,
      "precision": 0.7508650519031141,
      "recall": 0.4357429718875502
    },
    {
      "name": "ref1/v2/1led_ref1",
      "true_positive_site_pair_count": 780,
      "false_positive_site_pair_count": 504,
      "true_site_pair_count": 2016,
      "precision": 0.6074766355140186,
      "recall": 0.3869047619047619
    },
    {
      "name": "ref1/v2/glg_ref1",
      "true_positive_site_pair_count": 18660,
      "false_positive_site_pair_count": 30776,
      "true_site_pair_count": 49720,
      "precision": 0.377457723116757,
      "recall": 0.37530168946098147
    },
    {
      "name": "ref1/v2/1fjlA_ref1",
      "true_positive_site_pair_count": 1484,
      "false_positive_site_pair_count": 624,
      "true_site_pair_count": 3096,
      "precision": 0.7039848197343453,
      "recall": 0.479328165374677
    },
    {
      "name": "ref1/v2/1ad2_ref1",
      "true_positive_site_pair_count": 766,
      "false_positive_site_pair_count": 1186,
      "true_site_pair_count": 4110,
      "precision": 0.39241803278688525,
      "recall": 0.18637469586374697
    },
    {
      "name": "ref1/v2/2cba_ref1",
      "true_positive_site_pair_count": 4052,
      "false_positive_site_pair_count": 11472,
      "true_site_pair_count": 10710,
      "precision": 0.26101520226745684,
      "recall": 0.3783380018674136
    },
    {
      "name": "ref1/v2/1ac5_ref1",
      "true_positive_site_pair_count": 9344,
      "false_positive_site_pair_count": 14212,
      "true_site_pair_count": 26840,
      "precision": 0.39667176091017153,
      "recall": 0.3481371087928465
    },
    {
      "name": "ref1/v2/1fieA_ref1",
      "true_positive_site_pair_count": 11758,
      "false_positive_site_pair_count": 17164,
      "true_site_pair_count": 27048,
      "precision": 0.4065417329368647,
      "recall": 0.4347086660751257
    },
    {
      "name": "ref1/v2/1ezm_ref1",
      "true_positive_site_pair_count": 758,
      "false_positive_site_pair_count": 1080,
      "true_site_pair_count": 1968,
      "precision": 0.41240478781284007,
      "recall": 0.3851626016260163
    },
    {
      "name": "ref1/v2/1thm_ref1",
      "true_positive_site_pair_count": 2412,
      "false_positive_site_pair_count": 7780,
      "true_site_pair_count": 6762,
      "precision": 0.23665620094191522,
      "recall": 0.3566992014196983
    },
    {
      "name": "ref1/v2/1ar5A_ref1",
      "true_positive_site_pair_count": 3906,
      "false_positive_site_pair_count": 1952,
      "true_site_pair_count": 9864,
      "precision": 0.6667804711505634,
      "recall": 0.395985401459854
    },
    {
      "name": "ref1/v2/1gtr_ref1",
      "true_positive_site_pair_count": 4720,
      "false_positive_site_pair_count": 8022,
      "true_site_pair_count": 8120,
      "precision": 0.3704285041594726,
      "recall": 0.5812807881773399
    },
    {
      "name": "ref1/v2/2ack_ref1",
      "true_positive_site_pair_count": 12752,
      "false_positive_site_pair_count": 46280,
      "true_site_pair_count": 39000,
      "precision": 0.21601843068166418,
      "recall": 0.32697435897435895
    },
    {
      "name": "ref1/v2/1pysA_ref1",
      "true_positive_site_pair_count": 13904,
      "false_positive_site_pair_count": 25348,
      "true_site_pair_count": 25740,
      "precision": 0.35422398858656884,
      "recall": 0.5401709401709401
    },
    {
      "name": "ref1/v2/1ton_ref1",
      "true_positive_site_pair_count": 20530,
      "false_positive_site_pair_count": 36514,
      "true_site_pair_count": 60372,
      "precision": 0.3598976228875955,
      "recall": 0.34005830517458424
    },
    {
      "name": "ref1/v2/1hfh_ref1",
      "true_positive_site_pair_count": 172,
      "false_positive_site_pair_count": 236,
      "true_site_pair_count": 828,
      "precision": 0.4215686274509804,
      "recall": 0.20772946859903382
    },
    {
      "name": "ref1/v2/2mhr_ref1",
      "true_positive_site_pair_count": 576,
      "false_positive_site_pair_count": 264,
      "true_site_pair_count": 1920,
      "precision": 0.6857142857142857,
      "recall": 0.3
    },
    {
      "name": "ref1/v2/1ppn_ref1",
      "true_positive_site_pair_count": 2438,
      "false_positive_site_pair_count": 2828,
      "true_site_pair_count": 6944,
      "precision": 0.46296999620205087,
      "recall": 0.35109447004608296
    },
    {
      "name": "ref1/v2/1lcf_ref1",
      "true_positive_site_pair_count": 3200,
      "false_positive_site_pair_count": 8776,
      "true_site_pair_count": 9920,
      "precision": 0.26720106880427524,
      "recall": 0.3225806451612903
    },
    {
      "name": "ref1/v2/1csp_ref1",
      "true_positive_site_pair_count": 430,
      "false_positive_site_pair_count": 166,
      "true_site_pair_count": 1280,
      "precision": 0.7214765100671141,
      "recall": 0.3359375
    },
    {
      "name": "ref1/v2/1pkm_ref1",
      "true_positive_site_pair_count": 5970,
      "false_positive_site_pair_count": 28168,
      "true_site_pair_count": 19188,
      "precision": 0.17487843458902103,
      "recall": 0.3111319574734209
    },
    {
      "name": "ref1/v2/1krn_ref1",
      "true_positive_site_pair_count": 270,
      "false_positive_site_pair_count": 810,
      "true_site_pair_count": 1020,
      "precision": 0.25,
      "recall": 0.2647058823529412
    },
    {
      "name": "ref1/v2/1fkj_ref1",
      "true_positive_site_pair_count": 2086,
      "false_positive_site_pair_count": 5020,
      "true_site_pair_count": 7920,
      "precision": 0.29355474247115115,
      "recall": 0.2633838383838384
    },
    {
      "name": "ref1/v2/1gpb_ref1",
      "true_positive_site_pair_count": 4700,
      "false_positive_site_pair_count": 5398,
      "true_site_pair_count": 8040,
      "precision": 0.4654387007328184,
      "recall": 0.5845771144278606
    },
    {
      "name": "ref1/v2/1fmb_ref1",
      "true_positive_site_pair_count": 410,
      "false_positive_site_pair_count": 2960,
      "true_site_pair_count": 1460,
      "precision": 0.12166172106824925,
      "recall": 0.2808219178082192
    },
    {
      "name": "ref1/v2/1dlc_ref1",
      "true_positive_site_pair_count": 15322,
      "false_positive_site_pair_count": 71928,
      "true_site_pair_count": 46464,
      "precision": 0.17561031518624642,
      "recall": 0.3297606749311295
    },
    {
      "name": "ref1/v2/1zin_ref1",
      "true_positive_site_pair_count": 2948,
      "false_positive_site_pair_count": 1380,
      "true_site_pair_count": 6804,
      "precision": 0.6811460258780037,
      "recall": 0.4332745443856555
    },
    {
      "name": "ref1/v2/3pmg_ref1",
      "true_positive_site_pair_count": 350,
      "false_positive_site_pair_count": 2508,
      "true_site_pair_count": 3480,
      "precision": 0.1224632610216935,
      "recall": 0.10057471264367816
    },
    {
      "name": "ref1/v2/1tgxA_ref1",
      "true_positive_site_pair_count": 174,
      "false_positive_site_pair_count": 156,
      "true_site_pair_count": 1944,
      "precision": 0.5272727272727272,
      "recall": 0.08950617283950617
    },
    {
      "name": "ref1/v2/3cyr_ref1",
      "true_positive_site_pair_count": 350,
      "false_positive_site_pair_count": 440,
      "true_site_pair_count": 1932,
      "precision": 0.4430379746835443,
      "recall": 0.18115942028985507
    },
    {
      "name": "ref1/v2/1amk_ref1",
      "true_positive_site_pair_count": 12200,
      "false_positive_site_pair_count": 10598,
      "true_site_pair_count": 31920,
      "precision": 0.5351346609351697,
      "recall": 0.38220551378446116
    },
    {
      "name": "ref1/v2/1hpi_ref1",
      "true_positive_site_pair_count": 336,
      "false_positive_site_pair_count": 114,
      "true_site_pair_count": 1170,
      "precision": 0.7466666666666667,
      "recall": 0.28717948717948716
    },
    {
      "name": "ref1/v2/1pfc_ref1",
      "true_positive_site_pair_count": 238,
      "false_positive_site_pair_count": 476,
      "true_site_pair_count": 768,
      "precision": 0.3333333333333333,
      "recall": 0.3098958333333333
    },
    {
      "name": "ref1/v2/1pii_ref1",
      "true_positive_site_pair_count": 21724,
      "false_positive_site_pair_count": 26878,
      "true_site_pair_count": 48042,
      "precision": 0.4469774906382453,
      "recall": 0.45218766912285085
    },
    {
      "name": "ref1/v2/1daaA_ref1",
      "true_positive_site_pair_count": 2968,
      "false_positive_site_pair_count": 3588,
      "true_site_pair_count": 8652,
      "precision": 0.4527150701647346,
      "recall": 0.343042071197411
    },
    {
      "name": "ref1/v2/1bucA_ref1",
      "true_positive_site_pair_count": 11346,
      "false_positive_site_pair_count": 25092,
      "true_site_pair_count": 42276,
      "precision": 0.31137823151654864,
      "recall": 0.268379222253761
    },
    {
      "name": "ref1/v2/1taq_ref1",
      "true_positive_site_pair_count": 30304,
      "false_positive_site_pair_count": 68882,
      "true_site_pair_count": 60390,
      "precision": 0.30552698969612646,
      "recall": 0.5018049345918199
    }
  ]
}