{
  "path": "./data/bb3_release/RV12",
  "results": [
    {
      "name": "ref1/v2/1bgl_ref1",
      "true_positive_site_pair_count": 15568,
      "false_positive_site_pair_count": 24116,
      "true_site_pair_count": 44408,
      "precision": 0.39229916339078724,
      "recall": 0.3505674653215637
    },
    {
      "name": "ref1/v2/5ptp_ref1",
      "true_positive_site_pair_count": 22898,
      "false_positive_site_pair_count": 54214,
      "true_site_pair_count": 78540,
      "precision": 0.2969447038074489,
      "recall": 0.291545709192768
    },
    {
      "name": "ref1/v2/2fxb_ref1",
      "true_positive_site_pair_count": 1080,
      "false_positive_site_pair_count": 1566,
      "true_site_pair_count": 3850,
      "precision": 0.40816326530612246,
      "recall": 0.2805194805194805
    },
    {
      "name": "ref1/v2/1tis_ref1",
      "true_positive_site_pair_count": 518,
      "false_positive_site_pair_count": 322,
      "true_site_pair_count": 2604,
      "precision": 0.6166666666666667,
      "recall": 0.1989247311827957
    },
    {
      "name": "ref1/v2/1gowA_ref1",
      "true_positive_site_pair_count": 3746,
      "false_positive_site_pair_count": 4002,
      "true_site_pair_count": 11256,
      "precision": 0.4834796076406815,
      "recall": 0.3328002842928216
    },
    {
      "name": "ref1/v2/1aho_ref1",
      "true_positive_site_pair_count": 626,
      "false_positive_site_pair_count": 220,
      "true_site_pair_count": 2072,
      "precision": 0.7399527186761229,
      "recall": 0.30212355212355213
    },
    {
      "name": "ref1/v2/1rthA_ref1",
      "true_positive_site_pair_count": 2130,
      "false_positive_site_pair_count": 9308,
      "true_site_pair_count": 5310,
      "precision": 0.18622136737191816,
      "recall": 0.4011299435028249
    },
    {
      "name": "ref1/v2/1aym3_ref1",
      "true_positive_site_pair_count": 694,
      "false_positive_site_pair_count": 216,
      "true_site_pair_count": 1992,
      "precision": 0.7626373626373626,
      "recall": 0.34839357429718876
    },
    {
      "name": "ref1/v2/1led_ref1",
      "true_positive_site_pair_count": 768,
      "false_positive_site_pair_count": 366,
      "true_site_pair_count": 2016,
      "precision": 0.6772486772486772,
      "recall": 0.38095238095238093
    },
    {
      "name": "ref1/v2/glg_ref1",
      "true_positive_site_pair_count": 16292,
      "false_positive_site_pair_count": 24432,
      "true_site_pair_count": 49720,
      "precision": 0.40005893330714076,
      "recall": 0.32767497988736927
    },
    {
      "name": "ref1/v2/1fjlA_ref1",
      "true_positive_site_pair_count": 1252,
      "false_positive_site_pair_count": 392,
      "true_site_pair_count": 3096,
      "precision": 0.7615571776155717,
      "recall": 0.4043927648578811
    },
    {
      "name": "ref1/v2/1ad2_ref1",
      "true_positive_site_pair_count": 686,
      "false_positive_site_pair_count": 890,
      "true_site_pair_count": 4110,
      "precision": 0.4352791878172589,
      "recall": 0.16690997566909976
    },
    {
      "name": "ref1/v2/2cba_ref1",
      "true_positive_site_pair_count": 3756,
      "false_positive_site_pair_count": 9022,
      "true_site_pair_count": 10710,
      "precision": 0.2939427140397558,
      "recall": 0.3507002801120448
    },
    {
      "name": "ref1/v2/1ac5_ref1",
      "true_positive_site_pair_count": 8910,
      "false_positive_site_pair_count": 10430,
      "true_site_pair_count": 26840,
      "precision": 0.4607032057911065,
      "recall": 0.3319672131147541
    },
    {
      "name": "ref1/v2/1fieA_ref1",
      "true_positive_site_pair_count": 10734,
      "false_positive_site_pair_count": 12578,
      "true_site_pair_count": 27048,
      "precision": 0.46044955387783115,
      "recall": 0.3968500443655723
    },
    {
      "name": "ref1/v2/1ezm_ref1",
      "true_positive_site_pair_count": 768,
      "false_positive_site_pair_count": 994,
      "true_site_pair_count": 1968,
      "precision": 0.4358683314415437,
      "recall": 0.3902439024390244
    },
    {
      "name": "ref1/v2/1thm_ref1",
      "true_positive_site_pair_count": 2396,
      "false_positive_site_pair_count": 5694,
      "true_site_pair_count": 6762,
      "precision": 0.296168108776267,
      "recall": 0.3543330375628512
    },
    {
      "name": "ref1/v2/1ar5A_ref1",
      "true_positive_site_pair_count": 3108,
      "false_positive_site_pair_count": 1416,
      "true_site_pair_count": 9864,
      "precision": 0.6870026525198939,
      "recall": 0.3150851581508516
    },
    {
      "name": "ref1/v2/1gtr_ref1",
      "true_positive_site_pair_count": 4058,
      "false_positive_site_pair_count": 6006,
      "true_site_pair_count": 8120,
      "precision": 0.40321939586645467,
      "recall": 0.49975369458128077
    },
    {
      "name": "ref1/v2/2ack_ref1",
      "true_positive_site_pair_count": 12794,
      "false_positive_site_pair_count": 33110,
      "true_site_pair_count": 39000,
      "precision": 0.2787120948065528,
      "recall": 0.32805128205128203
    },
    {
      "name": "ref1/v2/1pysA_ref1",
      "true_positive_site_pair_count": 12302,
      "false_positive_site_pair_count": 18098,
      "true_site_pair_count": 25740,
      "precision": 0.40467105263157893,
      "recall": 0.4779331779331779
    },
    {
      "name": "ref1/v2/1ton_ref1",
      "true_positive_site_pair_count": 17708,
      "false_positive_site_pair_count": 25498,
      "true_site_pair_count": 60372,
      "precision": 0.4098504837291117,
      "recall": 0.2933147816868747
    },
    {
      "name": "ref1/v2/1hfh_ref1",
      "true_positive_site_pair_count": 166,
      "false_positive_site_pair_count": 162,
      "true_site_pair_count": 828,
      "precision": 0.5060975609756098,
      "recall": 0.20048309178743962
    },
    {
      "name": "ref1/v2/2mhr_ref1",
      "true_positive_site_pair_count": 566,
      "false_positive_site_pair_count": 198,
      "true_site_pair_count": 1920,
      "precision": 0.7408376963350786,
      "recall": 0.2947916666666667
    },
    {
      "name": "ref1/v2/1ppn_ref1",
      "true_positive_site_pair_count": 2292,
      "false_positive_site_pair_count": 1856,
      "true_site_pair_count": 6944,
      "precision": 0.5525554484088717,
      "recall": 0.33006912442396313
    },
    {
      "name": "ref1/v2/1lcf_ref1",
      "true_positive_site_pair_count": 2834,
      "false_positive_site_pair_count": 6898,
      "true_site_pair_count": 9920,
      "precision": 0.29120427455815867,
      "recall": 0.28568548387096776
    },
    {
      "name": "ref1/v2/1csp_ref1",
      "true_positive_site_pair_count": 352,
      "false_positive_site_pair_count": 124,
      "true_site_pair_count": 1280,
      "precision": 0.7394957983193278,
      "recall": 0.275
    },
    {
      "name": "ref1/v2/1pkm_ref1",
      "true_positive_site_pair_count": 5390,
      "false_positive_site_pair_count": 22548,
      "true_site_pair_count": 19188,
      "precision": 0.19292719593385355,
      "recall": 0.2809047321242443
    },
    {
      "name": "ref1/v2/1krn_ref1",
      "true_positive_site_pair_count": 340,
      "false_positive_site_pair_count": 636,
      "true_site_pair_count": 1020,
      "precision": 0.3483606557377049,
      "recall": 0.3333333333333333
    },
    {
      "name": "ref1/v2/1fkj_ref1",
      "true_positive_site_pair_count": 1812,
      "false_positive_site_pair_count": 4108,
      "true_site_pair_count": 7920,
      "precision": 0.30608108108108106,
      "recall": 0.2287878787878788
    },
    {
      "name": "ref1/v2/1gpb_ref1",
      "true_positive_site_pair_count": 4060,
      "false_positive_site_pair_count": 3368,
      "true_site_pair_count": 8040,
      "precision": 0.5465805061927841,
      "recall": 0.5049751243781094
    },
    {
      "name": "ref1/v2/1fmb_ref1",
      "true_positive_site_pair_count": 408,
      "false_positive_site_pair_count": 1756,
      "true_site_pair_count": 1460,
      "precision": 0.18853974121996303,
      "recall": 0.27945205479452057
    },
    {
      "name": "ref1/v2/1dlc_ref1",
      "true_positive_site_pair_count": 13934,
      "false_positive_site_pair_count": 50402,
      "true_site_pair_count": 46464,
      "precision": 0.21658169609549863,
      "recall": 0.29988808539944906
    },
    {
      "name": "ref1/v2/1zin_ref1",
      "true_positive_site_pair_count": 2550,
      "false_positive_site_pair_count": 984,
      "true_site_pair_count": 6804,
      "precision": 0.7215619694397284,
      "recall": 0.3747795414462081
    },
    {
      "name": "ref1/v2/3pmg_ref1",
      "true_positive_site_pair_count": 494,
      "false_positive_site_pair_count": 1896,
      "true_site_pair_count": 3480,
      "precision": 0.20669456066945607,
      "recall": 0.14195402298850573
    },
    {
      "name": "ref1/v2/1tgxA_ref1",
      "true_positive_site_pair_count": 268,
      "false_positive_site_pair_count": 100,
      "true_site_pair_count": 1944,
      "precision": 0.7282608695652174,
      "recall": 0.13786008230452676
    },
    {
      "name": "ref1/v2/3cyr_ref1",
      "true_positive_site_pair_count": 334,
      "false_positive_site_pair_count": 366,
      "true_site_pair_count": 1932,
      "precision": 0.47714285714285715,
      "recall": 0.17287784679089027
    },
    {
      "name": "ref1/v2/1amk_ref1",
      "true_positive_site_pair_count": 11414,
      "false_positive_site_pair_count": 7714,
      "true_site_pair_count": 31920,
      "precision": 0.5967168548724383,
      "recall": 0.3575814536340852
    },
    {
      "name": "ref1/v2/1hpi_ref1",
      "true_positive_site_pair_count": 428,
      "false_positive_site_pair_count": 96,
      "true_site_pair_count": 1170,
      "precision": 0.816793893129771,
      "recall": 0.3658119658119658
    },
    {
      "name": "ref1/v2/1pfc_ref1",
      "true_positive_site_pair_count": 166,
      "false_positive_site_pair_count": 336,
      "true_site_pair_count": 768,
      "precision": 0.33067729083665337,
      "recall": 0.21614583333333334
    },
    {
      "name": "ref1/v2/1pii_ref1",
      "true_positive_site_pair_count": 21666,
      "false_positive_site_pair_count": 19682,
      "true_site_pair_count": 48042,
      "precision": 0.5239914868917481,
      "recall": 0.45098039215686275
    },
    {
      "name": "ref1/v2/1daaA_ref1",
      "true_positive_site_pair_count": 2554,
      "false_positive_site_pair_count": 2350,
      "true_site_pair_count": 8652,
      "precision": 0.5207993474714518,
      "recall": 0.2951918631530282
    },
    {
      "name": "ref1/v2/1bucA_ref1",
      "true_positive_site_pair_count": 9724,
      "false_positive_site_pair_count": 19142,
      "true_site_pair_count": 42276,
      "precision": 0.336866902237927,
      "recall": 0.23001230012300122
    },
    {
      "name": "ref1/v2/1taq_ref1",
      "true_positive_site_pair_count": 25576,
      "false_positive_site_pair_count": 49240,
      "true_site_pair_count": 60390,
      "precision": 0.3418520102651839,
      "recall": 0.4235138267925153
    }
  ]
}