{
  "path": "./data/bb3_release/RV12",
  "results": [
    {
      "name": "ref1/v2/1bgl_ref1",
      "true_positive_site_pair_count": 11550,
      "false_positive_site_pair_count": 1830,
      "true_site_pair_count": 44408,
      "precision": 0.8632286995515696,
      "recall": 0.26008827238335436
    },
    {
      "name": "ref1/v2/5ptp_ref1",
      "true_positive_site_pair_count": 13576,
      "false_positive_site_pair_count": 5418,
      "true_site_pair_count": 78540,
      "precision": 0.7147520269558808,
      "recall": 0.17285459638400816
    },
    {
      "name": "ref1/v2/2fxb_ref1",
      "true_positive_site_pair_count": 608,
      "false_positive_site_pair_count": 524,
      "true_site_pair_count": 3850,
      "precision": 0.5371024734982333,
      "recall": 0.15792207792207794
    },
    {
      "name": "ref1/v2/1tis_ref1",
      "true_positive_site_pair_count": 218,
      "false_positive_site_pair_count": 2,
      "true_site_pair_count": 2604,
      "precision": 0.990909090909091,
      "recall": 0.0837173579109063
    },
    {
      "name": "ref1/v2/1gowA_ref1",
      "true_positive_site_pair_count": 2406,
      "false_positive_site_pair_count": 348,
      "true_site_pair_count": 11256,
      "precision": 0.8736383442265795,
      "recall": 0.21375266524520256
    },
    {
      "name": "ref1/v2/1aho_ref1",
      "true_positive_site_pair_count": 196,
      "false_positive_site_pair_count": 42,
      "true_site_pair_count": 2072,
      "precision": 0.8235294117647058,
      "recall": 0.0945945945945946
    },
    {
      "name": "ref1/v2/1rthA_ref1",
      "true_positive_site_pair_count": 1374,
      "false_positive_site_pair_count": 878,
      "true_site_pair_count": 5310,
      "precision": 0.6101243339253997,
      "recall": 0.25875706214689265
    },
    {
      "name": "ref1/v2/1aym3_ref1",
      "true_positive_site_pair_count": 446,
      "false_positive_site_pair_count": 0,
      "true_site_pair_count": 1992,
      "precision": 1.0,
      "recall": 0.22389558232931728
    },
    {
      "name": "ref1/v2/1led_ref1",
      "true_positive_site_pair_count": 298,
      "false_positive_site_pair_count": 60,
      "true_site_pair_count": 2016,
      "precision": 0.8324022346368715,
      "recall": 0.14781746031746032
    },
    {
      "name": "ref1/v2/glg_ref1",
      "true_positive_site_pair_count": 11974,
      "false_positive_site_pair_count": 2324,
      "true_site_pair_count": 49720,
      "precision": 0.8374597845852567,
      "recall": 0.2408286403861625
    },
    {
      "name": "ref1/v2/1fjlA_ref1",
      "true_positive_site_pair_count": 818,
      "false_positive_site_pair_count": 12,
      "true_site_pair_count": 3096,
      "precision": 0.9855421686746988,
      "recall": 0.26421188630490955
    },
    {
      "name": "ref1/v2/1ad2_ref1",
      "true_positive_site_pair_count": 462,
      "false_positive_site_pair_count": 216,
      "true_site_pair_count": 4110,
      "precision": 0.6814159292035398,
      "recall": 0.11240875912408758
    },
    {
      "name": "ref1/v2/2cba_ref1",
      "true_positive_site_pair_count": 2390,
      "false_positive_site_pair_count": 770,
      "true_site_pair_count": 10710,
      "precision": 0.7563291139240507,
      "recall": 0.223155929038282
    },
    {
      "name": "ref1/v2/1ac5_ref1",
      "true_positive_site_pair_count": 5832,
      "false_positive_site_pair_count": 668,
      "true_site_pair_count": 26840,
      "precision": 0.8972307692307693,
      "recall": 0.2172876304023845
    },
    {
      "name": "ref1/v2/1fieA_ref1",
      "true_positive_site_pair_count": 7818,
      "false_positive_site_pair_count": 956,
      "true_site_pair_count": 27048,
      "precision": 0.8910417141554593,
      "recall": 0.28904170363797693
    },
    {
      "name": "ref1/v2/1ezm_ref1",
      "true_positive_site_pair_count": 538,
      "false_positive_site_pair_count": 126,
      "true_site_pair_count": 1968,
      "precision": 0.8102409638554217,
      "recall": 0.2733739837398374
    },
    {
      "name": "ref1/v2/1thm_ref1",
      "true_positive_site_pair_count": 1352,
      "false_positive_site_pair_count": 646,
      "true_site_pair_count": 6762,
      "precision": 0.6766766766766766,
      "recall": 0.19994084590357883
    },
    {
      "name": "ref1/v2/1ar5A_ref1",
      "true_positive_site_pair_count": 2328,
      "false_positive_site_pair_count": 190,
      "true_site_pair_count": 9864,
      "precision": 0.9245432883240667,
      "recall": 0.2360097323600973
    },
    {
      "name": "ref1/v2/1gtr_ref1",
      "true_positive_site_pair_count": 3530,
      "false_positive_site_pair_count": 866,
      "true_site_pair_count": 8120,
      "precision": 0.8030027297543221,
      "recall": 0.43472906403940886
    },
    {
      "name": "ref1/v2/2ack_ref1",
      "true_positive_site_pair_count": 8194,
      "false_positive_site_pair_count": 2524,
      "true_site_pair_count": 39000,
      "precision": 0.7645083037880201,
      "recall": 0.21010256410256412
    },
    {
      "name": "ref1/v2/1pysA_ref1",
      "true_positive_site_pair_count": 9198,
      "false_positive_site_pair_count": 2410,
      "true_site_pair_count": 25740,
      "precision": 0.7923845623707788,
      "recall": 0.35734265734265735
    },
    {
      "name": "ref1/v2/1ton_ref1",
      "true_positive_site_pair_count": 11878,
      "false_positive_site_pair_count": 3000,
      "true_site_pair_count": 60372,
      "precision": 0.7983599946229332,
      "recall": 0.19674683628172
    },
    {
      "name": "ref1/v2/1hfh_ref1",
      "true_positive_site_pair_count": 46,
      "false_positive_site_pair_count": 0,
      "true_site_pair_count": 828,
      "precision": 1.0,
      "recall": 0.05555555555555555
    },
    {
      "name": "ref1/v2/2mhr_ref1",
      "true_positive_site_pair_count": 226,
      "false_positive_site_pair_count": 24,
      "true_site_pair_count": 1920,
      "precision": 0.904,
      "recall": 0.11770833333333333
    },
    {
      "name": "ref1/v2/1ppn_ref1",
      "true_positive_site_pair_count": 1602,
      "false_positive_site_pair_count": 88,
      "true_site_pair_count": 6944,
      "precision": 0.9479289940828403,
      "recall": 0.23070276497695852
    },
    {
      "name": "ref1/v2/1lcf_ref1",
      "true_positive_site_pair_count": 2086,
      "false_positive_site_pair_count": 2108,
      "true_site_pair_count": 9920,
      "precision": 0.497377205531712,
      "recall": 0.21028225806451614
    },
    {
      "name": "ref1/v2/1csp_ref1",
      "true_positive_site_pair_count": 208,
      "false_positive_site_pair_count": 8,
      "true_site_pair_count": 1280,
      "precision": 0.9629629629629629,
      "recall": 0.1625
    },
    {
      "name": "ref1/v2/1pkm_ref1",
      "true_positive_site_pair_count": 2470,
      "false_positive_site_pair_count": 2152,
      "true_site_pair_count": 19188,
      "precision": 0.534400692340978,
      "recall": 0.12872628726287264
    },
    {
      "name": "ref1/v2/1krn_ref1",
      "true_positive_site_pair_count": 204,
      "false_positive_site_pair_count": 36,
      "true_site_pair_count": 1020,
      "precision": 0.85,
      "recall": 0.2
    },
    {
      "name": "ref1/v2/1fkj_ref1",
      "true_positive_site_pair_count": 1038,
      "false_positive_site_pair_count": 580,
      "true_site_pair_count": 7920,
      "precision": 0.6415327564894932,
      "recall": 0.13106060606060607
    },
    {
      "name": "ref1/v2/1gpb_ref1",
      "true_positive_site_pair_count": 3470,
      "false_positive_site_pair_count": 264,
      "true_site_pair_count": 8040,
      "precision": 0.9292983395822174,
      "recall": 0.43159203980099503
    },
    {
      "name": "ref1/v2/1fmb_ref1",
      "true_positive_site_pair_count": 164,
      "false_positive_site_pair_count": 240,
      "true_site_pair_count": 1460,
      "precision": 0.40594059405940597,
      "recall": 0.11232876712328767
    },
    {
      "name": "ref1/v2/1dlc_ref1",
      "true_positive_site_pair_count": 9954,
      "false_positive_site_pair_count": 4750,
      "true_site_pair_count": 46464,
      "precision": 0.6769586507072906,
      "recall": 0.21423037190082644
    },
    {
      "name": "ref1/v2/1zin_ref1",
      "true_positive_site_pair_count": 1658,
      "false_positive_site_pair_count": 200,
      "true_site_pair_count": 6804,
      "precision": 0.8923573735199138,
      "recall": 0.24368018812463257
    },
    {
      "name": "ref1/v2/3pmg_ref1",
      "true_positive_site_pair_count": 180,
      "false_positive_site_pair_count": 106,
      "true_site_pair_count": 3480,
      "precision": 0.6293706293706294,
      "recall": 0.05172413793103448
    },
    {
      "name": "ref1/v2/1tgxA_ref1",
      "true_positive_site_pair_count": 64,
      "false_positive_site_pair_count": 0,
      "true_site_pair_count": 1944,
      "precision": 1.0,
      "recall": 0.03292181069958848
    },
    {
      "name": "ref1/v2/3cyr_ref1",
      "true_positive_site_pair_count": 196,
      "false_positive_site_pair_count": 50,
      "true_site_pair_count": 1932,
      "precision": 0.7967479674796748,
      "recall": 0.10144927536231885
    },
    {
      "name": "ref1/v2/1amk_ref1",
      "true_positive_site_pair_count": 7104,
      "false_positive_site_pair_count": 910,
      "true_site_pair_count": 31920,
      "precision": 0.886448714749189,
      "recall": 0.22255639097744362
    },
    {
      "name": "ref1/v2/1hpi_ref1",
      "true_positive_site_pair_count": 170,
      "false_positive_site_pair_count": 48,
      "true_site_pair_count": 1170,
      "precision": 0.7798165137614679,
      "recall": 0.1452991452991453
    },
    {
      "name": "ref1/v2/1pfc_ref1",
      "true_positive_site_pair_count": 122,
      "false_positive_site_pair_count": 0,
      "true_site_pair_count": 768,
      "precision": 1.0,
      "recall": 0.15885416666666666
    },
    {
      "name": "ref1/v2/1pii_ref1",
      "true_positive_site_pair_count": 13318,
      "false_positive_site_pair_count": 2510,
      "true_site_pair_count": 48042,
      "precision": 0.8414202678797068,
      "recall": 0.2772157695349902
    },
    {
      "name": "ref1/v2/1daaA_ref1",
      "true_positive_site_pair_count": 1390,
      "false_positive_site_pair_count": 332,
      "true_site_pair_count": 8652,
      "precision": 0.8072009291521487,
      "recall": 0.16065649560795192
    },
    {
      "name": "ref1/v2/1bucA_ref1",
      "true_positive_site_pair_count": 5140,
      "false_positive_site_pair_count": 1892,
      "true_site_pair_count": 42276,
      "precision": 0.7309442548350398,
      "recall": 0.12158198505061973
    },
    {
      "name": "ref1/v2/1taq_ref1",
      "true_positive_site_pair_count": 20432,
      "false_positive_site_pair_count": 4974,
      "true_site_pair_count": 60390,
      "precision": 0.8042194757143982,
      "recall": 0.33833416128498095
    }
  ]
}