{
  "path": "./data/bb3_release/RV12",
  "results": [
    {
      "name": "ref1/v2/1bgl_ref1",
      "true_positive_site_pair_count": 9922,
      "false_positive_site_pair_count": 1416,
      "true_site_pair_count": 44408,
      "precision": 0.8751102487211149,
      "recall": 0.22342821113312916
    },
    {
      "name": "ref1/v2/5ptp_ref1",
      "true_positive_site_pair_count": 16780,
      "false_positive_site_pair_count": 3560,
      "true_site_pair_count": 78540,
      "precision": 0.8249754178957719,
      "recall": 0.2136490960020372
    },
    {
      "name": "ref1/v2/2fxb_ref1",
      "true_positive_site_pair_count": 246,
      "false_positive_site_pair_count": 212,
      "true_site_pair_count": 3850,
      "precision": 0.537117903930131,
      "recall": 0.0638961038961039
    },
    {
      "name": "ref1/v2/1tis_ref1",
      "true_positive_site_pair_count": 194,
      "false_positive_site_pair_count": 4,
      "true_site_pair_count": 2604,
      "precision": 0.9797979797979798,
      "recall": 0.07450076804915515
    },
    {
      "name": "ref1/v2/1gowA_ref1",
      "true_positive_site_pair_count": 1910,
      "false_positive_site_pair_count": 234,
      "true_site_pair_count": 11256,
      "precision": 0.8908582089552238,
      "recall": 0.1696872778962331
    },
    {
      "name": "ref1/v2/1aho_ref1",
      "true_positive_site_pair_count": 174,
      "false_positive_site_pair_count": 4,
      "true_site_pair_count": 2072,
      "precision": 0.9775280898876404,
      "recall": 0.08397683397683398
    },
    {
      "name": "ref1/v2/1rthA_ref1",
      "true_positive_site_pair_count": 1330,
      "false_positive_site_pair_count": 580,
      "true_site_pair_count": 5310,
      "precision": 0.6963350785340314,
      "recall": 0.2504708097928437
    },
    {
      "name": "ref1/v2/1aym3_ref1",
      "true_positive_site_pair_count": 268,
      "false_positive_site_pair_count": 0,
      "true_site_pair_count": 1992,
      "precision": 1.0,
      "recall": 0.13453815261044177
    },
    {
      "name": "ref1/v2/1led_ref1",
      "true_positive_site_pair_count": 522,
      "false_positive_site_pair_count": 16,
      "true_site_pair_count": 2016,
      "precision": 0.9702602230483272,
      "recall": 0.25892857142857145
    },
    {
      "name": "ref1/v2/glg_ref1",
      "true_positive_site_pair_count": 9266,
      "false_positive_site_pair_count": 1438,
      "true_site_pair_count": 49720,
      "precision": 0.8656576980568012,
      "recall": 0.18636363636363637
    },
    {
      "name": "ref1/v2/1fjlA_ref1",
      "true_positive_site_pair_count": 590,
      "false_positive_site_pair_count": 32,
      "true_site_pair_count": 3096,
      "precision": 0.9485530546623794,
      "recall": 0.19056847545219638
    },
    {
      "name": "ref1/v2/1ad2_ref1",
      "true_positive_site_pair_count": 266,
      "false_positive_site_pair_count": 32,
      "true_site_pair_count": 4110,
      "precision": 0.8926174496644296,
      "recall": 0.06472019464720194
    },
    {
      "name": "ref1/v2/2cba_ref1",
      "true_positive_site_pair_count": 2176,
      "false_positive_site_pair_count": 582,
      "true_site_pair_count": 10710,
      "precision": 0.788977519941987,
      "recall": 0.20317460317460317
    },
    {
      "name": "ref1/v2/1ac5_ref1",
      "true_positive_site_pair_count": 5114,
      "false_positive_site_pair_count": 680,
      "true_site_pair_count": 26840,
      "precision": 0.8826372109078356,
      "recall": 0.1905365126676602
    },
    {
      "name": "ref1/v2/1fieA_ref1",
      "true_positive_site_pair_count": 6798,
      "false_positive_site_pair_count": 744,
      "true_site_pair_count": 27048,
      "precision": 0.9013524264120922,
      "recall": 0.2513309671694765
    },
    {
      "name": "ref1/v2/1ezm_ref1",
      "true_positive_site_pair_count": 312,
      "false_positive_site_pair_count": 32,
      "true_site_pair_count": 1968,
      "precision": 0.9069767441860465,
      "recall": 0.15853658536585366
    },
    {
      "name": "ref1/v2/1thm_ref1",
      "true_positive_site_pair_count": 1264,
      "false_positive_site_pair_count": 272,
      "true_site_pair_count": 6762,
      "precision": 0.8229166666666666,
      "recall": 0.18692694469091983
    },
    {
      "name": "ref1/v2/1ar5A_ref1",
      "true_positive_site_pair_count": 1770,
      "false_positive_site_pair_count": 108,
      "true_site_pair_count": 9864,
      "precision": 0.9424920127795527,
      "recall": 0.1794403892944039
    },
    {
      "name": "ref1/v2/1gtr_ref1",
      "true_positive_site_pair_count": 2702,
      "false_positive_site_pair_count": 640,
      "true_site_pair_count": 8120,
      "precision": 0.8084979054458408,
      "recall": 0.33275862068965517
    },
    {
      "name": "ref1/v2/2ack_ref1",
      "true_positive_site_pair_count": 8148,
      "false_positive_site_pair_count": 1944,
      "true_site_pair_count": 39000,
      "precision": 0.807372175980975,
      "recall": 0.20892307692307693
    },
    {
      "name": "ref1/v2/1pysA_ref1",
      "true_positive_site_pair_count": 6866,
      "false_positive_site_pair_count": 1414,
      "true_site_pair_count": 25740,
      "precision": 0.8292270531400966,
      "recall": 0.26674436674436675
    },
    {
      "name": "ref1/v2/1ton_ref1",
      "true_positive_site_pair_count": 13132,
      "false_positive_site_pair_count": 1488,
      "true_site_pair_count": 60372,
      "precision": 0.8982216142270861,
      "recall": 0.21751805472735705
    },
    {
      "name": "ref1/v2/1hfh_ref1",
      "true_positive_site_pair_count": 64,
      "false_positive_site_pair_count": 96,
      "true_site_pair_count": 828,
      "precision": 0.4,
      "recall": 0.07729468599033816
    },
    {
      "name": "ref1/v2/2mhr_ref1",
      "true_positive_site_pair_count": 80,
      "false_positive_site_pair_count": 16,
      "true_site_pair_count": 1920,
      "precision": 0.8333333333333334,
      "recall": 0.041666666666666664
    },
    {
      "name": "ref1/v2/1ppn_ref1",
      "true_positive_site_pair_count": 1604,
      "false_positive_site_pair_count": 202,
      "true_site_pair_count": 6944,
      "precision": 0.8881506090808416,
      "recall": 0.23099078341013826
    },
    {
      "name": "ref1/v2/1lcf_ref1",
      "true_positive_site_pair_count": 1892,
      "false_positive_site_pair_count": 1994,
      "true_site_pair_count": 9920,
      "precision": 0.48687596500257335,
      "recall": 0.1907258064516129
    },
    {
      "name": "ref1/v2/1csp_ref1",
      "true_positive_site_pair_count": 166,
      "false_positive_site_pair_count": 20,
      "true_site_pair_count": 1280,
      "precision": 0.8924731182795699,
      "recall": 0.1296875
    },
    {
      "name": "ref1/v2/1pkm_ref1",
      "true_positive_site_pair_count": 2656,
      "false_positive_site_pair_count": 1580,
      "true_site_pair_count": 19188,
      "precision": 0.6270066100094429,
      "recall": 0.1384198457369189
    },
    {
      "name": "ref1/v2/1krn_ref1",
      "true_positive_site_pair_count": 170,
      "false_positive_site_pair_count": 98,
      "true_site_pair_count": 1020,
      "precision": 0.6343283582089553,
      "recall": 0.16666666666666666
    },
    {
      "name": "ref1/v2/1fkj_ref1",
      "true_positive_site_pair_count": 894,
      "false_positive_site_pair_count": 236,
      "true_site_pair_count": 7920,
      "precision": 0.7911504424778761,
      "recall": 0.11287878787878788
    },
    {
      "name": "ref1/v2/1gpb_ref1",
      "true_positive_site_pair_count": 2902,
      "false_positive_site_pair_count": 224,
      "true_site_pair_count": 8040,
      "precision": 0.9283429302623161,
      "recall": 0.3609452736318408
    },
    {
      "name": "ref1/v2/1fmb_ref1",
      "true_positive_site_pair_count": 320,
      "false_positive_site_pair_count": 92,
      "true_site_pair_count": 1460,
      "precision": 0.7766990291262136,
      "recall": 0.2191780821917808
    },
    {
      "name": "ref1/v2/1dlc_ref1",
      "true_positive_site_pair_count": 8434,
      "false_positive_site_pair_count": 3662,
      "true_site_pair_count": 46464,
      "precision": 0.697255291005291,
      "recall": 0.1815168732782369
    },
    {
      "name": "ref1/v2/1zin_ref1",
      "true_positive_site_pair_count": 1534,
      "false_positive_site_pair_count": 48,
      "true_site_pair_count": 6804,
      "precision": 0.9696586599241467,
      "recall": 0.22545561434450323
    },
    {
      "name": "ref1/v2/3pmg_ref1",
      "true_positive_site_pair_count": 208,
      "false_positive_site_pair_count": 96,
      "true_site_pair_count": 3480,
      "precision": 0.6842105263157895,
      "recall": 0.059770114942528735
    },
    {
      "name": "ref1/v2/1tgxA_ref1",
      "true_positive_site_pair_count": 444,
      "false_positive_site_pair_count": 28,
      "true_site_pair_count": 1944,
      "precision": 0.940677966101695,
      "recall": 0.22839506172839505
    },
    {
      "name": "ref1/v2/3cyr_ref1",
      "true_positive_site_pair_count": 220,
      "false_positive_site_pair_count": 90,
      "true_site_pair_count": 1932,
      "precision": 0.7096774193548387,
      "recall": 0.11387163561076605
    },
    {
      "name": "ref1/v2/1amk_ref1",
      "true_positive_site_pair_count": 6964,
      "false_positive_site_pair_count": 408,
      "true_site_pair_count": 31920,
      "precision": 0.9446554530656538,
      "recall": 0.2181704260651629
    },
    {
      "name": "ref1/v2/1hpi_ref1",
      "true_positive_site_pair_count": 126,
      "false_positive_site_pair_count": 0,
      "true_site_pair_count": 1170,
      "precision": 1.0,
      "recall": 0.1076923076923077
    },
    {
      "name": "ref1/v2/1pfc_ref1",
      "true_positive_site_pair_count": 56,
      "false_positive_site_pair_count": 48,
      "true_site_pair_count": 768,
      "precision": 0.5384615384615384,
      "recall": 0.07291666666666667
    },
    {
      "name": "ref1/v2/1pii_ref1",
      "true_positive_site_pair_count": 13140,
      "false_positive_site_pair_count": 1510,
      "true_site_pair_count": 48042,
      "precision": 0.8969283276450511,
      "recall": 0.27351067815661295
    },
    {
      "name": "ref1/v2/1daaA_ref1",
      "true_positive_site_pair_count": 1054,
      "false_positive_site_pair_count": 160,
      "true_site_pair_count": 8652,
      "precision": 0.8682042833607908,
      "recall": 0.12182154415164125
    },
    {
      "name": "ref1/v2/1bucA_ref1",
      "true_positive_site_pair_count": 4122,
      "false_positive_site_pair_count": 1412,
      "true_site_pair_count": 42276,
      "precision": 0.7448500180701121,
      "recall": 0.09750212886744251
    },
    {
      "name": "ref1/v2/1taq_ref1",
      "true_positive_site_pair_count": 14048,
      "false_positive_site_pair_count": 3380,
      "true_site_pair_count": 60390,
      "precision": 0.8060592150562313,
      "recall": 0.2326212949163769
    }
  ]
}