{
  "path": "./data/bb3_release/RV12",
  "results": [
    {
      "name": "ref1/v2/1bgl_ref1",
      "true_positive_site_pair_count": 11340,
      "false_positive_site_pair_count": 1626,
      "true_site_pair_count": 44408,
      "precision": 0.8745950948634891,
      "recall": 0.255359394703657
    },
    {
      "name": "ref1/v2/5ptp_ref1",
      "true_positive_site_pair_count": 13324,
      "false_positive_site_pair_count": 5896,
      "true_site_pair_count": 78540,
      "precision": 0.6932362122788762,
      "recall": 0.16964604023427554
    },
    {
      "name": "ref1/v2/2fxb_ref1",
      "true_positive_site_pair_count": 574,
      "false_positive_site_pair_count": 314,
      "true_site_pair_count": 3850,
      "precision": 0.6463963963963963,
      "recall": 0.14909090909090908
    },
    {
      "name": "ref1/v2/1tis_ref1",
      "true_positive_site_pair_count": 286,
      "false_positive_site_pair_count": 38,
      "true_site_pair_count": 2604,
      "precision": 0.8827160493827161,
      "recall": 0.1098310291858679
    },
    {
      "name": "ref1/v2/1gowA_ref1",
      "true_positive_site_pair_count": 2302,
      "false_positive_site_pair_count": 412,
      "true_site_pair_count": 11256,
      "precision": 0.8481945467943994,
      "recall": 0.2045131485429993
    },
    {
      "name": "ref1/v2/1aho_ref1",
      "true_positive_site_pair_count": 276,
      "false_positive_site_pair_count": 0,
      "true_site_pair_count": 2072,
      "precision": 1.0,
      "recall": 0.13320463320463322
    },
    {
      "name": "ref1/v2/1rthA_ref1",
      "true_positive_site_pair_count": 1510,
      "false_positive_site_pair_count": 860,
      "true_site_pair_count": 5310,
      "precision": 0.6371308016877637,
      "recall": 0.2843691148775895
    },
    {
      "name": "ref1/v2/1aym3_ref1",
      "true_positive_site_pair_count": 464,
      "false_positive_site_pair_count": 22,
      "true_site_pair_count": 1992,
      "precision": 0.9547325102880658,
      "recall": 0.23293172690763053
    },
    {
      "name": "ref1/v2/1led_ref1",
      "true_positive_site_pair_count": 540,
      "false_positive_site_pair_count": 40,
      "true_site_pair_count": 2016,
      "precision": 0.9310344827586207,
      "recall": 0.26785714285714285
    },
    {
      "name": "ref1/v2/glg_ref1",
      "true_positive_site_pair_count": 10584,
      "false_positive_site_pair_count": 1816,
      "true_site_pair_count": 49720,
      "precision": 0.8535483870967742,
      "recall": 0.21287208366854385
    },
    {
      "name": "ref1/v2/1fjlA_ref1",
      "true_positive_site_pair_count": 608,
      "false_positive_site_pair_count": 22,
      "true_site_pair_count": 3096,
      "precision": 0.9650793650793651,
      "recall": 0.19638242894056848
    },
    {
      "name": "ref1/v2/1ad2_ref1",
      "true_positive_site_pair_count": 446,
      "false_positive_site_pair_count": 44,
      "true_site_pair_count": 4110,
      "precision": 0.9102040816326531,
      "recall": 0.10851581508515815
    },
    {
      "name": "ref1/v2/2cba_ref1",
      "true_positive_site_pair_count": 2252,
      "false_positive_site_pair_count": 682,
      "true_site_pair_count": 10710,
      "precision": 0.7675528289025222,
      "recall": 0.21027077497665733
    },
    {
      "name": "ref1/v2/1ac5_ref1",
      "true_positive_site_pair_count": 5722,
      "false_positive_site_pair_count": 870,
      "true_site_pair_count": 26840,
      "precision": 0.8680218446601942,
      "recall": 0.2131892697466468
    },
    {
      "name": "ref1/v2/1fieA_ref1",
      "true_positive_site_pair_count": 7984,
      "false_positive_site_pair_count": 1042,
      "true_site_pair_count": 27048,
      "precision": 0.884555727897186,
      "recall": 0.29517894114167403
    },
    {
      "name": "ref1/v2/1ezm_ref1",
      "true_positive_site_pair_count": 456,
      "false_positive_site_pair_count": 46,
      "true_site_pair_count": 1968,
      "precision": 0.9083665338645418,
      "recall": 0.23170731707317074
    },
    {
      "name": "ref1/v2/1thm_ref1",
      "true_positive_site_pair_count": 1514,
      "false_positive_site_pair_count": 538,
      "true_site_pair_count": 6762,
      "precision": 0.7378167641325536,
      "recall": 0.22389825495415558
    },
    {
      "name": "ref1/v2/1ar5A_ref1",
      "true_positive_site_pair_count": 2372,
      "false_positive_site_pair_count": 154,
      "true_site_pair_count": 9864,
      "precision": 0.9390340459224069,
      "recall": 0.24047039740470397
    },
    {
      "name": "ref1/v2/1gtr_ref1",
      "true_positive_site_pair_count": 3368,
      "false_positive_site_pair_count": 840,
      "true_site_pair_count": 8120,
      "precision": 0.8003802281368821,
      "recall": 0.4147783251231527
    },
    {
      "name": "ref1/v2/2ack_ref1",
      "true_positive_site_pair_count": 8786,
      "false_positive_site_pair_count": 2394,
      "true_site_pair_count": 39000,
      "precision": 0.7858676207513416,
      "recall": 0.22528205128205128
    },
    {
      "name": "ref1/v2/1pysA_ref1",
      "true_positive_site_pair_count": 8730,
      "false_positive_site_pair_count": 1972,
      "true_site_pair_count": 25740,
      "precision": 0.8157353765651281,
      "recall": 0.33916083916083917
    },
    {
      "name": "ref1/v2/1ton_ref1",
      "true_positive_site_pair_count": 11620,
      "false_positive_site_pair_count": 2388,
      "true_site_pair_count": 60372,
      "precision": 0.8295259851513421,
      "recall": 0.19247333200821573
    },
    {
      "name": "ref1/v2/1hfh_ref1",
      "true_positive_site_pair_count": 48,
      "false_positive_site_pair_count": 22,
      "true_site_pair_count": 828,
      "precision": 0.6857142857142857,
      "recall": 0.057971014492753624
    },
    {
      "name": "ref1/v2/2mhr_ref1",
      "true_positive_site_pair_count": 186,
      "false_positive_site_pair_count": 0,
      "true_site_pair_count": 1920,
      "precision": 1.0,
      "recall": 0.096875
    },
    {
      "name": "ref1/v2/1ppn_ref1",
      "true_positive_site_pair_count": 1392,
      "false_positive_site_pair_count": 66,
      "true_site_pair_count": 6944,
      "precision": 0.9547325102880658,
      "recall": 0.20046082949308755
    },
    {
      "name": "ref1/v2/1lcf_ref1",
      "true_positive_site_pair_count": 2158,
      "false_positive_site_pair_count": 2164,
      "true_site_pair_count": 9920,
      "precision": 0.4993058769088385,
      "recall": 0.21754032258064515
    },
    {
      "name": "ref1/v2/1csp_ref1",
      "true_positive_site_pair_count": 206,
      "false_positive_site_pair_count": 60,
      "true_site_pair_count": 1280,
      "precision": 0.7744360902255639,
      "recall": 0.1609375
    },
    {
      "name": "ref1/v2/1pkm_ref1",
      "true_positive_site_pair_count": 2564,
      "false_positive_site_pair_count": 1570,
      "true_site_pair_count": 19188,
      "precision": 0.6202225447508466,
      "recall": 0.1336251824056702
    },
    {
      "name": "ref1/v2/1krn_ref1",
      "true_positive_site_pair_count": 236,
      "false_positive_site_pair_count": 78,
      "true_site_pair_count": 1020,
      "precision": 0.7515923566878981,
      "recall": 0.23137254901960785
    },
    {
      "name": "ref1/v2/1fkj_ref1",
      "true_positive_site_pair_count": 996,
      "false_positive_site_pair_count": 392,
      "true_site_pair_count": 7920,
      "precision": 0.7175792507204611,
      "recall": 0.12575757575757576
    },
    {
      "name": "ref1/v2/1gpb_ref1",
      "true_positive_site_pair_count": 3500,
      "false_positive_site_pair_count": 332,
      "true_site_pair_count": 8040,
      "precision": 0.9133611691022965,
      "recall": 0.43532338308457713
    },
    {
      "name": "ref1/v2/1fmb_ref1",
      "true_positive_site_pair_count": 286,
      "false_positive_site_pair_count": 200,
      "true_site_pair_count": 1460,
      "precision": 0.588477366255144,
      "recall": 0.1958904109589041
    },
    {
      "name": "ref1/v2/1dlc_ref1",
      "true_positive_site_pair_count": 9196,
      "false_positive_site_pair_count": 4306,
      "true_site_pair_count": 46464,
      "precision": 0.6810842838098059,
      "recall": 0.19791666666666666
    },
    {
      "name": "ref1/v2/1zin_ref1",
      "true_positive_site_pair_count": 1518,
      "false_positive_site_pair_count": 128,
      "true_site_pair_count": 6804,
      "precision": 0.9222357229647631,
      "recall": 0.22310405643738976
    },
    {
      "name": "ref1/v2/3pmg_ref1",
      "true_positive_site_pair_count": 174,
      "false_positive_site_pair_count": 116,
      "true_site_pair_count": 3480,
      "precision": 0.6,
      "recall": 0.05
    },
    {
      "name": "ref1/v2/1tgxA_ref1",
      "true_positive_site_pair_count": 38,
      "false_positive_site_pair_count": 16,
      "true_site_pair_count": 1944,
      "precision": 0.7037037037037037,
      "recall": 0.01954732510288066
    },
    {
      "name": "ref1/v2/3cyr_ref1",
      "true_positive_site_pair_count": 122,
      "false_positive_site_pair_count": 4,
      "true_site_pair_count": 1932,
      "precision": 0.9682539682539683,
      "recall": 0.06314699792960662
    },
    {
      "name": "ref1/v2/1amk_ref1",
      "true_positive_site_pair_count": 7426,
      "false_positive_site_pair_count": 570,
      "true_site_pair_count": 31920,
      "precision": 0.9287143571785893,
      "recall": 0.23264411027568924
    },
    {
      "name": "ref1/v2/1hpi_ref1",
      "true_positive_site_pair_count": 112,
      "false_positive_site_pair_count": 0,
      "true_site_pair_count": 1170,
      "precision": 1.0,
      "recall": 0.09572649572649573
    },
    {
      "name": "ref1/v2/1pfc_ref1",
      "true_positive_site_pair_count": 22,
      "false_positive_site_pair_count": 66,
      "true_site_pair_count": 768,
      "precision": 0.25,
      "recall": 0.028645833333333332
    },
    {
      "name": "ref1/v2/1pii_ref1",
      "true_positive_site_pair_count": 12870,
      "false_positive_site_pair_count": 2170,
      "true_site_pair_count": 48042,
      "precision": 0.855718085106383,
      "recall": 0.26789059572873736
    },
    {
      "name": "ref1/v2/1daaA_ref1",
      "true_positive_site_pair_count": 1442,
      "false_positive_site_pair_count": 180,
      "true_site_pair_count": 8652,
      "precision": 0.8890258939580764,
      "recall": 0.16666666666666666
    },
    {
      "name": "ref1/v2/1bucA_ref1",
      "true_positive_site_pair_count": 5280,
      "false_positive_site_pair_count": 1976,
      "true_site_pair_count": 42276,
      "precision": 0.7276736493936052,
      "recall": 0.12489355662787398
    },
    {
      "name": "ref1/v2/1taq_ref1",
      "true_positive_site_pair_count": 18154,
      "false_positive_site_pair_count": 4696,
      "true_site_pair_count": 60390,
      "precision": 0.7944857768052517,
      "recall": 0.3006126842192416
    }
  ]
}