{
  "path": "./data/bb3_release/RV12",
  "results": [
    {
      "name": "ref1/v2/1bgl_ref1",
      "true_positive_site_pair_count": 10258,
      "false_positive_site_pair_count": 1280,
      "true_site_pair_count": 44408,
      "precision": 0.8890622291558329,
      "recall": 0.23099441542064492
    },
    {
      "name": "ref1/v2/5ptp_ref1",
      "true_positive_site_pair_count": 14542,
      "false_positive_site_pair_count": 3988,
      "true_site_pair_count": 78540,
      "precision": 0.7847814355099838,
      "recall": 0.18515406162464987
    },
    {
      "name": "ref1/v2/2fxb_ref1",
      "true_positive_site_pair_count": 576,
      "false_positive_site_pair_count": 550,
      "true_site_pair_count": 3850,
      "precision": 0.5115452930728241,
      "recall": 0.1496103896103896
    },
    {
      "name": "ref1/v2/1tis_ref1",
      "true_positive_site_pair_count": 206,
      "false_positive_site_pair_count": 18,
      "true_site_pair_count": 2604,
      "precision": 0.9196428571428571,
      "recall": 0.07910906298003072
    },
    {
      "name": "ref1/v2/1gowA_ref1",
      "true_positive_site_pair_count": 2212,
      "false_positive_site_pair_count": 338,
      "true_site_pair_count": 11256,
      "precision": 0.8674509803921568,
      "recall": 0.19651741293532338
    },
    {
      "name": "ref1/v2/1aho_ref1",
      "true_positive_site_pair_count": 298,
      "false_positive_site_pair_count": 18,
      "true_site_pair_count": 2072,
      "precision": 0.9430379746835443,
      "recall": 0.1438223938223938
    },
    {
      "name": "ref1/v2/1rthA_ref1",
      "true_positive_site_pair_count": 1540,
      "false_positive_site_pair_count": 594,
      "true_site_pair_count": 5310,
      "precision": 0.7216494845360825,
      "recall": 0.2900188323917137
    },
    {
      "name": "ref1/v2/1aym3_ref1",
      "true_positive_site_pair_count": 290,
      "false_positive_site_pair_count": 0,
      "true_site_pair_count": 1992,
      "precision": 1.0,
      "recall": 0.14558232931726908
    },
    {
      "name": "ref1/v2/1led_ref1",
      "true_positive_site_pair_count": 488,
      "false_positive_site_pair_count": 26,
      "true_site_pair_count": 2016,
      "precision": 0.9494163424124513,
      "recall": 0.24206349206349206
    },
    {
      "name": "ref1/v2/glg_ref1",
      "true_positive_site_pair_count": 9656,
      "false_positive_site_pair_count": 1798,
      "true_site_pair_count": 49720,
      "precision": 0.8430242709970316,
      "recall": 0.19420756234915526
    },
    {
      "name": "ref1/v2/1fjlA_ref1",
      "true_positive_site_pair_count": 746,
      "false_positive_site_pair_count": 42,
      "true_site_pair_count": 3096,
      "precision": 0.9467005076142132,
      "recall": 0.2409560723514212
    },
    {
      "name": "ref1/v2/1ad2_ref1",
      "true_positive_site_pair_count": 386,
      "false_positive_site_pair_count": 90,
      "true_site_pair_count": 4110,
      "precision": 0.8109243697478992,
      "recall": 0.09391727493917275
    },
    {
      "name": "ref1/v2/2cba_ref1",
      "true_positive_site_pair_count": 2300,
      "false_positive_site_pair_count": 598,
      "true_site_pair_count": 10710,
      "precision": 0.7936507936507936,
      "recall": 0.21475256769374415
    },
    {
      "name": "ref1/v2/1ac5_ref1",
      "true_positive_site_pair_count": 5834,
      "false_positive_site_pair_count": 710,
      "true_site_pair_count": 26840,
      "precision": 0.8915036674816625,
      "recall": 0.21736214605067064
    },
    {
      "name": "ref1/v2/1fieA_ref1",
      "true_positive_site_pair_count": 7348,
      "false_positive_site_pair_count": 662,
      "true_site_pair_count": 27048,
      "precision": 0.9173533083645443,
      "recall": 0.27166518781425614
    },
    {
      "name": "ref1/v2/1ezm_ref1",
      "true_positive_site_pair_count": 494,
      "false_positive_site_pair_count": 90,
      "true_site_pair_count": 1968,
      "precision": 0.8458904109589042,
      "recall": 0.25101626016260165
    },
    {
      "name": "ref1/v2/1thm_ref1",
      "true_positive_site_pair_count": 1406,
      "false_positive_site_pair_count": 714,
      "true_site_pair_count": 6762,
      "precision": 0.6632075471698113,
      "recall": 0.20792664892043775
    },
    {
      "name": "ref1/v2/1ar5A_ref1",
      "true_positive_site_pair_count": 2010,
      "false_positive_site_pair_count": 124,
      "true_site_pair_count": 9864,
      "precision": 0.9418931583880038,
      "recall": 0.2037712895377129
    },
    {
      "name": "ref1/v2/1gtr_ref1",
      "true_positive_site_pair_count": 2900,
      "false_positive_site_pair_count": 740,
      "true_site_pair_count": 8120,
      "precision": 0.7967032967032966,
      "recall": 0.35714285714285715
    },
    {
      "name": "ref1/v2/2ack_ref1",
      "true_positive_site_pair_count": 8592,
      "false_positive_site_pair_count": 2078,
      "true_site_pair_count": 39000,
      "precision": 0.8052483598875352,
      "recall": 0.22030769230769232
    },
    {
      "name": "ref1/v2/1pysA_ref1",
      "true_positive_site_pair_count": 7832,
      "false_positive_site_pair_count": 1738,
      "true_site_pair_count": 25740,
      "precision": 0.8183908045977012,
      "recall": 0.30427350427350425
    },
    {
      "name": "ref1/v2/1ton_ref1",
      "true_positive_site_pair_count": 11214,
      "false_positive_site_pair_count": 2048,
      "true_site_pair_count": 60372,
      "precision": 0.8455738199366611,
      "recall": 0.1857483601669648
    },
    {
      "name": "ref1/v2/1hfh_ref1",
      "true_positive_site_pair_count": 92,
      "false_positive_site_pair_count": 54,
      "true_site_pair_count": 828,
      "precision": 0.6301369863013698,
      "recall": 0.1111111111111111
    },
    {
      "name": "ref1/v2/2mhr_ref1",
      "true_positive_site_pair_count": 124,
      "false_positive_site_pair_count": 0,
      "true_site_pair_count": 1920,
      "precision": 1.0,
      "recall": 0.06458333333333334
    },
    {
      "name": "ref1/v2/1ppn_ref1",
      "true_positive_site_pair_count": 1570,
      "false_positive_site_pair_count": 128,
      "true_site_pair_count": 6944,
      "precision": 0.9246171967020024,
      "recall": 0.22609447004608296
    },
    {
      "name": "ref1/v2/1lcf_ref1",
      "true_positive_site_pair_count": 1932,
      "false_positive_site_pair_count": 1818,
      "true_site_pair_count": 9920,
      "precision": 0.5152,
      "recall": 0.19475806451612904
    },
    {
      "name": "ref1/v2/1csp_ref1",
      "true_positive_site_pair_count": 200,
      "false_positive_site_pair_count": 26,
      "true_site_pair_count": 1280,
      "precision": 0.8849557522123894,
      "recall": 0.15625
    },
    {
      "name": "ref1/v2/1pkm_ref1",
      "true_positive_site_pair_count": 2552,
      "false_positive_site_pair_count": 1884,
      "true_site_pair_count": 19188,
      "precision": 0.5752930568079351,
      "recall": 0.1329997915363769
    },
    {
      "name": "ref1/v2/1krn_ref1",
      "true_positive_site_pair_count": 194,
      "false_positive_site_pair_count": 56,
      "true_site_pair_count": 1020,
      "precision": 0.776,
      "recall": 0.19019607843137254
    },
    {
      "name": "ref1/v2/1fkj_ref1",
      "true_positive_site_pair_count": 782,
      "false_positive_site_pair_count": 358,
      "true_site_pair_count": 7920,
      "precision": 0.6859649122807018,
      "recall": 0.09873737373737373
    },
    {
      "name": "ref1/v2/1gpb_ref1",
      "true_positive_site_pair_count": 3030,
      "false_positive_site_pair_count": 360,
      "true_site_pair_count": 8040,
      "precision": 0.8938053097345132,
      "recall": 0.376865671641791
    },
    {
      "name": "ref1/v2/1fmb_ref1",
      "true_positive_site_pair_count": 258,
      "false_positive_site_pair_count": 196,
      "true_site_pair_count": 1460,
      "precision": 0.5682819383259912,
      "recall": 0.17671232876712328
    },
    {
      "name": "ref1/v2/1dlc_ref1",
      "true_positive_site_pair_count": 8804,
      "false_positive_site_pair_count": 3596,
      "true_site_pair_count": 46464,
      "precision": 0.71,
      "recall": 0.18948002754820936
    },
    {
      "name": "ref1/v2/1zin_ref1",
      "true_positive_site_pair_count": 1620,
      "false_positive_site_pair_count": 40,
      "true_site_pair_count": 6804,
      "precision": 0.9759036144578314,
      "recall": 0.23809523809523808
    },
    {
      "name": "ref1/v2/3pmg_ref1",
      "true_positive_site_pair_count": 172,
      "false_positive_site_pair_count": 150,
      "true_site_pair_count": 3480,
      "precision": 0.5341614906832298,
      "recall": 0.04942528735632184
    },
    {
      "name": "ref1/v2/1tgxA_ref1",
      "true_positive_site_pair_count": 102,
      "false_positive_site_pair_count": 0,
      "true_site_pair_count": 1944,
      "precision": 1.0,
      "recall": 0.05246913580246913
    },
    {
      "name": "ref1/v2/3cyr_ref1",
      "true_positive_site_pair_count": 166,
      "false_positive_site_pair_count": 76,
      "true_site_pair_count": 1932,
      "precision": 0.6859504132231405,
      "recall": 0.08592132505175984
    },
    {
      "name": "ref1/v2/1amk_ref1",
      "true_positive_site_pair_count": 7202,
      "false_positive_site_pair_count": 656,
      "true_site_pair_count": 31920,
      "precision": 0.916518198014762,
      "recall": 0.2256265664160401
    },
    {
      "name": "ref1/v2/1hpi_ref1",
      "true_positive_site_pair_count": 130,
      "false_positive_site_pair_count": 0,
      "true_site_pair_count": 1170,
      "precision": 1.0,
      "recall": 0.1111111111111111
    },
    {
      "name": "ref1/v2/1pfc_ref1",
      "true_positive_site_pair_count": 42,
      "false_positive_site_pair_count": 40,
      "true_site_pair_count": 768,
      "precision": 0.5121951219512195,
      "recall": 0.0546875
    },
    {
      "name": "ref1/v2/1pii_ref1",
      "true_positive_site_pair_count": 13762,
      "false_positive_site_pair_count": 1732,
      "true_site_pair_count": 48042,
      "precision": 0.8882147928230283,
      "recall": 0.2864576828608301
    },
    {
      "name": "ref1/v2/1daaA_ref1",
      "true_positive_site_pair_count": 1402,
      "false_positive_site_pair_count": 210,
      "true_site_pair_count": 8652,
      "precision": 0.869727047146402,
      "recall": 0.16204345815996302
    },
    {
      "name": "ref1/v2/1bucA_ref1",
      "true_positive_site_pair_count": 4276,
      "false_positive_site_pair_count": 1620,
      "true_site_pair_count": 42276,
      "precision": 0.7252374491180461,
      "recall": 0.10114485760242217
    },
    {
      "name": "ref1/v2/1taq_ref1",
      "true_positive_site_pair_count": 16316,
      "false_positive_site_pair_count": 4128,
      "true_site_pair_count": 60390,
      "precision": 0.7980825670123264,
      "recall": 0.27017718165259147
    }
  ]
}