{
  "path": "./data/bb3_release/RV12",
  "results": [
    {
      "name": "ref1/v2/1bgl_ref1",
      "true_positive_site_pair_count": 12236,
      "false_positive_site_pair_count": 2446,
      "true_site_pair_count": 44408,
      "precision": 0.8334014439449666,
      "recall": 0.2755359394703657
    },
    {
      "name": "ref1/v2/5ptp_ref1",
      "true_positive_site_pair_count": 13570,
      "false_positive_site_pair_count": 7690,
      "true_site_pair_count": 78540,
      "precision": 0.6382878645343368,
      "recall": 0.1727782021899669
    },
    {
      "name": "ref1/v2/2fxb_ref1",
      "true_positive_site_pair_count": 486,
      "false_positive_site_pair_count": 490,
      "true_site_pair_count": 3850,
      "precision": 0.4979508196721312,
      "recall": 0.12623376623376623
    },
    {
      "name": "ref1/v2/1tis_ref1",
      "true_positive_site_pair_count": 376,
      "false_positive_site_pair_count": 116,
      "true_site_pair_count": 2604,
      "precision": 0.7642276422764228,
      "recall": 0.1443932411674347
    },
    {
      "name": "ref1/v2/1gowA_ref1",
      "true_positive_site_pair_count": 2284,
      "false_positive_site_pair_count": 376,
      "true_site_pair_count": 11256,
      "precision": 0.8586466165413534,
      "recall": 0.2029140014214641
    },
    {
      "name": "ref1/v2/1aho_ref1",
      "true_positive_site_pair_count": 300,
      "false_positive_site_pair_count": 72,
      "true_site_pair_count": 2072,
      "precision": 0.8064516129032258,
      "recall": 0.14478764478764478
    },
    {
      "name": "ref1/v2/1rthA_ref1",
      "true_positive_site_pair_count": 1272,
      "false_positive_site_pair_count": 982,
      "true_site_pair_count": 5310,
      "precision": 0.5643300798580302,
      "recall": 0.23954802259887006
    },
    {
      "name": "ref1/v2/1aym3_ref1",
      "true_positive_site_pair_count": 380,
      "false_positive_site_pair_count": 0,
      "true_site_pair_count": 1992,
      "precision": 1.0,
      "recall": 0.19076305220883535
    },
    {
      "name": "ref1/v2/1led_ref1",
      "true_positive_site_pair_count": 364,
      "false_positive_site_pair_count": 38,
      "true_site_pair_count": 2016,
      "precision": 0.9054726368159204,
      "recall": 0.18055555555555555
    },
    {
      "name": "ref1/v2/glg_ref1",
      "true_positive_site_pair_count": 12144,
      "false_positive_site_pair_count": 3082,
      "true_site_pair_count": 49720,
      "precision": 0.797583081570997,
      "recall": 0.24424778761061947
    },
    {
      "name": "ref1/v2/1fjlA_ref1",
      "true_positive_site_pair_count": 806,
      "false_positive_site_pair_count": 52,
      "true_site_pair_count": 3096,
      "precision": 0.9393939393939394,
      "recall": 0.2603359173126615
    },
    {
      "name": "ref1/v2/1ad2_ref1",
      "true_positive_site_pair_count": 490,
      "false_positive_site_pair_count": 112,
      "true_site_pair_count": 4110,
      "precision": 0.813953488372093,
      "recall": 0.1192214111922141
    },
    {
      "name": "ref1/v2/2cba_ref1",
      "true_positive_site_pair_count": 3052,
      "false_positive_site_pair_count": 700,
      "true_site_pair_count": 10710,
      "precision": 0.8134328358208955,
      "recall": 0.2849673202614379
    },
    {
      "name": "ref1/v2/1ac5_ref1",
      "true_positive_site_pair_count": 5698,
      "false_positive_site_pair_count": 1062,
      "true_site_pair_count": 26840,
      "precision": 0.8428994082840237,
      "recall": 0.2122950819672131
    },
    {
      "name": "ref1/v2/1fieA_ref1",
      "true_positive_site_pair_count": 8716,
      "false_positive_site_pair_count": 1302,
      "true_site_pair_count": 27048,
      "precision": 0.8700339389099621,
      "recall": 0.3222419402543626
    },
    {
      "name": "ref1/v2/1ezm_ref1",
      "true_positive_site_pair_count": 456,
      "false_positive_site_pair_count": 140,
      "true_site_pair_count": 1968,
      "precision": 0.7651006711409396,
      "recall": 0.23170731707317074
    },
    {
      "name": "ref1/v2/1thm_ref1",
      "true_positive_site_pair_count": 1700,
      "false_positive_site_pair_count": 568,
      "true_site_pair_count": 6762,
      "precision": 0.7495590828924162,
      "recall": 0.25140490979000296
    },
    {
      "name": "ref1/v2/1ar5A_ref1",
      "true_positive_site_pair_count": 2414,
      "false_positive_site_pair_count": 340,
      "true_site_pair_count": 9864,
      "precision": 0.8765432098765432,
      "recall": 0.24472830494728304
    },
    {
      "name": "ref1/v2/1gtr_ref1",
      "true_positive_site_pair_count": 3610,
      "false_positive_site_pair_count": 962,
      "true_site_pair_count": 8120,
      "precision": 0.789588801399825,
      "recall": 0.4445812807881773
    },
    {
      "name": "ref1/v2/2ack_ref1",
      "true_positive_site_pair_count": 8340,
      "false_positive_site_pair_count": 2916,
      "true_site_pair_count": 39000,
      "precision": 0.7409381663113006,
      "recall": 0.21384615384615385
    },
    {
      "name": "ref1/v2/1pysA_ref1",
      "true_positive_site_pair_count": 9010,
      "false_positive_site_pair_count": 2240,
      "true_site_pair_count": 25740,
      "precision": 0.8008888888888889,
      "recall": 0.35003885003885005
    },
    {
      "name": "ref1/v2/1ton_ref1",
      "true_positive_site_pair_count": 12350,
      "false_positive_site_pair_count": 3462,
      "true_site_pair_count": 60372,
      "precision": 0.7810523652921831,
      "recall": 0.2045650301464255
    },
    {
      "name": "ref1/v2/1hfh_ref1",
      "true_positive_site_pair_count": 16,
      "false_positive_site_pair_count": 0,
      "true_site_pair_count": 828,
      "precision": 1.0,
      "recall": 0.01932367149758454
    },
    {
      "name": "ref1/v2/2mhr_ref1",
      "true_positive_site_pair_count": 240,
      "false_positive_site_pair_count": 28,
      "true_site_pair_count": 1920,
      "precision": 0.8955223880597015,
      "recall": 0.125
    },
    {
      "name": "ref1/v2/1ppn_ref1",
      "true_positive_site_pair_count": 1442,
      "false_positive_site_pair_count": 118,
      "true_site_pair_count": 6944,
      "precision": 0.9243589743589744,
      "recall": 0.20766129032258066
    },
    {
      "name": "ref1/v2/1lcf_ref1",
      "true_positive_site_pair_count": 2224,
      "false_positive_site_pair_count": 2030,
      "true_site_pair_count": 9920,
      "precision": 0.5228020686412788,
      "recall": 0.22419354838709676
    },
    {
      "name": "ref1/v2/1csp_ref1",
      "true_positive_site_pair_count": 312,
      "false_positive_site_pair_count": 32,
      "true_site_pair_count": 1280,
      "precision": 0.9069767441860465,
      "recall": 0.24375
    },
    {
      "name": "ref1/v2/1pkm_ref1",
      "true_positive_site_pair_count": 2490,
      "false_positive_site_pair_count": 2502,
      "true_site_pair_count": 19188,
      "precision": 0.4987980769230769,
      "recall": 0.12976860537836146
    },
    {
      "name": "ref1/v2/1krn_ref1",
      "true_positive_site_pair_count": 256,
      "false_positive_site_pair_count": 178,
      "true_site_pair_count": 1020,
      "precision": 0.5898617511520737,
      "recall": 0.25098039215686274
    },
    {
      "name": "ref1/v2/1fkj_ref1",
      "true_positive_site_pair_count": 1218,
      "false_positive_site_pair_count": 400,
      "true_site_pair_count": 7920,
      "precision": 0.7527812113720643,
      "recall": 0.15378787878787878
    },
    {
      "name": "ref1/v2/1gpb_ref1",
      "true_positive_site_pair_count": 3740,
      "false_positive_site_pair_count": 392,
      "true_site_pair_count": 8040,
      "precision": 0.9051306873184899,
      "recall": 0.4651741293532338
    },
    {
      "name": "ref1/v2/1fmb_ref1",
      "true_positive_site_pair_count": 268,
      "false_positive_site_pair_count": 182,
      "true_site_pair_count": 1460,
      "precision": 0.5955555555555555,
      "recall": 0.18356164383561643
    },
    {
      "name": "ref1/v2/1dlc_ref1",
      "true_positive_site_pair_count": 9152,
      "false_positive_site_pair_count": 4472,
      "true_site_pair_count": 46464,
      "precision": 0.6717557251908397,
      "recall": 0.19696969696969696
    },
    {
      "name": "ref1/v2/1zin_ref1",
      "true_positive_site_pair_count": 1540,
      "false_positive_site_pair_count": 32,
      "true_site_pair_count": 6804,
      "precision": 0.9796437659033079,
      "recall": 0.22633744855967078
    },
    {
      "name": "ref1/v2/3pmg_ref1",
      "true_positive_site_pair_count": 140,
      "false_positive_site_pair_count": 150,
      "true_site_pair_count": 3480,
      "precision": 0.4827586206896552,
      "recall": 0.040229885057471264
    },
    {
      "name": "ref1/v2/1tgxA_ref1",
      "true_positive_site_pair_count": 50,
      "false_positive_site_pair_count": 2,
      "true_site_pair_count": 1944,
      "precision": 0.9615384615384616,
      "recall": 0.0257201646090535
    },
    {
      "name": "ref1/v2/3cyr_ref1",
      "true_positive_site_pair_count": 194,
      "false_positive_site_pair_count": 58,
      "true_site_pair_count": 1932,
      "precision": 0.7698412698412699,
      "recall": 0.10041407867494824
    },
    {
      "name": "ref1/v2/1amk_ref1",
      "true_positive_site_pair_count": 7552,
      "false_positive_site_pair_count": 648,
      "true_site_pair_count": 31920,
      "precision": 0.9209756097560976,
      "recall": 0.23659147869674185
    },
    {
      "name": "ref1/v2/1hpi_ref1",
      "true_positive_site_pair_count": 162,
      "false_positive_site_pair_count": 22,
      "true_site_pair_count": 1170,
      "precision": 0.8804347826086957,
      "recall": 0.13846153846153847
    },
    {
      "name": "ref1/v2/1pfc_ref1",
      "true_positive_site_pair_count": 0,
      "false_positive_site_pair_count": 0,
      "true_site_pair_count": 768,
      "precision": null,
      "recall": 0.0
    },
    {
      "name": "ref1/v2/1pii_ref1",
      "true_positive_site_pair_count": 11450,
      "false_positive_site_pair_count": 2144,
      "true_site_pair_count": 48042,
      "precision": 0.8422833603060174,
      "recall": 0.2383331251821323
    },
    {
      "name": "ref1/v2/1daaA_ref1",
      "true_positive_site_pair_count": 1604,
      "false_positive_site_pair_count": 236,
      "true_site_pair_count": 8652,
      "precision": 0.8717391304347826,
      "recall": 0.18539066111881647
    },
    {
      "name": "ref1/v2/1bucA_ref1",
      "true_positive_site_pair_count": 5312,
      "false_positive_site_pair_count": 2474,
      "true_site_pair_count": 42276,
      "precision": 0.6822501926534806,
      "recall": 0.12565048727410352
    },
    {
      "name": "ref1/v2/1taq_ref1",
      "true_positive_site_pair_count": 20820,
      "false_positive_site_pair_count": 5824,
      "true_site_pair_count": 60390,
      "precision": 0.781414202071761,
      "recall": 0.34475906607054146
    }
  ]
}