{
  "path": "./data/bb3_release/RV12",
  "results": [
    {
      "name": "ref1/v2/1bgl_ref1",
      "true_positive_site_pair_count": 10838,
      "false_positive_site_pair_count": 1720,
      "true_site_pair_count": 44408,
      "precision": 0.8630355152094282,
      "recall": 0.24405512520266617
    },
    {
      "name": "ref1/v2/5ptp_ref1",
      "true_positive_site_pair_count": 14874,
      "false_positive_site_pair_count": 4844,
      "true_site_pair_count": 78540,
      "precision": 0.7543361395679075,
      "recall": 0.18938120702826586
    },
    {
      "name": "ref1/v2/2fxb_ref1",
      "true_positive_site_pair_count": 336,
      "false_positive_site_pair_count": 308,
      "true_site_pair_count": 3850,
      "precision": 0.5217391304347826,
      "recall": 0.08727272727272728
    },
    {
      "name": "ref1/v2/1tis_ref1",
      "true_positive_site_pair_count": 296,
      "false_positive_site_pair_count": 0,
      "true_site_pair_count": 2604,
      "precision": 1.0,
      "recall": 0.11367127496159754
    },
    {
      "name": "ref1/v2/1gowA_ref1",
      "true_positive_site_pair_count": 2382,
      "false_positive_site_pair_count": 326,
      "true_site_pair_count": 11256,
      "precision": 0.879615952732644,
      "recall": 0.21162046908315565
    },
    {
      "name": "ref1/v2/1aho_ref1",
      "true_positive_site_pair_count": 258,
      "false_positive_site_pair_count": 12,
      "true_site_pair_count": 2072,
      "precision": 0.9555555555555556,
      "recall": 0.12451737451737452
    },
    {
      "name": "ref1/v2/1rthA_ref1",
      "true_positive_site_pair_count": 1354,
      "false_positive_site_pair_count": 658,
      "true_site_pair_count": 5310,
      "precision": 0.672962226640159,
      "recall": 0.25499058380414313
    },
    {
      "name": "ref1/v2/1aym3_ref1",
      "true_positive_site_pair_count": 258,
      "false_positive_site_pair_count": 30,
      "true_site_pair_count": 1992,
      "precision": 0.8958333333333334,
      "recall": 0.12951807228915663
    },
    {
      "name": "ref1/v2/1led_ref1",
      "true_positive_site_pair_count": 480,
      "false_positive_site_pair_count": 70,
      "true_site_pair_count": 2016,
      "precision": 0.8727272727272727,
      "recall": 0.23809523809523808
    },
    {
      "name": "ref1/v2/glg_ref1",
      "true_positive_site_pair_count": 10578,
      "false_positive_site_pair_count": 2098,
      "true_site_pair_count": 49720,
      "precision": 0.83449037551278,
      "recall": 0.21275140788415126
    },
    {
      "name": "ref1/v2/1fjlA_ref1",
      "true_positive_site_pair_count": 756,
      "false_positive_site_pair_count": 64,
      "true_site_pair_count": 3096,
      "precision": 0.9219512195121952,
      "recall": 0.2441860465116279
    },
    {
      "name": "ref1/v2/1ad2_ref1",
      "true_positive_site_pair_count": 340,
      "false_positive_site_pair_count": 200,
      "true_site_pair_count": 4110,
      "precision": 0.6296296296296297,
      "recall": 0.0827250608272506
    },
    {
      "name": "ref1/v2/2cba_ref1",
      "true_positive_site_pair_count": 2272,
      "false_positive_site_pair_count": 778,
      "true_site_pair_count": 10710,
      "precision": 0.7449180327868853,
      "recall": 0.21213818860877684
    },
    {
      "name": "ref1/v2/1ac5_ref1",
      "true_positive_site_pair_count": 5726,
      "false_positive_site_pair_count": 674,
      "true_site_pair_count": 26840,
      "precision": 0.8946875,
      "recall": 0.21333830104321908
    },
    {
      "name": "ref1/v2/1fieA_ref1",
      "true_positive_site_pair_count": 7622,
      "false_positive_site_pair_count": 676,
      "true_site_pair_count": 27048,
      "precision": 0.918534586647385,
      "recall": 0.28179532682638275
    },
    {
      "name": "ref1/v2/1ezm_ref1",
      "true_positive_site_pair_count": 468,
      "false_positive_site_pair_count": 42,
      "true_site_pair_count": 1968,
      "precision": 0.9176470588235294,
      "recall": 0.23780487804878048
    },
    {
      "name": "ref1/v2/1thm_ref1",
      "true_positive_site_pair_count": 1378,
      "false_positive_site_pair_count": 534,
      "true_site_pair_count": 6762,
      "precision": 0.7207112970711297,
      "recall": 0.20378586217095535
    },
    {
      "name": "ref1/v2/1ar5A_ref1",
      "true_positive_site_pair_count": 2106,
      "false_positive_site_pair_count": 158,
      "true_site_pair_count": 9864,
      "precision": 0.9302120141342756,
      "recall": 0.21350364963503649
    },
    {
      "name": "ref1/v2/1gtr_ref1",
      "true_positive_site_pair_count": 2996,
      "false_positive_site_pair_count": 664,
      "true_site_pair_count": 8120,
      "precision": 0.8185792349726776,
      "recall": 0.3689655172413793
    },
    {
      "name": "ref1/v2/2ack_ref1",
      "true_positive_site_pair_count": 8538,
      "false_positive_site_pair_count": 2476,
      "true_site_pair_count": 39000,
      "precision": 0.7751952061013256,
      "recall": 0.21892307692307691
    },
    {
      "name": "ref1/v2/1pysA_ref1",
      "true_positive_site_pair_count": 8390,
      "false_positive_site_pair_count": 1574,
      "true_site_pair_count": 25740,
      "precision": 0.8420313127258129,
      "recall": 0.3259518259518259
    },
    {
      "name": "ref1/v2/1ton_ref1",
      "true_positive_site_pair_count": 10748,
      "false_positive_site_pair_count": 1860,
      "true_site_pair_count": 60372,
      "precision": 0.8524746192893401,
      "recall": 0.17802955012257338
    },
    {
      "name": "ref1/v2/1hfh_ref1",
      "true_positive_site_pair_count": 76,
      "false_positive_site_pair_count": 52,
      "true_site_pair_count": 828,
      "precision": 0.59375,
      "recall": 0.09178743961352658
    },
    {
      "name": "ref1/v2/2mhr_ref1",
      "true_positive_site_pair_count": 86,
      "false_positive_site_pair_count": 40,
      "true_site_pair_count": 1920,
      "precision": 0.6825396825396826,
      "recall": 0.04479166666666667
    },
    {
      "name": "ref1/v2/1ppn_ref1",
      "true_positive_site_pair_count": 1452,
      "false_positive_site_pair_count": 192,
      "true_site_pair_count": 6944,
      "precision": 0.8832116788321168,
      "recall": 0.20910138248847926
    },
    {
      "name": "ref1/v2/1lcf_ref1",
      "true_positive_site_pair_count": 2032,
      "false_positive_site_pair_count": 1924,
      "true_site_pair_count": 9920,
      "precision": 0.5136501516683518,
      "recall": 0.20483870967741935
    },
    {
      "name": "ref1/v2/1csp_ref1",
      "true_positive_site_pair_count": 256,
      "false_positive_site_pair_count": 4,
      "true_site_pair_count": 1280,
      "precision": 0.9846153846153847,
      "recall": 0.2
    },
    {
      "name": "ref1/v2/1pkm_ref1",
      "true_positive_site_pair_count": 2374,
      "false_positive_site_pair_count": 1916,
      "true_site_pair_count": 19188,
      "precision": 0.5533799533799534,
      "recall": 0.12372316030852616
    },
    {
      "name": "ref1/v2/1krn_ref1",
      "true_positive_site_pair_count": 228,
      "false_positive_site_pair_count": 50,
      "true_site_pair_count": 1020,
      "precision": 0.8201438848920863,
      "recall": 0.2235294117647059
    },
    {
      "name": "ref1/v2/1fkj_ref1",
      "true_positive_site_pair_count": 906,
      "false_positive_site_pair_count": 268,
      "true_site_pair_count": 7920,
      "precision": 0.7717206132879046,
      "recall": 0.1143939393939394
    },
    {
      "name": "ref1/v2/1gpb_ref1",
      "true_positive_site_pair_count": 3304,
      "false_positive_site_pair_count": 320,
      "true_site_pair_count": 8040,
      "precision": 0.9116997792494481,
      "recall": 0.4109452736318408
    },
    {
      "name": "ref1/v2/1fmb_ref1",
      "true_positive_site_pair_count": 272,
      "false_positive_site_pair_count": 236,
      "true_site_pair_count": 1460,
      "precision": 0.5354330708661418,
      "recall": 0.1863013698630137
    },
    {
      "name": "ref1/v2/1dlc_ref1",
      "true_positive_site_pair_count": 9508,
      "false_positive_site_pair_count": 4342,
      "true_site_pair_count": 46464,
      "precision": 0.6864981949458484,
      "recall": 0.20463154269972453
    },
    {
      "name": "ref1/v2/1zin_ref1",
      "true_positive_site_pair_count": 1576,
      "false_positive_site_pair_count": 28,
      "true_site_pair_count": 6804,
      "precision": 0.9825436408977556,
      "recall": 0.23162845385067607
    },
    {
      "name": "ref1/v2/3pmg_ref1",
      "true_positive_site_pair_count": 254,
      "false_positive_site_pair_count": 166,
      "true_site_pair_count": 3480,
      "precision": 0.6047619047619047,
      "recall": 0.07298850574712644
    },
    {
      "name": "ref1/v2/1tgxA_ref1",
      "true_positive_site_pair_count": 128,
      "false_positive_site_pair_count": 38,
      "true_site_pair_count": 1944,
      "precision": 0.7710843373493976,
      "recall": 0.06584362139917696
    },
    {
      "name": "ref1/v2/3cyr_ref1",
      "true_positive_site_pair_count": 168,
      "false_positive_site_pair_count": 56,
      "true_site_pair_count": 1932,
      "precision": 0.75,
      "recall": 0.08695652173913043
    },
    {
      "name": "ref1/v2/1amk_ref1",
      "true_positive_site_pair_count": 7140,
      "false_positive_site_pair_count": 570,
      "true_site_pair_count": 31920,
      "precision": 0.9260700389105059,
      "recall": 0.2236842105263158
    },
    {
      "name": "ref1/v2/1hpi_ref1",
      "true_positive_site_pair_count": 216,
      "false_positive_site_pair_count": 2,
      "true_site_pair_count": 1170,
      "precision": 0.9908256880733946,
      "recall": 0.18461538461538463
    },
    {
      "name": "ref1/v2/1pfc_ref1",
      "true_positive_site_pair_count": 76,
      "false_positive_site_pair_count": 40,
      "true_site_pair_count": 768,
      "precision": 0.6551724137931034,
      "recall": 0.09895833333333333
    },
    {
      "name": "ref1/v2/1pii_ref1",
      "true_positive_site_pair_count": 13518,
      "false_positive_site_pair_count": 1968,
      "true_site_pair_count": 48042,
      "precision": 0.872917473847346,
      "recall": 0.28137879355563883
    },
    {
      "name": "ref1/v2/1daaA_ref1",
      "true_positive_site_pair_count": 1322,
      "false_positive_site_pair_count": 198,
      "true_site_pair_count": 8652,
      "precision": 0.8697368421052631,
      "recall": 0.1527970411465557
    },
    {
      "name": "ref1/v2/1bucA_ref1",
      "true_positive_site_pair_count": 5198,
      "false_positive_site_pair_count": 1516,
      "true_site_pair_count": 42276,
      "precision": 0.7742031575811736,
      "recall": 0.12295392184691077
    },
    {
      "name": "ref1/v2/1taq_ref1",
      "true_positive_site_pair_count": 17106,
      "false_positive_site_pair_count": 4838,
      "true_site_pair_count": 60390,
      "precision": 0.779529711994167,
      "recall": 0.2832588176850472
    }
  ]
}