{
  "path": "./data/bb3_release/RV12",
  "results": [
    {
      "name": "ref1/v2/1bgl_ref1",
      "true_positive_site_pair_count": 12898,
      "false_positive_site_pair_count": 2344,
      "true_site_pair_count": 44408,
      "precision": 0.8462144075580632,
      "recall": 0.2904431633939831
    },
    {
      "name": "ref1/v2/5ptp_ref1",
      "true_positive_site_pair_count": 14160,
      "false_positive_site_pair_count": 7624,
      "true_site_pair_count": 78540,
      "precision": 0.6500183621006244,
      "recall": 0.18029029793735676
    },
    {
      "name": "ref1/v2/2fxb_ref1",
      "true_positive_site_pair_count": 414,
      "false_positive_site_pair_count": 468,
      "true_site_pair_count": 3850,
      "precision": 0.46938775510204084,
      "recall": 0.10753246753246753
    },
    {
      "name": "ref1/v2/1tis_ref1",
      "true_positive_site_pair_count": 434,
      "false_positive_site_pair_count": 96,
      "true_site_pair_count": 2604,
      "precision": 0.8188679245283019,
      "recall": 0.16666666666666666
    },
    {
      "name": "ref1/v2/1gowA_ref1",
      "true_positive_site_pair_count": 2616,
      "false_positive_site_pair_count": 730,
      "true_site_pair_count": 11256,
      "precision": 0.7818290496114764,
      "recall": 0.232409381663113
    },
    {
      "name": "ref1/v2/1aho_ref1",
      "true_positive_site_pair_count": 378,
      "false_positive_site_pair_count": 80,
      "true_site_pair_count": 2072,
      "precision": 0.8253275109170306,
      "recall": 0.18243243243243243
    },
    {
      "name": "ref1/v2/1rthA_ref1",
      "true_positive_site_pair_count": 1390,
      "false_positive_site_pair_count": 918,
      "true_site_pair_count": 5310,
      "precision": 0.6022530329289428,
      "recall": 0.2617702448210923
    },
    {
      "name": "ref1/v2/1aym3_ref1",
      "true_positive_site_pair_count": 620,
      "false_positive_site_pair_count": 32,
      "true_site_pair_count": 1992,
      "precision": 0.950920245398773,
      "recall": 0.3112449799196787
    },
    {
      "name": "ref1/v2/1led_ref1",
      "true_positive_site_pair_count": 442,
      "false_positive_site_pair_count": 92,
      "true_site_pair_count": 2016,
      "precision": 0.8277153558052435,
      "recall": 0.21924603174603174
    },
    {
      "name": "ref1/v2/glg_ref1",
      "true_positive_site_pair_count": 13008,
      "false_positive_site_pair_count": 3218,
      "true_site_pair_count": 49720,
      "precision": 0.801676321952422,
      "recall": 0.26162510056315363
    },
    {
      "name": "ref1/v2/1fjlA_ref1",
      "true_positive_site_pair_count": 712,
      "false_positive_site_pair_count": 102,
      "true_site_pair_count": 3096,
      "precision": 0.8746928746928747,
      "recall": 0.22997416020671835
    },
    {
      "name": "ref1/v2/1ad2_ref1",
      "true_positive_site_pair_count": 376,
      "false_positive_site_pair_count": 64,
      "true_site_pair_count": 4110,
      "precision": 0.8545454545454545,
      "recall": 0.09148418491484185
    },
    {
      "name": "ref1/v2/2cba_ref1",
      "true_positive_site_pair_count": 3342,
      "false_positive_site_pair_count": 1134,
      "true_site_pair_count": 10710,
      "precision": 0.7466487935656837,
      "recall": 0.31204481792717087
    },
    {
      "name": "ref1/v2/1ac5_ref1",
      "true_positive_site_pair_count": 6366,
      "false_positive_site_pair_count": 1402,
      "true_site_pair_count": 26840,
      "precision": 0.8195159629248198,
      "recall": 0.23718330849478392
    },
    {
      "name": "ref1/v2/1fieA_ref1",
      "true_positive_site_pair_count": 9456,
      "false_positive_site_pair_count": 1630,
      "true_site_pair_count": 27048,
      "precision": 0.8529677070178604,
      "recall": 0.34960070984915703
    },
    {
      "name": "ref1/v2/1ezm_ref1",
      "true_positive_site_pair_count": 556,
      "false_positive_site_pair_count": 98,
      "true_site_pair_count": 1968,
      "precision": 0.8501529051987767,
      "recall": 0.28252032520325204
    },
    {
      "name": "ref1/v2/1thm_ref1",
      "true_positive_site_pair_count": 1278,
      "false_positive_site_pair_count": 754,
      "true_site_pair_count": 6762,
      "precision": 0.6289370078740157,
      "recall": 0.18899733806566105
    },
    {
      "name": "ref1/v2/1ar5A_ref1",
      "true_positive_site_pair_count": 2530,
      "false_positive_site_pair_count": 160,
      "true_site_pair_count": 9864,
      "precision": 0.9405204460966543,
      "recall": 0.2564882400648824
    },
    {
      "name": "ref1/v2/1gtr_ref1",
      "true_positive_site_pair_count": 3984,
      "false_positive_site_pair_count": 1118,
      "true_site_pair_count": 8120,
      "precision": 0.7808702469619757,
      "recall": 0.49064039408866994
    },
    {
      "name": "ref1/v2/2ack_ref1",
      "true_positive_site_pair_count": 8834,
      "false_positive_site_pair_count": 3682,
      "true_site_pair_count": 39000,
      "precision": 0.7058165548098434,
      "recall": 0.2265128205128205
    },
    {
      "name": "ref1/v2/1pysA_ref1",
      "true_positive_site_pair_count": 9824,
      "false_positive_site_pair_count": 2400,
      "true_site_pair_count": 25740,
      "precision": 0.8036649214659686,
      "recall": 0.38166278166278167
    },
    {
      "name": "ref1/v2/1ton_ref1",
      "true_positive_site_pair_count": 14226,
      "false_positive_site_pair_count": 3938,
      "true_site_pair_count": 60372,
      "precision": 0.7831975335829112,
      "recall": 0.23563903796461935
    },
    {
      "name": "ref1/v2/1hfh_ref1",
      "true_positive_site_pair_count": 0,
      "false_positive_site_pair_count": 96,
      "true_site_pair_count": 828,
      "precision": 0.0,
      "recall": 0.0
    },
    {
      "name": "ref1/v2/2mhr_ref1",
      "true_positive_site_pair_count": 312,
      "false_positive_site_pair_count": 0,
      "true_site_pair_count": 1920,
      "precision": 1.0,
      "recall": 0.1625
    },
    {
      "name": "ref1/v2/1ppn_ref1",
      "true_positive_site_pair_count": 1606,
      "false_positive_site_pair_count": 128,
      "true_site_pair_count": 6944,
      "precision": 0.9261822376009228,
      "recall": 0.23127880184331798
    },
    {
      "name": "ref1/v2/1lcf_ref1",
      "true_positive_site_pair_count": 2202,
      "false_positive_site_pair_count": 2178,
      "true_site_pair_count": 9920,
      "precision": 0.5027397260273972,
      "recall": 0.2219758064516129
    },
    {
      "name": "ref1/v2/1csp_ref1",
      "true_positive_site_pair_count": 180,
      "false_positive_site_pair_count": 8,
      "true_site_pair_count": 1280,
      "precision": 0.9574468085106383,
      "recall": 0.140625
    },
    {
      "name": "ref1/v2/1pkm_ref1",
      "true_positive_site_pair_count": 2732,
      "false_positive_site_pair_count": 2814,
      "true_site_pair_count": 19188,
      "precision": 0.49260728452939057,
      "recall": 0.14238065457577653
    },
    {
      "name": "ref1/v2/1krn_ref1",
      "true_positive_site_pair_count": 174,
      "false_positive_site_pair_count": 46,
      "true_site_pair_count": 1020,
      "precision": 0.7909090909090909,
      "recall": 0.17058823529411765
    },
    {
      "name": "ref1/v2/1fkj_ref1",
      "true_positive_site_pair_count": 1024,
      "false_positive_site_pair_count": 518,
      "true_site_pair_count": 7920,
      "precision": 0.6640726329442282,
      "recall": 0.1292929292929293
    },
    {
      "name": "ref1/v2/1gpb_ref1",
      "true_positive_site_pair_count": 4164,
      "false_positive_site_pair_count": 402,
      "true_site_pair_count": 8040,
      "precision": 0.911957950065703,
      "recall": 0.517910447761194
    },
    {
      "name": "ref1/v2/1fmb_ref1",
      "true_positive_site_pair_count": 262,
      "false_positive_site_pair_count": 272,
      "true_site_pair_count": 1460,
      "precision": 0.49063670411985016,
      "recall": 0.17945205479452056
    },
    {
      "name": "ref1/v2/1dlc_ref1",
      "true_positive_site_pair_count": 10430,
      "false_positive_site_pair_count": 5960,
      "true_site_pair_count": 46464,
      "precision": 0.6363636363636364,
      "recall": 0.22447486225895316
    },
    {
      "name": "ref1/v2/1zin_ref1",
      "true_positive_site_pair_count": 1694,
      "false_positive_site_pair_count": 132,
      "true_site_pair_count": 6804,
      "precision": 0.927710843373494,
      "recall": 0.24897119341563786
    },
    {
      "name": "ref1/v2/3pmg_ref1",
      "true_positive_site_pair_count": 154,
      "false_positive_site_pair_count": 326,
      "true_site_pair_count": 3480,
      "precision": 0.32083333333333336,
      "recall": 0.044252873563218394
    },
    {
      "name": "ref1/v2/1tgxA_ref1",
      "true_positive_site_pair_count": 42,
      "false_positive_site_pair_count": 14,
      "true_site_pair_count": 1944,
      "precision": 0.75,
      "recall": 0.021604938271604937
    },
    {
      "name": "ref1/v2/3cyr_ref1",
      "true_positive_site_pair_count": 212,
      "false_positive_site_pair_count": 2,
      "true_site_pair_count": 1932,
      "precision": 0.9906542056074766,
      "recall": 0.10973084886128365
    },
    {
      "name": "ref1/v2/1amk_ref1",
      "true_positive_site_pair_count": 7024,
      "false_positive_site_pair_count": 1080,
      "true_site_pair_count": 31920,
      "precision": 0.8667324777887463,
      "recall": 0.22005012531328322
    },
    {
      "name": "ref1/v2/1hpi_ref1",
      "true_positive_site_pair_count": 164,
      "false_positive_site_pair_count": 6,
      "true_site_pair_count": 1170,
      "precision": 0.9647058823529412,
      "recall": 0.14017094017094017
    },
    {
      "name": "ref1/v2/1pfc_ref1",
      "true_positive_site_pair_count": 36,
      "false_positive_site_pair_count": 76,
      "true_site_pair_count": 768,
      "precision": 0.32142857142857145,
      "recall": 0.046875
    },
    {
      "name": "ref1/v2/1pii_ref1",
      "true_positive_site_pair_count": 13168,
      "false_positive_site_pair_count": 3312,
      "true_site_pair_count": 48042,
      "precision": 0.7990291262135922,
      "recall": 0.2740935015195038
    },
    {
      "name": "ref1/v2/1daaA_ref1",
      "true_positive_site_pair_count": 1650,
      "false_positive_site_pair_count": 130,
      "true_site_pair_count": 8652,
      "precision": 0.9269662921348315,
      "recall": 0.19070735090152566
    },
    {
      "name": "ref1/v2/1bucA_ref1",
      "true_positive_site_pair_count": 6464,
      "false_positive_site_pair_count": 2054,
      "true_site_pair_count": 42276,
      "precision": 0.7588635830007044,
      "recall": 0.15289999053836692
    },
    {
      "name": "ref1/v2/1taq_ref1",
      "true_positive_site_pair_count": 21604,
      "false_positive_site_pair_count": 7024,
      "true_site_pair_count": 60390,
      "precision": 0.7546458013133994,
      "recall": 0.35774134790528234
    }
  ]
}