{
  "path": "./data/bb3_release/RV12",
  "results": [
    {
      "name": "ref1/v2/1bgl_ref1",
      "true_positive_site_pair_count": 13080,
      "false_positive_site_pair_count": 2810,
      "true_site_pair_count": 44408,
      "precision": 0.8231592196349906,
      "recall": 0.2945415240497208
    },
    {
      "name": "ref1/v2/5ptp_ref1",
      "true_positive_site_pair_count": 14268,
      "false_positive_site_pair_count": 6762,
      "true_site_pair_count": 78540,
      "precision": 0.6784593437945792,
      "recall": 0.18166539343009933
    },
    {
      "name": "ref1/v2/2fxb_ref1",
      "true_positive_site_pair_count": 538,
      "false_positive_site_pair_count": 512,
      "true_site_pair_count": 3850,
      "precision": 0.5123809523809524,
      "recall": 0.13974025974025975
    },
    {
      "name": "ref1/v2/1tis_ref1",
      "true_positive_site_pair_count": 264,
      "false_positive_site_pair_count": 0,
      "true_site_pair_count": 2604,
      "precision": 1.0,
      "recall": 0.10138248847926268
    },
    {
      "name": "ref1/v2/1gowA_ref1",
      "true_positive_site_pair_count": 2492,
      "false_positive_site_pair_count": 396,
      "true_site_pair_count": 11256,
      "precision": 0.8628808864265928,
      "recall": 0.22139303482587064
    },
    {
      "name": "ref1/v2/1aho_ref1",
      "true_positive_site_pair_count": 264,
      "false_positive_site_pair_count": 16,
      "true_site_pair_count": 2072,
      "precision": 0.9428571428571428,
      "recall": 0.1274131274131274
    },
    {
      "name": "ref1/v2/1rthA_ref1",
      "true_positive_site_pair_count": 1596,
      "false_positive_site_pair_count": 1456,
      "true_site_pair_count": 5310,
      "precision": 0.5229357798165137,
      "recall": 0.30056497175141245
    },
    {
      "name": "ref1/v2/1aym3_ref1",
      "true_positive_site_pair_count": 466,
      "false_positive_site_pair_count": 30,
      "true_site_pair_count": 1992,
      "precision": 0.9395161290322581,
      "recall": 0.23393574297188754
    },
    {
      "name": "ref1/v2/1led_ref1",
      "true_positive_site_pair_count": 344,
      "false_positive_site_pair_count": 52,
      "true_site_pair_count": 2016,
      "precision": 0.8686868686868687,
      "recall": 0.17063492063492064
    },
    {
      "name": "ref1/v2/glg_ref1",
      "true_positive_site_pair_count": 12550,
      "false_positive_site_pair_count": 2960,
      "true_site_pair_count": 49720,
      "precision": 0.8091553836234687,
      "recall": 0.252413515687852
    },
    {
      "name": "ref1/v2/1fjlA_ref1",
      "true_positive_site_pair_count": 738,
      "false_positive_site_pair_count": 50,
      "true_site_pair_count": 3096,
      "precision": 0.9365482233502538,
      "recall": 0.23837209302325582
    },
    {
      "name": "ref1/v2/1ad2_ref1",
      "true_positive_site_pair_count": 406,
      "false_positive_site_pair_count": 42,
      "true_site_pair_count": 4110,
      "precision": 0.90625,
      "recall": 0.09878345498783454
    },
    {
      "name": "ref1/v2/2cba_ref1",
      "true_positive_site_pair_count": 2756,
      "false_positive_site_pair_count": 1376,
      "true_site_pair_count": 10710,
      "precision": 0.6669893514036787,
      "recall": 0.25732959850606907
    },
    {
      "name": "ref1/v2/1ac5_ref1",
      "true_positive_site_pair_count": 5886,
      "false_positive_site_pair_count": 1342,
      "true_site_pair_count": 26840,
      "precision": 0.814333148865523,
      "recall": 0.21929955290611028
    },
    {
      "name": "ref1/v2/1fieA_ref1",
      "true_positive_site_pair_count": 8314,
      "false_positive_site_pair_count": 1514,
      "true_site_pair_count": 27048,
      "precision": 0.8459503459503459,
      "recall": 0.30737947352854184
    },
    {
      "name": "ref1/v2/1ezm_ref1",
      "true_positive_site_pair_count": 482,
      "false_positive_site_pair_count": 182,
      "true_site_pair_count": 1968,
      "precision": 0.7259036144578314,
      "recall": 0.24491869918699186
    },
    {
      "name": "ref1/v2/1thm_ref1",
      "true_positive_site_pair_count": 1482,
      "false_positive_site_pair_count": 836,
      "true_site_pair_count": 6762,
      "precision": 0.639344262295082,
      "recall": 0.2191659272404614
    },
    {
      "name": "ref1/v2/1ar5A_ref1",
      "true_positive_site_pair_count": 2334,
      "false_positive_site_pair_count": 88,
      "true_site_pair_count": 9864,
      "precision": 0.9636663914120561,
      "recall": 0.23661800486618004
    },
    {
      "name": "ref1/v2/1gtr_ref1",
      "true_positive_site_pair_count": 3688,
      "false_positive_site_pair_count": 938,
      "true_site_pair_count": 8120,
      "precision": 0.7972330306960658,
      "recall": 0.4541871921182266
    },
    {
      "name": "ref1/v2/2ack_ref1",
      "true_positive_site_pair_count": 8832,
      "false_positive_site_pair_count": 3160,
      "true_site_pair_count": 39000,
      "precision": 0.7364909939959974,
      "recall": 0.22646153846153846
    },
    {
      "name": "ref1/v2/1pysA_ref1",
      "true_positive_site_pair_count": 9022,
      "false_positive_site_pair_count": 1874,
      "true_site_pair_count": 25740,
      "precision": 0.8280102790014684,
      "recall": 0.3505050505050505
    },
    {
      "name": "ref1/v2/1ton_ref1",
      "true_positive_site_pair_count": 14166,
      "false_positive_site_pair_count": 3602,
      "true_site_pair_count": 60372,
      "precision": 0.7972760018009906,
      "recall": 0.23464519976147882
    },
    {
      "name": "ref1/v2/1hfh_ref1",
      "true_positive_site_pair_count": 32,
      "false_positive_site_pair_count": 30,
      "true_site_pair_count": 828,
      "precision": 0.5161290322580645,
      "recall": 0.03864734299516908
    },
    {
      "name": "ref1/v2/2mhr_ref1",
      "true_positive_site_pair_count": 230,
      "false_positive_site_pair_count": 0,
      "true_site_pair_count": 1920,
      "precision": 1.0,
      "recall": 0.11979166666666667
    },
    {
      "name": "ref1/v2/1ppn_ref1",
      "true_positive_site_pair_count": 1546,
      "false_positive_site_pair_count": 112,
      "true_site_pair_count": 6944,
      "precision": 0.9324487334137516,
      "recall": 0.22263824884792627
    },
    {
      "name": "ref1/v2/1lcf_ref1",
      "true_positive_site_pair_count": 2046,
      "false_positive_site_pair_count": 1828,
      "true_site_pair_count": 9920,
      "precision": 0.5281362932369644,
      "recall": 0.20625
    },
    {
      "name": "ref1/v2/1csp_ref1",
      "true_positive_site_pair_count": 448,
      "false_positive_site_pair_count": 40,
      "true_site_pair_count": 1280,
      "precision": 0.9180327868852459,
      "recall": 0.35
    },
    {
      "name": "ref1/v2/1pkm_ref1",
      "true_positive_site_pair_count": 3060,
      "false_positive_site_pair_count": 2298,
      "true_site_pair_count": 19188,
      "precision": 0.5711086226203808,
      "recall": 0.15947467166979362
    },
    {
      "name": "ref1/v2/1krn_ref1",
      "true_positive_site_pair_count": 192,
      "false_positive_site_pair_count": 78,
      "true_site_pair_count": 1020,
      "precision": 0.7111111111111111,
      "recall": 0.18823529411764706
    },
    {
      "name": "ref1/v2/1fkj_ref1",
      "true_positive_site_pair_count": 1250,
      "false_positive_site_pair_count": 574,
      "true_site_pair_count": 7920,
      "precision": 0.6853070175438597,
      "recall": 0.15782828282828282
    },
    {
      "name": "ref1/v2/1gpb_ref1",
      "true_positive_site_pair_count": 3772,
      "false_positive_site_pair_count": 516,
      "true_site_pair_count": 8040,
      "precision": 0.8796641791044776,
      "recall": 0.4691542288557214
    },
    {
      "name": "ref1/v2/1fmb_ref1",
      "true_positive_site_pair_count": 216,
      "false_positive_site_pair_count": 144,
      "true_site_pair_count": 1460,
      "precision": 0.6,
      "recall": 0.14794520547945206
    },
    {
      "name": "ref1/v2/1dlc_ref1",
      "true_positive_site_pair_count": 9846,
      "false_positive_site_pair_count": 5544,
      "true_site_pair_count": 46464,
      "precision": 0.639766081871345,
      "recall": 0.2119059917355372
    },
    {
      "name": "ref1/v2/1zin_ref1",
      "true_positive_site_pair_count": 1860,
      "false_positive_site_pair_count": 160,
      "true_site_pair_count": 6804,
      "precision": 0.9207920792079208,
      "recall": 0.27336860670194
    },
    {
      "name": "ref1/v2/3pmg_ref1",
      "true_positive_site_pair_count": 138,
      "false_positive_site_pair_count": 252,
      "true_site_pair_count": 3480,
      "precision": 0.35384615384615387,
      "recall": 0.039655172413793106
    },
    {
      "name": "ref1/v2/1tgxA_ref1",
      "true_positive_site_pair_count": 86,
      "false_positive_site_pair_count": 34,
      "true_site_pair_count": 1944,
      "precision": 0.7166666666666667,
      "recall": 0.044238683127572016
    },
    {
      "name": "ref1/v2/3cyr_ref1",
      "true_positive_site_pair_count": 172,
      "false_positive_site_pair_count": 36,
      "true_site_pair_count": 1932,
      "precision": 0.8269230769230769,
      "recall": 0.08902691511387163
    },
    {
      "name": "ref1/v2/1amk_ref1",
      "true_positive_site_pair_count": 7926,
      "false_positive_site_pair_count": 748,
      "true_site_pair_count": 31920,
      "precision": 0.9137652755360849,
      "recall": 0.24830827067669173
    },
    {
      "name": "ref1/v2/1hpi_ref1",
      "true_positive_site_pair_count": 258,
      "false_positive_site_pair_count": 38,
      "true_site_pair_count": 1170,
      "precision": 0.8716216216216216,
      "recall": 0.2205128205128205
    },
    {
      "name": "ref1/v2/1pfc_ref1",
      "true_positive_site_pair_count": 58,
      "false_positive_site_pair_count": 90,
      "true_site_pair_count": 768,
      "precision": 0.3918918918918919,
      "recall": 0.07552083333333333
    },
    {
      "name": "ref1/v2/1pii_ref1",
      "true_positive_site_pair_count": 11440,
      "false_positive_site_pair_count": 2858,
      "true_site_pair_count": 48042,
      "precision": 0.800111903762764,
      "recall": 0.23812497398109986
    },
    {
      "name": "ref1/v2/1daaA_ref1",
      "true_positive_site_pair_count": 1408,
      "false_positive_site_pair_count": 156,
      "true_site_pair_count": 8652,
      "precision": 0.9002557544757033,
      "recall": 0.16273693943596856
    },
    {
      "name": "ref1/v2/1bucA_ref1",
      "true_positive_site_pair_count": 6692,
      "false_positive_site_pair_count": 1976,
      "true_site_pair_count": 42276,
      "precision": 0.7720350715274573,
      "recall": 0.1582931213927524
    },
    {
      "name": "ref1/v2/1taq_ref1",
      "true_positive_site_pair_count": 22028,
      "false_positive_site_pair_count": 6672,
      "true_site_pair_count": 60390,
      "precision": 0.7675261324041812,
      "recall": 0.36476237787713195
    }
  ]
}