{
  "path": "./data/bb3_release/RV12",
  "results": [
    {
      "name": "ref1/v2/1bgl_ref1",
      "true_positive_site_pair_count": 5592,
      "false_positive_site_pair_count": 42,
      "true_site_pair_count": 44408,
      "precision": 0.9925452609158679,
      "recall": 0.12592325707079804
    },
    {
      "name": "ref1/v2/5ptp_ref1",
      "true_positive_site_pair_count": 3674,
      "false_positive_site_pair_count": 560,
      "true_site_pair_count": 78540,
      "precision": 0.867737364194615,
      "recall": 0.04677871148459384
    },
    {
      "name": "ref1/v2/2fxb_ref1",
      "true_positive_site_pair_count": 116,
      "false_positive_site_pair_count": 0,
      "true_site_pair_count": 3850,
      "precision": 1.0,
      "recall": 0.03012987012987013
    },
    {
      "name": "ref1/v2/1tis_ref1",
      "true_positive_site_pair_count": 84,
      "false_positive_site_pair_count": 0,
      "true_site_pair_count": 2604,
      "precision": 1.0,
      "recall": 0.03225806451612903
    },
    {
      "name": "ref1/v2/1gowA_ref1",
      "true_positive_site_pair_count": 960,
      "false_positive_site_pair_count": 14,
      "true_site_pair_count": 11256,
      "precision": 0.9856262833675564,
      "recall": 0.08528784648187633
    },
    {
      "name": "ref1/v2/1aho_ref1",
      "true_positive_site_pair_count": 0,
      "false_positive_site_pair_count": 0,
      "true_site_pair_count": 2072,
      "precision": null,
      "recall": 0.0
    },
    {
      "name": "ref1/v2/1rthA_ref1",
      "true_positive_site_pair_count": 836,
      "false_positive_site_pair_count": 8,
      "true_site_pair_count": 5310,
      "precision": 0.990521327014218,
      "recall": 0.15743879472693031
    },
    {
      "name": "ref1/v2/1aym3_ref1",
      "true_positive_site_pair_count": 232,
      "false_positive_site_pair_count": 0,
      "true_site_pair_count": 1992,
      "precision": 1.0,
      "recall": 0.11646586345381527
    },
    {
      "name": "ref1/v2/1led_ref1",
      "true_positive_site_pair_count": 92,
      "false_positive_site_pair_count": 2,
      "true_site_pair_count": 2016,
      "precision": 0.9787234042553191,
      "recall": 0.04563492063492063
    },
    {
      "name": "ref1/v2/glg_ref1",
      "true_positive_site_pair_count": 5114,
      "false_positive_site_pair_count": 62,
      "true_site_pair_count": 49720,
      "precision": 0.9880216383307573,
      "recall": 0.10285599356395816
    },
    {
      "name": "ref1/v2/1fjlA_ref1",
      "true_positive_site_pair_count": 198,
      "false_positive_site_pair_count": 0,
      "true_site_pair_count": 3096,
      "precision": 1.0,
      "recall": 0.06395348837209303
    },
    {
      "name": "ref1/v2/1ad2_ref1",
      "true_positive_site_pair_count": 120,
      "false_positive_site_pair_count": 0,
      "true_site_pair_count": 4110,
      "precision": 1.0,
      "recall": 0.029197080291970802
    },
    {
      "name": "ref1/v2/2cba_ref1",
      "true_positive_site_pair_count": 1024,
      "false_positive_site_pair_count": 12,
      "true_site_pair_count": 10710,
      "precision": 0.9884169884169884,
      "recall": 0.09561157796451913
    },
    {
      "name": "ref1/v2/1ac5_ref1",
      "true_positive_site_pair_count": 2388,
      "false_positive_site_pair_count": 2,
      "true_site_pair_count": 26840,
      "precision": 0.999163179916318,
      "recall": 0.08897168405365127
    },
    {
      "name": "ref1/v2/1fieA_ref1",
      "true_positive_site_pair_count": 5292,
      "false_positive_site_pair_count": 6,
      "true_site_pair_count": 27048,
      "precision": 0.9988674971687429,
      "recall": 0.1956521739130435
    },
    {
      "name": "ref1/v2/1ezm_ref1",
      "true_positive_site_pair_count": 244,
      "false_positive_site_pair_count": 0,
      "true_site_pair_count": 1968,
      "precision": 1.0,
      "recall": 0.12398373983739837
    },
    {
      "name": "ref1/v2/1thm_ref1",
      "true_positive_site_pair_count": 312,
      "false_positive_site_pair_count": 0,
      "true_site_pair_count": 6762,
      "precision": 1.0,
      "recall": 0.04614019520851819
    },
    {
      "name": "ref1/v2/1ar5A_ref1",
      "true_positive_site_pair_count": 674,
      "false_positive_site_pair_count": 4,
      "true_site_pair_count": 9864,
      "precision": 0.9941002949852508,
      "recall": 0.06832927818329278
    },
    {
      "name": "ref1/v2/1gtr_ref1",
      "true_positive_site_pair_count": 2390,
      "false_positive_site_pair_count": 94,
      "true_site_pair_count": 8120,
      "precision": 0.962157809983897,
      "recall": 0.29433497536945813
    },
    {
      "name": "ref1/v2/2ack_ref1",
      "true_positive_site_pair_count": 4062,
      "false_positive_site_pair_count": 44,
      "true_site_pair_count": 39000,
      "precision": 0.9892839746712129,
      "recall": 0.10415384615384615
    },
    {
      "name": "ref1/v2/1pysA_ref1",
      "true_positive_site_pair_count": 3392,
      "false_positive_site_pair_count": 92,
      "true_site_pair_count": 25740,
      "precision": 0.9735935706084959,
      "recall": 0.1317793317793318
    },
    {
      "name": "ref1/v2/1ton_ref1",
      "true_positive_site_pair_count": 3230,
      "false_positive_site_pair_count": 110,
      "true_site_pair_count": 60372,
      "precision": 0.9670658682634731,
      "recall": 0.05350162326906513
    },
    {
      "name": "ref1/v2/1hfh_ref1",
      "true_positive_site_pair_count": 0,
      "false_positive_site_pair_count": 0,
      "true_site_pair_count": 828,
      "precision": null,
      "recall": 0.0
    },
    {
      "name": "ref1/v2/2mhr_ref1",
      "true_positive_site_pair_count": 0,
      "false_positive_site_pair_count": 0,
      "true_site_pair_count": 1920,
      "precision": null,
      "recall": 0.0
    },
    {
      "name": "ref1/v2/1ppn_ref1",
      "true_positive_site_pair_count": 526,
      "false_positive_site_pair_count": 2,
      "true_site_pair_count": 6944,
      "precision": 0.9962121212121212,
      "recall": 0.07574884792626728
    },
    {
      "name": "ref1/v2/1lcf_ref1",
      "true_positive_site_pair_count": 1102,
      "false_positive_site_pair_count": 742,
      "true_site_pair_count": 9920,
      "precision": 0.5976138828633406,
      "recall": 0.11108870967741935
    },
    {
      "name": "ref1/v2/1csp_ref1",
      "true_positive_site_pair_count": 34,
      "false_positive_site_pair_count": 0,
      "true_site_pair_count": 1280,
      "precision": 1.0,
      "recall": 0.0265625
    },
    {
      "name": "ref1/v2/1pkm_ref1",
      "true_positive_site_pair_count": 456,
      "false_positive_site_pair_count": 12,
      "true_site_pair_count": 19188,
      "precision": 0.9743589743589743,
      "recall": 0.023764853033145718
    },
    {
      "name": "ref1/v2/1krn_ref1",
      "true_positive_site_pair_count": 58,
      "false_positive_site_pair_count": 0,
      "true_site_pair_count": 1020,
      "precision": 1.0,
      "recall": 0.056862745098039215
    },
    {
      "name": "ref1/v2/1fkj_ref1",
      "true_positive_site_pair_count": 274,
      "false_positive_site_pair_count": 0,
      "true_site_pair_count": 7920,
      "precision": 1.0,
      "recall": 0.0345959595959596
    },
    {
      "name": "ref1/v2/1gpb_ref1",
      "true_positive_site_pair_count": 2558,
      "false_positive_site_pair_count": 0,
      "true_site_pair_count": 8040,
      "precision": 1.0,
      "recall": 0.3181592039800995
    },
    {
      "name": "ref1/v2/1fmb_ref1",
      "true_positive_site_pair_count": 32,
      "false_positive_site_pair_count": 0,
      "true_site_pair_count": 1460,
      "precision": 1.0,
      "recall": 0.021917808219178082
    },
    {
      "name": "ref1/v2/1dlc_ref1",
      "true_positive_site_pair_count": 3780,
      "false_positive_site_pair_count": 204,
      "true_site_pair_count": 46464,
      "precision": 0.9487951807228916,
      "recall": 0.08135330578512397
    },
    {
      "name": "ref1/v2/1zin_ref1",
      "true_positive_site_pair_count": 622,
      "false_positive_site_pair_count": 0,
      "true_site_pair_count": 6804,
      "precision": 1.0,
      "recall": 0.09141681363903587
    },
    {
      "name": "ref1/v2/3pmg_ref1",
      "true_positive_site_pair_count": 32,
      "false_positive_site_pair_count": 0,
      "true_site_pair_count": 3480,
      "precision": 1.0,
      "recall": 0.009195402298850575
    },
    {
      "name": "ref1/v2/1tgxA_ref1",
      "true_positive_site_pair_count": 32,
      "false_positive_site_pair_count": 20,
      "true_site_pair_count": 1944,
      "precision": 0.6153846153846154,
      "recall": 0.01646090534979424
    },
    {
      "name": "ref1/v2/3cyr_ref1",
      "true_positive_site_pair_count": 62,
      "false_positive_site_pair_count": 0,
      "true_site_pair_count": 1932,
      "precision": 1.0,
      "recall": 0.032091097308488616
    },
    {
      "name": "ref1/v2/1amk_ref1",
      "true_positive_site_pair_count": 2840,
      "false_positive_site_pair_count": 0,
      "true_site_pair_count": 31920,
      "precision": 1.0,
      "recall": 0.08897243107769423
    },
    {
      "name": "ref1/v2/1hpi_ref1",
      "true_positive_site_pair_count": 0,
      "false_positive_site_pair_count": 0,
      "true_site_pair_count": 1170,
      "precision": null,
      "recall": 0.0
    },
    {
      "name": "ref1/v2/1pfc_ref1",
      "true_positive_site_pair_count": 0,
      "false_positive_site_pair_count": 0,
      "true_site_pair_count": 768,
      "precision": null,
      "recall": 0.0
    },
    {
      "name": "ref1/v2/1pii_ref1",
      "true_positive_site_pair_count": 3528,
      "false_positive_site_pair_count": 22,
      "true_site_pair_count": 48042,
      "precision": 0.9938028169014085,
      "recall": 0.07343574372424129
    },
    {
      "name": "ref1/v2/1daaA_ref1",
      "true_positive_site_pair_count": 264,
      "false_positive_site_pair_count": 0,
      "true_site_pair_count": 8652,
      "precision": 1.0,
      "recall": 0.030513176144244106
    },
    {
      "name": "ref1/v2/1bucA_ref1",
      "true_positive_site_pair_count": 1142,
      "false_positive_site_pair_count": 0,
      "true_site_pair_count": 42276,
      "precision": 1.0,
      "recall": 0.02701296243731668
    },
    {
      "name": "ref1/v2/1taq_ref1",
      "true_positive_site_pair_count": 10650,
      "false_positive_site_pair_count": 182,
      "true_site_pair_count": 60390,
      "precision": 0.9831979320531757,
      "recall": 0.17635370094386488
    }
  ]
}