{
  "path": "./data/bb3_release/RV12",
  "results": [
    {
      "name": "ref1/v2/1bgl_ref1",
      "true_positive_site_pair_count": 5534,
      "false_positive_site_pair_count": 0,
      "true_site_pair_count": 44408,
      "precision": 1.0,
      "recall": 0.12461718609259592
    },
    {
      "name": "ref1/v2/5ptp_ref1",
      "true_positive_site_pair_count": 5566,
      "false_positive_site_pair_count": 686,
      "true_site_pair_count": 78540,
      "precision": 0.8902751119641714,
      "recall": 0.07086834733893557
    },
    {
      "name": "ref1/v2/2fxb_ref1",
      "true_positive_site_pair_count": 100,
      "false_positive_site_pair_count": 68,
      "true_site_pair_count": 3850,
      "precision": 0.5952380952380952,
      "recall": 0.025974025974025976
    },
    {
      "name": "ref1/v2/1tis_ref1",
      "true_positive_site_pair_count": 32,
      "false_positive_site_pair_count": 0,
      "true_site_pair_count": 2604,
      "precision": 1.0,
      "recall": 0.01228878648233487
    },
    {
      "name": "ref1/v2/1gowA_ref1",
      "true_positive_site_pair_count": 806,
      "false_positive_site_pair_count": 6,
      "true_site_pair_count": 11256,
      "precision": 0.9926108374384236,
      "recall": 0.07160625444207534
    },
    {
      "name": "ref1/v2/1aho_ref1",
      "true_positive_site_pair_count": 84,
      "false_positive_site_pair_count": 10,
      "true_site_pair_count": 2072,
      "precision": 0.8936170212765957,
      "recall": 0.04054054054054054
    },
    {
      "name": "ref1/v2/1rthA_ref1",
      "true_positive_site_pair_count": 590,
      "false_positive_site_pair_count": 42,
      "true_site_pair_count": 5310,
      "precision": 0.9335443037974683,
      "recall": 0.1111111111111111
    },
    {
      "name": "ref1/v2/1aym3_ref1",
      "true_positive_site_pair_count": 158,
      "false_positive_site_pair_count": 0,
      "true_site_pair_count": 1992,
      "precision": 1.0,
      "recall": 0.07931726907630522
    },
    {
      "name": "ref1/v2/1led_ref1",
      "true_positive_site_pair_count": 80,
      "false_positive_site_pair_count": 2,
      "true_site_pair_count": 2016,
      "precision": 0.975609756097561,
      "recall": 0.03968253968253968
    },
    {
      "name": "ref1/v2/glg_ref1",
      "true_positive_site_pair_count": 4638,
      "false_positive_site_pair_count": 42,
      "true_site_pair_count": 49720,
      "precision": 0.9910256410256411,
      "recall": 0.09328238133547868
    },
    {
      "name": "ref1/v2/1fjlA_ref1",
      "true_positive_site_pair_count": 186,
      "false_positive_site_pair_count": 12,
      "true_site_pair_count": 3096,
      "precision": 0.9393939393939394,
      "recall": 0.060077519379844964
    },
    {
      "name": "ref1/v2/1ad2_ref1",
      "true_positive_site_pair_count": 168,
      "false_positive_site_pair_count": 0,
      "true_site_pair_count": 4110,
      "precision": 1.0,
      "recall": 0.040875912408759124
    },
    {
      "name": "ref1/v2/2cba_ref1",
      "true_positive_site_pair_count": 720,
      "false_positive_site_pair_count": 30,
      "true_site_pair_count": 10710,
      "precision": 0.96,
      "recall": 0.06722689075630252
    },
    {
      "name": "ref1/v2/1ac5_ref1",
      "true_positive_site_pair_count": 2308,
      "false_positive_site_pair_count": 4,
      "true_site_pair_count": 26840,
      "precision": 0.9982698961937716,
      "recall": 0.08599105812220566
    },
    {
      "name": "ref1/v2/1fieA_ref1",
      "true_positive_site_pair_count": 4252,
      "false_positive_site_pair_count": 10,
      "true_site_pair_count": 27048,
      "precision": 0.997653683716565,
      "recall": 0.15720201123927832
    },
    {
      "name": "ref1/v2/1ezm_ref1",
      "true_positive_site_pair_count": 258,
      "false_positive_site_pair_count": 0,
      "true_site_pair_count": 1968,
      "precision": 1.0,
      "recall": 0.13109756097560976
    },
    {
      "name": "ref1/v2/1thm_ref1",
      "true_positive_site_pair_count": 410,
      "false_positive_site_pair_count": 0,
      "true_site_pair_count": 6762,
      "precision": 1.0,
      "recall": 0.0606329488317066
    },
    {
      "name": "ref1/v2/1ar5A_ref1",
      "true_positive_site_pair_count": 782,
      "false_positive_site_pair_count": 12,
      "true_site_pair_count": 9864,
      "precision": 0.9848866498740554,
      "recall": 0.07927818329278183
    },
    {
      "name": "ref1/v2/1gtr_ref1",
      "true_positive_site_pair_count": 1804,
      "false_positive_site_pair_count": 104,
      "true_site_pair_count": 8120,
      "precision": 0.9454926624737946,
      "recall": 0.22216748768472908
    },
    {
      "name": "ref1/v2/2ack_ref1",
      "true_positive_site_pair_count": 2726,
      "false_positive_site_pair_count": 10,
      "true_site_pair_count": 39000,
      "precision": 0.9963450292397661,
      "recall": 0.0698974358974359
    },
    {
      "name": "ref1/v2/1pysA_ref1",
      "true_positive_site_pair_count": 3436,
      "false_positive_site_pair_count": 72,
      "true_site_pair_count": 25740,
      "precision": 0.9794754846066135,
      "recall": 0.1334887334887335
    },
    {
      "name": "ref1/v2/1ton_ref1",
      "true_positive_site_pair_count": 5390,
      "false_positive_site_pair_count": 130,
      "true_site_pair_count": 60372,
      "precision": 0.9764492753623188,
      "recall": 0.08927979858212416
    },
    {
      "name": "ref1/v2/1hfh_ref1",
      "true_positive_site_pair_count": 0,
      "false_positive_site_pair_count": 0,
      "true_site_pair_count": 828,
      "precision": null,
      "recall": 0.0
    },
    {
      "name": "ref1/v2/2mhr_ref1",
      "true_positive_site_pair_count": 34,
      "false_positive_site_pair_count": 0,
      "true_site_pair_count": 1920,
      "precision": 1.0,
      "recall": 0.017708333333333333
    },
    {
      "name": "ref1/v2/1ppn_ref1",
      "true_positive_site_pair_count": 478,
      "false_positive_site_pair_count": 2,
      "true_site_pair_count": 6944,
      "precision": 0.9958333333333333,
      "recall": 0.06883640552995392
    },
    {
      "name": "ref1/v2/1lcf_ref1",
      "true_positive_site_pair_count": 1084,
      "false_positive_site_pair_count": 784,
      "true_site_pair_count": 9920,
      "precision": 0.5802997858672377,
      "recall": 0.10927419354838709
    },
    {
      "name": "ref1/v2/1csp_ref1",
      "true_positive_site_pair_count": 26,
      "false_positive_site_pair_count": 8,
      "true_site_pair_count": 1280,
      "precision": 0.7647058823529411,
      "recall": 0.0203125
    },
    {
      "name": "ref1/v2/1pkm_ref1",
      "true_positive_site_pair_count": 554,
      "false_positive_site_pair_count": 10,
      "true_site_pair_count": 19188,
      "precision": 0.9822695035460993,
      "recall": 0.028872211799041068
    },
    {
      "name": "ref1/v2/1krn_ref1",
      "true_positive_site_pair_count": 84,
      "false_positive_site_pair_count": 0,
      "true_site_pair_count": 1020,
      "precision": 1.0,
      "recall": 0.08235294117647059
    },
    {
      "name": "ref1/v2/1fkj_ref1",
      "true_positive_site_pair_count": 278,
      "false_positive_site_pair_count": 0,
      "true_site_pair_count": 7920,
      "precision": 1.0,
      "recall": 0.0351010101010101
    },
    {
      "name": "ref1/v2/1gpb_ref1",
      "true_positive_site_pair_count": 2394,
      "false_positive_site_pair_count": 0,
      "true_site_pair_count": 8040,
      "precision": 1.0,
      "recall": 0.29776119402985074
    },
    {
      "name": "ref1/v2/1fmb_ref1",
      "true_positive_site_pair_count": 62,
      "false_positive_site_pair_count": 14,
      "true_site_pair_count": 1460,
      "precision": 0.8157894736842105,
      "recall": 0.04246575342465753
    },
    {
      "name": "ref1/v2/1dlc_ref1",
      "true_positive_site_pair_count": 3978,
      "false_positive_site_pair_count": 170,
      "true_site_pair_count": 46464,
      "precision": 0.9590163934426229,
      "recall": 0.0856146694214876
    },
    {
      "name": "ref1/v2/1zin_ref1",
      "true_positive_site_pair_count": 752,
      "false_positive_site_pair_count": 2,
      "true_site_pair_count": 6804,
      "precision": 0.9973474801061007,
      "recall": 0.11052322163433274
    },
    {
      "name": "ref1/v2/3pmg_ref1",
      "true_positive_site_pair_count": 66,
      "false_positive_site_pair_count": 0,
      "true_site_pair_count": 3480,
      "precision": 1.0,
      "recall": 0.01896551724137931
    },
    {
      "name": "ref1/v2/1tgxA_ref1",
      "true_positive_site_pair_count": 0,
      "false_positive_site_pair_count": 0,
      "true_site_pair_count": 1944,
      "precision": null,
      "recall": 0.0
    },
    {
      "name": "ref1/v2/3cyr_ref1",
      "true_positive_site_pair_count": 42,
      "false_positive_site_pair_count": 0,
      "true_site_pair_count": 1932,
      "precision": 1.0,
      "recall": 0.021739130434782608
    },
    {
      "name": "ref1/v2/1amk_ref1",
      "true_positive_site_pair_count": 2254,
      "false_positive_site_pair_count": 2,
      "true_site_pair_count": 31920,
      "precision": 0.999113475177305,
      "recall": 0.0706140350877193
    },
    {
      "name": "ref1/v2/1hpi_ref1",
      "true_positive_site_pair_count": 28,
      "false_positive_site_pair_count": 0,
      "true_site_pair_count": 1170,
      "precision": 1.0,
      "recall": 0.023931623931623933
    },
    {
      "name": "ref1/v2/1pfc_ref1",
      "true_positive_site_pair_count": 0,
      "false_positive_site_pair_count": 0,
      "true_site_pair_count": 768,
      "precision": null,
      "recall": 0.0
    },
    {
      "name": "ref1/v2/1pii_ref1",
      "true_positive_site_pair_count": 3762,
      "false_positive_site_pair_count": 4,
      "true_site_pair_count": 48042,
      "precision": 0.9989378651088688,
      "recall": 0.07830648182840015
    },
    {
      "name": "ref1/v2/1daaA_ref1",
      "true_positive_site_pair_count": 350,
      "false_positive_site_pair_count": 0,
      "true_site_pair_count": 8652,
      "precision": 1.0,
      "recall": 0.040453074433656956
    },
    {
      "name": "ref1/v2/1bucA_ref1",
      "true_positive_site_pair_count": 1294,
      "false_positive_site_pair_count": 4,
      "true_site_pair_count": 42276,
      "precision": 0.9969183359013868,
      "recall": 0.030608383006906992
    },
    {
      "name": "ref1/v2/1taq_ref1",
      "true_positive_site_pair_count": 8950,
      "false_positive_site_pair_count": 62,
      "true_site_pair_count": 60390,
      "precision": 0.9931202840656902,
      "recall": 0.1482033449246564
    }
  ]
}