{
  "path": "./data/bb3_release/RV12",
  "results": [
    {
      "name": "ref1/v2/1bgl_ref1",
      "true_positive_site_pair_count": 5536,
      "false_positive_site_pair_count": 4,
      "true_site_pair_count": 44408,
      "precision": 0.9992779783393502,
      "recall": 0.12466222302287876
    },
    {
      "name": "ref1/v2/5ptp_ref1",
      "true_positive_site_pair_count": 5348,
      "false_positive_site_pair_count": 402,
      "true_site_pair_count": 78540,
      "precision": 0.9300869565217391,
      "recall": 0.0680926916221034
    },
    {
      "name": "ref1/v2/2fxb_ref1",
      "true_positive_site_pair_count": 56,
      "false_positive_site_pair_count": 30,
      "true_site_pair_count": 3850,
      "precision": 0.6511627906976745,
      "recall": 0.014545454545454545
    },
    {
      "name": "ref1/v2/1tis_ref1",
      "true_positive_site_pair_count": 30,
      "false_positive_site_pair_count": 0,
      "true_site_pair_count": 2604,
      "precision": 1.0,
      "recall": 0.01152073732718894
    },
    {
      "name": "ref1/v2/1gowA_ref1",
      "true_positive_site_pair_count": 804,
      "false_positive_site_pair_count": 2,
      "true_site_pair_count": 11256,
      "precision": 0.9975186104218362,
      "recall": 0.07142857142857142
    },
    {
      "name": "ref1/v2/1aho_ref1",
      "true_positive_site_pair_count": 30,
      "false_positive_site_pair_count": 0,
      "true_site_pair_count": 2072,
      "precision": 1.0,
      "recall": 0.01447876447876448
    },
    {
      "name": "ref1/v2/1rthA_ref1",
      "true_positive_site_pair_count": 508,
      "false_positive_site_pair_count": 40,
      "true_site_pair_count": 5310,
      "precision": 0.927007299270073,
      "recall": 0.09566854990583804
    },
    {
      "name": "ref1/v2/1aym3_ref1",
      "true_positive_site_pair_count": 120,
      "false_positive_site_pair_count": 0,
      "true_site_pair_count": 1992,
      "precision": 1.0,
      "recall": 0.060240963855421686
    },
    {
      "name": "ref1/v2/1led_ref1",
      "true_positive_site_pair_count": 76,
      "false_positive_site_pair_count": 4,
      "true_site_pair_count": 2016,
      "precision": 0.95,
      "recall": 0.037698412698412696
    },
    {
      "name": "ref1/v2/glg_ref1",
      "true_positive_site_pair_count": 4584,
      "false_positive_site_pair_count": 68,
      "true_site_pair_count": 49720,
      "precision": 0.9853826311263972,
      "recall": 0.09219629927594529
    },
    {
      "name": "ref1/v2/1fjlA_ref1",
      "true_positive_site_pair_count": 252,
      "false_positive_site_pair_count": 0,
      "true_site_pair_count": 3096,
      "precision": 1.0,
      "recall": 0.08139534883720931
    },
    {
      "name": "ref1/v2/1ad2_ref1",
      "true_positive_site_pair_count": 186,
      "false_positive_site_pair_count": 0,
      "true_site_pair_count": 4110,
      "precision": 1.0,
      "recall": 0.04525547445255475
    },
    {
      "name": "ref1/v2/2cba_ref1",
      "true_positive_site_pair_count": 650,
      "false_positive_site_pair_count": 12,
      "true_site_pair_count": 10710,
      "precision": 0.9818731117824774,
      "recall": 0.06069094304388422
    },
    {
      "name": "ref1/v2/1ac5_ref1",
      "true_positive_site_pair_count": 2452,
      "false_positive_site_pair_count": 6,
      "true_site_pair_count": 26840,
      "precision": 0.9975589910496339,
      "recall": 0.09135618479880775
    },
    {
      "name": "ref1/v2/1fieA_ref1",
      "true_positive_site_pair_count": 3624,
      "false_positive_site_pair_count": 2,
      "true_site_pair_count": 27048,
      "precision": 0.9994484280198566,
      "recall": 0.13398402839396628
    },
    {
      "name": "ref1/v2/1ezm_ref1",
      "true_positive_site_pair_count": 92,
      "false_positive_site_pair_count": 0,
      "true_site_pair_count": 1968,
      "precision": 1.0,
      "recall": 0.046747967479674794
    },
    {
      "name": "ref1/v2/1thm_ref1",
      "true_positive_site_pair_count": 570,
      "false_positive_site_pair_count": 34,
      "true_site_pair_count": 6762,
      "precision": 0.9437086092715232,
      "recall": 0.08429458740017746
    },
    {
      "name": "ref1/v2/1ar5A_ref1",
      "true_positive_site_pair_count": 834,
      "false_positive_site_pair_count": 6,
      "true_site_pair_count": 9864,
      "precision": 0.9928571428571429,
      "recall": 0.08454987834549878
    },
    {
      "name": "ref1/v2/1gtr_ref1",
      "true_positive_site_pair_count": 2040,
      "false_positive_site_pair_count": 68,
      "true_site_pair_count": 8120,
      "precision": 0.967741935483871,
      "recall": 0.2512315270935961
    },
    {
      "name": "ref1/v2/2ack_ref1",
      "true_positive_site_pair_count": 3010,
      "false_positive_site_pair_count": 46,
      "true_site_pair_count": 39000,
      "precision": 0.9849476439790575,
      "recall": 0.07717948717948718
    },
    {
      "name": "ref1/v2/1pysA_ref1",
      "true_positive_site_pair_count": 3638,
      "false_positive_site_pair_count": 16,
      "true_site_pair_count": 25740,
      "precision": 0.9956212370005474,
      "recall": 0.14133644133644133
    },
    {
      "name": "ref1/v2/1ton_ref1",
      "true_positive_site_pair_count": 5728,
      "false_positive_site_pair_count": 160,
      "true_site_pair_count": 60372,
      "precision": 0.9728260869565217,
      "recall": 0.09487842045981582
    },
    {
      "name": "ref1/v2/1hfh_ref1",
      "true_positive_site_pair_count": 28,
      "false_positive_site_pair_count": 0,
      "true_site_pair_count": 828,
      "precision": 1.0,
      "recall": 0.033816425120772944
    },
    {
      "name": "ref1/v2/2mhr_ref1",
      "true_positive_site_pair_count": 30,
      "false_positive_site_pair_count": 0,
      "true_site_pair_count": 1920,
      "precision": 1.0,
      "recall": 0.015625
    },
    {
      "name": "ref1/v2/1ppn_ref1",
      "true_positive_site_pair_count": 560,
      "false_positive_site_pair_count": 0,
      "true_site_pair_count": 6944,
      "precision": 1.0,
      "recall": 0.08064516129032258
    },
    {
      "name": "ref1/v2/1lcf_ref1",
      "true_positive_site_pair_count": 1176,
      "false_positive_site_pair_count": 642,
      "true_site_pair_count": 9920,
      "precision": 0.6468646864686468,
      "recall": 0.11854838709677419
    },
    {
      "name": "ref1/v2/1csp_ref1",
      "true_positive_site_pair_count": 116,
      "false_positive_site_pair_count": 0,
      "true_site_pair_count": 1280,
      "precision": 1.0,
      "recall": 0.090625
    },
    {
      "name": "ref1/v2/1pkm_ref1",
      "true_positive_site_pair_count": 398,
      "false_positive_site_pair_count": 38,
      "true_site_pair_count": 19188,
      "precision": 0.9128440366972477,
      "recall": 0.02074213049822806
    },
    {
      "name": "ref1/v2/1krn_ref1",
      "true_positive_site_pair_count": 120,
      "false_positive_site_pair_count": 0,
      "true_site_pair_count": 1020,
      "precision": 1.0,
      "recall": 0.11764705882352941
    },
    {
      "name": "ref1/v2/1fkj_ref1",
      "true_positive_site_pair_count": 412,
      "false_positive_site_pair_count": 60,
      "true_site_pair_count": 7920,
      "precision": 0.8728813559322034,
      "recall": 0.05202020202020202
    },
    {
      "name": "ref1/v2/1gpb_ref1",
      "true_positive_site_pair_count": 2420,
      "false_positive_site_pair_count": 0,
      "true_site_pair_count": 8040,
      "precision": 1.0,
      "recall": 0.3009950248756219
    },
    {
      "name": "ref1/v2/1fmb_ref1",
      "true_positive_site_pair_count": 30,
      "false_positive_site_pair_count": 8,
      "true_site_pair_count": 1460,
      "precision": 0.7894736842105263,
      "recall": 0.02054794520547945
    },
    {
      "name": "ref1/v2/1dlc_ref1",
      "true_positive_site_pair_count": 3970,
      "false_positive_site_pair_count": 50,
      "true_site_pair_count": 46464,
      "precision": 0.9875621890547264,
      "recall": 0.08544249311294766
    },
    {
      "name": "ref1/v2/1zin_ref1",
      "true_positive_site_pair_count": 588,
      "false_positive_site_pair_count": 4,
      "true_site_pair_count": 6804,
      "precision": 0.9932432432432432,
      "recall": 0.08641975308641975
    },
    {
      "name": "ref1/v2/3pmg_ref1",
      "true_positive_site_pair_count": 30,
      "false_positive_site_pair_count": 0,
      "true_site_pair_count": 3480,
      "precision": 1.0,
      "recall": 0.008620689655172414
    },
    {
      "name": "ref1/v2/1tgxA_ref1",
      "true_positive_site_pair_count": 0,
      "false_positive_site_pair_count": 0,
      "true_site_pair_count": 1944,
      "precision": null,
      "recall": 0.0
    },
    {
      "name": "ref1/v2/3cyr_ref1",
      "true_positive_site_pair_count": 36,
      "false_positive_site_pair_count": 2,
      "true_site_pair_count": 1932,
      "precision": 0.9473684210526315,
      "recall": 0.018633540372670808
    },
    {
      "name": "ref1/v2/1amk_ref1",
      "true_positive_site_pair_count": 2274,
      "false_positive_site_pair_count": 34,
      "true_site_pair_count": 31920,
      "precision": 0.9852686308492201,
      "recall": 0.0712406015037594
    },
    {
      "name": "ref1/v2/1hpi_ref1",
      "true_positive_site_pair_count": 24,
      "false_positive_site_pair_count": 0,
      "true_site_pair_count": 1170,
      "precision": 1.0,
      "recall": 0.020512820512820513
    },
    {
      "name": "ref1/v2/1pfc_ref1",
      "true_positive_site_pair_count": 0,
      "false_positive_site_pair_count": 0,
      "true_site_pair_count": 768,
      "precision": null,
      "recall": 0.0
    },
    {
      "name": "ref1/v2/1pii_ref1",
      "true_positive_site_pair_count": 2708,
      "false_positive_site_pair_count": 16,
      "true_site_pair_count": 48042,
      "precision": 0.9941262848751835,
      "recall": 0.056367345239582034
    },
    {
      "name": "ref1/v2/1daaA_ref1",
      "true_positive_site_pair_count": 280,
      "false_positive_site_pair_count": 0,
      "true_site_pair_count": 8652,
      "precision": 1.0,
      "recall": 0.032362459546925564
    },
    {
      "name": "ref1/v2/1bucA_ref1",
      "true_positive_site_pair_count": 1044,
      "false_positive_site_pair_count": 30,
      "true_site_pair_count": 42276,
      "precision": 0.9720670391061452,
      "recall": 0.024694862333238716
    },
    {
      "name": "ref1/v2/1taq_ref1",
      "true_positive_site_pair_count": 9380,
      "false_positive_site_pair_count": 116,
      "true_site_pair_count": 60390,
      "precision": 0.9877843302443134,
      "recall": 0.1553237290942209
    }
  ]
}