{
  "path": "./data/bb3_release/RV12",
  "results": [
    {
      "name": "ref1/v2/1bgl_ref1",
      "true_positive_site_pair_count": 5120,
      "false_positive_site_pair_count": 2,
      "true_site_pair_count": 44408,
      "precision": 0.9996095275283092,
      "recall": 0.11529454152404972
    },
    {
      "name": "ref1/v2/5ptp_ref1",
      "true_positive_site_pair_count": 4834,
      "false_positive_site_pair_count": 352,
      "true_site_pair_count": 78540,
      "precision": 0.9321249517932896,
      "recall": 0.061548255665902725
    },
    {
      "name": "ref1/v2/2fxb_ref1",
      "true_positive_site_pair_count": 74,
      "false_positive_site_pair_count": 84,
      "true_site_pair_count": 3850,
      "precision": 0.46835443037974683,
      "recall": 0.01922077922077922
    },
    {
      "name": "ref1/v2/1tis_ref1",
      "true_positive_site_pair_count": 74,
      "false_positive_site_pair_count": 0,
      "true_site_pair_count": 2604,
      "precision": 1.0,
      "recall": 0.028417818740399385
    },
    {
      "name": "ref1/v2/1gowA_ref1",
      "true_positive_site_pair_count": 1026,
      "false_positive_site_pair_count": 0,
      "true_site_pair_count": 11256,
      "precision": 1.0,
      "recall": 0.09115138592750532
    },
    {
      "name": "ref1/v2/1aho_ref1",
      "true_positive_site_pair_count": 28,
      "false_positive_site_pair_count": 0,
      "true_site_pair_count": 2072,
      "precision": 1.0,
      "recall": 0.013513513513513514
    },
    {
      "name": "ref1/v2/1rthA_ref1",
      "true_positive_site_pair_count": 382,
      "false_positive_site_pair_count": 44,
      "true_site_pair_count": 5310,
      "precision": 0.8967136150234741,
      "recall": 0.07193973634651601
    },
    {
      "name": "ref1/v2/1aym3_ref1",
      "true_positive_site_pair_count": 114,
      "false_positive_site_pair_count": 0,
      "true_site_pair_count": 1992,
      "precision": 1.0,
      "recall": 0.0572289156626506
    },
    {
      "name": "ref1/v2/1led_ref1",
      "true_positive_site_pair_count": 26,
      "false_positive_site_pair_count": 0,
      "true_site_pair_count": 2016,
      "precision": 1.0,
      "recall": 0.012896825396825396
    },
    {
      "name": "ref1/v2/glg_ref1",
      "true_positive_site_pair_count": 4452,
      "false_positive_site_pair_count": 2,
      "true_site_pair_count": 49720,
      "precision": 0.9995509654243376,
      "recall": 0.08954143201930813
    },
    {
      "name": "ref1/v2/1fjlA_ref1",
      "true_positive_site_pair_count": 212,
      "false_positive_site_pair_count": 0,
      "true_site_pair_count": 3096,
      "precision": 1.0,
      "recall": 0.06847545219638243
    },
    {
      "name": "ref1/v2/1ad2_ref1",
      "true_positive_site_pair_count": 112,
      "false_positive_site_pair_count": 0,
      "true_site_pair_count": 4110,
      "precision": 1.0,
      "recall": 0.027250608272506083
    },
    {
      "name": "ref1/v2/2cba_ref1",
      "true_positive_site_pair_count": 594,
      "false_positive_site_pair_count": 20,
      "true_site_pair_count": 10710,
      "precision": 0.9674267100977199,
      "recall": 0.05546218487394958
    },
    {
      "name": "ref1/v2/1ac5_ref1",
      "true_positive_site_pair_count": 2388,
      "false_positive_site_pair_count": 6,
      "true_site_pair_count": 26840,
      "precision": 0.9974937343358395,
      "recall": 0.08897168405365127
    },
    {
      "name": "ref1/v2/1fieA_ref1",
      "true_positive_site_pair_count": 3512,
      "false_positive_site_pair_count": 2,
      "true_site_pair_count": 27048,
      "precision": 0.9994308480364257,
      "recall": 0.12984324164448388
    },
    {
      "name": "ref1/v2/1ezm_ref1",
      "true_positive_site_pair_count": 198,
      "false_positive_site_pair_count": 0,
      "true_site_pair_count": 1968,
      "precision": 1.0,
      "recall": 0.10060975609756098
    },
    {
      "name": "ref1/v2/1thm_ref1",
      "true_positive_site_pair_count": 572,
      "false_positive_site_pair_count": 0,
      "true_site_pair_count": 6762,
      "precision": 1.0,
      "recall": 0.08459035788228335
    },
    {
      "name": "ref1/v2/1ar5A_ref1",
      "true_positive_site_pair_count": 942,
      "false_positive_site_pair_count": 10,
      "true_site_pair_count": 9864,
      "precision": 0.9894957983193278,
      "recall": 0.09549878345498783
    },
    {
      "name": "ref1/v2/1gtr_ref1",
      "true_positive_site_pair_count": 1634,
      "false_positive_site_pair_count": 196,
      "true_site_pair_count": 8120,
      "precision": 0.892896174863388,
      "recall": 0.20123152709359607
    },
    {
      "name": "ref1/v2/2ack_ref1",
      "true_positive_site_pair_count": 2960,
      "false_positive_site_pair_count": 14,
      "true_site_pair_count": 39000,
      "precision": 0.9952925353059852,
      "recall": 0.0758974358974359
    },
    {
      "name": "ref1/v2/1pysA_ref1",
      "true_positive_site_pair_count": 2912,
      "false_positive_site_pair_count": 58,
      "true_site_pair_count": 25740,
      "precision": 0.9804713804713805,
      "recall": 0.11313131313131314
    },
    {
      "name": "ref1/v2/1ton_ref1",
      "true_positive_site_pair_count": 3940,
      "false_positive_site_pair_count": 110,
      "true_site_pair_count": 60372,
      "precision": 0.9728395061728395,
      "recall": 0.06526204200622805
    },
    {
      "name": "ref1/v2/1hfh_ref1",
      "true_positive_site_pair_count": 0,
      "false_positive_site_pair_count": 0,
      "true_site_pair_count": 828,
      "precision": null,
      "recall": 0.0
    },
    {
      "name": "ref1/v2/2mhr_ref1",
      "true_positive_site_pair_count": 30,
      "false_positive_site_pair_count": 0,
      "true_site_pair_count": 1920,
      "precision": 1.0,
      "recall": 0.015625
    },
    {
      "name": "ref1/v2/1ppn_ref1",
      "true_positive_site_pair_count": 442,
      "false_positive_site_pair_count": 8,
      "true_site_pair_count": 6944,
      "precision": 0.9822222222222222,
      "recall": 0.06365207373271889
    },
    {
      "name": "ref1/v2/1lcf_ref1",
      "true_positive_site_pair_count": 1124,
      "false_positive_site_pair_count": 678,
      "true_site_pair_count": 9920,
      "precision": 0.6237513873473918,
      "recall": 0.11330645161290323
    },
    {
      "name": "ref1/v2/1csp_ref1",
      "true_positive_site_pair_count": 28,
      "false_positive_site_pair_count": 0,
      "true_site_pair_count": 1280,
      "precision": 1.0,
      "recall": 0.021875
    },
    {
      "name": "ref1/v2/1pkm_ref1",
      "true_positive_site_pair_count": 476,
      "false_positive_site_pair_count": 8,
      "true_site_pair_count": 19188,
      "precision": 0.9834710743801653,
      "recall": 0.024807171148634562
    },
    {
      "name": "ref1/v2/1krn_ref1",
      "true_positive_site_pair_count": 162,
      "false_positive_site_pair_count": 0,
      "true_site_pair_count": 1020,
      "precision": 1.0,
      "recall": 0.1588235294117647
    },
    {
      "name": "ref1/v2/1fkj_ref1",
      "true_positive_site_pair_count": 288,
      "false_positive_site_pair_count": 0,
      "true_site_pair_count": 7920,
      "precision": 1.0,
      "recall": 0.03636363636363636
    },
    {
      "name": "ref1/v2/1gpb_ref1",
      "true_positive_site_pair_count": 2226,
      "false_positive_site_pair_count": 0,
      "true_site_pair_count": 8040,
      "precision": 1.0,
      "recall": 0.27686567164179104
    },
    {
      "name": "ref1/v2/1fmb_ref1",
      "true_positive_site_pair_count": 28,
      "false_positive_site_pair_count": 8,
      "true_site_pair_count": 1460,
      "precision": 0.7777777777777778,
      "recall": 0.019178082191780823
    },
    {
      "name": "ref1/v2/1dlc_ref1",
      "true_positive_site_pair_count": 3844,
      "false_positive_site_pair_count": 48,
      "true_site_pair_count": 46464,
      "precision": 0.987667009249743,
      "recall": 0.08273071625344353
    },
    {
      "name": "ref1/v2/1zin_ref1",
      "true_positive_site_pair_count": 734,
      "false_positive_site_pair_count": 0,
      "true_site_pair_count": 6804,
      "precision": 1.0,
      "recall": 0.1078777189888301
    },
    {
      "name": "ref1/v2/3pmg_ref1",
      "true_positive_site_pair_count": 28,
      "false_positive_site_pair_count": 0,
      "true_site_pair_count": 3480,
      "precision": 1.0,
      "recall": 0.008045977011494253
    },
    {
      "name": "ref1/v2/1tgxA_ref1",
      "true_positive_site_pair_count": 8,
      "false_positive_site_pair_count": 0,
      "true_site_pair_count": 1944,
      "precision": 1.0,
      "recall": 0.00411522633744856
    },
    {
      "name": "ref1/v2/3cyr_ref1",
      "true_positive_site_pair_count": 82,
      "false_positive_site_pair_count": 2,
      "true_site_pair_count": 1932,
      "precision": 0.9761904761904762,
      "recall": 0.042443064182194616
    },
    {
      "name": "ref1/v2/1amk_ref1",
      "true_positive_site_pair_count": 2516,
      "false_positive_site_pair_count": 6,
      "true_site_pair_count": 31920,
      "precision": 0.9976209357652657,
      "recall": 0.07882205513784461
    },
    {
      "name": "ref1/v2/1hpi_ref1",
      "true_positive_site_pair_count": 22,
      "false_positive_site_pair_count": 0,
      "true_site_pair_count": 1170,
      "precision": 1.0,
      "recall": 0.018803418803418803
    },
    {
      "name": "ref1/v2/1pfc_ref1",
      "true_positive_site_pair_count": 0,
      "false_positive_site_pair_count": 0,
      "true_site_pair_count": 768,
      "precision": null,
      "recall": 0.0
    },
    {
      "name": "ref1/v2/1pii_ref1",
      "true_positive_site_pair_count": 2886,
      "false_positive_site_pair_count": 34,
      "true_site_pair_count": 48042,
      "precision": 0.9883561643835617,
      "recall": 0.06007243661795929
    },
    {
      "name": "ref1/v2/1daaA_ref1",
      "true_positive_site_pair_count": 398,
      "false_positive_site_pair_count": 6,
      "true_site_pair_count": 8652,
      "precision": 0.9851485148514851,
      "recall": 0.04600092464170134
    },
    {
      "name": "ref1/v2/1bucA_ref1",
      "true_positive_site_pair_count": 880,
      "false_positive_site_pair_count": 0,
      "true_site_pair_count": 42276,
      "precision": 1.0,
      "recall": 0.020815592771312327
    },
    {
      "name": "ref1/v2/1taq_ref1",
      "true_positive_site_pair_count": 9230,
      "false_positive_site_pair_count": 206,
      "true_site_pair_count": 60390,
      "precision": 0.9781687155574396,
      "recall": 0.15283987415134956
    }
  ]
}