{
  "path": "./data/bb3_release/RV12",
  "results": [
    {
      "name": "ref1/v2/1bgl_ref1",
      "true_positive_site_pair_count": 4888,
      "false_positive_site_pair_count": 48,
      "true_site_pair_count": 44408,
      "precision": 0.9902755267423015,
      "recall": 0.11007025761124122
    },
    {
      "name": "ref1/v2/5ptp_ref1",
      "true_positive_site_pair_count": 3318,
      "false_positive_site_pair_count": 610,
      "true_site_pair_count": 78540,
      "precision": 0.844704684317719,
      "recall": 0.04224598930481283
    },
    {
      "name": "ref1/v2/2fxb_ref1",
      "true_positive_site_pair_count": 80,
      "false_positive_site_pair_count": 0,
      "true_site_pair_count": 3850,
      "precision": 1.0,
      "recall": 0.02077922077922078
    },
    {
      "name": "ref1/v2/1tis_ref1",
      "true_positive_site_pair_count": 24,
      "false_positive_site_pair_count": 0,
      "true_site_pair_count": 2604,
      "precision": 1.0,
      "recall": 0.009216589861751152
    },
    {
      "name": "ref1/v2/1gowA_ref1",
      "true_positive_site_pair_count": 988,
      "false_positive_site_pair_count": 8,
      "true_site_pair_count": 11256,
      "precision": 0.9919678714859438,
      "recall": 0.08777540867093106
    },
    {
      "name": "ref1/v2/1aho_ref1",
      "true_positive_site_pair_count": 30,
      "false_positive_site_pair_count": 0,
      "true_site_pair_count": 2072,
      "precision": 1.0,
      "recall": 0.01447876447876448
    },
    {
      "name": "ref1/v2/1rthA_ref1",
      "true_positive_site_pair_count": 726,
      "false_positive_site_pair_count": 8,
      "true_site_pair_count": 5310,
      "precision": 0.989100817438692,
      "recall": 0.1367231638418079
    },
    {
      "name": "ref1/v2/1aym3_ref1",
      "true_positive_site_pair_count": 210,
      "false_positive_site_pair_count": 0,
      "true_site_pair_count": 1992,
      "precision": 1.0,
      "recall": 0.10542168674698796
    },
    {
      "name": "ref1/v2/1led_ref1",
      "true_positive_site_pair_count": 34,
      "false_positive_site_pair_count": 0,
      "true_site_pair_count": 2016,
      "precision": 1.0,
      "recall": 0.016865079365079364
    },
    {
      "name": "ref1/v2/glg_ref1",
      "true_positive_site_pair_count": 4894,
      "false_positive_site_pair_count": 72,
      "true_site_pair_count": 49720,
      "precision": 0.9855014095851792,
      "recall": 0.09843121480289622
    },
    {
      "name": "ref1/v2/1fjlA_ref1",
      "true_positive_site_pair_count": 114,
      "false_positive_site_pair_count": 0,
      "true_site_pair_count": 3096,
      "precision": 1.0,
      "recall": 0.03682170542635659
    },
    {
      "name": "ref1/v2/1ad2_ref1",
      "true_positive_site_pair_count": 112,
      "false_positive_site_pair_count": 0,
      "true_site_pair_count": 4110,
      "precision": 1.0,
      "recall": 0.027250608272506083
    },
    {
      "name": "ref1/v2/2cba_ref1",
      "true_positive_site_pair_count": 800,
      "false_positive_site_pair_count": 20,
      "true_site_pair_count": 10710,
      "precision": 0.975609756097561,
      "recall": 0.07469654528478058
    },
    {
      "name": "ref1/v2/1ac5_ref1",
      "true_positive_site_pair_count": 2448,
      "false_positive_site_pair_count": 0,
      "true_site_pair_count": 26840,
      "precision": 1.0,
      "recall": 0.09120715350223547
    },
    {
      "name": "ref1/v2/1fieA_ref1",
      "true_positive_site_pair_count": 4734,
      "false_positive_site_pair_count": 10,
      "true_site_pair_count": 27048,
      "precision": 0.9978920741989882,
      "recall": 0.17502218278615794
    },
    {
      "name": "ref1/v2/1ezm_ref1",
      "true_positive_site_pair_count": 172,
      "false_positive_site_pair_count": 0,
      "true_site_pair_count": 1968,
      "precision": 1.0,
      "recall": 0.08739837398373984
    },
    {
      "name": "ref1/v2/1thm_ref1",
      "true_positive_site_pair_count": 356,
      "false_positive_site_pair_count": 0,
      "true_site_pair_count": 6762,
      "precision": 1.0,
      "recall": 0.052647145814847675
    },
    {
      "name": "ref1/v2/1ar5A_ref1",
      "true_positive_site_pair_count": 946,
      "false_positive_site_pair_count": 2,
      "true_site_pair_count": 9864,
      "precision": 0.9978902953586498,
      "recall": 0.09590429845904298
    },
    {
      "name": "ref1/v2/1gtr_ref1",
      "true_positive_site_pair_count": 2310,
      "false_positive_site_pair_count": 174,
      "true_site_pair_count": 8120,
      "precision": 0.9299516908212561,
      "recall": 0.28448275862068967
    },
    {
      "name": "ref1/v2/2ack_ref1",
      "true_positive_site_pair_count": 4196,
      "false_positive_site_pair_count": 48,
      "true_site_pair_count": 39000,
      "precision": 0.9886899151743638,
      "recall": 0.10758974358974359
    },
    {
      "name": "ref1/v2/1pysA_ref1",
      "true_positive_site_pair_count": 3894,
      "false_positive_site_pair_count": 10,
      "true_site_pair_count": 25740,
      "precision": 0.9974385245901639,
      "recall": 0.15128205128205127
    },
    {
      "name": "ref1/v2/1ton_ref1",
      "true_positive_site_pair_count": 2600,
      "false_positive_site_pair_count": 112,
      "true_site_pair_count": 60372,
      "precision": 0.9587020648967551,
      "recall": 0.04306632213608958
    },
    {
      "name": "ref1/v2/1hfh_ref1",
      "true_positive_site_pair_count": 0,
      "false_positive_site_pair_count": 0,
      "true_site_pair_count": 828,
      "precision": null,
      "recall": 0.0
    },
    {
      "name": "ref1/v2/2mhr_ref1",
      "true_positive_site_pair_count": 0,
      "false_positive_site_pair_count": 0,
      "true_site_pair_count": 1920,
      "precision": null,
      "recall": 0.0
    },
    {
      "name": "ref1/v2/1ppn_ref1",
      "true_positive_site_pair_count": 408,
      "false_positive_site_pair_count": 10,
      "true_site_pair_count": 6944,
      "precision": 0.9760765550239234,
      "recall": 0.0587557603686636
    },
    {
      "name": "ref1/v2/1lcf_ref1",
      "true_positive_site_pair_count": 1296,
      "false_positive_site_pair_count": 876,
      "true_site_pair_count": 9920,
      "precision": 0.5966850828729282,
      "recall": 0.13064516129032258
    },
    {
      "name": "ref1/v2/1csp_ref1",
      "true_positive_site_pair_count": 40,
      "false_positive_site_pair_count": 0,
      "true_site_pair_count": 1280,
      "precision": 1.0,
      "recall": 0.03125
    },
    {
      "name": "ref1/v2/1pkm_ref1",
      "true_positive_site_pair_count": 354,
      "false_positive_site_pair_count": 20,
      "true_site_pair_count": 19188,
      "precision": 0.946524064171123,
      "recall": 0.018449030644152594
    },
    {
      "name": "ref1/v2/1krn_ref1",
      "true_positive_site_pair_count": 58,
      "false_positive_site_pair_count": 0,
      "true_site_pair_count": 1020,
      "precision": 1.0,
      "recall": 0.056862745098039215
    },
    {
      "name": "ref1/v2/1fkj_ref1",
      "true_positive_site_pair_count": 360,
      "false_positive_site_pair_count": 0,
      "true_site_pair_count": 7920,
      "precision": 1.0,
      "recall": 0.045454545454545456
    },
    {
      "name": "ref1/v2/1gpb_ref1",
      "true_positive_site_pair_count": 2400,
      "false_positive_site_pair_count": 0,
      "true_site_pair_count": 8040,
      "precision": 1.0,
      "recall": 0.29850746268656714
    },
    {
      "name": "ref1/v2/1fmb_ref1",
      "true_positive_site_pair_count": 38,
      "false_positive_site_pair_count": 8,
      "true_site_pair_count": 1460,
      "precision": 0.8260869565217391,
      "recall": 0.026027397260273973
    },
    {
      "name": "ref1/v2/1dlc_ref1",
      "true_positive_site_pair_count": 3562,
      "false_positive_site_pair_count": 74,
      "true_site_pair_count": 46464,
      "precision": 0.9796479647964796,
      "recall": 0.07666150137741047
    },
    {
      "name": "ref1/v2/1zin_ref1",
      "true_positive_site_pair_count": 574,
      "false_positive_site_pair_count": 0,
      "true_site_pair_count": 6804,
      "precision": 1.0,
      "recall": 0.08436213991769548
    },
    {
      "name": "ref1/v2/3pmg_ref1",
      "true_positive_site_pair_count": 34,
      "false_positive_site_pair_count": 0,
      "true_site_pair_count": 3480,
      "precision": 1.0,
      "recall": 0.009770114942528735
    },
    {
      "name": "ref1/v2/1tgxA_ref1",
      "true_positive_site_pair_count": 16,
      "false_positive_site_pair_count": 0,
      "true_site_pair_count": 1944,
      "precision": 1.0,
      "recall": 0.00823045267489712
    },
    {
      "name": "ref1/v2/3cyr_ref1",
      "true_positive_site_pair_count": 38,
      "false_positive_site_pair_count": 0,
      "true_site_pair_count": 1932,
      "precision": 1.0,
      "recall": 0.019668737060041408
    },
    {
      "name": "ref1/v2/1amk_ref1",
      "true_positive_site_pair_count": 2648,
      "false_positive_site_pair_count": 0,
      "true_site_pair_count": 31920,
      "precision": 1.0,
      "recall": 0.08295739348370927
    },
    {
      "name": "ref1/v2/1hpi_ref1",
      "true_positive_site_pair_count": 0,
      "false_positive_site_pair_count": 0,
      "true_site_pair_count": 1170,
      "precision": null,
      "recall": 0.0
    },
    {
      "name": "ref1/v2/1pfc_ref1",
      "true_positive_site_pair_count": 0,
      "false_positive_site_pair_count": 0,
      "true_site_pair_count": 768,
      "precision": null,
      "recall": 0.0
    },
    {
      "name": "ref1/v2/1pii_ref1",
      "true_positive_site_pair_count": 3146,
      "false_positive_site_pair_count": 54,
      "true_site_pair_count": 48042,
      "precision": 0.983125,
      "recall": 0.06548436784480247
    },
    {
      "name": "ref1/v2/1daaA_ref1",
      "true_positive_site_pair_count": 408,
      "false_positive_site_pair_count": 2,
      "true_site_pair_count": 8652,
      "precision": 0.9951219512195122,
      "recall": 0.047156726768377254
    },
    {
      "name": "ref1/v2/1bucA_ref1",
      "true_positive_site_pair_count": 1238,
      "false_positive_site_pair_count": 40,
      "true_site_pair_count": 42276,
      "precision": 0.9687010954616588,
      "recall": 0.0292837543760053
    },
    {
      "name": "ref1/v2/1taq_ref1",
      "true_positive_site_pair_count": 10210,
      "false_positive_site_pair_count": 152,
      "true_site_pair_count": 60390,
      "precision": 0.985331017178151,
      "recall": 0.16906772644477563
    }
  ]
}