{
  "path": "./data/bb3_release/RV12",
  "results": [
    {
      "name": "ref1/v2/1bgl_ref1",
      "true_positive_site_pair_count": 5178,
      "false_positive_site_pair_count": 4,
      "true_site_pair_count": 44408,
      "precision": 0.9992280972597453,
      "recall": 0.11660061250225184
    },
    {
      "name": "ref1/v2/5ptp_ref1",
      "true_positive_site_pair_count": 4868,
      "false_positive_site_pair_count": 390,
      "true_site_pair_count": 78540,
      "precision": 0.9258273107645493,
      "recall": 0.061981156098803156
    },
    {
      "name": "ref1/v2/2fxb_ref1",
      "true_positive_site_pair_count": 220,
      "false_positive_site_pair_count": 52,
      "true_site_pair_count": 3850,
      "precision": 0.8088235294117647,
      "recall": 0.05714285714285714
    },
    {
      "name": "ref1/v2/1tis_ref1",
      "true_positive_site_pair_count": 46,
      "false_positive_site_pair_count": 0,
      "true_site_pair_count": 2604,
      "precision": 1.0,
      "recall": 0.017665130568356373
    },
    {
      "name": "ref1/v2/1gowA_ref1",
      "true_positive_site_pair_count": 846,
      "false_positive_site_pair_count": 0,
      "true_site_pair_count": 11256,
      "precision": 1.0,
      "recall": 0.07515991471215352
    },
    {
      "name": "ref1/v2/1aho_ref1",
      "true_positive_site_pair_count": 0,
      "false_positive_site_pair_count": 0,
      "true_site_pair_count": 2072,
      "precision": null,
      "recall": 0.0
    },
    {
      "name": "ref1/v2/1rthA_ref1",
      "true_positive_site_pair_count": 472,
      "false_positive_site_pair_count": 6,
      "true_site_pair_count": 5310,
      "precision": 0.9874476987447699,
      "recall": 0.08888888888888889
    },
    {
      "name": "ref1/v2/1aym3_ref1",
      "true_positive_site_pair_count": 82,
      "false_positive_site_pair_count": 0,
      "true_site_pair_count": 1992,
      "precision": 1.0,
      "recall": 0.04116465863453815
    },
    {
      "name": "ref1/v2/1led_ref1",
      "true_positive_site_pair_count": 130,
      "false_positive_site_pair_count": 0,
      "true_site_pair_count": 2016,
      "precision": 1.0,
      "recall": 0.06448412698412699
    },
    {
      "name": "ref1/v2/glg_ref1",
      "true_positive_site_pair_count": 4400,
      "false_positive_site_pair_count": 36,
      "true_site_pair_count": 49720,
      "precision": 0.9918845807033363,
      "recall": 0.08849557522123894
    },
    {
      "name": "ref1/v2/1fjlA_ref1",
      "true_positive_site_pair_count": 246,
      "false_positive_site_pair_count": 6,
      "true_site_pair_count": 3096,
      "precision": 0.9761904761904762,
      "recall": 0.07945736434108527
    },
    {
      "name": "ref1/v2/1ad2_ref1",
      "true_positive_site_pair_count": 124,
      "false_positive_site_pair_count": 0,
      "true_site_pair_count": 4110,
      "precision": 1.0,
      "recall": 0.03017031630170316
    },
    {
      "name": "ref1/v2/2cba_ref1",
      "true_positive_site_pair_count": 1008,
      "false_positive_site_pair_count": 14,
      "true_site_pair_count": 10710,
      "precision": 0.9863013698630136,
      "recall": 0.09411764705882353
    },
    {
      "name": "ref1/v2/1ac5_ref1",
      "true_positive_site_pair_count": 2514,
      "false_positive_site_pair_count": 4,
      "true_site_pair_count": 26840,
      "precision": 0.9984114376489277,
      "recall": 0.0936661698956781
    },
    {
      "name": "ref1/v2/1fieA_ref1",
      "true_positive_site_pair_count": 3790,
      "false_positive_site_pair_count": 2,
      "true_site_pair_count": 27048,
      "precision": 0.9994725738396625,
      "recall": 0.1401212658976634
    },
    {
      "name": "ref1/v2/1ezm_ref1",
      "true_positive_site_pair_count": 178,
      "false_positive_site_pair_count": 0,
      "true_site_pair_count": 1968,
      "precision": 1.0,
      "recall": 0.09044715447154472
    },
    {
      "name": "ref1/v2/1thm_ref1",
      "true_positive_site_pair_count": 382,
      "false_positive_site_pair_count": 0,
      "true_site_pair_count": 6762,
      "precision": 1.0,
      "recall": 0.05649216208222419
    },
    {
      "name": "ref1/v2/1ar5A_ref1",
      "true_positive_site_pair_count": 852,
      "false_positive_site_pair_count": 10,
      "true_site_pair_count": 9864,
      "precision": 0.988399071925754,
      "recall": 0.08637469586374696
    },
    {
      "name": "ref1/v2/1gtr_ref1",
      "true_positive_site_pair_count": 1736,
      "false_positive_site_pair_count": 56,
      "true_site_pair_count": 8120,
      "precision": 0.96875,
      "recall": 0.21379310344827587
    },
    {
      "name": "ref1/v2/2ack_ref1",
      "true_positive_site_pair_count": 3028,
      "false_positive_site_pair_count": 14,
      "true_site_pair_count": 39000,
      "precision": 0.9953977646285339,
      "recall": 0.07764102564102564
    },
    {
      "name": "ref1/v2/1pysA_ref1",
      "true_positive_site_pair_count": 3560,
      "false_positive_site_pair_count": 36,
      "true_site_pair_count": 25740,
      "precision": 0.9899888765294772,
      "recall": 0.1383061383061383
    },
    {
      "name": "ref1/v2/1ton_ref1",
      "true_positive_site_pair_count": 3896,
      "false_positive_site_pair_count": 164,
      "true_site_pair_count": 60372,
      "precision": 0.9596059113300492,
      "recall": 0.064533227323925
    },
    {
      "name": "ref1/v2/1hfh_ref1",
      "true_positive_site_pair_count": 0,
      "false_positive_site_pair_count": 0,
      "true_site_pair_count": 828,
      "precision": null,
      "recall": 0.0
    },
    {
      "name": "ref1/v2/2mhr_ref1",
      "true_positive_site_pair_count": 28,
      "false_positive_site_pair_count": 0,
      "true_site_pair_count": 1920,
      "precision": 1.0,
      "recall": 0.014583333333333334
    },
    {
      "name": "ref1/v2/1ppn_ref1",
      "true_positive_site_pair_count": 538,
      "false_positive_site_pair_count": 2,
      "true_site_pair_count": 6944,
      "precision": 0.9962962962962963,
      "recall": 0.07747695852534563
    },
    {
      "name": "ref1/v2/1lcf_ref1",
      "true_positive_site_pair_count": 1088,
      "false_positive_site_pair_count": 682,
      "true_site_pair_count": 9920,
      "precision": 0.6146892655367232,
      "recall": 0.10967741935483871
    },
    {
      "name": "ref1/v2/1csp_ref1",
      "true_positive_site_pair_count": 136,
      "false_positive_site_pair_count": 0,
      "true_site_pair_count": 1280,
      "precision": 1.0,
      "recall": 0.10625
    },
    {
      "name": "ref1/v2/1pkm_ref1",
      "true_positive_site_pair_count": 450,
      "false_positive_site_pair_count": 26,
      "true_site_pair_count": 19188,
      "precision": 0.9453781512605042,
      "recall": 0.02345215759849906
    },
    {
      "name": "ref1/v2/1krn_ref1",
      "true_positive_site_pair_count": 156,
      "false_positive_site_pair_count": 16,
      "true_site_pair_count": 1020,
      "precision": 0.9069767441860465,
      "recall": 0.15294117647058825
    },
    {
      "name": "ref1/v2/1fkj_ref1",
      "true_positive_site_pair_count": 192,
      "false_positive_site_pair_count": 0,
      "true_site_pair_count": 7920,
      "precision": 1.0,
      "recall": 0.024242424242424242
    },
    {
      "name": "ref1/v2/1gpb_ref1",
      "true_positive_site_pair_count": 2096,
      "false_positive_site_pair_count": 0,
      "true_site_pair_count": 8040,
      "precision": 1.0,
      "recall": 0.2606965174129353
    },
    {
      "name": "ref1/v2/1fmb_ref1",
      "true_positive_site_pair_count": 48,
      "false_positive_site_pair_count": 16,
      "true_site_pair_count": 1460,
      "precision": 0.75,
      "recall": 0.03287671232876712
    },
    {
      "name": "ref1/v2/1dlc_ref1",
      "true_positive_site_pair_count": 3572,
      "false_positive_site_pair_count": 14,
      "true_site_pair_count": 46464,
      "precision": 0.9960959286112661,
      "recall": 0.0768767217630854
    },
    {
      "name": "ref1/v2/1zin_ref1",
      "true_positive_site_pair_count": 602,
      "false_positive_site_pair_count": 34,
      "true_site_pair_count": 6804,
      "precision": 0.9465408805031447,
      "recall": 0.08847736625514403
    },
    {
      "name": "ref1/v2/3pmg_ref1",
      "true_positive_site_pair_count": 28,
      "false_positive_site_pair_count": 0,
      "true_site_pair_count": 3480,
      "precision": 1.0,
      "recall": 0.008045977011494253
    },
    {
      "name": "ref1/v2/1tgxA_ref1",
      "true_positive_site_pair_count": 6,
      "false_positive_site_pair_count": 0,
      "true_site_pair_count": 1944,
      "precision": 1.0,
      "recall": 0.0030864197530864196
    },
    {
      "name": "ref1/v2/3cyr_ref1",
      "true_positive_site_pair_count": 18,
      "false_positive_site_pair_count": 0,
      "true_site_pair_count": 1932,
      "precision": 1.0,
      "recall": 0.009316770186335404
    },
    {
      "name": "ref1/v2/1amk_ref1",
      "true_positive_site_pair_count": 2854,
      "false_positive_site_pair_count": 6,
      "true_site_pair_count": 31920,
      "precision": 0.9979020979020979,
      "recall": 0.0894110275689223
    },
    {
      "name": "ref1/v2/1hpi_ref1",
      "true_positive_site_pair_count": 38,
      "false_positive_site_pair_count": 0,
      "true_site_pair_count": 1170,
      "precision": 1.0,
      "recall": 0.03247863247863248
    },
    {
      "name": "ref1/v2/1pfc_ref1",
      "true_positive_site_pair_count": 0,
      "false_positive_site_pair_count": 0,
      "true_site_pair_count": 768,
      "precision": null,
      "recall": 0.0
    },
    {
      "name": "ref1/v2/1pii_ref1",
      "true_positive_site_pair_count": 3616,
      "false_positive_site_pair_count": 26,
      "true_site_pair_count": 48042,
      "precision": 0.9928610653487095,
      "recall": 0.07526747429332667
    },
    {
      "name": "ref1/v2/1daaA_ref1",
      "true_positive_site_pair_count": 268,
      "false_positive_site_pair_count": 0,
      "true_site_pair_count": 8652,
      "precision": 1.0,
      "recall": 0.030975496994914472
    },
    {
      "name": "ref1/v2/1bucA_ref1",
      "true_positive_site_pair_count": 840,
      "false_positive_site_pair_count": 26,
      "true_site_pair_count": 42276,
      "precision": 0.9699769053117783,
      "recall": 0.019869429463525403
    },
    {
      "name": "ref1/v2/1taq_ref1",
      "true_positive_site_pair_count": 8846,
      "false_positive_site_pair_count": 106,
      "true_site_pair_count": 60390,
      "precision": 0.9881590705987489,
      "recall": 0.14648120549759894
    }
  ]
}