{
  "path": "./data/bb3_release/RV12",
  "results": [
    {
      "name": "ref1/v2/1bgl_ref1",
      "true_positive_site_pair_count": 4374,
      "false_positive_site_pair_count": 6,
      "true_site_pair_count": 44408,
      "precision": 0.9986301369863013,
      "recall": 0.09849576652855341
    },
    {
      "name": "ref1/v2/5ptp_ref1",
      "true_positive_site_pair_count": 5890,
      "false_positive_site_pair_count": 358,
      "true_site_pair_count": 78540,
      "precision": 0.9427016645326505,
      "recall": 0.07499363381716323
    },
    {
      "name": "ref1/v2/2fxb_ref1",
      "true_positive_site_pair_count": 36,
      "false_positive_site_pair_count": 44,
      "true_site_pair_count": 3850,
      "precision": 0.45,
      "recall": 0.00935064935064935
    },
    {
      "name": "ref1/v2/1tis_ref1",
      "true_positive_site_pair_count": 42,
      "false_positive_site_pair_count": 0,
      "true_site_pair_count": 2604,
      "precision": 1.0,
      "recall": 0.016129032258064516
    },
    {
      "name": "ref1/v2/1gowA_ref1",
      "true_positive_site_pair_count": 740,
      "false_positive_site_pair_count": 0,
      "true_site_pair_count": 11256,
      "precision": 1.0,
      "recall": 0.06574271499644634
    },
    {
      "name": "ref1/v2/1aho_ref1",
      "true_positive_site_pair_count": 62,
      "false_positive_site_pair_count": 0,
      "true_site_pair_count": 2072,
      "precision": 1.0,
      "recall": 0.029922779922779922
    },
    {
      "name": "ref1/v2/1rthA_ref1",
      "true_positive_site_pair_count": 534,
      "false_positive_site_pair_count": 10,
      "true_site_pair_count": 5310,
      "precision": 0.9816176470588235,
      "recall": 0.10056497175141244
    },
    {
      "name": "ref1/v2/1aym3_ref1",
      "true_positive_site_pair_count": 74,
      "false_positive_site_pair_count": 0,
      "true_site_pair_count": 1992,
      "precision": 1.0,
      "recall": 0.03714859437751004
    },
    {
      "name": "ref1/v2/1led_ref1",
      "true_positive_site_pair_count": 60,
      "false_positive_site_pair_count": 0,
      "true_site_pair_count": 2016,
      "precision": 1.0,
      "recall": 0.02976190476190476
    },
    {
      "name": "ref1/v2/glg_ref1",
      "true_positive_site_pair_count": 4236,
      "false_positive_site_pair_count": 2,
      "true_site_pair_count": 49720,
      "precision": 0.9995280792826805,
      "recall": 0.08519710378117458
    },
    {
      "name": "ref1/v2/1fjlA_ref1",
      "true_positive_site_pair_count": 214,
      "false_positive_site_pair_count": 0,
      "true_site_pair_count": 3096,
      "precision": 1.0,
      "recall": 0.06912144702842377
    },
    {
      "name": "ref1/v2/1ad2_ref1",
      "true_positive_site_pair_count": 74,
      "false_positive_site_pair_count": 0,
      "true_site_pair_count": 4110,
      "precision": 1.0,
      "recall": 0.01800486618004866
    },
    {
      "name": "ref1/v2/2cba_ref1",
      "true_positive_site_pair_count": 828,
      "false_positive_site_pair_count": 0,
      "true_site_pair_count": 10710,
      "precision": 1.0,
      "recall": 0.0773109243697479
    },
    {
      "name": "ref1/v2/1ac5_ref1",
      "true_positive_site_pair_count": 2510,
      "false_positive_site_pair_count": 6,
      "true_site_pair_count": 26840,
      "precision": 0.9976152623211447,
      "recall": 0.0935171385991058
    },
    {
      "name": "ref1/v2/1fieA_ref1",
      "true_positive_site_pair_count": 3536,
      "false_positive_site_pair_count": 10,
      "true_site_pair_count": 27048,
      "precision": 0.9971799210377891,
      "recall": 0.13073055309080153
    },
    {
      "name": "ref1/v2/1ezm_ref1",
      "true_positive_site_pair_count": 170,
      "false_positive_site_pair_count": 0,
      "true_site_pair_count": 1968,
      "precision": 1.0,
      "recall": 0.08638211382113821
    },
    {
      "name": "ref1/v2/1thm_ref1",
      "true_positive_site_pair_count": 640,
      "false_positive_site_pair_count": 0,
      "true_site_pair_count": 6762,
      "precision": 1.0,
      "recall": 0.09464655427388347
    },
    {
      "name": "ref1/v2/1ar5A_ref1",
      "true_positive_site_pair_count": 760,
      "false_positive_site_pair_count": 6,
      "true_site_pair_count": 9864,
      "precision": 0.9921671018276762,
      "recall": 0.0770478507704785
    },
    {
      "name": "ref1/v2/1gtr_ref1",
      "true_positive_site_pair_count": 1536,
      "false_positive_site_pair_count": 50,
      "true_site_pair_count": 8120,
      "precision": 0.9684741488020177,
      "recall": 0.1891625615763547
    },
    {
      "name": "ref1/v2/2ack_ref1",
      "true_positive_site_pair_count": 2612,
      "false_positive_site_pair_count": 28,
      "true_site_pair_count": 39000,
      "precision": 0.9893939393939394,
      "recall": 0.06697435897435898
    },
    {
      "name": "ref1/v2/1pysA_ref1",
      "true_positive_site_pair_count": 2998,
      "false_positive_site_pair_count": 24,
      "true_site_pair_count": 25740,
      "precision": 0.9920582395764395,
      "recall": 0.11647241647241648
    },
    {
      "name": "ref1/v2/1ton_ref1",
      "true_positive_site_pair_count": 3964,
      "false_positive_site_pair_count": 102,
      "true_site_pair_count": 60372,
      "precision": 0.9749139203148057,
      "recall": 0.06565957728748427
    },
    {
      "name": "ref1/v2/1hfh_ref1",
      "true_positive_site_pair_count": 0,
      "false_positive_site_pair_count": 0,
      "true_site_pair_count": 828,
      "precision": null,
      "recall": 0.0
    },
    {
      "name": "ref1/v2/2mhr_ref1",
      "true_positive_site_pair_count": 22,
      "false_positive_site_pair_count": 0,
      "true_site_pair_count": 1920,
      "precision": 1.0,
      "recall": 0.011458333333333333
    },
    {
      "name": "ref1/v2/1ppn_ref1",
      "true_positive_site_pair_count": 578,
      "false_positive_site_pair_count": 0,
      "true_site_pair_count": 6944,
      "precision": 1.0,
      "recall": 0.08323732718894009
    },
    {
      "name": "ref1/v2/1lcf_ref1",
      "true_positive_site_pair_count": 1084,
      "false_positive_site_pair_count": 706,
      "true_site_pair_count": 9920,
      "precision": 0.605586592178771,
      "recall": 0.10927419354838709
    },
    {
      "name": "ref1/v2/1csp_ref1",
      "true_positive_site_pair_count": 90,
      "false_positive_site_pair_count": 0,
      "true_site_pair_count": 1280,
      "precision": 1.0,
      "recall": 0.0703125
    },
    {
      "name": "ref1/v2/1pkm_ref1",
      "true_positive_site_pair_count": 512,
      "false_positive_site_pair_count": 68,
      "true_site_pair_count": 19188,
      "precision": 0.8827586206896552,
      "recall": 0.026683343756514488
    },
    {
      "name": "ref1/v2/1krn_ref1",
      "true_positive_site_pair_count": 122,
      "false_positive_site_pair_count": 2,
      "true_site_pair_count": 1020,
      "precision": 0.9838709677419355,
      "recall": 0.11960784313725491
    },
    {
      "name": "ref1/v2/1fkj_ref1",
      "true_positive_site_pair_count": 256,
      "false_positive_site_pair_count": 22,
      "true_site_pair_count": 7920,
      "precision": 0.920863309352518,
      "recall": 0.03232323232323232
    },
    {
      "name": "ref1/v2/1gpb_ref1",
      "true_positive_site_pair_count": 2022,
      "false_positive_site_pair_count": 0,
      "true_site_pair_count": 8040,
      "precision": 1.0,
      "recall": 0.25149253731343285
    },
    {
      "name": "ref1/v2/1fmb_ref1",
      "true_positive_site_pair_count": 116,
      "false_positive_site_pair_count": 6,
      "true_site_pair_count": 1460,
      "precision": 0.9508196721311475,
      "recall": 0.07945205479452055
    },
    {
      "name": "ref1/v2/1dlc_ref1",
      "true_positive_site_pair_count": 3708,
      "false_positive_site_pair_count": 40,
      "true_site_pair_count": 46464,
      "precision": 0.9893276414087513,
      "recall": 0.07980371900826447
    },
    {
      "name": "ref1/v2/1zin_ref1",
      "true_positive_site_pair_count": 662,
      "false_positive_site_pair_count": 0,
      "true_site_pair_count": 6804,
      "precision": 1.0,
      "recall": 0.09729570840681952
    },
    {
      "name": "ref1/v2/3pmg_ref1",
      "true_positive_site_pair_count": 64,
      "false_positive_site_pair_count": 0,
      "true_site_pair_count": 3480,
      "precision": 1.0,
      "recall": 0.01839080459770115
    },
    {
      "name": "ref1/v2/1tgxA_ref1",
      "true_positive_site_pair_count": 10,
      "false_positive_site_pair_count": 0,
      "true_site_pair_count": 1944,
      "precision": 1.0,
      "recall": 0.0051440329218107
    },
    {
      "name": "ref1/v2/3cyr_ref1",
      "true_positive_site_pair_count": 0,
      "false_positive_site_pair_count": 0,
      "true_site_pair_count": 1932,
      "precision": null,
      "recall": 0.0
    },
    {
      "name": "ref1/v2/1amk_ref1",
      "true_positive_site_pair_count": 3216,
      "false_positive_site_pair_count": 0,
      "true_site_pair_count": 31920,
      "precision": 1.0,
      "recall": 0.10075187969924812
    },
    {
      "name": "ref1/v2/1hpi_ref1",
      "true_positive_site_pair_count": 18,
      "false_positive_site_pair_count": 0,
      "true_site_pair_count": 1170,
      "precision": 1.0,
      "recall": 0.015384615384615385
    },
    {
      "name": "ref1/v2/1pfc_ref1",
      "true_positive_site_pair_count": 0,
      "false_positive_site_pair_count": 0,
      "true_site_pair_count": 768,
      "precision": null,
      "recall": 0.0
    },
    {
      "name": "ref1/v2/1pii_ref1",
      "true_positive_site_pair_count": 4244,
      "false_positive_site_pair_count": 48,
      "true_site_pair_count": 48042,
      "precision": 0.9888164026095061,
      "recall": 0.08833936971816328
    },
    {
      "name": "ref1/v2/1daaA_ref1",
      "true_positive_site_pair_count": 380,
      "false_positive_site_pair_count": 0,
      "true_site_pair_count": 8652,
      "precision": 1.0,
      "recall": 0.043920480813684694
    },
    {
      "name": "ref1/v2/1bucA_ref1",
      "true_positive_site_pair_count": 1012,
      "false_positive_site_pair_count": 8,
      "true_site_pair_count": 42276,
      "precision": 0.9921568627450981,
      "recall": 0.023937931687009178
    },
    {
      "name": "ref1/v2/1taq_ref1",
      "true_positive_site_pair_count": 7872,
      "false_positive_site_pair_count": 100,
      "true_site_pair_count": 60390,
      "precision": 0.9874560963371801,
      "recall": 0.13035270740188773
    }
  ]
}